#
# There is insufficient memory for the Java Runtime Environment to continue.
# Native memory allocation (malloc) failed to allocate 1120016 bytes for Chunk::new
# Possible reasons:
#   The system is out of physical RAM or swap space
#   The process is running with CompressedOops enabled, and the Java Heap may be blocking the growth of the native heap
# Possible solutions:
#   Reduce memory load on the system
#   Increase physical memory or swap space
#   Check if swap backing store is full
#   Decrease Java heap size (-Xmx/-Xms)
#   Decrease number of Java threads
#   Decrease Java thread stack sizes (-Xss)
#   Set larger code cache with -XX:ReservedCodeCacheSize=
#   JVM is running with Unscaled Compressed Oops mode in which the Java heap is
#     placed in the first 4GB address space. The Java Heap base address is the
#     maximum limit for the native heap growth. Please use -XX:HeapBaseMinAddress
#     to set the Java Heap base and to place the Java Heap above 4GB virtual address.
# This output file may be truncated or incomplete.
#
#  Out of Memory Error (./src/hotspot/share/memory/arena.cpp:197), pid=11712, tid=15192
#
# JRE version: OpenJDK Runtime Environment (11.0.13) (build 11.0.13+0-b1751.21-8125866)
# Java VM: OpenJDK 64-Bit Server VM (11.0.13+0-b1751.21-8125866, mixed mode, tiered, compressed oops, g1 gc, windows-amd64)
# No core dump will be written. Minidumps are not enabled by default on client versions of Windows
#

---------------  S U M M A R Y ------------

Command Line: --add-opens=java.base/java.util=ALL-UNNAMED --add-opens=java.base/java.lang=ALL-UNNAMED --add-opens=java.base/java.lang.invoke=ALL-UNNAMED --add-opens=java.base/java.util=ALL-UNNAMED --add-opens=java.prefs/java.util.prefs=ALL-UNNAMED --add-opens=java.prefs/java.util.prefs=ALL-UNNAMED --add-opens=java.base/java.nio.charset=ALL-UNNAMED --add-opens=java.base/java.net=ALL-UNNAMED --add-opens=java.base/java.util.concurrent.atomic=ALL-UNNAMED -Xmx2048m -Dfile.encoding=UTF-8 -Duser.country=US -Duser.language=en -Duser.variant org.gradle.launcher.daemon.bootstrap.GradleDaemon 7.4

Host: AMD Ryzen 5 3500U with Radeon Vega Mobile Gfx  , 8 cores, 5G,  Windows 11 , 64 bit Build 22621 (10.0.22621.1485)
Time: Sun May 28 23:24:04 2023 India Standard Time elapsed time: 13.733957 seconds (0d 0h 0m 13s)

---------------  T H R E A D  ---------------

Current thread (0x00000298fc2d2000):  JavaThread "C2 CompilerThread0" daemon [_thread_in_native, id=15192, stack(0x000000f655c00000,0x000000f655d00000)]


Current CompileTask:
C2:  13734 5976   !   4       java.util.jar.Attributes::read (390 bytes)

Stack: [0x000000f655c00000,0x000000f655d00000]
Native frames: (J=compiled Java code, j=interpreted, Vv=VM code, C=native code)
V  [jvm.dll+0x6100fa]
V  [jvm.dll+0x747090]
V  [jvm.dll+0x7486ad]
V  [jvm.dll+0x748d83]
V  [jvm.dll+0x24ab48]
V  [jvm.dll+0xc04dc]
V  [jvm.dll+0xc0a0c]
V  [jvm.dll+0x35eb5b]
V  [jvm.dll+0x32b833]
V  [jvm.dll+0x32ad2a]
V  [jvm.dll+0x2032b2]
V  [jvm.dll+0x202437]
V  [jvm.dll+0x188e01]
V  [jvm.dll+0x21106b]
V  [jvm.dll+0x20f8c1]
V  [jvm.dll+0x70de0f]
V  [jvm.dll+0x706a75]
V  [jvm.dll+0x60ed66]
C  [ucrtbase.dll+0x29363]
C  [KERNEL32.DLL+0x1269d]
C  [ntdll.dll+0x5a9f8]


---------------  P R O C E S S  ---------------

Threads class SMR info:
_java_thread_list=0x000002989233f250, length=122, elements={
0x00000298f0e37800, 0x00000298fc2b3000, 0x00000298fc2be000, 0x00000298fcc52800,
0x00000298fc2d0000, 0x00000298fc2d0800, 0x00000298fc2d2000, 0x00000298fc2d7000,
0x00000298fc2dd800, 0x00000298fcdbf000, 0x00000298fed39800, 0x00000298feacd800,
0x00000298fdf97000, 0x00000298ff12c800, 0x00000298ff029000, 0x00000298fec0e800,
0x00000298fec0f000, 0x00000298feb94000, 0x00000298ff0a6000, 0x00000298fda85800,
0x00000298fec53000, 0x00000298fec58000, 0x00000298fec57000, 0x00000298fec52800,
0x00000298fec54000, 0x00000298fec59000, 0x00000298fec55000, 0x00000298fec55800,
0x00000298fec56800, 0x00000298ff2e7000, 0x00000298ff2e7800, 0x00000298ff2e4800,
0x00000298ff2ea000, 0x00000298ff2e9800, 0x00000298ff2eb000, 0x00000298ff2ec000,
0x00000298ff2e6000, 0x00000298ff2f0800, 0x00000298ff2f0000, 0x00000298ff2ec800,
0x00000298ff2f1800, 0x00000298ff2ed800, 0x00000298ff2f2800, 0x00000298ff2ef000,
0x00000298ff2f3000, 0x00000298ff2ee000, 0x00000298909ab800, 0x00000298909b2000,
0x00000298909b1800, 0x00000298909ad800, 0x00000298909ac800, 0x00000298909b4000,
0x00000298909ae000, 0x00000298909b3000, 0x00000298909b0800, 0x00000298909af000,
0x00000298909b5800, 0x00000298909b4800, 0x00000298909b0000, 0x00000298909b8000,
0x00000298909b9800, 0x00000298909b7000, 0x00000298909b9000, 0x00000298909ba800,
0x00000298909b6800, 0x0000029890812800, 0x0000029890819000, 0x0000029890817800,
0x0000029890816800, 0x0000029890818000, 0x0000029890813000, 0x0000029890814000,
0x0000029890819800, 0x000002989081a800, 0x0000029890815000, 0x000002989081b800,
0x0000029890815800, 0x0000029890821000, 0x000002989081e000, 0x000002989081e800,
0x000002989081c000, 0x000002989081d000, 0x000002989081f800, 0x0000029890820800,
0x000002989203a800, 0x000002989203b800, 0x0000029892035800, 0x000002989203c000,
0x0000029892038000, 0x0000029892036800, 0x000002989203d000, 0x000002989203a000,
0x0000029892037800, 0x0000029892039000, 0x0000029892041000, 0x0000029892042000,
0x000002989203e000, 0x0000029892043800, 0x0000029892040800, 0x0000029892042800,
0x0000029892044800, 0x000002989203e800, 0x000002989203f800, 0x0000029892094000,
0x0000029892091800, 0x000002989208f000, 0x0000029892092800, 0x0000029892093000,
0x000002989208e000, 0x0000029892094800, 0x0000029892095800, 0x0000029892090000,
0x0000029892096800, 0x0000029892090800, 0x000002989209c000, 0x0000029892097000,
0x000002989209a800, 0x0000029892098000, 0x0000029892099000, 0x0000029892099800,
0x000002989209b800, 0x000002989209d000
}

Java Threads: ( => current thread )
  0x00000298f0e37800 JavaThread "main" [_thread_blocked, id=1420, stack(0x000000f655000000,0x000000f655100000)]
  0x00000298fc2b3000 JavaThread "Reference Handler" daemon [_thread_blocked, id=10568, stack(0x000000f655700000,0x000000f655800000)]
  0x00000298fc2be000 JavaThread "Finalizer" daemon [_thread_blocked, id=7892, stack(0x000000f655800000,0x000000f655900000)]
  0x00000298fcc52800 JavaThread "Signal Dispatcher" daemon [_thread_blocked, id=4408, stack(0x000000f655900000,0x000000f655a00000)]
  0x00000298fc2d0000 JavaThread "Attach Listener" daemon [_thread_blocked, id=9204, stack(0x000000f655a00000,0x000000f655b00000)]
  0x00000298fc2d0800 JavaThread "Service Thread" daemon [_thread_blocked, id=13708, stack(0x000000f655b00000,0x000000f655c00000)]
=>0x00000298fc2d2000 JavaThread "C2 CompilerThread0" daemon [_thread_in_native, id=15192, stack(0x000000f655c00000,0x000000f655d00000)]
  0x00000298fc2d7000 JavaThread "C1 CompilerThread0" daemon [_thread_blocked, id=15204, stack(0x000000f655d00000,0x000000f655e00000)]
  0x00000298fc2dd800 JavaThread "Sweeper thread" daemon [_thread_blocked, id=15208, stack(0x000000f655e00000,0x000000f655f00000)]
  0x00000298fcdbf000 JavaThread "Common-Cleaner" daemon [_thread_blocked, id=15184, stack(0x000000f655f00000,0x000000f656000000)]
  0x00000298fed39800 JavaThread "Daemon health stats" [_thread_blocked, id=6560, stack(0x000000f656200000,0x000000f656300000)]
  0x00000298feacd800 JavaThread "Incoming local TCP Connector on port 50339" [_thread_in_native, id=11072, stack(0x000000f656300000,0x000000f656400000)]
  0x00000298fdf97000 JavaThread "Daemon periodic checks" [_thread_blocked, id=12120, stack(0x000000f656400000,0x000000f656500000)]
  0x00000298ff12c800 JavaThread "Daemon" [_thread_blocked, id=8056, stack(0x000000f656500000,0x000000f656600000)]
  0x00000298ff029000 JavaThread "Handler for socket connection from /127.0.0.1:50339 to /127.0.0.1:50340" [_thread_in_native, id=12132, stack(0x000000f656600000,0x000000f656700000)]
  0x00000298fec0e800 JavaThread "Cancel handler" [_thread_blocked, id=5004, stack(0x000000f656700000,0x000000f656800000)]
  0x00000298fec0f000 JavaThread "Daemon worker" [_thread_in_vm, id=12320, stack(0x000000f656800000,0x000000f656900000)]
  0x00000298feb94000 JavaThread "Asynchronous log dispatcher for DefaultDaemonConnection: socket connection from /127.0.0.1:50339 to /127.0.0.1:50340" [_thread_blocked, id=11496, stack(0x000000f656900000,0x000000f656a00000)]
  0x00000298ff0a6000 JavaThread "Stdin handler" [_thread_blocked, id=8444, stack(0x000000f656a00000,0x000000f656b00000)]
  0x00000298fda85800 JavaThread "Daemon client event forwarder" [_thread_blocked, id=8116, stack(0x000000f656b00000,0x000000f656c00000)]
  0x00000298fec53000 JavaThread "Cache worker for journal cache (C:\Users\nilesh\.gradle\caches\journal-1)" [_thread_blocked, id=2672, stack(0x000000f657200000,0x000000f657300000)]
  0x00000298fec58000 JavaThread "File lock request listener" [_thread_in_native, id=9628, stack(0x000000f657300000,0x000000f657400000)]
  0x00000298fec57000 JavaThread "Cache worker for file hash cache (C:\Users\nilesh\.gradle\caches\7.4\fileHashes)" [_thread_blocked, id=13204, stack(0x000000f657400000,0x000000f657500000)]
  0x00000298fec52800 JavaThread "File watcher server" daemon [_thread_in_native, id=7124, stack(0x000000f657600000,0x000000f657700000)]
  0x00000298fec54000 JavaThread "File watcher consumer" daemon [_thread_blocked, id=14844, stack(0x000000f657700000,0x000000f657800000)]
  0x00000298fec59000 JavaThread "Cache worker for checksums cache (C:\Users\nilesh\AndroidStudioProjects\Aus\.gradle\7.4\checksums)" [_thread_blocked, id=11584, stack(0x000000f657800000,0x000000f657900000)]
  0x00000298fec55000 JavaThread "Cache worker for cache directory md-rule (C:\Users\nilesh\.gradle\caches\7.4\md-rule)" [_thread_blocked, id=9952, stack(0x000000f657900000,0x000000f657a00000)]
  0x00000298fec55800 JavaThread "Cache worker for file hash cache (C:\Users\nilesh\AndroidStudioProjects\Aus\.gradle\7.4\fileHashes)" [_thread_blocked, id=7184, stack(0x000000f657a00000,0x000000f657b00000)]
  0x00000298fec56800 JavaThread "Cache worker for cache directory md-supplier (C:\Users\nilesh\.gradle\caches\7.4\md-supplier)" [_thread_blocked, id=1496, stack(0x000000f657b00000,0x000000f657c00000)]
  0x00000298ff2e7000 JavaThread "Cache worker for execution history cache (C:\Users\nilesh\.gradle\caches\7.4\executionHistory)" [_thread_blocked, id=16792, stack(0x000000f657c00000,0x000000f657d00000)]
  0x00000298ff2e7800 JavaThread "jar transforms" [_thread_blocked, id=14628, stack(0x000000f657d00000,0x000000f657e00000)]
  0x00000298ff2e4800 JavaThread "Cache worker for file content cache (C:\Users\nilesh\.gradle\caches\7.4\fileContent)" [_thread_blocked, id=6804, stack(0x000000f657e00000,0x000000f657f00000)]
  0x00000298ff2ea000 JavaThread "jar transforms Thread 2" [_thread_blocked, id=4784, stack(0x000000f657f00000,0x000000f658000000)]
  0x00000298ff2e9800 JavaThread "Cache worker for dependencies-accessors (C:\Users\nilesh\AndroidStudioProjects\Aus\.gradle\7.4\dependencies-accessors)" [_thread_blocked, id=4432, stack(0x000000f658000000,0x000000f658100000)]
  0x00000298ff2eb000 JavaThread "jar transforms Thread 3" [_thread_blocked, id=1876, stack(0x000000f658100000,0x000000f658200000)]
  0x00000298ff2ec000 JavaThread "Cache worker for Build Output Cleanup Cache (C:\Users\nilesh\AndroidStudioProjects\Aus\.gradle\buildOutputCleanup)" [_thread_blocked, id=7232, stack(0x000000f658200000,0x000000f658300000)]
  0x00000298ff2e6000 JavaThread "Unconstrained build operations" [_thread_blocked, id=12444, stack(0x000000f658300000,0x000000f658400000)]
  0x00000298ff2f0800 JavaThread "Unconstrained build operations Thread 2" [_thread_blocked, id=4468, stack(0x000000f658400000,0x000000f658500000)]
  0x00000298ff2f0000 JavaThread "Unconstrained build operations Thread 3" [_thread_blocked, id=5372, stack(0x000000f658500000,0x000000f658600000)]
  0x00000298ff2ec800 JavaThread "Unconstrained build operations Thread 4" [_thread_blocked, id=2732, stack(0x000000f658600000,0x000000f658700000)]
  0x00000298ff2f1800 JavaThread "Unconstrained build operations Thread 5" [_thread_blocked, id=4692, stack(0x000000f658700000,0x000000f658800000)]
  0x00000298ff2ed800 JavaThread "Unconstrained build operations Thread 6" [_thread_blocked, id=5764, stack(0x000000f658800000,0x000000f658900000)]
  0x00000298ff2f2800 JavaThread "Unconstrained build operations Thread 7" [_thread_blocked, id=7488, stack(0x000000f658900000,0x000000f658a00000)]
  0x00000298ff2ef000 JavaThread "Unconstrained build operations Thread 8" [_thread_blocked, id=5040, stack(0x000000f658a00000,0x000000f658b00000)]
  0x00000298ff2f3000 JavaThread "Unconstrained build operations Thread 9" [_thread_blocked, id=14408, stack(0x000000f658b00000,0x000000f658c00000)]
  0x00000298ff2ee000 JavaThread "Unconstrained build operations Thread 10" [_thread_blocked, id=14040, stack(0x000000f658c00000,0x000000f658d00000)]
  0x00000298909ab800 JavaThread "Unconstrained build operations Thread 11" [_thread_blocked, id=3048, stack(0x000000f658d00000,0x000000f658e00000)]
  0x00000298909b2000 JavaThread "Unconstrained build operations Thread 12" [_thread_blocked, id=12364, stack(0x000000f658e00000,0x000000f658f00000)]
  0x00000298909b1800 JavaThread "Unconstrained build operations Thread 13" [_thread_blocked, id=2984, stack(0x000000f658f00000,0x000000f659000000)]
  0x00000298909ad800 JavaThread "Unconstrained build operations Thread 14" [_thread_blocked, id=16948, stack(0x000000f659000000,0x000000f659100000)]
  0x00000298909ac800 JavaThread "Unconstrained build operations Thread 15" [_thread_blocked, id=10004, stack(0x000000f659100000,0x000000f659200000)]
  0x00000298909b4000 JavaThread "Unconstrained build operations Thread 16" [_thread_blocked, id=7132, stack(0x000000f659200000,0x000000f659300000)]
  0x00000298909ae000 JavaThread "Unconstrained build operations Thread 17" [_thread_blocked, id=11240, stack(0x000000f659300000,0x000000f659400000)]
  0x00000298909b3000 JavaThread "Unconstrained build operations Thread 18" [_thread_blocked, id=12856, stack(0x000000f659400000,0x000000f659500000)]
  0x00000298909b0800 JavaThread "Unconstrained build operations Thread 19" [_thread_blocked, id=13436, stack(0x000000f659500000,0x000000f659600000)]
  0x00000298909af000 JavaThread "Unconstrained build operations Thread 20" [_thread_blocked, id=15068, stack(0x000000f659600000,0x000000f659700000)]
  0x00000298909b5800 JavaThread "Unconstrained build operations Thread 21" [_thread_blocked, id=12240, stack(0x000000f659700000,0x000000f659800000)]
  0x00000298909b4800 JavaThread "Unconstrained build operations Thread 22" [_thread_blocked, id=16632, stack(0x000000f659800000,0x000000f659900000)]
  0x00000298909b0000 JavaThread "Unconstrained build operations Thread 23" [_thread_blocked, id=14552, stack(0x000000f659900000,0x000000f659a00000)]
  0x00000298909b8000 JavaThread "Unconstrained build operations Thread 24" [_thread_blocked, id=2824, stack(0x000000f659a00000,0x000000f659b00000)]
  0x00000298909b9800 JavaThread "Unconstrained build operations Thread 25" [_thread_blocked, id=10112, stack(0x000000f659b00000,0x000000f659c00000)]
  0x00000298909b7000 JavaThread "Unconstrained build operations Thread 26" [_thread_blocked, id=2372, stack(0x000000f659c00000,0x000000f659d00000)]
  0x00000298909b9000 JavaThread "Unconstrained build operations Thread 27" [_thread_blocked, id=3224, stack(0x000000f659d00000,0x000000f659e00000)]
  0x00000298909ba800 JavaThread "Unconstrained build operations Thread 28" [_thread_blocked, id=11948, stack(0x000000f659e00000,0x000000f659f00000)]
  0x00000298909b6800 JavaThread "Unconstrained build operations Thread 29" [_thread_blocked, id=6732, stack(0x000000f659f00000,0x000000f65a000000)]
  0x0000029890812800 JavaThread "Unconstrained build operations Thread 30" [_thread_blocked, id=16580, stack(0x000000f65a000000,0x000000f65a100000)]
  0x0000029890819000 JavaThread "Unconstrained build operations Thread 31" [_thread_blocked, id=11188, stack(0x000000f65a100000,0x000000f65a200000)]
  0x0000029890817800 JavaThread "Unconstrained build operations Thread 32" [_thread_blocked, id=8624, stack(0x000000f65a200000,0x000000f65a300000)]
  0x0000029890816800 JavaThread "Unconstrained build operations Thread 33" [_thread_blocked, id=8256, stack(0x000000f65a300000,0x000000f65a400000)]
  0x0000029890818000 JavaThread "Unconstrained build operations Thread 34" [_thread_blocked, id=15324, stack(0x000000f65a400000,0x000000f65a500000)]
  0x0000029890813000 JavaThread "Unconstrained build operations Thread 35" [_thread_blocked, id=6704, stack(0x000000f65a500000,0x000000f65a600000)]
  0x0000029890814000 JavaThread "Unconstrained build operations Thread 36" [_thread_blocked, id=6412, stack(0x000000f65a600000,0x000000f65a700000)]
  0x0000029890819800 JavaThread "Unconstrained build operations Thread 37" [_thread_blocked, id=13612, stack(0x000000f65a700000,0x000000f65a800000)]
  0x000002989081a800 JavaThread "Unconstrained build operations Thread 38" [_thread_blocked, id=4384, stack(0x000000f65a800000,0x000000f65a900000)]
  0x0000029890815000 JavaThread "Unconstrained build operations Thread 39" [_thread_blocked, id=3876, stack(0x000000f65a900000,0x000000f65aa00000)]
  0x000002989081b800 JavaThread "Unconstrained build operations Thread 40" [_thread_blocked, id=14656, stack(0x000000f65aa00000,0x000000f65ab00000)]
  0x0000029890815800 JavaThread "Unconstrained build operations Thread 41" [_thread_blocked, id=14388, stack(0x000000f65ab00000,0x000000f65ac00000)]
  0x0000029890821000 JavaThread "Unconstrained build operations Thread 42" [_thread_blocked, id=1848, stack(0x000000f65ac00000,0x000000f65ad00000)]
  0x000002989081e000 JavaThread "Unconstrained build operations Thread 43" [_thread_blocked, id=3176, stack(0x000000f65ad00000,0x000000f65ae00000)]
  0x000002989081e800 JavaThread "Unconstrained build operations Thread 44" [_thread_blocked, id=12200, stack(0x000000f65ae00000,0x000000f65af00000)]
  0x000002989081c000 JavaThread "Unconstrained build operations Thread 45" [_thread_blocked, id=17272, stack(0x000000f65af00000,0x000000f65b000000)]
  0x000002989081d000 JavaThread "Unconstrained build operations Thread 46" [_thread_blocked, id=1128, stack(0x000000f65b000000,0x000000f65b100000)]
  0x000002989081f800 JavaThread "Unconstrained build operations Thread 47" [_thread_blocked, id=3068, stack(0x000000f65b100000,0x000000f65b200000)]
  0x0000029890820800 JavaThread "Unconstrained build operations Thread 48" [_thread_blocked, id=10188, stack(0x000000f65b200000,0x000000f65b300000)]
  0x000002989203a800 JavaThread "Unconstrained build operations Thread 49" [_thread_blocked, id=2720, stack(0x000000f65b300000,0x000000f65b400000)]
  0x000002989203b800 JavaThread "Unconstrained build operations Thread 50" [_thread_blocked, id=4288, stack(0x000000f65b400000,0x000000f65b500000)]
  0x0000029892035800 JavaThread "Unconstrained build operations Thread 51" [_thread_blocked, id=8400, stack(0x000000f65b500000,0x000000f65b600000)]
  0x000002989203c000 JavaThread "Unconstrained build operations Thread 52" [_thread_blocked, id=4792, stack(0x000000f65b600000,0x000000f65b700000)]
  0x0000029892038000 JavaThread "Unconstrained build operations Thread 53" [_thread_blocked, id=3840, stack(0x000000f65b700000,0x000000f65b800000)]
  0x0000029892036800 JavaThread "Unconstrained build operations Thread 54" [_thread_blocked, id=6884, stack(0x000000f65b800000,0x000000f65b900000)]
  0x000002989203d000 JavaThread "Unconstrained build operations Thread 55" [_thread_blocked, id=9260, stack(0x000000f65b900000,0x000000f65ba00000)]
  0x000002989203a000 JavaThread "Unconstrained build operations Thread 56" [_thread_blocked, id=9668, stack(0x000000f65ba00000,0x000000f65bb00000)]
  0x0000029892037800 JavaThread "Unconstrained build operations Thread 57" [_thread_blocked, id=11000, stack(0x000000f65bb00000,0x000000f65bc00000)]
  0x0000029892039000 JavaThread "Unconstrained build operations Thread 58" [_thread_blocked, id=8392, stack(0x000000f65bc00000,0x000000f65bd00000)]
  0x0000029892041000 JavaThread "Unconstrained build operations Thread 59" [_thread_blocked, id=4652, stack(0x000000f65bd00000,0x000000f65be00000)]
  0x0000029892042000 JavaThread "Unconstrained build operations Thread 60" [_thread_blocked, id=8924, stack(0x000000f65be00000,0x000000f65bf00000)]
  0x000002989203e000 JavaThread "Unconstrained build operations Thread 61" [_thread_blocked, id=14700, stack(0x000000f65bf00000,0x000000f65c000000)]
  0x0000029892043800 JavaThread "Unconstrained build operations Thread 62" [_thread_blocked, id=3204, stack(0x000000f65c000000,0x000000f65c100000)]
  0x0000029892040800 JavaThread "Unconstrained build operations Thread 63" [_thread_blocked, id=13880, stack(0x000000f65c100000,0x000000f65c200000)]
  0x0000029892042800 JavaThread "Unconstrained build operations Thread 64" [_thread_blocked, id=9232, stack(0x000000f65c200000,0x000000f65c300000)]
  0x0000029892044800 JavaThread "Unconstrained build operations Thread 65" [_thread_blocked, id=14868, stack(0x000000f65c300000,0x000000f65c400000)]
  0x000002989203e800 JavaThread "Unconstrained build operations Thread 66" [_thread_blocked, id=2068, stack(0x000000f65c400000,0x000000f65c500000)]
  0x000002989203f800 JavaThread "Unconstrained build operations Thread 67" [_thread_blocked, id=2864, stack(0x000000f65c500000,0x000000f65c600000)]
  0x0000029892094000 JavaThread "Unconstrained build operations Thread 68" [_thread_blocked, id=2104, stack(0x000000f65c600000,0x000000f65c700000)]
  0x0000029892091800 JavaThread "Unconstrained build operations Thread 69" [_thread_blocked, id=16740, stack(0x000000f65c700000,0x000000f65c800000)]
  0x000002989208f000 JavaThread "Unconstrained build operations Thread 70" [_thread_blocked, id=13340, stack(0x000000f65c800000,0x000000f65c900000)]
  0x0000029892092800 JavaThread "Unconstrained build operations Thread 71" [_thread_blocked, id=16600, stack(0x000000f65c900000,0x000000f65ca00000)]
  0x0000029892093000 JavaThread "Unconstrained build operations Thread 72" [_thread_blocked, id=14332, stack(0x000000f65ca00000,0x000000f65cb00000)]
  0x000002989208e000 JavaThread "Unconstrained build operations Thread 73" [_thread_blocked, id=1536, stack(0x000000f65cb00000,0x000000f65cc00000)]
  0x0000029892094800 JavaThread "Unconstrained build operations Thread 74" [_thread_blocked, id=2904, stack(0x000000f65cc00000,0x000000f65cd00000)]
  0x0000029892095800 JavaThread "Unconstrained build operations Thread 75" [_thread_blocked, id=1524, stack(0x000000f65cd00000,0x000000f65ce00000)]
  0x0000029892090000 JavaThread "Unconstrained build operations Thread 76" [_thread_blocked, id=5012, stack(0x000000f65ce00000,0x000000f65cf00000)]
  0x0000029892096800 JavaThread "Unconstrained build operations Thread 77" [_thread_blocked, id=9636, stack(0x000000f65cf00000,0x000000f65d000000)]
  0x0000029892090800 JavaThread "Unconstrained build operations Thread 78" [_thread_blocked, id=2576, stack(0x000000f65d000000,0x000000f65d100000)]
  0x000002989209c000 JavaThread "Unconstrained build operations Thread 79" [_thread_blocked, id=2248, stack(0x000000f65d100000,0x000000f65d200000)]
  0x0000029892097000 JavaThread "Unconstrained build operations Thread 80" [_thread_blocked, id=12828, stack(0x000000f65d200000,0x000000f65d300000)]
  0x000002989209a800 JavaThread "jar transforms Thread 4" [_thread_blocked, id=11232, stack(0x000000f65d300000,0x000000f65d400000)]
  0x0000029892098000 JavaThread "jar transforms Thread 5" [_thread_blocked, id=12636, stack(0x000000f65d400000,0x000000f65d500000)]
  0x0000029892099000 JavaThread "jar transforms Thread 6" [_thread_blocked, id=6548, stack(0x000000f65d500000,0x000000f65d600000)]
  0x0000029892099800 JavaThread "jar transforms Thread 7" [_thread_blocked, id=15816, stack(0x000000f65d600000,0x000000f65d700000)]
  0x000002989209b800 JavaThread "jar transforms Thread 8" [_thread_blocked, id=10652, stack(0x000000f65d700000,0x000000f65d800000)]
  0x000002989209d000 JavaThread "Memory manager" [_thread_blocked, id=2300, stack(0x000000f65d800000,0x000000f65d900000)]

Other Threads:
  0x00000298fc2b0800 VMThread "VM Thread" [stack: 0x000000f655600000,0x000000f655700000] [id=1692]
  0x00000298fce27000 WatcherThread [stack: 0x000000f656000000,0x000000f656100000] [id=15344]
  0x00000298f0e52000 GCTaskThread "GC Thread#0" [stack: 0x000000f655100000,0x000000f655200000] [id=4620]
  0x00000298fd0a7800 GCTaskThread "GC Thread#1" [stack: 0x000000f656100000,0x000000f656200000] [id=15104]
  0x00000298ff14a000 GCTaskThread "GC Thread#2" [stack: 0x000000f656c00000,0x000000f656d00000] [id=12484]
  0x00000298fee8c000 GCTaskThread "GC Thread#3" [stack: 0x000000f656d00000,0x000000f656e00000] [id=12488]
  0x00000298ff146000 GCTaskThread "GC Thread#4" [stack: 0x000000f656e00000,0x000000f656f00000] [id=11524]
  0x00000298ff17c800 GCTaskThread "GC Thread#5" [stack: 0x000000f656f00000,0x000000f657000000] [id=4956]
  0x00000298ff17d000 GCTaskThread "GC Thread#6" [stack: 0x000000f657000000,0x000000f657100000] [id=12464]
  0x00000298feebe000 GCTaskThread "GC Thread#7" [stack: 0x000000f657100000,0x000000f657200000] [id=17064]
  0x00000298f0e84000 ConcurrentGCThread "G1 Main Marker" [stack: 0x000000f655200000,0x000000f655300000] [id=12680]
  0x00000298f0e86000 ConcurrentGCThread "G1 Conc#0" [stack: 0x000000f655300000,0x000000f655400000] [id=13236]
  0x00000298ff436800 ConcurrentGCThread "G1 Conc#1" [stack: 0x000000f657500000,0x000000f657600000] [id=4924]
  0x00000298fc110800 ConcurrentGCThread "G1 Refine#0" [stack: 0x000000f655400000,0x000000f655500000] [id=4356]
  0x00000298fc111800 ConcurrentGCThread "G1 Young RemSet Sampling" [stack: 0x000000f655500000,0x000000f655600000] [id=13620]

Threads with active compile tasks:
C2 CompilerThread0  13776 5976   !   4       java.util.jar.Attributes::read (390 bytes)

VM state:at safepoint (normal execution)

VM Mutex/Monitor currently owned by a thread:  ([mutex/lock_event])
[0x00000298f0e33af0] Threads_lock - owner thread: 0x00000298fc2b0800
[0x00000298f0e33160] Heap_lock - owner thread: 0x00000298fec0f000

Heap address: 0x0000000080000000, size: 2048 MB, Compressed Oops mode: 32-bit
Narrow klass base: 0x0000000000000000, Narrow klass shift: 3
Compressed class space size: 1073741824 Address: 0x0000000100000000

Heap:
 garbage-first heap   total 118784K, used 88972K [0x0000000080000000, 0x0000000100000000)
  region size 1024K, 25 young (25600K), 1 survivors (1024K)
 Metaspace       used 62883K, capacity 64439K, committed 64808K, reserved 1105920K
  class space    used 7905K, capacity 8485K, committed 8652K, reserved 1048576K
Heap Regions: E=young(eden), S=young(survivor), O=old, HS=humongous(starts), HC=humongous(continues), CS=collection set, F=free, A=archive, TAMS=top-at-mark-start (previous, next)
|   0|0x0000000080000000, 0x0000000080100000, 0x0000000080100000|100%| O|  |TAMS 0x0000000080100000, 0x0000000080000000| Untracked 
|   1|0x0000000080100000, 0x0000000080200000, 0x0000000080200000|100%| O|  |TAMS 0x0000000080200000, 0x0000000080100000| Untracked 
|   2|0x0000000080200000, 0x0000000080300000, 0x0000000080300000|100%| O|  |TAMS 0x0000000080300000, 0x0000000080200000| Untracked 
|   3|0x0000000080300000, 0x0000000080400000, 0x0000000080400000|100%|HS|  |TAMS 0x0000000080400000, 0x0000000080300000| Complete 
|   4|0x0000000080400000, 0x0000000080500000, 0x0000000080500000|100%|HC|  |TAMS 0x0000000080500000, 0x0000000080400000| Complete 
|   5|0x0000000080500000, 0x0000000080600000, 0x0000000080600000|100%|HC|  |TAMS 0x0000000080600000, 0x0000000080500000| Complete 
|   6|0x0000000080600000, 0x0000000080700000, 0x0000000080700000|100%| O|  |TAMS 0x0000000080700000, 0x0000000080600000| Untracked 
|   7|0x0000000080700000, 0x0000000080800000, 0x0000000080800000|100%| O|  |TAMS 0x0000000080800000, 0x0000000080700000| Untracked 
|   8|0x0000000080800000, 0x0000000080900000, 0x0000000080900000|100%| O|  |TAMS 0x0000000080900000, 0x0000000080800000| Untracked 
|   9|0x0000000080900000, 0x0000000080a00000, 0x0000000080a00000|100%| O|  |TAMS 0x0000000080a00000, 0x0000000080900000| Untracked 
|  10|0x0000000080a00000, 0x0000000080b00000, 0x0000000080b00000|100%| O|  |TAMS 0x0000000080b00000, 0x0000000080a00000| Untracked 
|  11|0x0000000080b00000, 0x0000000080c00000, 0x0000000080c00000|100%| O|  |TAMS 0x0000000080c00000, 0x0000000080b00000| Untracked 
|  12|0x0000000080c00000, 0x0000000080d00000, 0x0000000080d00000|100%| O|  |TAMS 0x0000000080d00000, 0x0000000080c00000| Untracked 
|  13|0x0000000080d00000, 0x0000000080e00000, 0x0000000080e00000|100%| O|  |TAMS 0x0000000080e00000, 0x0000000080d00000| Untracked 
|  14|0x0000000080e00000, 0x0000000080f00000, 0x0000000080f00000|100%| O|  |TAMS 0x0000000080f00000, 0x0000000080e00000| Untracked 
|  15|0x0000000080f00000, 0x0000000081000000, 0x0000000081000000|100%| O|  |TAMS 0x0000000081000000, 0x0000000080f00000| Untracked 
|  16|0x0000000081000000, 0x0000000081100000, 0x0000000081100000|100%| O|  |TAMS 0x0000000081100000, 0x0000000081000000| Untracked 
|  17|0x0000000081100000, 0x0000000081200000, 0x0000000081200000|100%| O|  |TAMS 0x0000000081200000, 0x0000000081100000| Untracked 
|  18|0x0000000081200000, 0x0000000081300000, 0x0000000081300000|100%| O|  |TAMS 0x0000000081300000, 0x0000000081200000| Untracked 
|  19|0x0000000081300000, 0x0000000081400000, 0x0000000081400000|100%| O|  |TAMS 0x0000000081400000, 0x0000000081300000| Untracked 
|  20|0x0000000081400000, 0x0000000081500000, 0x0000000081500000|100%| O|  |TAMS 0x0000000081500000, 0x0000000081400000| Untracked 
|  21|0x0000000081500000, 0x0000000081600000, 0x0000000081600000|100%| O|  |TAMS 0x0000000081600000, 0x0000000081500000| Untracked 
|  22|0x0000000081600000, 0x0000000081700000, 0x0000000081700000|100%| O|  |TAMS 0x0000000081700000, 0x0000000081600000| Untracked 
|  23|0x0000000081700000, 0x0000000081800000, 0x0000000081800000|100%| O|  |TAMS 0x0000000081800000, 0x0000000081700000| Untracked 
|  24|0x0000000081800000, 0x0000000081900000, 0x0000000081900000|100%| O|  |TAMS 0x0000000081900000, 0x0000000081800000| Untracked 
|  25|0x0000000081900000, 0x0000000081a00000, 0x0000000081a00000|100%| O|  |TAMS 0x0000000081a00000, 0x0000000081900000| Untracked 
|  26|0x0000000081a00000, 0x0000000081b00000, 0x0000000081b00000|100%| O|  |TAMS 0x0000000081b00000, 0x0000000081a00000| Untracked 
|  27|0x0000000081b00000, 0x0000000081c00000, 0x0000000081c00000|100%| O|  |TAMS 0x0000000081c00000, 0x0000000081b00000| Untracked 
|  28|0x0000000081c00000, 0x0000000081d00000, 0x0000000081d00000|100%| O|  |TAMS 0x0000000081d00000, 0x0000000081c00000| Untracked 
|  29|0x0000000081d00000, 0x0000000081e00000, 0x0000000081e00000|100%|HS|  |TAMS 0x0000000081e00000, 0x0000000081d00000| Complete 
|  30|0x0000000081e00000, 0x0000000081f00000, 0x0000000081f00000|100%|HS|  |TAMS 0x0000000081f00000, 0x0000000081e00000| Complete 
|  31|0x0000000081f00000, 0x0000000082000000, 0x0000000082000000|100%|HS|  |TAMS 0x0000000082000000, 0x0000000081f00000| Complete 
|  32|0x0000000082000000, 0x0000000082100000, 0x0000000082100000|100%|HS|  |TAMS 0x0000000082100000, 0x0000000082000000| Complete 
|  33|0x0000000082100000, 0x0000000082200000, 0x0000000082200000|100%|HC|  |TAMS 0x0000000082200000, 0x0000000082100000| Complete 
|  34|0x0000000082200000, 0x0000000082300000, 0x0000000082300000|100%|HC|  |TAMS 0x0000000082300000, 0x0000000082200000| Complete 
|  35|0x0000000082300000, 0x0000000082400000, 0x0000000082400000|100%|HC|  |TAMS 0x0000000082400000, 0x0000000082300000| Complete 
|  36|0x0000000082400000, 0x0000000082500000, 0x0000000082500000|100%| O|  |TAMS 0x0000000082500000, 0x0000000082400000| Untracked 
|  37|0x0000000082500000, 0x0000000082600000, 0x0000000082600000|100%|HS|  |TAMS 0x0000000082600000, 0x0000000082500000| Complete 
|  38|0x0000000082600000, 0x0000000082700000, 0x0000000082700000|100%|HC|  |TAMS 0x0000000082700000, 0x0000000082600000| Complete 
|  39|0x0000000082700000, 0x0000000082800000, 0x0000000082800000|100%| O|  |TAMS 0x0000000082800000, 0x0000000082700000| Untracked 
|  40|0x0000000082800000, 0x0000000082900000, 0x0000000082900000|100%| O|  |TAMS 0x0000000082900000, 0x0000000082800000| Untracked 
|  41|0x0000000082900000, 0x0000000082a00000, 0x0000000082a00000|100%| O|  |TAMS 0x0000000082a00000, 0x0000000082900000| Untracked 
|  42|0x0000000082a00000, 0x0000000082b00000, 0x0000000082b00000|100%| O|  |TAMS 0x0000000082b00000, 0x0000000082a00000| Untracked 
|  43|0x0000000082b00000, 0x0000000082c00000, 0x0000000082c00000|100%| O|  |TAMS 0x0000000082c00000, 0x0000000082b00000| Untracked 
|  44|0x0000000082c00000, 0x0000000082d00000, 0x0000000082d00000|100%| O|  |TAMS 0x0000000082d00000, 0x0000000082c00000| Untracked 
|  45|0x0000000082d00000, 0x0000000082e00000, 0x0000000082e00000|100%| O|  |TAMS 0x0000000082e00000, 0x0000000082d00000| Untracked 
|  46|0x0000000082e00000, 0x0000000082f00000, 0x0000000082f00000|100%| O|  |TAMS 0x0000000082f00000, 0x0000000082e00000| Untracked 
|  47|0x0000000082f00000, 0x0000000083000000, 0x0000000083000000|100%| O|  |TAMS 0x0000000083000000, 0x0000000082f00000| Untracked 
|  48|0x0000000083000000, 0x0000000083100000, 0x0000000083100000|100%| O|  |TAMS 0x0000000083100000, 0x0000000083000000| Untracked 
|  49|0x0000000083100000, 0x0000000083200000, 0x0000000083200000|100%| O|  |TAMS 0x0000000083200000, 0x0000000083100000| Untracked 
|  50|0x0000000083200000, 0x0000000083300000, 0x0000000083300000|100%| O|  |TAMS 0x0000000083300000, 0x0000000083200000| Untracked 
|  51|0x0000000083300000, 0x0000000083400000, 0x0000000083400000|100%| O|  |TAMS 0x0000000083400000, 0x0000000083300000| Untracked 
|  52|0x0000000083400000, 0x0000000083500000, 0x0000000083500000|100%|HS|  |TAMS 0x0000000083500000, 0x0000000083400000| Untracked 
|  53|0x0000000083500000, 0x0000000083600000, 0x0000000083600000|100%|HS|  |TAMS 0x0000000083500000, 0x0000000083500000| Complete 
|  54|0x0000000083600000, 0x0000000083700000, 0x0000000083700000|100%|HS|  |TAMS 0x0000000083600000, 0x0000000083600000| Complete 
|  55|0x0000000083700000, 0x0000000083800000, 0x0000000083800000|100%|HS|  |TAMS 0x0000000083800000, 0x0000000083700000| Complete 
|  56|0x0000000083800000, 0x0000000083900000, 0x0000000083900000|100%|HS|  |TAMS 0x0000000083900000, 0x0000000083800000| Complete 
|  57|0x0000000083900000, 0x0000000083a00000, 0x0000000083a00000|100%| O|  |TAMS 0x0000000083a00000, 0x0000000083900000| Untracked 
|  58|0x0000000083a00000, 0x0000000083b00000, 0x0000000083b00000|100%| O|  |TAMS 0x0000000083ae3000, 0x0000000083a00000| Untracked 
|  59|0x0000000083b00000, 0x0000000083c00000, 0x0000000083c00000|100%| O|  |TAMS 0x0000000083b00000, 0x0000000083b00000| Untracked 
|  60|0x0000000083c00000, 0x0000000083c5b088, 0x0000000083d00000| 35%| O|  |TAMS 0x0000000083c00000, 0x0000000083c00000| Untracked 
|  61|0x0000000083d00000, 0x0000000083d00000, 0x0000000083e00000|  0%| F|  |TAMS 0x0000000083d00000, 0x0000000083d00000| Untracked 
|  62|0x0000000083e00000, 0x0000000083e00000, 0x0000000083f00000|  0%| F|  |TAMS 0x0000000083e00000, 0x0000000083e00000| Untracked 
|  63|0x0000000083f00000, 0x0000000083f00000, 0x0000000084000000|  0%| F|  |TAMS 0x0000000083f00000, 0x0000000083f00000| Untracked 
|  64|0x0000000084000000, 0x0000000084000000, 0x0000000084100000|  0%| F|  |TAMS 0x0000000084000000, 0x0000000084000000| Untracked 
|  65|0x0000000084100000, 0x0000000084100000, 0x0000000084200000|  0%| F|  |TAMS 0x0000000084100000, 0x0000000084100000| Untracked 
|  66|0x0000000084200000, 0x0000000084200000, 0x0000000084300000|  0%| F|  |TAMS 0x0000000084200000, 0x0000000084200000| Untracked 
|  67|0x0000000084300000, 0x0000000084300000, 0x0000000084400000|  0%| F|  |TAMS 0x0000000084300000, 0x0000000084300000| Untracked 
|  68|0x0000000084400000, 0x0000000084400000, 0x0000000084500000|  0%| F|  |TAMS 0x0000000084400000, 0x0000000084400000| Untracked 
|  69|0x0000000084500000, 0x0000000084500000, 0x0000000084600000|  0%| F|  |TAMS 0x0000000084500000, 0x0000000084500000| Untracked 
|  70|0x0000000084600000, 0x0000000084600000, 0x0000000084700000|  0%| F|  |TAMS 0x0000000084600000, 0x0000000084600000| Untracked 
|  71|0x0000000084700000, 0x0000000084700000, 0x0000000084800000|  0%| F|  |TAMS 0x0000000084700000, 0x0000000084700000| Untracked 
|  72|0x0000000084800000, 0x0000000084800000, 0x0000000084900000|  0%| F|  |TAMS 0x0000000084800000, 0x0000000084800000| Untracked 
|  73|0x0000000084900000, 0x0000000084900000, 0x0000000084a00000|  0%| F|  |TAMS 0x0000000084900000, 0x0000000084900000| Untracked 
|  74|0x0000000084a00000, 0x0000000084a00000, 0x0000000084b00000|  0%| F|  |TAMS 0x0000000084a00000, 0x0000000084a00000| Untracked 
|  75|0x0000000084b00000, 0x0000000084b00000, 0x0000000084c00000|  0%| F|  |TAMS 0x0000000084b00000, 0x0000000084b00000| Untracked 
|  76|0x0000000084c00000, 0x0000000084c00000, 0x0000000084d00000|  0%| F|  |TAMS 0x0000000084c00000, 0x0000000084c00000| Untracked 
|  77|0x0000000084d00000, 0x0000000084d00000, 0x0000000084e00000|  0%| F|  |TAMS 0x0000000084d00000, 0x0000000084d00000| Untracked 
|  78|0x0000000084e00000, 0x0000000084e00000, 0x0000000084f00000|  0%| F|  |TAMS 0x0000000084e00000, 0x0000000084e00000| Untracked 
|  79|0x0000000084f00000, 0x0000000084f00000, 0x0000000085000000|  0%| F|  |TAMS 0x0000000084f00000, 0x0000000084f00000| Untracked 
|  80|0x0000000085000000, 0x0000000085000000, 0x0000000085100000|  0%| F|  |TAMS 0x0000000085000000, 0x0000000085000000| Untracked 
|  81|0x0000000085100000, 0x0000000085100000, 0x0000000085200000|  0%| F|  |TAMS 0x0000000085100000, 0x0000000085100000| Untracked 
|  82|0x0000000085200000, 0x0000000085200000, 0x0000000085300000|  0%| F|  |TAMS 0x0000000085200000, 0x0000000085200000| Untracked 
|  83|0x0000000085300000, 0x0000000085300000, 0x0000000085400000|  0%| F|  |TAMS 0x0000000085300000, 0x0000000085300000| Untracked 
|  84|0x0000000085400000, 0x0000000085400000, 0x0000000085500000|  0%| F|  |TAMS 0x0000000085400000, 0x0000000085400000| Untracked 
|  85|0x0000000085500000, 0x0000000085500000, 0x0000000085600000|  0%| F|  |TAMS 0x0000000085500000, 0x0000000085500000| Untracked 
|  86|0x0000000085600000, 0x000000008569c300, 0x0000000085700000| 61%| S|  |TAMS 0x0000000085600000, 0x0000000085600000| Complete 
|  87|0x0000000085700000, 0x0000000085800000, 0x0000000085800000|100%| S|  |TAMS 0x0000000085700000, 0x0000000085700000| Complete 
|  88|0x0000000085800000, 0x0000000085900000, 0x0000000085900000|100%| E|CS|TAMS 0x0000000085800000, 0x0000000085800000| Complete 
|  89|0x0000000085900000, 0x0000000085a00000, 0x0000000085a00000|100%| E|CS|TAMS 0x0000000085900000, 0x0000000085900000| Complete 
|  90|0x0000000085a00000, 0x0000000085b00000, 0x0000000085b00000|100%| E|CS|TAMS 0x0000000085a00000, 0x0000000085a00000| Complete 
|  91|0x0000000085b00000, 0x0000000085c00000, 0x0000000085c00000|100%| E|CS|TAMS 0x0000000085b00000, 0x0000000085b00000| Complete 
|  92|0x0000000085c00000, 0x0000000085d00000, 0x0000000085d00000|100%| E|CS|TAMS 0x0000000085c00000, 0x0000000085c00000| Complete 
|  93|0x0000000085d00000, 0x0000000085e00000, 0x0000000085e00000|100%| E|CS|TAMS 0x0000000085d00000, 0x0000000085d00000| Complete 
|  94|0x0000000085e00000, 0x0000000085f00000, 0x0000000085f00000|100%| E|CS|TAMS 0x0000000085e00000, 0x0000000085e00000| Complete 
|  95|0x0000000085f00000, 0x0000000086000000, 0x0000000086000000|100%| E|CS|TAMS 0x0000000085f00000, 0x0000000085f00000| Complete 
|  96|0x0000000086000000, 0x0000000086100000, 0x0000000086100000|100%| E|CS|TAMS 0x0000000086000000, 0x0000000086000000| Complete 
|  97|0x0000000086100000, 0x0000000086200000, 0x0000000086200000|100%| E|CS|TAMS 0x0000000086100000, 0x0000000086100000| Complete 
|  98|0x0000000086200000, 0x0000000086300000, 0x0000000086300000|100%| E|CS|TAMS 0x0000000086200000, 0x0000000086200000| Complete 
|  99|0x0000000086300000, 0x0000000086400000, 0x0000000086400000|100%| E|CS|TAMS 0x0000000086300000, 0x0000000086300000| Complete 
| 100|0x0000000086400000, 0x0000000086500000, 0x0000000086500000|100%| E|CS|TAMS 0x0000000086400000, 0x0000000086400000| Complete 
| 101|0x0000000086500000, 0x0000000086600000, 0x0000000086600000|100%| E|CS|TAMS 0x0000000086500000, 0x0000000086500000| Complete 
| 102|0x0000000086600000, 0x0000000086700000, 0x0000000086700000|100%| E|CS|TAMS 0x0000000086600000, 0x0000000086600000| Complete 
| 103|0x0000000086700000, 0x0000000086800000, 0x0000000086800000|100%| E|CS|TAMS 0x0000000086700000, 0x0000000086700000| Complete 
| 104|0x0000000086800000, 0x0000000086900000, 0x0000000086900000|100%| F|  |TAMS 0x0000000086800000, 0x0000000086800000| Complete 
| 105|0x0000000086900000, 0x0000000086900000, 0x0000000086a00000|  0%| F|  |TAMS 0x0000000086900000, 0x0000000086900000| Untracked 
| 106|0x0000000086a00000, 0x0000000086a00000, 0x0000000086b00000|  0%| F|  |TAMS 0x0000000086a00000, 0x0000000086a00000| Untracked 
| 107|0x0000000086b00000, 0x0000000086b00000, 0x0000000086c00000|  0%| F|  |TAMS 0x0000000086b00000, 0x0000000086b00000| Untracked 
| 108|0x0000000086c00000, 0x0000000086c00000, 0x0000000086d00000|  0%| F|  |TAMS 0x0000000086c00000, 0x0000000086c00000| Untracked 
| 109|0x0000000086d00000, 0x0000000086d00000, 0x0000000086e00000|  0%| F|  |TAMS 0x0000000086d00000, 0x0000000086d00000| Untracked 
| 110|0x0000000086e00000, 0x0000000086e00000, 0x0000000086f00000|  0%| F|  |TAMS 0x0000000086e00000, 0x0000000086e00000| Untracked 
| 111|0x0000000086f00000, 0x0000000086f00000, 0x0000000087000000|  0%| F|  |TAMS 0x0000000086f00000, 0x0000000086f00000| Untracked 
| 112|0x0000000087000000, 0x0000000087000000, 0x0000000087100000|  0%| F|  |TAMS 0x0000000087000000, 0x0000000087000000| Untracked 
| 113|0x0000000087100000, 0x0000000087100000, 0x0000000087200000|  0%| F|  |TAMS 0x0000000087100000, 0x0000000087100000| Untracked 
| 114|0x0000000087200000, 0x0000000087200000, 0x0000000087300000|  0%| F|  |TAMS 0x0000000087200000, 0x0000000087200000| Untracked 
| 115|0x0000000087300000, 0x0000000087300800, 0x0000000087400000| 50%| E|  |TAMS 0x0000000087300000, 0x0000000087300000| Complete 

Card table byte_map: [0x00000298f5080000,0x00000298f5480000] _byte_map_base: 0x00000298f4c80000

Marking Bits (Prev, Next): (CMBitMap*) 0x00000298f0e7b3e0, (CMBitMap*) 0x00000298f0e7b3a8
 Prev Bits: [0x00000298f7880000, 0x00000298f9880000)
 Next Bits: [0x00000298f5880000, 0x00000298f7880000)

Polling page: 0x00000298f0610000

Metaspace:

Usage:
  Non-class:     54.64 MB capacity,    53.69 MB ( 98%) used,   816.03 KB (  1%) free+waste,   160.56 KB ( <1%) overhead. 
      Class:      8.29 MB capacity,     7.72 MB ( 93%) used,   503.81 KB (  6%) free+waste,    75.31 KB ( <1%) overhead. 
       Both:     62.93 MB capacity,    61.41 MB ( 98%) used,     1.29 MB (  2%) free+waste,   235.88 KB ( <1%) overhead. 

Virtual space:
  Non-class space:       56.00 MB reserved,      54.84 MB ( 98%) committed 
      Class space:        1.00 GB reserved,       8.45 MB ( <1%) committed 
             Both:        1.05 GB reserved,      63.29 MB (  6%) committed 

Chunk freelists:
   Non-Class:  74.00 KB
       Class:  59.00 KB
        Both:  133.00 KB

MaxMetaspaceSize: 17179869184.00 GB
CompressedClassSpaceSize: 1.00 GB
Initial GC threshold: 20.80 MB
Current GC threshold: 102.15 MB
CDS: off

CodeHeap 'non-profiled nmethods': size=120000Kb used=2699Kb max_used=2699Kb free=117301Kb
 bounds [0x0000029887ad0000, 0x0000029887d80000, 0x000002988f000000]
CodeHeap 'profiled nmethods': size=120000Kb used=12371Kb max_used=12371Kb free=107629Kb
 bounds [0x00000298805a0000, 0x00000298811c0000, 0x0000029887ad0000]
CodeHeap 'non-nmethods': size=5760Kb used=2336Kb max_used=2385Kb free=3424Kb
 bounds [0x0000029880000000, 0x0000029880270000, 0x00000298805a0000]
 total_blobs=6889 nmethods=6043 adapters=757
 compilation: enabled
              stopped_count=0, restarted_count=0
 full_count=0

Compilation events (20 events):
Event: 13.713 Thread 0x00000298fc2d7000 6132       2       org.objectweb.asm.MethodWriter::visitAbstractType (8 bytes)
Event: 13.713 Thread 0x00000298fc2d7000 nmethod 6132 0x00000298811a4990 code [0x00000298811a4b40, 0x00000298811a4c78]
Event: 13.713 Thread 0x00000298fc2d7000 6130       2       sun.reflect.generics.visitor.Reifier::visitWildcard (22 bytes)
Event: 13.714 Thread 0x00000298fc2d7000 nmethod 6130 0x00000298811a4d90 code [0x00000298811a4f60, 0x00000298811a52d8]
Event: 13.714 Thread 0x00000298fc2d7000 6135       1       org.objectweb.asm.MethodWriter::hasAsmInstructions (5 bytes)
Event: 13.714 Thread 0x00000298fc2d7000 nmethod 6135 0x0000029887d71a10 code [0x0000029887d71bc0, 0x0000029887d71c78]
Event: 13.714 Thread 0x00000298fc2d7000 6133       1       org.objectweb.asm.SymbolTable::getClassName (5 bytes)
Event: 13.714 Thread 0x00000298fc2d7000 nmethod 6133 0x0000029887d71d10 code [0x0000029887d71ec0, 0x0000029887d71f78]
Event: 13.714 Thread 0x00000298fc2d7000 6136       2       org.gradle.internal.instantiation.generator.AsmBackedClassGenerator$ClassBuilderImpl$$Lambda$132/0x0000000100317040::add (21 bytes)
Event: 13.715 Thread 0x00000298fc2d7000 nmethod 6136 0x00000298811a5490 code [0x00000298811a5640, 0x00000298811a5768]
Event: 13.715 Thread 0x00000298fc2d7000 6137       2       org.gradle.internal.instantiation.generator.AsmBackedClassGenerator$ClassBuilderImpl::lambda$addLazyGetter$5 (131 bytes)
Event: 13.716 Thread 0x00000298fc2d7000 nmethod 6137 0x00000298811a5890 code [0x00000298811a5b20, 0x00000298811a5fd8]
Event: 13.726 Thread 0x00000298fc2d7000 6138       2       org.gradle.internal.instantiation.generator.AsmBackedClassGenerator$ClassBuilderImpl$$Lambda$132/0x0000000100317040::<init> (26 bytes)
Event: 13.726 Thread 0x00000298fc2d7000 nmethod 6138 0x00000298811a6390 code [0x00000298811a6540, 0x00000298811a67b8]
Event: 13.727 Thread 0x00000298fc2d7000 6139       2       jdk.internal.org.objectweb.asm.ClassReader::readUTF (194 bytes)
Event: 13.728 Thread 0x00000298fc2d7000 nmethod 6139 0x00000298811a6890 code [0x00000298811a6a80, 0x00000298811a6e18]
Event: 13.728 Thread 0x00000298fc2d7000 6140       2       org.gradle.cache.internal.DefaultCrossBuildInMemoryCacheFactory$DefaultClassMap::maybeGetRetainedValue (9 bytes)
Event: 13.729 Thread 0x00000298fc2d7000 nmethod 6140 0x00000298811a7090 code [0x00000298811a7260, 0x00000298811a73d8]
Event: 13.729 Thread 0x00000298fc2d7000 6141       2       org.gradle.cache.internal.DefaultCrossBuildInMemoryCacheFactory$DefaultClassMap::maybeGetRetainedValue (12 bytes)
Event: 13.729 Thread 0x00000298fc2d7000 nmethod 6141 0x00000298811a7510 code [0x00000298811a7700, 0x00000298811a79d8]

GC Heap History (20 events):
Event: 6.450 GC heap before
{Heap before GC invocations=7 (full 0):
 garbage-first heap   total 98304K, used 56871K [0x0000000080000000, 0x0000000100000000)
  region size 1024K, 41 young (41984K), 4 survivors (4096K)
 Metaspace       used 35175K, capacity 35973K, committed 36048K, reserved 1081344K
  class space    used 4517K, capacity 4838K, committed 4864K, reserved 1048576K
}
Event: 6.463 GC heap after
{Heap after GC invocations=8 (full 0):
 garbage-first heap   total 98304K, used 22817K [0x0000000080000000, 0x0000000100000000)
  region size 1024K, 6 young (6144K), 6 survivors (6144K)
 Metaspace       used 35175K, capacity 35973K, committed 36048K, reserved 1081344K
  class space    used 4517K, capacity 4838K, committed 4864K, reserved 1048576K
}
Event: 7.338 GC heap before
{Heap before GC invocations=9 (full 0):
 garbage-first heap   total 98304K, used 67873K [0x0000000080000000, 0x0000000100000000)
  region size 1024K, 48 young (49152K), 6 survivors (6144K)
 Metaspace       used 39128K, capacity 40061K, committed 40348K, reserved 1085440K
  class space    used 4933K, capacity 5258K, committed 5324K, reserved 1048576K
}
Event: 7.352 GC heap after
{Heap after GC invocations=10 (full 0):
 garbage-first heap   total 98304K, used 26573K [0x0000000080000000, 0x0000000100000000)
  region size 1024K, 6 young (6144K), 6 survivors (6144K)
 Metaspace       used 39128K, capacity 40061K, committed 40348K, reserved 1085440K
  class space    used 4933K, capacity 5258K, committed 5324K, reserved 1048576K
}
Event: 8.209 GC heap before
{Heap before GC invocations=10 (full 0):
 garbage-first heap   total 98304K, used 69581K [0x0000000080000000, 0x0000000100000000)
  region size 1024K, 48 young (49152K), 6 survivors (6144K)
 Metaspace       used 42054K, capacity 43040K, committed 43164K, reserved 1087488K
  class space    used 5354K, capacity 5729K, committed 5836K, reserved 1048576K
}
Event: 8.220 GC heap after
{Heap after GC invocations=11 (full 0):
 garbage-first heap   total 118784K, used 29329K [0x0000000080000000, 0x0000000100000000)
  region size 1024K, 6 young (6144K), 6 survivors (6144K)
 Metaspace       used 42054K, capacity 43040K, committed 43164K, reserved 1087488K
  class space    used 5354K, capacity 5729K, committed 5836K, reserved 1048576K
}
Event: 9.389 GC heap before
{Heap before GC invocations=11 (full 0):
 garbage-first heap   total 118784K, used 79505K [0x0000000080000000, 0x0000000100000000)
  region size 1024K, 55 young (56320K), 6 survivors (6144K)
 Metaspace       used 46320K, capacity 47441K, committed 47516K, reserved 1091584K
  class space    used 5878K, capacity 6301K, committed 6348K, reserved 1048576K
}
Event: 9.399 GC heap after
{Heap after GC invocations=12 (full 0):
 garbage-first heap   total 118784K, used 30985K [0x0000000080000000, 0x0000000100000000)
  region size 1024K, 5 young (5120K), 5 survivors (5120K)
 Metaspace       used 46320K, capacity 47441K, committed 47516K, reserved 1091584K
  class space    used 5878K, capacity 6301K, committed 6348K, reserved 1048576K
}
Event: 10.640 GC heap before
{Heap before GC invocations=12 (full 0):
 garbage-first heap   total 118784K, used 81161K [0x0000000080000000, 0x0000000100000000)
  region size 1024K, 55 young (56320K), 5 survivors (5120K)
 Metaspace       used 48645K, capacity 49983K, committed 50204K, reserved 1093632K
  class space    used 6144K, capacity 6634K, committed 6732K, reserved 1048576K
}
Event: 10.648 GC heap after
{Heap after GC invocations=13 (full 0):
 garbage-first heap   total 118784K, used 35066K [0x0000000080000000, 0x0000000100000000)
  region size 1024K, 6 young (6144K), 6 survivors (6144K)
 Metaspace       used 48645K, capacity 49983K, committed 50204K, reserved 1093632K
  class space    used 6144K, capacity 6634K, committed 6732K, reserved 1048576K
}
Event: 11.773 GC heap before
{Heap before GC invocations=13 (full 0):
 garbage-first heap   total 118784K, used 94458K [0x0000000080000000, 0x0000000100000000)
  region size 1024K, 55 young (56320K), 6 survivors (6144K)
 Metaspace       used 53127K, capacity 54574K, committed 54940K, reserved 1097728K
  class space    used 6706K, capacity 7234K, committed 7372K, reserved 1048576K
}
Event: 11.783 GC heap after
{Heap after GC invocations=14 (full 0):
 garbage-first heap   total 118784K, used 52220K [0x0000000080000000, 0x0000000100000000)
  region size 1024K, 7 young (7168K), 7 survivors (7168K)
 Metaspace       used 53127K, capacity 54574K, committed 54940K, reserved 1097728K
  class space    used 6706K, capacity 7234K, committed 7372K, reserved 1048576K
}
Event: 12.761 GC heap before
{Heap before GC invocations=14 (full 0):
 garbage-first heap   total 118784K, used 92156K [0x0000000080000000, 0x0000000100000000)
  region size 1024K, 46 young (47104K), 7 survivors (7168K)
 Metaspace       used 58989K, capacity 60478K, committed 60636K, reserved 1101824K
  class space    used 7447K, capacity 8005K, committed 8012K, reserved 1048576K
}
Event: 12.768 GC heap after
{Heap after GC invocations=15 (full 0):
 garbage-first heap   total 118784K, used 54438K [0x0000000080000000, 0x0000000100000000)
  region size 1024K, 2 young (2048K), 2 survivors (2048K)
 Metaspace       used 58989K, capacity 60478K, committed 60636K, reserved 1101824K
  class space    used 7447K, capacity 8005K, committed 8012K, reserved 1048576K
}
Event: 12.785 GC heap before
{Heap before GC invocations=15 (full 0):
 garbage-first heap   total 118784K, used 54438K [0x0000000080000000, 0x0000000100000000)
  region size 1024K, 3 young (3072K), 2 survivors (2048K)
 Metaspace       used 59072K, capacity 60542K, committed 60636K, reserved 1101824K
  class space    used 7459K, capacity 8005K, committed 8012K, reserved 1048576K
}
Event: 12.790 GC heap after
{Heap after GC invocations=16 (full 0):
 garbage-first heap   total 118784K, used 54358K [0x0000000080000000, 0x0000000100000000)
  region size 1024K, 2 young (2048K), 2 survivors (2048K)
 Metaspace       used 59072K, capacity 60542K, committed 60636K, reserved 1101824K
  class space    used 7459K, capacity 8005K, committed 8012K, reserved 1048576K
}
Event: 13.063 GC heap before
{Heap before GC invocations=17 (full 0):
 garbage-first heap   total 118784K, used 62550K [0x0000000080000000, 0x0000000100000000)
  region size 1024K, 11 young (11264K), 2 survivors (2048K)
 Metaspace       used 60691K, capacity 62284K, committed 62760K, reserved 1103872K
  class space    used 7626K, capacity 8222K, committed 8396K, reserved 1048576K
}
Event: 13.070 GC heap after
{Heap after GC invocations=18 (full 0):
 garbage-first heap   total 118784K, used 55824K [0x0000000080000000, 0x0000000100000000)
  region size 1024K, 4 young (4096K), 4 survivors (4096K)
 Metaspace       used 60691K, capacity 62284K, committed 62760K, reserved 1103872K
  class space    used 7626K, capacity 8222K, committed 8396K, reserved 1048576K
}
Event: 13.211 GC heap before
{Heap before GC invocations=19 (full 0):
 garbage-first heap   total 118784K, used 73232K [0x0000000080000000, 0x0000000100000000)
  region size 1024K, 18 young (18432K), 4 survivors (4096K)
 Metaspace       used 60697K, capacity 62290K, committed 62760K, reserved 1103872K
  class space    used 7626K, capacity 8223K, committed 8396K, reserved 1048576K
}
Event: 13.220 GC heap after
{Heap after GC invocations=20 (full 0):
 garbage-first heap   total 118784K, used 62348K [0x0000000080000000, 0x0000000100000000)
  region size 1024K, 4 young (4096K), 4 survivors (4096K)
 Metaspace       used 60697K, capacity 62290K, committed 62760K, reserved 1103872K
  class space    used 7626K, capacity 8223K, committed 8396K, reserved 1048576K
}

Deoptimization events (20 events):
Event: 13.054 Thread 0x00000298fec0f000 DEOPT PACKING pc=0x0000029887cea8c8 sp=0x000000f6568f4590
Event: 13.054 Thread 0x00000298fec0f000 DEOPT UNPACKING pc=0x000002988004a1af sp=0x000000f6568f4520 mode 2
Event: 13.057 Thread 0x00000298fec0f000 Uncommon trap: trap_request=0xffffff4d fr.pc=0x0000029887b9b9e8 relative=0x0000000000000288
Event: 13.057 Thread 0x00000298fec0f000 Uncommon trap: reason=unstable_if action=reinterpret pc=0x0000029887b9b9e8 method=java.util.jar.JarFile.maybeInstantiateVerifier()V @ 4 c2
Event: 13.057 Thread 0x00000298fec0f000 DEOPT PACKING pc=0x0000029887b9b9e8 sp=0x000000f6568f4610
Event: 13.057 Thread 0x00000298fec0f000 DEOPT UNPACKING pc=0x000002988004a1af sp=0x000000f6568f4598 mode 2
Event: 13.057 Thread 0x00000298fec0f000 Uncommon trap: trap_request=0xffffff4d fr.pc=0x0000029887becc10 relative=0x0000000000000070
Event: 13.057 Thread 0x00000298fec0f000 Uncommon trap: reason=unstable_if action=reinterpret pc=0x0000029887becc10 method=java.security.CodeSource.getCertificates()[Ljava/security/cert/Certificate; @ 22 c2
Event: 13.057 Thread 0x00000298fec0f000 DEOPT PACKING pc=0x0000029887becc10 sp=0x000000f6568f4330
Event: 13.057 Thread 0x00000298fec0f000 DEOPT UNPACKING pc=0x000002988004a1af sp=0x000000f6568f42b8 mode 2
Event: 13.058 Thread 0x00000298fec0f000 Uncommon trap: trap_request=0xffffff4d fr.pc=0x0000029887ccda10 relative=0x0000000000001910
Event: 13.058 Thread 0x00000298fec0f000 Uncommon trap: reason=unstable_if action=reinterpret pc=0x0000029887ccda10 method=java.security.CodeSource.matchCerts(Ljava/security/CodeSource;Z)Z @ 11 c2
Event: 13.058 Thread 0x00000298fec0f000 DEOPT PACKING pc=0x0000029887ccda10 sp=0x000000f6568f13a0
Event: 13.058 Thread 0x00000298fec0f000 DEOPT UNPACKING pc=0x000002988004a1af sp=0x000000f6568f1220 mode 2
Event: 13.059 Thread 0x00000298fec0f000 Uncommon trap: trap_request=0xffffff4d fr.pc=0x0000029887beda28 relative=0x0000000000000828
Event: 13.059 Thread 0x00000298fec0f000 Uncommon trap: reason=unstable_if action=reinterpret pc=0x0000029887beda28 method=java.util.jar.JarFile.getVersionedEntry(Ljava/lang/String;Ljava/util/jar/JarEntry;)Ljava/util/jar/JarEntry; @ 67 c2
Event: 13.059 Thread 0x00000298fec0f000 DEOPT PACKING pc=0x0000029887beda28 sp=0x000000f6568f4140
Event: 13.059 Thread 0x00000298fec0f000 DEOPT UNPACKING pc=0x000002988004a1af sp=0x000000f6568f4128 mode 2
Event: 13.237 Thread 0x00000298fec0f000 DEOPT PACKING pc=0x000002988112e403 sp=0x000000f6568f30c0
Event: 13.237 Thread 0x00000298fec0f000 DEOPT UNPACKING pc=0x000002988004a95e sp=0x000000f6568f2540 mode 0

Classes redefined (0 events):
No events

Internal exceptions (20 events):
Event: 10.904 Thread 0x00000298fec0f000 Exception <a 'java/security/PrivilegedActionException'{0x0000000086a71b30}> (0x0000000086a71b30) thrown at [./src/hotspot/share/prims/jvm.cpp, line 1306]
Event: 10.904 Thread 0x00000298fec0f000 Exception <a 'java/security/PrivilegedActionException'{0x0000000086a74780}> (0x0000000086a74780) thrown at [./src/hotspot/share/prims/jvm.cpp, line 1306]
Event: 10.904 Thread 0x00000298fec0f000 Exception <a 'java/security/PrivilegedActionException'{0x0000000086a75a40}> (0x0000000086a75a40) thrown at [./src/hotspot/share/prims/jvm.cpp, line 1306]
Event: 10.904 Thread 0x00000298fec0f000 Exception <a 'java/security/PrivilegedActionException'{0x0000000086a786f0}> (0x0000000086a786f0) thrown at [./src/hotspot/share/prims/jvm.cpp, line 1306]
Event: 10.904 Thread 0x00000298fec0f000 Exception <a 'java/security/PrivilegedActionException'{0x0000000086a799b0}> (0x0000000086a799b0) thrown at [./src/hotspot/share/prims/jvm.cpp, line 1306]
Event: 11.069 Thread 0x00000298fec0f000 Exception <a 'java/lang/ClassNotFoundException'{0x0000000086155108}: org/gradle/api/internal/plugins/DefaultObjectConfigurationActionBeanInfo> (0x0000000086155108) thrown at [./src/hotspot/share/classfile/systemDictionary.cpp, line 231]
Event: 11.070 Thread 0x00000298fec0f000 Exception <a 'java/lang/ClassNotFoundException'{0x000000008618bf60}: org/gradle/api/internal/plugins/DefaultObjectConfigurationActionCustomizer> (0x000000008618bf60) thrown at [./src/hotspot/share/classfile/systemDictionary.cpp, line 231]
Event: 11.325 Thread 0x00000298fec0f000 Exception <a 'java/lang/NoSuchMethodError'{0x00000000856253c8}: 'java.lang.Object java.lang.invoke.DirectMethodHandle$Holder.invokeStatic(java.lang.Object, java.lang.Object, java.lang.Object, java.lang.Object, int)'> (0x00000000856253c8) thrown at [./src/hotspot/share/interpreter/linkResolver.cpp, line 773]
Event: 11.326 Thread 0x00000298fec0f000 Exception <a 'java/lang/NoSuchMethodError'{0x0000000085629dc0}: 'java.lang.Object java.lang.invoke.DirectMethodHandle$Holder.invokeSpecial(java.lang.Object, java.lang.Object, java.lang.Object, java.lang.Object, java.lang.Object, int)'> (0x0000000085629dc0) thrown at [./src/hotspot/share/interpreter/linkResolver.cpp, line 773]
Event: 11.326 Thread 0x00000298fec0f000 Exception <a 'java/lang/NoSuchMethodError'{0x000000008562e400}: 'java.lang.Object java.lang.invoke.Invokers$Holder.linkToTargetMethod(java.lang.Object, java.lang.Object, java.lang.Object, int, java.lang.Object)'> (0x000000008562e400) thrown at [./src/hotspot/share/interpreter/linkResolver.cpp, line 773]
Event: 11.672 Thread 0x00000298fec0f000 Exception <a 'java/lang/NoSuchMethodError'{0x00000000848835f8}: 'java.lang.Object java.lang.invoke.DirectMethodHandle$Holder.invokeSpecial(java.lang.Object, java.lang.Object, int, int, java.lang.Object, java.lang.Object, java.lang.Object)'> (0x00000000848835f8) thrown at [./src/hotspot/share/interpreter/linkResolver.cpp, line 773]
Event: 11.673 Thread 0x00000298fec0f000 Exception <a 'java/lang/NoSuchMethodError'{0x0000000084887b78}: 'java.lang.Object java.lang.invoke.DelegatingMethodHandle$Holder.reinvoke_L(java.lang.Object, int, int, java.lang.Object, java.lang.Object, java.lang.Object)'> (0x0000000084887b78) thrown at [./src/hotspot/share/interpreter/linkResolver.cpp, line 773]
Event: 12.018 Thread 0x00000298fec0f000 Exception <a 'java/lang/NoSuchMethodError'{0x0000000086b4bfa8}: 'int java.lang.invoke.DirectMethodHandle$Holder.invokeInterface(java.lang.Object, java.lang.Object, java.lang.Object, java.lang.Object)'> (0x0000000086b4bfa8) thrown at [./src/hotspot/share/interpreter/linkResolver.cpp, line 773]
Event: 12.468 Thread 0x00000298fec0f000 Implicit null exception at 0x0000029887caa932 to 0x0000029887caab44
Event: 12.616 Thread 0x00000298fec0f000 Exception <a 'java/lang/IncompatibleClassChangeError'{0x00000000852d4998}: Found class java.lang.Object, but interface was expected> (0x00000000852d4998) thrown at [./src/hotspot/share/interpreter/linkResolver.cpp, line 839]
Event: 12.689 Thread 0x00000298fec0f000 Implicit null exception at 0x0000029887d0fdd4 to 0x0000029887d0ffb8
Event: 12.689 Thread 0x00000298fec0f000 Implicit null exception at 0x0000029887d0a167 to 0x0000029887d0be4c
Event: 12.884 Thread 0x00000298fec0f000 Implicit null exception at 0x0000029887d4d52b to 0x0000029887d4d800
Event: 12.955 Thread 0x00000298fec0f000 Implicit null exception at 0x0000029887c0cf2c to 0x0000029887c0d0da
Event: 13.383 Thread 0x00000298fec0f000 Exception <a 'sun/nio/fs/WindowsException'{0x0000000086f72ab0}> (0x0000000086f72ab0) thrown at [./src/hotspot/share/prims/jni.cpp, line 616]

Events (20 events):
Event: 13.721 loading class com/android/build/api/dsl/FailureRetention
Event: 13.721 loading class com/android/build/api/dsl/FailureRetention done
Event: 13.721 loading class com/android/build/api/dsl/ManagedDevices
Event: 13.721 loading class com/android/build/api/dsl/ManagedDevices done
Event: 13.721 loading class com/android/build/gradle/internal/dsl/ManagedDevices
Event: 13.721 loading class com/android/build/gradle/internal/dsl/ManagedDevices done
Event: 13.722 loading class com/android/build/gradle/internal/dsl/TestOptions$UnitTestOptions
Event: 13.722 loading class com/android/build/gradle/internal/dsl/TestOptions$UnitTestOptions done
Event: 13.722 loading class com/android/build/api/dsl/UnitTestOptions
Event: 13.722 loading class com/android/build/api/dsl/UnitTestOptions done
Event: 13.723 loading class org/gradle/api/ExtensiblePolymorphicDomainObjectContainer
Event: 13.723 loading class org/gradle/api/ExtensiblePolymorphicDomainObjectContainer done
Event: 13.723 loading class com/android/build/api/dsl/DeviceGroup
Event: 13.723 loading class com/android/build/api/dsl/DeviceGroup done
Event: 13.724 loading class com/android/build/api/dsl/Device
Event: 13.724 loading class com/android/build/api/dsl/Device done
Event: 13.728 loading class org/gradle/api/tasks/testing/Test
Event: 13.728 loading class org/gradle/api/tasks/testing/Test done
Event: 13.729 loading class org/gradle/api/DomainObjectSet
Event: 13.729 loading class org/gradle/api/DomainObjectSet done


Dynamic libraries:
0x00007ff6815d0000 - 0x00007ff6815da000 	C:\Program Files\Android\Android Studio\jre\bin\java.exe
0x00007ff8d9470000 - 0x00007ff8d9684000 	C:\WINDOWS\SYSTEM32\ntdll.dll
0x00007ff8d7320000 - 0x00007ff8d73e2000 	C:\WINDOWS\System32\KERNEL32.DLL
0x00007ff8d6a90000 - 0x00007ff8d6e2c000 	C:\WINDOWS\System32\KERNELBASE.dll
0x00007ff8d6ed0000 - 0x00007ff8d6fe1000 	C:\WINDOWS\System32\ucrtbase.dll
0x00007ff8b6a80000 - 0x00007ff8b6a99000 	C:\Program Files\Android\Android Studio\jre\bin\jli.dll
0x00007ff8a0090000 - 0x00007ff8a00a7000 	C:\Program Files\Android\Android Studio\jre\bin\VCRUNTIME140.dll
0x00007ff8d9180000 - 0x00007ff8d932b000 	C:\WINDOWS\System32\USER32.dll
0x00007ff8d6e30000 - 0x00007ff8d6e56000 	C:\WINDOWS\System32\win32u.dll
0x00007ff8d8980000 - 0x00007ff8d89a9000 	C:\WINDOWS\System32\GDI32.dll
0x00007ff8d68b0000 - 0x00007ff8d69c3000 	C:\WINDOWS\System32\gdi32full.dll
0x00007ff8d7070000 - 0x00007ff8d710a000 	C:\WINDOWS\System32\msvcp_win.dll
0x00007ff8ba4e0000 - 0x00007ff8ba76e000 	C:\WINDOWS\WinSxS\amd64_microsoft.windows.common-controls_6595b64144ccf1df_6.0.22621.608_none_a9444ca7c10bb01d\COMCTL32.dll
0x00007ff8d7f00000 - 0x00007ff8d7fa7000 	C:\WINDOWS\System32\msvcrt.dll
0x00007ff8d8cc0000 - 0x00007ff8d8cf1000 	C:\WINDOWS\System32\IMM32.DLL
0x00007ff89ba70000 - 0x00007ff89bb0d000 	C:\Program Files\Android\Android Studio\jre\bin\msvcp140.dll
0x00007ff892190000 - 0x00007ff892c92000 	C:\Program Files\Android\Android Studio\jre\bin\server\jvm.dll
0x00007ff8d8b30000 - 0x00007ff8d8bde000 	C:\WINDOWS\System32\ADVAPI32.dll
0x00007ff8d8190000 - 0x00007ff8d8234000 	C:\WINDOWS\System32\sechost.dll
0x00007ff8d8a10000 - 0x00007ff8d8b27000 	C:\WINDOWS\System32\RPCRT4.dll
0x00007ff8d89b0000 - 0x00007ff8d89b8000 	C:\WINDOWS\System32\PSAPI.DLL
0x00007ff8d2800000 - 0x00007ff8d2809000 	C:\WINDOWS\SYSTEM32\WSOCK32.dll
0x00007ff8d84b0000 - 0x00007ff8d8521000 	C:\WINDOWS\System32\WS2_32.dll
0x00007ff8ceb50000 - 0x00007ff8ceb5a000 	C:\WINDOWS\SYSTEM32\VERSION.dll
0x00007ff8cf230000 - 0x00007ff8cf264000 	C:\WINDOWS\SYSTEM32\WINMM.dll
0x00007ff8d58d0000 - 0x00007ff8d58e8000 	C:\WINDOWS\SYSTEM32\kernel.appcore.dll
0x00007ff8d1410000 - 0x00007ff8d1421000 	C:\Program Files\Android\Android Studio\jre\bin\verify.dll
0x00007ff8c4e60000 - 0x00007ff8c508e000 	C:\WINDOWS\SYSTEM32\DBGHELP.DLL
0x00007ff8d8540000 - 0x00007ff8d88c9000 	C:\WINDOWS\System32\combase.dll
0x00007ff8d8250000 - 0x00007ff8d8327000 	C:\WINDOWS\System32\OLEAUT32.dll
0x00007ff8b4520000 - 0x00007ff8b4552000 	C:\WINDOWS\SYSTEM32\dbgcore.DLL
0x00007ff8d6ff0000 - 0x00007ff8d706b000 	C:\WINDOWS\System32\bcryptPrimitives.dll
0x00007ff8b73b0000 - 0x00007ff8b73d9000 	C:\Program Files\Android\Android Studio\jre\bin\java.dll
0x00007ff8d27f0000 - 0x00007ff8d27fb000 	C:\Program Files\Android\Android Studio\jre\bin\jimage.dll
0x00007ff8bac00000 - 0x00007ff8bac18000 	C:\Program Files\Android\Android Studio\jre\bin\zip.dll
0x00007ff8d74f0000 - 0x00007ff8d7ce0000 	C:\WINDOWS\System32\SHELL32.dll
0x00007ff8d4870000 - 0x00007ff8d513d000 	C:\WINDOWS\SYSTEM32\windows.storage.dll
0x00007ff8d4730000 - 0x00007ff8d486e000 	C:\WINDOWS\SYSTEM32\wintypes.dll
0x00007ff8d73f0000 - 0x00007ff8d74e1000 	C:\WINDOWS\System32\SHCORE.dll
0x00007ff8d8c40000 - 0x00007ff8d8c9e000 	C:\WINDOWS\System32\shlwapi.dll
0x00007ff8d67e0000 - 0x00007ff8d6801000 	C:\WINDOWS\SYSTEM32\profapi.dll
0x00007ff8b7390000 - 0x00007ff8b73aa000 	C:\Program Files\Android\Android Studio\jre\bin\net.dll
0x00007ff8cf0f0000 - 0x00007ff8cf227000 	C:\WINDOWS\SYSTEM32\WINHTTP.dll
0x00007ff8d5d70000 - 0x00007ff8d5dd9000 	C:\WINDOWS\system32\mswsock.dll
0x00007ff8b7310000 - 0x00007ff8b7324000 	C:\Program Files\Android\Android Studio\jre\bin\nio.dll
0x00007ff8d1eb0000 - 0x00007ff8d1ed7000 	C:\Users\nilesh\.gradle\native\e1d6ef7f7dcc3fd88c89a11ec53ec762bb8ba0a96d01ffa2cd45eb1d1d8dd5c5\windows-amd64\native-platform.dll
0x00007ff8988a0000 - 0x00007ff8989e4000 	C:\Users\nilesh\.gradle\native\0d407fdbe67a94daf76414ababcb853783967236a71b16ec16e742cd7a986fd3\windows-amd64\native-platform-file-events.dll
0x00007ff8b7300000 - 0x00007ff8b730a000 	C:\Program Files\Android\Android Studio\jre\bin\management.dll
0x00007ff8b72f0000 - 0x00007ff8b72fd000 	C:\Program Files\Android\Android Studio\jre\bin\management_ext.dll
0x00007ff8d5fd0000 - 0x00007ff8d5feb000 	C:\WINDOWS\SYSTEM32\CRYPTSP.dll
0x00007ff8d5840000 - 0x00007ff8d5875000 	C:\WINDOWS\system32\rsaenh.dll
0x00007ff8d5e70000 - 0x00007ff8d5e98000 	C:\WINDOWS\SYSTEM32\USERENV.dll
0x00007ff8d6200000 - 0x00007ff8d6228000 	C:\WINDOWS\SYSTEM32\bcrypt.dll
0x00007ff8d5ff0000 - 0x00007ff8d5ffc000 	C:\WINDOWS\SYSTEM32\CRYPTBASE.dll
0x00007ff8d5390000 - 0x00007ff8d53bd000 	C:\WINDOWS\SYSTEM32\IPHLPAPI.DLL
0x00007ff8d8530000 - 0x00007ff8d8539000 	C:\WINDOWS\System32\NSI.dll
0x00007ff8cf080000 - 0x00007ff8cf099000 	C:\WINDOWS\SYSTEM32\dhcpcsvc6.DLL
0x00007ff8cf060000 - 0x00007ff8cf07f000 	C:\WINDOWS\SYSTEM32\dhcpcsvc.DLL
0x00007ff8d5400000 - 0x00007ff8d54f3000 	C:\WINDOWS\SYSTEM32\DNSAPI.dll

dbghelp: loaded successfully - version: 4.0.5 - missing functions: none
symbol engine: initialized successfully - sym options: 0x614 - pdb path: .;C:\Program Files\Android\Android Studio\jre\bin;C:\WINDOWS\SYSTEM32;C:\WINDOWS\WinSxS\amd64_microsoft.windows.common-controls_6595b64144ccf1df_6.0.22621.608_none_a9444ca7c10bb01d;C:\Program Files\Android\Android Studio\jre\bin\server;C:\Users\nilesh\.gradle\native\e1d6ef7f7dcc3fd88c89a11ec53ec762bb8ba0a96d01ffa2cd45eb1d1d8dd5c5\windows-amd64;C:\Users\nilesh\.gradle\native\0d407fdbe67a94daf76414ababcb853783967236a71b16ec16e742cd7a986fd3\windows-amd64

VM Arguments:
jvm_args: --add-opens=java.base/java.util=ALL-UNNAMED --add-opens=java.base/java.lang=ALL-UNNAMED --add-opens=java.base/java.lang.invoke=ALL-UNNAMED --add-opens=java.base/java.util=ALL-UNNAMED --add-opens=java.prefs/java.util.prefs=ALL-UNNAMED --add-opens=java.prefs/java.util.prefs=ALL-UNNAMED --add-opens=java.base/java.nio.charset=ALL-UNNAMED --add-opens=java.base/java.net=ALL-UNNAMED --add-opens=java.base/java.util.concurrent.atomic=ALL-UNNAMED -Xmx2048m -Dfile.encoding=UTF-8 -Duser.country=US -Duser.language=en -Duser.variant 
java_command: org.gradle.launcher.daemon.bootstrap.GradleDaemon 7.4
java_class_path (initial): C:\Users\nilesh\.gradle\wrapper\dists\gradle-7.4-bin\c0gwcg53nkjbqw7r0h0umtfvt\gradle-7.4\lib\gradle-launcher-7.4.jar
Launcher Type: SUN_STANDARD

[Global flags]
     intx CICompilerCount                          = 4                                         {product} {ergonomic}
     uint ConcGCThreads                            = 2                                         {product} {ergonomic}
     uint G1ConcRefinementThreads                  = 8                                         {product} {ergonomic}
   size_t G1HeapRegionSize                         = 1048576                                   {product} {ergonomic}
    uintx GCDrainStackTargetSize                   = 64                                        {product} {ergonomic}
   size_t InitialHeapSize                          = 100663296                                 {product} {ergonomic}
   size_t MarkStackSize                            = 4194304                                   {product} {ergonomic}
   size_t MaxHeapSize                              = 2147483648                                {product} {command line}
   size_t MaxNewSize                               = 1287651328                                {product} {ergonomic}
   size_t MinHeapDeltaBytes                        = 1048576                                   {product} {ergonomic}
    uintx NonNMethodCodeHeapSize                   = 5836300                                {pd product} {ergonomic}
    uintx NonProfiledCodeHeapSize                  = 122910970                              {pd product} {ergonomic}
    uintx ProfiledCodeHeapSize                     = 122910970                              {pd product} {ergonomic}
    uintx ReservedCodeCacheSize                    = 251658240                              {pd product} {ergonomic}
     bool SegmentedCodeCache                       = true                                      {product} {ergonomic}
     bool UseCompressedClassPointers               = true                                 {lp64_product} {ergonomic}
     bool UseCompressedOops                        = true                                 {lp64_product} {ergonomic}
     bool UseG1GC                                  = true                                      {product} {ergonomic}
     bool UseLargePagesIndividualAllocation        = false                                  {pd product} {ergonomic}

Logging:
Log output configuration:
 #0: stdout all=warning uptime,level,tags
 #1: stderr all=off uptime,level,tags

Environment Variables:
JAVA_HOME=C:\Program Files\Java\jdk-17.0.1
CLASSPATH=C:\oraclexe\app\oracle\product\10.2.0\server\jdbc\lib\ojdbc6_g.jar;
PATH=C:\Program Files\Java\jdk-17.0.1\bin;C:\Program Files\Java\jre1.8.0_321\lib\ext;C:\oraclexe\app\oracle\product\10.2.0\server\bin;C:\Program Files\dotnet\;C:\WINDOWS\system32;C:\WINDOWS;C:\WINDOWS\System32\Wbem;C:\WINDOWS\System32\WindowsPowerShell\v1.0\;C:\WINDOWS\System32\OpenSSH\;C:\Windows\Microsoft.NET\Framework\v4.0.30319;C:\Program Files\nodejs\;D:\gradle\gradle-7.5.1\bin;C:\MinGW\bin;C:\Users\nilesh\AppData\Local\Programs\Python\Python310\Scripts\;C:\Users\nilesh\AppData\Local\Programs\Python\Python310\;C:\Users\nilesh\AppData\Local\Microsoft\WindowsApps;C:\Users\nilesh\AppData\Local\Programs\Microsoft VS Code\bin;"C:\Program Files\Java\jdk-17\bin;";C:\Program Files\Javaprogs;C:\Program Files\Java\jdk-17.0.1\bin;C:\Users\nilesh\.dotnet\tools;C:\Program Files\Microsoft SQL Server\90\Shared\Resources;C:\Users\nilesh\AppData\Roaming\npm;
USERNAME=nilesh
OS=Windows_NT
PROCESSOR_IDENTIFIER=AMD64 Family 23 Model 24 Stepping 1, AuthenticAMD



---------------  S Y S T E M  ---------------

OS: Windows 11 , 64 bit Build 22621 (10.0.22621.1485)
OS uptime: 0 days 0:12 hours
Hyper-V role detected

CPU:total 8 (initial active 8) (8 cores per cpu, 2 threads per core) family 23 model 24 stepping 1 microcode 0x0, cmov, cx8, fxsr, mmx, sse, sse2, sse3, ssse3, sse4.1, sse4.2, popcnt, avx, avx2, aes, clmul, mmxext, 3dnowpref, lzcnt, sse4a, ht, tsc, tscinvbit, tscinv, bmi1, bmi2, adx, sha, fma

Memory: 4k page, system-wide physical 6060M (203M free)
TotalPageFile size 9060M (AvailPageFile size 0M)
current process WorkingSet (physical memory assigned to process): 308M, peak: 310M
current process commit charge ("private bytes"): 345M, peak: 348M

vm_info: OpenJDK 64-Bit Server VM (11.0.13+0-b1751.21-8125866) for windows-amd64 JRE (11.0.13+0-b1751.21-8125866), built on Feb  2 2022 03:00:22 by "builder" with MS VC++ 14.0 (VS2015)

END.
