#
# There is insufficient memory for the Java Runtime Environment to continue.
# Native memory allocation (malloc) failed to allocate 486656 bytes for Chunk::new
# Possible reasons:
#   The system is out of physical RAM or swap space
#   The process is running with CompressedOops enabled, and the Java Heap may be blocking the growth of the native heap
# Possible solutions:
#   Reduce memory load on the system
#   Increase physical memory or swap space
#   Check if swap backing store is full
#   Decrease Java heap size (-Xmx/-Xms)
#   Decrease number of Java threads
#   Decrease Java thread stack sizes (-Xss)
#   Set larger code cache with -XX:ReservedCodeCacheSize=
#   JVM is running with Unscaled Compressed Oops mode in which the Java heap is
#     placed in the first 4GB address space. The Java Heap base address is the
#     maximum limit for the native heap growth. Please use -XX:HeapBaseMinAddress
#     to set the Java Heap base and to place the Java Heap above 4GB virtual address.
# This output file may be truncated or incomplete.
#
#  Out of Memory Error (./src/hotspot/share/memory/arena.cpp:197), pid=9432, tid=4032
#
# JRE version: OpenJDK Runtime Environment (11.0.13) (build 11.0.13+0-b1751.21-8125866)
# Java VM: OpenJDK 64-Bit Server VM (11.0.13+0-b1751.21-8125866, mixed mode, tiered, compressed oops, g1 gc, windows-amd64)
# No core dump will be written. Minidumps are not enabled by default on client versions of Windows
#

---------------  S U M M A R Y ------------

Command Line: --add-opens=java.base/java.util=ALL-UNNAMED --add-opens=java.base/java.lang=ALL-UNNAMED --add-opens=java.base/java.lang.invoke=ALL-UNNAMED --add-opens=java.base/java.util=ALL-UNNAMED --add-opens=java.prefs/java.util.prefs=ALL-UNNAMED --add-opens=java.prefs/java.util.prefs=ALL-UNNAMED --add-opens=java.base/java.nio.charset=ALL-UNNAMED --add-opens=java.base/java.net=ALL-UNNAMED --add-opens=java.base/java.util.concurrent.atomic=ALL-UNNAMED -Xmx2048m -Dfile.encoding=UTF-8 -Duser.country=US -Duser.language=en -Duser.variant org.gradle.launcher.daemon.bootstrap.GradleDaemon 7.4

Host: AMD Ryzen 5 3500U with Radeon Vega Mobile Gfx  , 8 cores, 5G,  Windows 11 , 64 bit Build 22621 (10.0.22621.1485)
Time: Sat May 27 02:11:45 2023 India Standard Time elapsed time: 32.613608 seconds (0d 0h 0m 32s)

---------------  T H R E A D  ---------------

Current thread (0x00000299c9e46000):  JavaThread "C2 CompilerThread0" daemon [_thread_in_native, id=4032, stack(0x000000c97aa00000,0x000000c97ab00000)]


Current CompileTask:
C2:  32613 10998   !   4       org.gradle.internal.classloader.FilteringClassLoader::loadClass (62 bytes)

Stack: [0x000000c97aa00000,0x000000c97ab00000]
Native frames: (J=compiled Java code, j=interpreted, Vv=VM code, C=native code)
V  [jvm.dll+0x6100fa]
V  [jvm.dll+0x747090]
V  [jvm.dll+0x7486ad]
V  [jvm.dll+0x748d83]
V  [jvm.dll+0x24ab48]
V  [jvm.dll+0xc04dc]
V  [jvm.dll+0xc0a0c]
V  [jvm.dll+0x2bfab4]
V  [jvm.dll+0x524238]
V  [jvm.dll+0x20b193]
V  [jvm.dll+0x204ca0]
V  [jvm.dll+0x2023c2]
V  [jvm.dll+0x188e01]
V  [jvm.dll+0x21106b]
V  [jvm.dll+0x20f8c1]
V  [jvm.dll+0x70de0f]
V  [jvm.dll+0x706a75]
V  [jvm.dll+0x60ed66]
C  [ucrtbase.dll+0x29363]
C  [KERNEL32.DLL+0x1269d]
C  [ntdll.dll+0x5a9f8]


---------------  P R O C E S S  ---------------

Threads class SMR info:
_java_thread_list=0x00000299d3d700b0, length=134, elements={
0x00000299af9a8800, 0x00000299c9e27000, 0x00000299c9e2a000, 0x00000299ca7b2800,
0x00000299c9e43000, 0x00000299c9e44000, 0x00000299c9e46000, 0x00000299c9e48000,
0x00000299c9e4d000, 0x00000299ca919000, 0x00000299cc754000, 0x00000299cb090800,
0x00000299cc148800, 0x00000299cb8e3800, 0x00000299ccf39000, 0x00000299cca88800,
0x00000299cce0b000, 0x00000299cce0c000, 0x00000299cd48e800, 0x00000299ccd6d000,
0x00000299cb048000, 0x00000299cb046800, 0x00000299cb049800, 0x00000299cb047000,
0x00000299cb049000, 0x00000299cb04a800, 0x00000299cb044800, 0x00000299cb04b800,
0x00000299cb045800, 0x00000299cac66800, 0x00000299cac65000, 0x00000299cac61000,
0x00000299cac68000, 0x00000299cac62800, 0x00000299cac6a000, 0x00000299cac6d000,
0x00000299cac6e000, 0x00000299cac6f000, 0x00000299cac69000, 0x00000299cac6f800,
0x00000299cac6c800, 0x00000299cac6a800, 0x00000299cac6b800, 0x00000299cc831800,
0x00000299cc834000, 0x00000299cc830000, 0x00000299cc833000, 0x00000299cc835000,
0x00000299cc835800, 0x00000299cc836800, 0x00000299cc830800, 0x00000299cc837800,
0x00000299cc838000, 0x00000299cc832800, 0x00000299cc83a800, 0x00000299cc83e800,
0x00000299cc83b800, 0x00000299cc83e000, 0x00000299cc839000, 0x00000299cc839800,
0x00000299cc83c000, 0x00000299cc83d000, 0x00000299d1d13000, 0x00000299d1d0f800,
0x00000299d1d13800, 0x00000299d1d14800, 0x00000299d1d15000, 0x00000299d1d11000,
0x00000299d1d16000, 0x00000299d1d12000, 0x00000299d1d10800, 0x00000299cdff0800,
0x00000299cdff5800, 0x00000299cdff3800, 0x00000299cdff6000, 0x00000299cdff4800,
0x00000299cdff7000, 0x00000299cdff1000, 0x00000299cdff2000, 0x00000299cdff7800,
0x00000299cdff8800, 0x00000299cdff3000, 0x00000299cdffa000, 0x00000299cdffe800,
0x00000299cdff9800, 0x00000299cdffb000, 0x00000299cdffc000, 0x00000299cdffc800,
0x00000299cdffd800, 0x00000299cdfff000, 0x00000299d1d43000, 0x00000299d1d43800,
0x00000299d1d47000, 0x00000299d1d42000, 0x00000299d1d44800, 0x00000299d1d46000,
0x00000299d1d45800, 0x00000299d1d41800, 0x00000299d1d4a800, 0x00000299d1d4c800,
0x00000299d1d4d800, 0x00000299d1d48000, 0x00000299d1d4b000, 0x00000299d1d4c000,
0x00000299d1d4e800, 0x00000299d1d48800, 0x00000299d1d4f000, 0x00000299d1d49800,
0x00000299d1d50000, 0x00000299d08f3000, 0x00000299d08f4000, 0x00000299d08f4800,
0x00000299d08f1800, 0x00000299d08f5800, 0x00000299d08ef800, 0x00000299d08f0800,
0x00000299d08f6800, 0x00000299d08f7000, 0x00000299d08f8000, 0x00000299d08f2000,
0x00000299d08fb000, 0x00000299d08f9800, 0x00000299d15d9800, 0x00000299d08fa800,
0x00000299d08fd800, 0x00000299d08f8800, 0x00000299d08fe800, 0x00000299d08fc000,
0x00000299ce62a000, 0x00000299ce627800, 0x00000299ce626800, 0x00000299ce62b800,
0x00000299ce628800, 0x00000299ce62b000
}

Java Threads: ( => current thread )
  0x00000299af9a8800 JavaThread "main" [_thread_blocked, id=2524, stack(0x000000c979e00000,0x000000c979f00000)]
  0x00000299c9e27000 JavaThread "Reference Handler" daemon [_thread_blocked, id=7752, stack(0x000000c97a500000,0x000000c97a600000)]
  0x00000299c9e2a000 JavaThread "Finalizer" daemon [_thread_blocked, id=14568, stack(0x000000c97a600000,0x000000c97a700000)]
  0x00000299ca7b2800 JavaThread "Signal Dispatcher" daemon [_thread_blocked, id=13200, stack(0x000000c97a700000,0x000000c97a800000)]
  0x00000299c9e43000 JavaThread "Attach Listener" daemon [_thread_blocked, id=11044, stack(0x000000c97a800000,0x000000c97a900000)]
  0x00000299c9e44000 JavaThread "Service Thread" daemon [_thread_blocked, id=18480, stack(0x000000c97a900000,0x000000c97aa00000)]
=>0x00000299c9e46000 JavaThread "C2 CompilerThread0" daemon [_thread_in_native, id=4032, stack(0x000000c97aa00000,0x000000c97ab00000)]
  0x00000299c9e48000 JavaThread "C1 CompilerThread0" daemon [_thread_in_native, id=19260, stack(0x000000c97ab00000,0x000000c97ac00000)]
  0x00000299c9e4d000 JavaThread "Sweeper thread" daemon [_thread_blocked, id=3944, stack(0x000000c97ac00000,0x000000c97ad00000)]
  0x00000299ca919000 JavaThread "Common-Cleaner" daemon [_thread_blocked, id=20444, stack(0x000000c97ad00000,0x000000c97ae00000)]
  0x00000299cc754000 JavaThread "Daemon health stats" [_thread_blocked, id=13904, stack(0x000000c97b200000,0x000000c97b300000)]
  0x00000299cb090800 JavaThread "Incoming local TCP Connector on port 57067" [_thread_in_native, id=13336, stack(0x000000c97af00000,0x000000c97b000000)]
  0x00000299cc148800 JavaThread "Daemon periodic checks" [_thread_blocked, id=9620, stack(0x000000c97b100000,0x000000c97b200000)]
  0x00000299cb8e3800 JavaThread "Daemon" [_thread_blocked, id=16512, stack(0x000000c97b300000,0x000000c97b400000)]
  0x00000299ccf39000 JavaThread "Handler for socket connection from /127.0.0.1:57067 to /127.0.0.1:57068" [_thread_in_native, id=20404, stack(0x000000c97b400000,0x000000c97b500000)]
  0x00000299cca88800 JavaThread "Cancel handler" [_thread_blocked, id=20200, stack(0x000000c97b500000,0x000000c97b600000)]
  0x00000299cce0b000 JavaThread "Daemon worker" [_thread_blocked, id=10992, stack(0x000000c97b600000,0x000000c97b700000)]
  0x00000299cce0c000 JavaThread "Asynchronous log dispatcher for DefaultDaemonConnection: socket connection from /127.0.0.1:57067 to /127.0.0.1:57068" [_thread_blocked, id=2768, stack(0x000000c97b700000,0x000000c97b800000)]
  0x00000299cd48e800 JavaThread "Stdin handler" [_thread_blocked, id=18556, stack(0x000000c97b800000,0x000000c97b900000)]
  0x00000299ccd6d000 JavaThread "Daemon client event forwarder" [_thread_blocked, id=1508, stack(0x000000c97b900000,0x000000c97ba00000)]
  0x00000299cb048000 JavaThread "Cache worker for journal cache (C:\Users\nilesh\.gradle\caches\journal-1)" [_thread_blocked, id=15944, stack(0x000000c97c000000,0x000000c97c100000)]
  0x00000299cb046800 JavaThread "File lock request listener" [_thread_in_native, id=11096, stack(0x000000c97c100000,0x000000c97c200000)]
  0x00000299cb049800 JavaThread "Cache worker for file hash cache (C:\Users\nilesh\.gradle\caches\7.4\fileHashes)" [_thread_blocked, id=13608, stack(0x000000c97c200000,0x000000c97c300000)]
  0x00000299cb047000 JavaThread "File watcher server" daemon [_thread_in_native, id=12812, stack(0x000000c97c500000,0x000000c97c600000)]
  0x00000299cb049000 JavaThread "File watcher consumer" daemon [_thread_blocked, id=7568, stack(0x000000c97c600000,0x000000c97c700000)]
  0x00000299cb04a800 JavaThread "Cache worker for checksums cache (C:\Users\nilesh\AndroidStudioProjects\Aus\.gradle\7.4\checksums)" [_thread_blocked, id=21228, stack(0x000000c97c700000,0x000000c97c800000)]
  0x00000299cb044800 JavaThread "Cache worker for cache directory md-rule (C:\Users\nilesh\.gradle\caches\7.4\md-rule)" [_thread_blocked, id=14300, stack(0x000000c97c800000,0x000000c97c900000)]
  0x00000299cb04b800 JavaThread "Cache worker for file hash cache (C:\Users\nilesh\AndroidStudioProjects\Aus\.gradle\7.4\fileHashes)" [_thread_blocked, id=17884, stack(0x000000c97c900000,0x000000c97ca00000)]
  0x00000299cb045800 JavaThread "Cache worker for cache directory md-supplier (C:\Users\nilesh\.gradle\caches\7.4\md-supplier)" [_thread_blocked, id=15664, stack(0x000000c97ca00000,0x000000c97cb00000)]
  0x00000299cac66800 JavaThread "Cache worker for execution history cache (C:\Users\nilesh\.gradle\caches\7.4\executionHistory)" [_thread_blocked, id=7984, stack(0x000000c97cb00000,0x000000c97cc00000)]
  0x00000299cac65000 JavaThread "jar transforms" [_thread_blocked, id=18084, stack(0x000000c97cd00000,0x000000c97ce00000)]
  0x00000299cac61000 JavaThread "Cache worker for file content cache (C:\Users\nilesh\.gradle\caches\7.4\fileContent)" [_thread_blocked, id=11500, stack(0x000000c97ce00000,0x000000c97cf00000)]
  0x00000299cac68000 JavaThread "jar transforms Thread 2" [_thread_blocked, id=10844, stack(0x000000c97cf00000,0x000000c97d000000)]
  0x00000299cac62800 JavaThread "Cache worker for dependencies-accessors (C:\Users\nilesh\AndroidStudioProjects\Aus\.gradle\7.4\dependencies-accessors)" [_thread_blocked, id=15368, stack(0x000000c97d000000,0x000000c97d100000)]
  0x00000299cac6a000 JavaThread "jar transforms Thread 3" [_thread_blocked, id=15068, stack(0x000000c97d100000,0x000000c97d200000)]
  0x00000299cac6d000 JavaThread "Cache worker for Build Output Cleanup Cache (C:\Users\nilesh\AndroidStudioProjects\Aus\.gradle\buildOutputCleanup)" [_thread_blocked, id=4128, stack(0x000000c97cc00000,0x000000c97cd00000)]
  0x00000299cac6e000 JavaThread "Unconstrained build operations" [_thread_blocked, id=17200, stack(0x000000c97d200000,0x000000c97d300000)]
  0x00000299cac6f000 JavaThread "Unconstrained build operations Thread 2" [_thread_blocked, id=9716, stack(0x000000c97d300000,0x000000c97d400000)]
  0x00000299cac69000 JavaThread "Unconstrained build operations Thread 3" [_thread_blocked, id=19800, stack(0x000000c97d400000,0x000000c97d500000)]
  0x00000299cac6f800 JavaThread "Unconstrained build operations Thread 4" [_thread_blocked, id=14508, stack(0x000000c97d500000,0x000000c97d600000)]
  0x00000299cac6c800 JavaThread "Unconstrained build operations Thread 5" [_thread_blocked, id=14572, stack(0x000000c97d600000,0x000000c97d700000)]
  0x00000299cac6a800 JavaThread "Unconstrained build operations Thread 6" [_thread_blocked, id=21132, stack(0x000000c97d700000,0x000000c97d800000)]
  0x00000299cac6b800 JavaThread "Unconstrained build operations Thread 7" [_thread_blocked, id=17944, stack(0x000000c97d800000,0x000000c97d900000)]
  0x00000299cc831800 JavaThread "Unconstrained build operations Thread 8" [_thread_blocked, id=9500, stack(0x000000c97d900000,0x000000c97da00000)]
  0x00000299cc834000 JavaThread "Unconstrained build operations Thread 9" [_thread_blocked, id=3684, stack(0x000000c97da00000,0x000000c97db00000)]
  0x00000299cc830000 JavaThread "Unconstrained build operations Thread 10" [_thread_blocked, id=14692, stack(0x000000c97db00000,0x000000c97dc00000)]
  0x00000299cc833000 JavaThread "Unconstrained build operations Thread 11" [_thread_blocked, id=3728, stack(0x000000c97dc00000,0x000000c97dd00000)]
  0x00000299cc835000 JavaThread "Unconstrained build operations Thread 12" [_thread_blocked, id=6440, stack(0x000000c97dd00000,0x000000c97de00000)]
  0x00000299cc835800 JavaThread "Unconstrained build operations Thread 13" [_thread_blocked, id=6376, stack(0x000000c97de00000,0x000000c97df00000)]
  0x00000299cc836800 JavaThread "Unconstrained build operations Thread 14" [_thread_blocked, id=9568, stack(0x000000c97df00000,0x000000c97e000000)]
  0x00000299cc830800 JavaThread "Unconstrained build operations Thread 15" [_thread_blocked, id=7252, stack(0x000000c97e000000,0x000000c97e100000)]
  0x00000299cc837800 JavaThread "Unconstrained build operations Thread 16" [_thread_blocked, id=7512, stack(0x000000c97e100000,0x000000c97e200000)]
  0x00000299cc838000 JavaThread "Unconstrained build operations Thread 17" [_thread_blocked, id=19008, stack(0x000000c97e200000,0x000000c97e300000)]
  0x00000299cc832800 JavaThread "Unconstrained build operations Thread 18" [_thread_blocked, id=13052, stack(0x000000c97e300000,0x000000c97e400000)]
  0x00000299cc83a800 JavaThread "Unconstrained build operations Thread 19" [_thread_blocked, id=8868, stack(0x000000c97e400000,0x000000c97e500000)]
  0x00000299cc83e800 JavaThread "Unconstrained build operations Thread 20" [_thread_blocked, id=21004, stack(0x000000c97e500000,0x000000c97e600000)]
  0x00000299cc83b800 JavaThread "Unconstrained build operations Thread 21" [_thread_blocked, id=8356, stack(0x000000c97e600000,0x000000c97e700000)]
  0x00000299cc83e000 JavaThread "Unconstrained build operations Thread 22" [_thread_blocked, id=15928, stack(0x000000c97e700000,0x000000c97e800000)]
  0x00000299cc839000 JavaThread "Unconstrained build operations Thread 23" [_thread_blocked, id=11916, stack(0x000000c97e800000,0x000000c97e900000)]
  0x00000299cc839800 JavaThread "Unconstrained build operations Thread 24" [_thread_blocked, id=11840, stack(0x000000c97e900000,0x000000c97ea00000)]
  0x00000299cc83c000 JavaThread "Unconstrained build operations Thread 25" [_thread_blocked, id=7544, stack(0x000000c97ea00000,0x000000c97eb00000)]
  0x00000299cc83d000 JavaThread "Unconstrained build operations Thread 26" [_thread_blocked, id=14964, stack(0x000000c97eb00000,0x000000c97ec00000)]
  0x00000299d1d13000 JavaThread "Unconstrained build operations Thread 27" [_thread_blocked, id=9404, stack(0x000000c97ec00000,0x000000c97ed00000)]
  0x00000299d1d0f800 JavaThread "Unconstrained build operations Thread 28" [_thread_blocked, id=14256, stack(0x000000c97ed00000,0x000000c97ee00000)]
  0x00000299d1d13800 JavaThread "Unconstrained build operations Thread 29" [_thread_blocked, id=8284, stack(0x000000c97ee00000,0x000000c97ef00000)]
  0x00000299d1d14800 JavaThread "Unconstrained build operations Thread 30" [_thread_blocked, id=19804, stack(0x000000c97ef00000,0x000000c97f000000)]
  0x00000299d1d15000 JavaThread "Unconstrained build operations Thread 31" [_thread_blocked, id=21084, stack(0x000000c97f000000,0x000000c97f100000)]
  0x00000299d1d11000 JavaThread "Unconstrained build operations Thread 32" [_thread_blocked, id=7904, stack(0x000000c97f100000,0x000000c97f200000)]
  0x00000299d1d16000 JavaThread "Unconstrained build operations Thread 33" [_thread_blocked, id=7072, stack(0x000000c97f200000,0x000000c97f300000)]
  0x00000299d1d12000 JavaThread "Unconstrained build operations Thread 34" [_thread_blocked, id=9540, stack(0x000000c97f300000,0x000000c97f400000)]
  0x00000299d1d10800 JavaThread "Unconstrained build operations Thread 35" [_thread_blocked, id=18300, stack(0x000000c97f400000,0x000000c97f500000)]
  0x00000299cdff0800 JavaThread "Unconstrained build operations Thread 36" [_thread_blocked, id=8144, stack(0x000000c97f500000,0x000000c97f600000)]
  0x00000299cdff5800 JavaThread "Unconstrained build operations Thread 37" [_thread_blocked, id=9624, stack(0x000000c97f600000,0x000000c97f700000)]
  0x00000299cdff3800 JavaThread "Unconstrained build operations Thread 38" [_thread_blocked, id=3364, stack(0x000000c97f700000,0x000000c97f800000)]
  0x00000299cdff6000 JavaThread "Unconstrained build operations Thread 39" [_thread_blocked, id=16392, stack(0x000000c97f800000,0x000000c97f900000)]
  0x00000299cdff4800 JavaThread "Unconstrained build operations Thread 40" [_thread_in_vm, id=1804, stack(0x000000c97f900000,0x000000c97fa00000)]
  0x00000299cdff7000 JavaThread "Unconstrained build operations Thread 41" [_thread_blocked, id=13856, stack(0x000000c97fa00000,0x000000c97fb00000)]
  0x00000299cdff1000 JavaThread "Unconstrained build operations Thread 42" [_thread_blocked, id=13356, stack(0x000000c97fb00000,0x000000c97fc00000)]
  0x00000299cdff2000 JavaThread "Unconstrained build operations Thread 43" [_thread_blocked, id=19788, stack(0x000000c97fc00000,0x000000c97fd00000)]
  0x00000299cdff7800 JavaThread "Unconstrained build operations Thread 44" [_thread_blocked, id=6460, stack(0x000000c97fd00000,0x000000c97fe00000)]
  0x00000299cdff8800 JavaThread "Unconstrained build operations Thread 45" [_thread_blocked, id=2644, stack(0x000000c97fe00000,0x000000c97ff00000)]
  0x00000299cdff3000 JavaThread "Unconstrained build operations Thread 46" [_thread_blocked, id=11172, stack(0x000000c97ff00000,0x000000c980000000)]
  0x00000299cdffa000 JavaThread "Unconstrained build operations Thread 47" [_thread_blocked, id=1516, stack(0x000000c900000000,0x000000c900100000)]
  0x00000299cdffe800 JavaThread "Unconstrained build operations Thread 48" [_thread_blocked, id=8824, stack(0x000000c900100000,0x000000c900200000)]
  0x00000299cdff9800 JavaThread "Unconstrained build operations Thread 49" [_thread_blocked, id=11108, stack(0x000000c900200000,0x000000c900300000)]
  0x00000299cdffb000 JavaThread "Unconstrained build operations Thread 50" [_thread_blocked, id=10196, stack(0x000000c900300000,0x000000c900400000)]
  0x00000299cdffc000 JavaThread "Unconstrained build operations Thread 51" [_thread_blocked, id=15724, stack(0x000000c900400000,0x000000c900500000)]
  0x00000299cdffc800 JavaThread "Unconstrained build operations Thread 52" [_thread_blocked, id=18160, stack(0x000000c900500000,0x000000c900600000)]
  0x00000299cdffd800 JavaThread "Unconstrained build operations Thread 53" [_thread_blocked, id=13972, stack(0x000000c900600000,0x000000c900700000)]
  0x00000299cdfff000 JavaThread "Unconstrained build operations Thread 54" [_thread_blocked, id=17488, stack(0x000000c900700000,0x000000c900800000)]
  0x00000299d1d43000 JavaThread "Unconstrained build operations Thread 55" [_thread_blocked, id=18072, stack(0x000000c900800000,0x000000c900900000)]
  0x00000299d1d43800 JavaThread "Unconstrained build operations Thread 56" [_thread_blocked, id=8808, stack(0x000000c900900000,0x000000c900a00000)]
  0x00000299d1d47000 JavaThread "Unconstrained build operations Thread 57" [_thread_blocked, id=12712, stack(0x000000c900a00000,0x000000c900b00000)]
  0x00000299d1d42000 JavaThread "Unconstrained build operations Thread 58" [_thread_blocked, id=11216, stack(0x000000c900b00000,0x000000c900c00000)]
  0x00000299d1d44800 JavaThread "Unconstrained build operations Thread 59" [_thread_blocked, id=19536, stack(0x000000c900c00000,0x000000c900d00000)]
  0x00000299d1d46000 JavaThread "Unconstrained build operations Thread 60" [_thread_blocked, id=19012, stack(0x000000c900d00000,0x000000c900e00000)]
  0x00000299d1d45800 JavaThread "Unconstrained build operations Thread 61" [_thread_blocked, id=13204, stack(0x000000c900e00000,0x000000c900f00000)]
  0x00000299d1d41800 JavaThread "Unconstrained build operations Thread 62" [_thread_blocked, id=7872, stack(0x000000c900f00000,0x000000c901000000)]
  0x00000299d1d4a800 JavaThread "Unconstrained build operations Thread 63" [_thread_blocked, id=12848, stack(0x000000c901000000,0x000000c901100000)]
  0x00000299d1d4c800 JavaThread "Unconstrained build operations Thread 64" [_thread_blocked, id=14816, stack(0x000000c901100000,0x000000c901200000)]
  0x00000299d1d4d800 JavaThread "Unconstrained build operations Thread 65" [_thread_blocked, id=21140, stack(0x000000c901200000,0x000000c901300000)]
  0x00000299d1d48000 JavaThread "Unconstrained build operations Thread 66" [_thread_blocked, id=6124, stack(0x000000c901300000,0x000000c901400000)]
  0x00000299d1d4b000 JavaThread "Unconstrained build operations Thread 67" [_thread_blocked, id=20912, stack(0x000000c901400000,0x000000c901500000)]
  0x00000299d1d4c000 JavaThread "Unconstrained build operations Thread 68" [_thread_blocked, id=13828, stack(0x000000c901500000,0x000000c901600000)]
  0x00000299d1d4e800 JavaThread "Unconstrained build operations Thread 69" [_thread_blocked, id=4016, stack(0x000000c901600000,0x000000c901700000)]
  0x00000299d1d48800 JavaThread "Unconstrained build operations Thread 70" [_thread_blocked, id=12708, stack(0x000000c901700000,0x000000c901800000)]
  0x00000299d1d4f000 JavaThread "Unconstrained build operations Thread 71" [_thread_blocked, id=8832, stack(0x000000c901800000,0x000000c901900000)]
  0x00000299d1d49800 JavaThread "Unconstrained build operations Thread 72" [_thread_blocked, id=18692, stack(0x000000c901900000,0x000000c901a00000)]
  0x00000299d1d50000 JavaThread "Unconstrained build operations Thread 73" [_thread_blocked, id=5048, stack(0x000000c901a00000,0x000000c901b00000)]
  0x00000299d08f3000 JavaThread "Unconstrained build operations Thread 74" [_thread_blocked, id=19056, stack(0x000000c901b00000,0x000000c901c00000)]
  0x00000299d08f4000 JavaThread "Unconstrained build operations Thread 75" [_thread_blocked, id=3812, stack(0x000000c901c00000,0x000000c901d00000)]
  0x00000299d08f4800 JavaThread "Unconstrained build operations Thread 76" [_thread_blocked, id=21256, stack(0x000000c901d00000,0x000000c901e00000)]
  0x00000299d08f1800 JavaThread "Unconstrained build operations Thread 77" [_thread_blocked, id=11988, stack(0x000000c901e00000,0x000000c901f00000)]
  0x00000299d08f5800 JavaThread "Unconstrained build operations Thread 78" [_thread_blocked, id=16816, stack(0x000000c901f00000,0x000000c902000000)]
  0x00000299d08ef800 JavaThread "Unconstrained build operations Thread 79" [_thread_blocked, id=21264, stack(0x000000c902000000,0x000000c902100000)]
  0x00000299d08f0800 JavaThread "Unconstrained build operations Thread 80" [_thread_blocked, id=9932, stack(0x000000c902100000,0x000000c902200000)]
  0x00000299d08f6800 JavaThread "jar transforms Thread 4" [_thread_blocked, id=16376, stack(0x000000c902300000,0x000000c902400000)]
  0x00000299d08f7000 JavaThread "jar transforms Thread 5" [_thread_blocked, id=13384, stack(0x000000c902400000,0x000000c902500000)]
  0x00000299d08f8000 JavaThread "jar transforms Thread 6" [_thread_blocked, id=12108, stack(0x000000c902500000,0x000000c902600000)]
  0x00000299d08f2000 JavaThread "jar transforms Thread 7" [_thread_blocked, id=11016, stack(0x000000c902600000,0x000000c902700000)]
  0x00000299d08fb000 JavaThread "jar transforms Thread 8" [_thread_blocked, id=11356, stack(0x000000c902700000,0x000000c902800000)]
  0x00000299d08f9800 JavaThread "Memory manager" [_thread_blocked, id=1284, stack(0x000000c902800000,0x000000c902900000)]
  0x00000299d15d9800 JavaThread "C2 CompilerThread1" daemon [_thread_in_native, id=20156, stack(0x000000c902200000,0x000000c902300000)]
  0x00000299d08fa800 JavaThread "build event listener" [_thread_blocked, id=5320, stack(0x000000c902900000,0x000000c902a00000)]
  0x00000299d08fd800 JavaThread "included builds" [_thread_blocked, id=6288, stack(0x000000c902a00000,0x000000c902b00000)]
  0x00000299d08f8800 JavaThread "Execution worker for ':'" [_thread_blocked, id=7948, stack(0x000000c902b00000,0x000000c902c00000)]
  0x00000299d08fe800 JavaThread "Execution worker for ':' Thread 2" [_thread_blocked, id=14780, stack(0x000000c902c00000,0x000000c902d00000)]
  0x00000299d08fc000 JavaThread "Execution worker for ':' Thread 3" [_thread_blocked, id=8340, stack(0x000000c902d00000,0x000000c902e00000)]
  0x00000299ce62a000 JavaThread "Execution worker for ':' Thread 4" [_thread_blocked, id=8540, stack(0x000000c902e00000,0x000000c902f00000)]
  0x00000299ce627800 JavaThread "Execution worker for ':' Thread 5" [_thread_blocked, id=20096, stack(0x000000c902f00000,0x000000c903000000)]
  0x00000299ce626800 JavaThread "Execution worker for ':' Thread 6" [_thread_blocked, id=10736, stack(0x000000c903000000,0x000000c903100000)]
  0x00000299ce62b800 JavaThread "Execution worker for ':' Thread 7" [_thread_blocked, id=18724, stack(0x000000c903100000,0x000000c903200000)]
  0x00000299ce628800 JavaThread "Cache worker for execution history cache (C:\Users\nilesh\AndroidStudioProjects\Aus\.gradle\7.4\executionHistory)" [_thread_blocked, id=11764, stack(0x000000c903200000,0x000000c903300000)]
  0x00000299ce62b000 JavaThread "WorkerExecutor Queue" [_thread_blocked, id=6032, stack(0x000000c903300000,0x000000c903400000)]

Other Threads:
  0x00000299c9e24800 VMThread "VM Thread" [stack: 0x000000c97a400000,0x000000c97a500000] [id=11228]
  0x00000299ca94e000 WatcherThread [stack: 0x000000c97ae00000,0x000000c97af00000] [id=8172]
  0x00000299af9c2800 GCTaskThread "GC Thread#0" [stack: 0x000000c979f00000,0x000000c97a000000] [id=10180]
  0x00000299cb6e9800 GCTaskThread "GC Thread#1" [stack: 0x000000c97b000000,0x000000c97b100000] [id=2112]
  0x00000299ccd67800 GCTaskThread "GC Thread#2" [stack: 0x000000c97ba00000,0x000000c97bb00000] [id=15572]
  0x00000299cdb8a800 GCTaskThread "GC Thread#3" [stack: 0x000000c97bb00000,0x000000c97bc00000] [id=20876]
  0x00000299ccf33000 GCTaskThread "GC Thread#4" [stack: 0x000000c97bc00000,0x000000c97bd00000] [id=8276]
  0x00000299cc8c9800 GCTaskThread "GC Thread#5" [stack: 0x000000c97bd00000,0x000000c97be00000] [id=7776]
  0x00000299cc8ca000 GCTaskThread "GC Thread#6" [stack: 0x000000c97be00000,0x000000c97bf00000] [id=19952]
  0x00000299cc81e800 GCTaskThread "GC Thread#7" [stack: 0x000000c97bf00000,0x000000c97c000000] [id=7204]
  0x00000299af9f3800 ConcurrentGCThread "G1 Main Marker" [stack: 0x000000c97a000000,0x000000c97a100000] [id=8700]
  0x00000299af9f6000 ConcurrentGCThread "G1 Conc#0" [stack: 0x000000c97a100000,0x000000c97a200000] [id=8936]
  0x00000299ccfbf000 ConcurrentGCThread "G1 Conc#1" [stack: 0x000000c97c300000,0x000000c97c400000] [id=2232]
  0x00000299c9c70800 ConcurrentGCThread "G1 Refine#0" [stack: 0x000000c97a200000,0x000000c97a300000] [id=7572]
  0x00000299c9c73000 ConcurrentGCThread "G1 Young RemSet Sampling" [stack: 0x000000c97a300000,0x000000c97a400000] [id=19372]

Threads with active compile tasks:
C2 CompilerThread0  32657 10998   !   4       org.gradle.internal.classloader.FilteringClassLoader::loadClass (62 bytes)
C1 CompilerThread0  32657 11068       3       com.android.tools.r8.graph.s0::a (13 bytes)
C2 CompilerThread1  32657 11008       4       java.util.Arrays::sort (47 bytes)

VM state:not at safepoint (normal execution)

VM Mutex/Monitor currently owned by a thread: None

OutOfMemory and StackOverflow Exception counts:
OutOfMemoryError java_heap_errors=3
LinkageErrors=122

Heap address: 0x0000000080000000, size: 2048 MB, Compressed Oops mode: 32-bit
Narrow klass base: 0x0000000000000000, Narrow klass shift: 3
Compressed class space size: 1073741824 Address: 0x0000000100000000

Heap:
 garbage-first heap   total 206848K, used 114581K [0x0000000080000000, 0x0000000100000000)
  region size 1024K, 23 young (23552K), 10 survivors (10240K)
 Metaspace       used 93883K, capacity 96150K, committed 96508K, reserved 1132544K
  class space    used 12108K, capacity 12943K, committed 13132K, reserved 1048576K
Heap Regions: E=young(eden), S=young(survivor), O=old, HS=humongous(starts), HC=humongous(continues), CS=collection set, F=free, A=archive, TAMS=top-at-mark-start (previous, next)
|   0|0x0000000080000000, 0x0000000080100000, 0x0000000080100000|100%| O|  |TAMS 0x0000000080100000, 0x0000000080000000| Untracked 
|   1|0x0000000080100000, 0x0000000080200000, 0x0000000080200000|100%| O|  |TAMS 0x0000000080200000, 0x0000000080100000| Untracked 
|   2|0x0000000080200000, 0x0000000080300000, 0x0000000080300000|100%| O|  |TAMS 0x0000000080300000, 0x0000000080200000| Untracked 
|   3|0x0000000080300000, 0x0000000080400000, 0x0000000080400000|100%|HS|  |TAMS 0x0000000080400000, 0x0000000080300000| Complete 
|   4|0x0000000080400000, 0x0000000080500000, 0x0000000080500000|100%|HC|  |TAMS 0x0000000080500000, 0x0000000080400000| Complete 
|   5|0x0000000080500000, 0x0000000080600000, 0x0000000080600000|100%|HC|  |TAMS 0x0000000080600000, 0x0000000080500000| Complete 
|   6|0x0000000080600000, 0x0000000080700000, 0x0000000080700000|100%| O|  |TAMS 0x0000000080700000, 0x0000000080600000| Untracked 
|   7|0x0000000080700000, 0x0000000080800000, 0x0000000080800000|100%| O|  |TAMS 0x0000000080800000, 0x0000000080700000| Untracked 
|   8|0x0000000080800000, 0x0000000080900000, 0x0000000080900000|100%| O|  |TAMS 0x0000000080900000, 0x0000000080800000| Untracked 
|   9|0x0000000080900000, 0x0000000080a00000, 0x0000000080a00000|100%| O|  |TAMS 0x0000000080a00000, 0x0000000080900000| Untracked 
|  10|0x0000000080a00000, 0x0000000080b00000, 0x0000000080b00000|100%| O|  |TAMS 0x0000000080b00000, 0x0000000080a00000| Untracked 
|  11|0x0000000080b00000, 0x0000000080c00000, 0x0000000080c00000|100%| O|  |TAMS 0x0000000080c00000, 0x0000000080b00000| Untracked 
|  12|0x0000000080c00000, 0x0000000080d00000, 0x0000000080d00000|100%| O|  |TAMS 0x0000000080d00000, 0x0000000080c00000| Untracked 
|  13|0x0000000080d00000, 0x0000000080e00000, 0x0000000080e00000|100%| O|  |TAMS 0x0000000080e00000, 0x0000000080d00000| Untracked 
|  14|0x0000000080e00000, 0x0000000080f00000, 0x0000000080f00000|100%| O|  |TAMS 0x0000000080f00000, 0x0000000080e00000| Untracked 
|  15|0x0000000080f00000, 0x0000000081000000, 0x0000000081000000|100%| O|  |TAMS 0x0000000081000000, 0x0000000080f00000| Untracked 
|  16|0x0000000081000000, 0x0000000081100000, 0x0000000081100000|100%| O|  |TAMS 0x0000000081100000, 0x0000000081000000| Untracked 
|  17|0x0000000081100000, 0x0000000081200000, 0x0000000081200000|100%| O|  |TAMS 0x0000000081200000, 0x0000000081100000| Untracked 
|  18|0x0000000081200000, 0x0000000081300000, 0x0000000081300000|100%| O|  |TAMS 0x0000000081300000, 0x0000000081200000| Untracked 
|  19|0x0000000081300000, 0x0000000081400000, 0x0000000081400000|100%| O|  |TAMS 0x0000000081400000, 0x0000000081300000| Untracked 
|  20|0x0000000081400000, 0x0000000081500000, 0x0000000081500000|100%| O|  |TAMS 0x0000000081500000, 0x0000000081400000| Untracked 
|  21|0x0000000081500000, 0x0000000081600000, 0x0000000081600000|100%| O|  |TAMS 0x0000000081600000, 0x0000000081500000| Untracked 
|  22|0x0000000081600000, 0x0000000081700000, 0x0000000081700000|100%| O|  |TAMS 0x0000000081700000, 0x0000000081600000| Untracked 
|  23|0x0000000081700000, 0x0000000081800000, 0x0000000081800000|100%| O|  |TAMS 0x0000000081800000, 0x0000000081700000| Untracked 
|  24|0x0000000081800000, 0x0000000081900000, 0x0000000081900000|100%| O|  |TAMS 0x0000000081900000, 0x0000000081800000| Untracked 
|  25|0x0000000081900000, 0x0000000081a00000, 0x0000000081a00000|100%| O|  |TAMS 0x0000000081a00000, 0x0000000081900000| Untracked 
|  26|0x0000000081a00000, 0x0000000081b00000, 0x0000000081b00000|100%| O|  |TAMS 0x0000000081b00000, 0x0000000081a00000| Untracked 
|  27|0x0000000081b00000, 0x0000000081c00000, 0x0000000081c00000|100%| O|  |TAMS 0x0000000081c00000, 0x0000000081b00000| Untracked 
|  28|0x0000000081c00000, 0x0000000081d00000, 0x0000000081d00000|100%| O|  |TAMS 0x0000000081d00000, 0x0000000081c00000| Untracked 
|  29|0x0000000081d00000, 0x0000000081e00000, 0x0000000081e00000|100%|HS|  |TAMS 0x0000000081e00000, 0x0000000081d00000| Complete 
|  30|0x0000000081e00000, 0x0000000081f00000, 0x0000000081f00000|100%|HS|  |TAMS 0x0000000081f00000, 0x0000000081e00000| Complete 
|  31|0x0000000081f00000, 0x0000000082000000, 0x0000000082000000|100%|HS|  |TAMS 0x0000000082000000, 0x0000000081f00000| Complete 
|  32|0x0000000082000000, 0x0000000082100000, 0x0000000082100000|100%|HS|  |TAMS 0x0000000082100000, 0x0000000082000000| Complete 
|  33|0x0000000082100000, 0x0000000082200000, 0x0000000082200000|100%|HC|  |TAMS 0x0000000082200000, 0x0000000082100000| Complete 
|  34|0x0000000082200000, 0x0000000082300000, 0x0000000082300000|100%|HC|  |TAMS 0x0000000082300000, 0x0000000082200000| Complete 
|  35|0x0000000082300000, 0x0000000082400000, 0x0000000082400000|100%|HC|  |TAMS 0x0000000082400000, 0x0000000082300000| Complete 
|  36|0x0000000082400000, 0x0000000082500000, 0x0000000082500000|100%| O|  |TAMS 0x0000000082500000, 0x0000000082400000| Untracked 
|  37|0x0000000082500000, 0x0000000082600000, 0x0000000082600000|100%|HS|  |TAMS 0x0000000082600000, 0x0000000082500000| Complete 
|  38|0x0000000082600000, 0x0000000082700000, 0x0000000082700000|100%|HC|  |TAMS 0x0000000082700000, 0x0000000082600000| Complete 
|  39|0x0000000082700000, 0x0000000082800000, 0x0000000082800000|100%| O|  |TAMS 0x0000000082800000, 0x0000000082700000| Untracked 
|  40|0x0000000082800000, 0x0000000082900000, 0x0000000082900000|100%| O|  |TAMS 0x0000000082900000, 0x0000000082800000| Untracked 
|  41|0x0000000082900000, 0x0000000082a00000, 0x0000000082a00000|100%| O|  |TAMS 0x0000000082a00000, 0x0000000082900000| Untracked 
|  42|0x0000000082a00000, 0x0000000082b00000, 0x0000000082b00000|100%| O|  |TAMS 0x0000000082b00000, 0x0000000082a00000| Untracked 
|  43|0x0000000082b00000, 0x0000000082c00000, 0x0000000082c00000|100%| O|  |TAMS 0x0000000082c00000, 0x0000000082b00000| Untracked 
|  44|0x0000000082c00000, 0x0000000082d00000, 0x0000000082d00000|100%| O|  |TAMS 0x0000000082d00000, 0x0000000082c00000| Untracked 
|  45|0x0000000082d00000, 0x0000000082e00000, 0x0000000082e00000|100%| O|  |TAMS 0x0000000082e00000, 0x0000000082d00000| Untracked 
|  46|0x0000000082e00000, 0x0000000082f00000, 0x0000000082f00000|100%| O|  |TAMS 0x0000000082f00000, 0x0000000082e00000| Untracked 
|  47|0x0000000082f00000, 0x0000000083000000, 0x0000000083000000|100%| O|  |TAMS 0x0000000083000000, 0x0000000082f00000| Untracked 
|  48|0x0000000083000000, 0x0000000083100000, 0x0000000083100000|100%| O|  |TAMS 0x0000000083100000, 0x0000000083000000| Untracked 
|  49|0x0000000083100000, 0x0000000083200000, 0x0000000083200000|100%| O|  |TAMS 0x0000000083200000, 0x0000000083100000| Untracked 
|  50|0x0000000083200000, 0x0000000083300000, 0x0000000083300000|100%| O|  |TAMS 0x0000000083300000, 0x0000000083200000| Untracked 
|  51|0x0000000083300000, 0x0000000083400000, 0x0000000083400000|100%| O|  |TAMS 0x0000000083400000, 0x0000000083300000| Untracked 
|  52|0x0000000083400000, 0x0000000083500000, 0x0000000083500000|100%| O|  |TAMS 0x0000000083500000, 0x0000000083400000| Untracked 
|  53|0x0000000083500000, 0x0000000083600000, 0x0000000083600000|100%| O|  |TAMS 0x0000000083600000, 0x0000000083500000| Untracked 
|  54|0x0000000083600000, 0x0000000083700000, 0x0000000083700000|100%| O|  |TAMS 0x0000000083700000, 0x0000000083600000| Untracked 
|  55|0x0000000083700000, 0x0000000083800000, 0x0000000083800000|100%| O|  |TAMS 0x0000000083800000, 0x0000000083700000| Untracked 
|  56|0x0000000083800000, 0x0000000083900000, 0x0000000083900000|100%| O|  |TAMS 0x0000000083900000, 0x0000000083800000| Untracked 
|  57|0x0000000083900000, 0x0000000083a00000, 0x0000000083a00000|100%| O|  |TAMS 0x0000000083a00000, 0x0000000083900000| Untracked 
|  58|0x0000000083a00000, 0x0000000083b00000, 0x0000000083b00000|100%| O|  |TAMS 0x0000000083b00000, 0x0000000083a00000| Untracked 
|  59|0x0000000083b00000, 0x0000000083c00000, 0x0000000083c00000|100%| O|  |TAMS 0x0000000083c00000, 0x0000000083b00000| Untracked 
|  60|0x0000000083c00000, 0x0000000083d00000, 0x0000000083d00000|100%| O|  |TAMS 0x0000000083d00000, 0x0000000083c00000| Untracked 
|  61|0x0000000083d00000, 0x0000000083e00000, 0x0000000083e00000|100%| O|  |TAMS 0x0000000083e00000, 0x0000000083d00000| Untracked 
|  62|0x0000000083e00000, 0x0000000083f00000, 0x0000000083f00000|100%| O|  |TAMS 0x0000000083f00000, 0x0000000083e00000| Untracked 
|  63|0x0000000083f00000, 0x0000000084000000, 0x0000000084000000|100%| O|  |TAMS 0x0000000084000000, 0x0000000083f00000| Untracked 
|  64|0x0000000084000000, 0x0000000084100000, 0x0000000084100000|100%| O|  |TAMS 0x0000000084100000, 0x0000000084000000| Untracked 
|  65|0x0000000084100000, 0x0000000084200000, 0x0000000084200000|100%| O|  |TAMS 0x0000000084200000, 0x0000000084100000| Untracked 
|  66|0x0000000084200000, 0x0000000084300000, 0x0000000084300000|100%| O|  |TAMS 0x0000000084300000, 0x0000000084200000| Untracked 
|  67|0x0000000084300000, 0x0000000084400000, 0x0000000084400000|100%| O|  |TAMS 0x0000000084400000, 0x0000000084300000| Untracked 
|  68|0x0000000084400000, 0x0000000084500000, 0x0000000084500000|100%| O|  |TAMS 0x0000000084500000, 0x0000000084400000| Untracked 
|  69|0x0000000084500000, 0x0000000084600000, 0x0000000084600000|100%| O|  |TAMS 0x0000000084600000, 0x0000000084500000| Untracked 
|  70|0x0000000084600000, 0x0000000084700000, 0x0000000084700000|100%| O|  |TAMS 0x0000000084700000, 0x0000000084600000| Untracked 
|  71|0x0000000084700000, 0x0000000084800000, 0x0000000084800000|100%| O|  |TAMS 0x0000000084800000, 0x0000000084700000| Untracked 
|  72|0x0000000084800000, 0x0000000084900000, 0x0000000084900000|100%| O|  |TAMS 0x0000000084900000, 0x0000000084800000| Untracked 
|  73|0x0000000084900000, 0x0000000084a00000, 0x0000000084a00000|100%| O|  |TAMS 0x0000000084a00000, 0x0000000084900000| Untracked 
|  74|0x0000000084a00000, 0x0000000084b00000, 0x0000000084b00000|100%| O|  |TAMS 0x0000000084b00000, 0x0000000084a00000| Untracked 
|  75|0x0000000084b00000, 0x0000000084c00000, 0x0000000084c00000|100%| O|  |TAMS 0x0000000084c00000, 0x0000000084b00000| Untracked 
|  76|0x0000000084c00000, 0x0000000084d00000, 0x0000000084d00000|100%| O|  |TAMS 0x0000000084d00000, 0x0000000084c00000| Untracked 
|  77|0x0000000084d00000, 0x0000000084e00000, 0x0000000084e00000|100%| O|  |TAMS 0x0000000084e00000, 0x0000000084d00000| Untracked 
|  78|0x0000000084e00000, 0x0000000084f00000, 0x0000000084f00000|100%| O|  |TAMS 0x0000000084f00000, 0x0000000084e00000| Untracked 
|  79|0x0000000084f00000, 0x0000000085000000, 0x0000000085000000|100%| O|  |TAMS 0x0000000085000000, 0x0000000084f00000| Untracked 
|  80|0x0000000085000000, 0x0000000085100000, 0x0000000085100000|100%| O|  |TAMS 0x00000000850f1600, 0x0000000085000000| Untracked 
|  81|0x0000000085100000, 0x0000000085200000, 0x0000000085200000|100%| O|  |TAMS 0x0000000085100000, 0x0000000085100000| Untracked 
|  82|0x0000000085200000, 0x0000000085300000, 0x0000000085300000|100%| O|  |TAMS 0x0000000085200000, 0x0000000085200000| Untracked 
|  83|0x0000000085300000, 0x0000000085400000, 0x0000000085400000|100%| O|  |TAMS 0x0000000085300000, 0x0000000085300000| Untracked 
|  84|0x0000000085400000, 0x0000000085500000, 0x0000000085500000|100%| O|  |TAMS 0x0000000085400000, 0x0000000085400000| Untracked 
|  85|0x0000000085500000, 0x0000000085600000, 0x0000000085600000|100%| O|  |TAMS 0x0000000085500000, 0x0000000085500000| Untracked 
|  86|0x0000000085600000, 0x0000000085700000, 0x0000000085700000|100%| O|  |TAMS 0x0000000085600000, 0x0000000085600000| Untracked 
|  87|0x0000000085700000, 0x0000000085800000, 0x0000000085800000|100%| O|  |TAMS 0x0000000085700000, 0x0000000085700000| Untracked 
|  88|0x0000000085800000, 0x0000000085900000, 0x0000000085900000|100%| O|  |TAMS 0x0000000085800000, 0x0000000085800000| Untracked 
|  89|0x0000000085900000, 0x0000000085a00000, 0x0000000085a00000|100%| O|  |TAMS 0x0000000085900000, 0x0000000085900000| Untracked 
|  90|0x0000000085a00000, 0x0000000085ae5400, 0x0000000085b00000| 89%| O|  |TAMS 0x0000000085a00000, 0x0000000085a00000| Untracked 
|  91|0x0000000085b00000, 0x0000000085b00000, 0x0000000085c00000|  0%| F|  |TAMS 0x0000000085b00000, 0x0000000085b00000| Untracked 
|  92|0x0000000085c00000, 0x0000000085c00000, 0x0000000085d00000|  0%| F|  |TAMS 0x0000000085c00000, 0x0000000085c00000| Untracked 
|  93|0x0000000085d00000, 0x0000000085d00000, 0x0000000085e00000|  0%| F|  |TAMS 0x0000000085d00000, 0x0000000085d00000| Untracked 
|  94|0x0000000085e00000, 0x0000000085e00000, 0x0000000085f00000|  0%| F|  |TAMS 0x0000000085e00000, 0x0000000085e00000| Untracked 
|  95|0x0000000085f00000, 0x0000000085f00000, 0x0000000086000000|  0%| F|  |TAMS 0x0000000085f00000, 0x0000000085f00000| Untracked 
|  96|0x0000000086000000, 0x0000000086000000, 0x0000000086100000|  0%| F|  |TAMS 0x0000000086000000, 0x0000000086000000| Untracked 
|  97|0x0000000086100000, 0x0000000086100000, 0x0000000086200000|  0%| F|  |TAMS 0x0000000086100000, 0x0000000086100000| Untracked 
|  98|0x0000000086200000, 0x0000000086200000, 0x0000000086300000|  0%| F|  |TAMS 0x0000000086200000, 0x0000000086200000| Untracked 
|  99|0x0000000086300000, 0x0000000086300000, 0x0000000086400000|  0%| F|  |TAMS 0x0000000086300000, 0x0000000086300000| Untracked 
| 100|0x0000000086400000, 0x0000000086400000, 0x0000000086500000|  0%| F|  |TAMS 0x0000000086400000, 0x0000000086400000| Untracked 
| 101|0x0000000086500000, 0x0000000086500000, 0x0000000086600000|  0%| F|  |TAMS 0x0000000086500000, 0x0000000086500000| Untracked 
| 102|0x0000000086600000, 0x0000000086600000, 0x0000000086700000|  0%| F|  |TAMS 0x0000000086600000, 0x0000000086600000| Untracked 
| 103|0x0000000086700000, 0x0000000086700000, 0x0000000086800000|  0%| F|  |TAMS 0x0000000086700000, 0x0000000086700000| Untracked 
| 104|0x0000000086800000, 0x0000000086800000, 0x0000000086900000|  0%| F|  |TAMS 0x0000000086800000, 0x0000000086800000| Untracked 
| 105|0x0000000086900000, 0x0000000086900000, 0x0000000086a00000|  0%| F|  |TAMS 0x0000000086900000, 0x0000000086900000| Untracked 
| 106|0x0000000086a00000, 0x0000000086a00000, 0x0000000086b00000|  0%| F|  |TAMS 0x0000000086a00000, 0x0000000086a00000| Untracked 
| 107|0x0000000086b00000, 0x0000000086b00000, 0x0000000086c00000|  0%| F|  |TAMS 0x0000000086b00000, 0x0000000086b00000| Untracked 
| 108|0x0000000086c00000, 0x0000000086c00000, 0x0000000086d00000|  0%| F|  |TAMS 0x0000000086c00000, 0x0000000086c00000| Untracked 
| 109|0x0000000086d00000, 0x0000000086d00000, 0x0000000086e00000|  0%| F|  |TAMS 0x0000000086d00000, 0x0000000086d00000| Untracked 
| 110|0x0000000086e00000, 0x0000000086e00000, 0x0000000086f00000|  0%| F|  |TAMS 0x0000000086e00000, 0x0000000086e00000| Untracked 
| 111|0x0000000086f00000, 0x0000000086f00000, 0x0000000087000000|  0%| F|  |TAMS 0x0000000086f00000, 0x0000000086f00000| Untracked 
| 112|0x0000000087000000, 0x0000000087000000, 0x0000000087100000|  0%| F|  |TAMS 0x0000000087000000, 0x0000000087000000| Untracked 
| 113|0x0000000087100000, 0x0000000087200000, 0x0000000087200000|100%| S|CS|TAMS 0x0000000087100000, 0x0000000087100000| Complete 
| 114|0x0000000087200000, 0x0000000087300000, 0x0000000087300000|100%| S|CS|TAMS 0x0000000087200000, 0x0000000087200000| Complete 
| 115|0x0000000087300000, 0x0000000087400000, 0x0000000087400000|100%| S|CS|TAMS 0x0000000087300000, 0x0000000087300000| Complete 
| 116|0x0000000087400000, 0x0000000087500000, 0x0000000087500000|100%| S|CS|TAMS 0x0000000087400000, 0x0000000087400000| Complete 
| 117|0x0000000087500000, 0x0000000087600000, 0x0000000087600000|100%| S|CS|TAMS 0x0000000087500000, 0x0000000087500000| Complete 
| 118|0x0000000087600000, 0x0000000087700000, 0x0000000087700000|100%| S|CS|TAMS 0x0000000087600000, 0x0000000087600000| Complete 
| 119|0x0000000087700000, 0x0000000087800000, 0x0000000087800000|100%| S|CS|TAMS 0x0000000087700000, 0x0000000087700000| Complete 
| 120|0x0000000087800000, 0x0000000087900000, 0x0000000087900000|100%| S|CS|TAMS 0x0000000087800000, 0x0000000087800000| Complete 
| 121|0x0000000087900000, 0x0000000087a00000, 0x0000000087a00000|100%| S|CS|TAMS 0x0000000087900000, 0x0000000087900000| Complete 
| 122|0x0000000087a00000, 0x0000000087b00000, 0x0000000087b00000|100%| S|CS|TAMS 0x0000000087a00000, 0x0000000087a00000| Complete 
| 123|0x0000000087b00000, 0x0000000087b00000, 0x0000000087c00000|  0%| F|  |TAMS 0x0000000087b00000, 0x0000000087b00000| Untracked 
| 124|0x0000000087c00000, 0x0000000087c00000, 0x0000000087d00000|  0%| F|  |TAMS 0x0000000087c00000, 0x0000000087c00000| Untracked 
| 125|0x0000000087d00000, 0x0000000087d00000, 0x0000000087e00000|  0%| F|  |TAMS 0x0000000087d00000, 0x0000000087d00000| Untracked 
| 126|0x0000000087e00000, 0x0000000087e00000, 0x0000000087f00000|  0%| F|  |TAMS 0x0000000087e00000, 0x0000000087e00000| Untracked 
| 127|0x0000000087f00000, 0x0000000087f00000, 0x0000000088000000|  0%| F|  |TAMS 0x0000000087f00000, 0x0000000087f00000| Untracked 
| 128|0x0000000088000000, 0x0000000088000000, 0x0000000088100000|  0%| F|  |TAMS 0x0000000088000000, 0x0000000088000000| Untracked 
| 129|0x0000000088100000, 0x0000000088100000, 0x0000000088200000|  0%| F|  |TAMS 0x0000000088100000, 0x0000000088100000| Untracked 
| 130|0x0000000088200000, 0x0000000088200000, 0x0000000088300000|  0%| F|  |TAMS 0x0000000088200000, 0x0000000088200000| Untracked 
| 131|0x0000000088300000, 0x0000000088300000, 0x0000000088400000|  0%| F|  |TAMS 0x0000000088300000, 0x0000000088300000| Untracked 
| 132|0x0000000088400000, 0x0000000088400000, 0x0000000088500000|  0%| F|  |TAMS 0x0000000088400000, 0x0000000088400000| Untracked 
| 133|0x0000000088500000, 0x0000000088500000, 0x0000000088600000|  0%| F|  |TAMS 0x0000000088500000, 0x0000000088500000| Untracked 
| 134|0x0000000088600000, 0x0000000088600000, 0x0000000088700000|  0%| F|  |TAMS 0x0000000088600000, 0x0000000088600000| Untracked 
| 135|0x0000000088700000, 0x0000000088700000, 0x0000000088800000|  0%| F|  |TAMS 0x0000000088700000, 0x0000000088700000| Untracked 
| 136|0x0000000088800000, 0x0000000088800000, 0x0000000088900000|  0%| F|  |TAMS 0x0000000088800000, 0x0000000088800000| Untracked 
| 137|0x0000000088900000, 0x0000000088900000, 0x0000000088a00000|  0%| F|  |TAMS 0x0000000088900000, 0x0000000088900000| Untracked 
| 138|0x0000000088a00000, 0x0000000088a00000, 0x0000000088b00000|  0%| F|  |TAMS 0x0000000088a00000, 0x0000000088a00000| Untracked 
| 139|0x0000000088b00000, 0x0000000088b00000, 0x0000000088c00000|  0%| F|  |TAMS 0x0000000088b00000, 0x0000000088b00000| Untracked 
| 140|0x0000000088c00000, 0x0000000088c00000, 0x0000000088d00000|  0%| F|  |TAMS 0x0000000088c00000, 0x0000000088c00000| Untracked 
| 141|0x0000000088d00000, 0x0000000088d00000, 0x0000000088e00000|  0%| F|  |TAMS 0x0000000088d00000, 0x0000000088d00000| Untracked 
| 142|0x0000000088e00000, 0x0000000088e00000, 0x0000000088f00000|  0%| F|  |TAMS 0x0000000088e00000, 0x0000000088e00000| Untracked 
| 143|0x0000000088f00000, 0x0000000088f00000, 0x0000000089000000|  0%| F|  |TAMS 0x0000000088f00000, 0x0000000088f00000| Untracked 
| 144|0x0000000089000000, 0x0000000089000000, 0x0000000089100000|  0%| F|  |TAMS 0x0000000089000000, 0x0000000089000000| Untracked 
| 145|0x0000000089100000, 0x0000000089100000, 0x0000000089200000|  0%| F|  |TAMS 0x0000000089100000, 0x0000000089100000| Untracked 
| 146|0x0000000089200000, 0x0000000089200000, 0x0000000089300000|  0%| F|  |TAMS 0x0000000089200000, 0x0000000089200000| Untracked 
| 147|0x0000000089300000, 0x0000000089300000, 0x0000000089400000|  0%| F|  |TAMS 0x0000000089300000, 0x0000000089300000| Untracked 
| 148|0x0000000089400000, 0x0000000089400000, 0x0000000089500000|  0%| F|  |TAMS 0x0000000089400000, 0x0000000089400000| Untracked 
| 149|0x0000000089500000, 0x0000000089500000, 0x0000000089600000|  0%| F|  |TAMS 0x0000000089500000, 0x0000000089500000| Untracked 
| 150|0x0000000089600000, 0x0000000089600000, 0x0000000089700000|  0%| F|  |TAMS 0x0000000089600000, 0x0000000089600000| Untracked 
| 151|0x0000000089700000, 0x0000000089700000, 0x0000000089800000|  0%| F|  |TAMS 0x0000000089700000, 0x0000000089700000| Untracked 
| 152|0x0000000089800000, 0x0000000089800000, 0x0000000089900000|  0%| F|  |TAMS 0x0000000089800000, 0x0000000089800000| Untracked 
| 153|0x0000000089900000, 0x0000000089900000, 0x0000000089a00000|  0%| F|  |TAMS 0x0000000089900000, 0x0000000089900000| Untracked 
| 154|0x0000000089a00000, 0x0000000089a00000, 0x0000000089b00000|  0%| F|  |TAMS 0x0000000089a00000, 0x0000000089a00000| Untracked 
| 155|0x0000000089b00000, 0x0000000089b00000, 0x0000000089c00000|  0%| F|  |TAMS 0x0000000089b00000, 0x0000000089b00000| Untracked 
| 156|0x0000000089c00000, 0x0000000089c00000, 0x0000000089d00000|  0%| F|  |TAMS 0x0000000089c00000, 0x0000000089c00000| Untracked 
| 157|0x0000000089d00000, 0x0000000089d00000, 0x0000000089e00000|  0%| F|  |TAMS 0x0000000089d00000, 0x0000000089d00000| Untracked 
| 158|0x0000000089e00000, 0x0000000089e00000, 0x0000000089f00000|  0%| F|  |TAMS 0x0000000089e00000, 0x0000000089e00000| Untracked 
| 159|0x0000000089f00000, 0x0000000089f00000, 0x000000008a000000|  0%| F|  |TAMS 0x0000000089f00000, 0x0000000089f00000| Untracked 
| 160|0x000000008a000000, 0x000000008a000000, 0x000000008a100000|  0%| F|  |TAMS 0x000000008a000000, 0x000000008a000000| Untracked 
| 161|0x000000008a100000, 0x000000008a100000, 0x000000008a200000|  0%| F|  |TAMS 0x000000008a100000, 0x000000008a100000| Untracked 
| 162|0x000000008a200000, 0x000000008a200000, 0x000000008a300000|  0%| F|  |TAMS 0x000000008a200000, 0x000000008a200000| Untracked 
| 163|0x000000008a300000, 0x000000008a300000, 0x000000008a400000|  0%| F|  |TAMS 0x000000008a300000, 0x000000008a300000| Untracked 
| 164|0x000000008a400000, 0x000000008a400000, 0x000000008a500000|  0%| F|  |TAMS 0x000000008a400000, 0x000000008a400000| Untracked 
| 165|0x000000008a500000, 0x000000008a500000, 0x000000008a600000|  0%| F|  |TAMS 0x000000008a500000, 0x000000008a500000| Untracked 
| 166|0x000000008a600000, 0x000000008a600000, 0x000000008a700000|  0%| F|  |TAMS 0x000000008a600000, 0x000000008a600000| Untracked 
| 167|0x000000008a700000, 0x000000008a700000, 0x000000008a800000|  0%| F|  |TAMS 0x000000008a700000, 0x000000008a700000| Untracked 
| 168|0x000000008a800000, 0x000000008a800000, 0x000000008a900000|  0%| F|  |TAMS 0x000000008a800000, 0x000000008a800000| Untracked 
| 169|0x000000008a900000, 0x000000008a900000, 0x000000008aa00000|  0%| F|  |TAMS 0x000000008a900000, 0x000000008a900000| Untracked 
| 170|0x000000008aa00000, 0x000000008aa00000, 0x000000008ab00000|  0%| F|  |TAMS 0x000000008aa00000, 0x000000008aa00000| Untracked 
| 171|0x000000008ab00000, 0x000000008ab00000, 0x000000008ac00000|  0%| F|  |TAMS 0x000000008ab00000, 0x000000008ab00000| Untracked 
| 172|0x000000008ac00000, 0x000000008ac00000, 0x000000008ad00000|  0%| F|  |TAMS 0x000000008ac00000, 0x000000008ac00000| Untracked 
| 173|0x000000008ad00000, 0x000000008ad00000, 0x000000008ae00000|  0%| F|  |TAMS 0x000000008ad00000, 0x000000008ad00000| Untracked 
| 174|0x000000008ae00000, 0x000000008ae00000, 0x000000008af00000|  0%| F|  |TAMS 0x000000008ae00000, 0x000000008ae00000| Untracked 
| 175|0x000000008af00000, 0x000000008af00000, 0x000000008b000000|  0%| F|  |TAMS 0x000000008af00000, 0x000000008af00000| Untracked 
| 176|0x000000008b000000, 0x000000008b000000, 0x000000008b100000|  0%| F|  |TAMS 0x000000008b000000, 0x000000008b000000| Untracked 
| 177|0x000000008b100000, 0x000000008b100000, 0x000000008b200000|  0%| F|  |TAMS 0x000000008b100000, 0x000000008b100000| Untracked 
| 178|0x000000008b200000, 0x000000008b200000, 0x000000008b300000|  0%| F|  |TAMS 0x000000008b200000, 0x000000008b200000| Untracked 
| 179|0x000000008b300000, 0x000000008b300000, 0x000000008b400000|  0%| F|  |TAMS 0x000000008b300000, 0x000000008b300000| Untracked 
| 180|0x000000008b400000, 0x000000008b400000, 0x000000008b500000|  0%| F|  |TAMS 0x000000008b400000, 0x000000008b400000| Untracked 
| 181|0x000000008b500000, 0x000000008b500000, 0x000000008b600000|  0%| F|  |TAMS 0x000000008b500000, 0x000000008b500000| Untracked 
| 182|0x000000008b600000, 0x000000008b600000, 0x000000008b700000|  0%| F|  |TAMS 0x000000008b600000, 0x000000008b600000| Untracked 
| 183|0x000000008b700000, 0x000000008b700000, 0x000000008b800000|  0%| F|  |TAMS 0x000000008b700000, 0x000000008b700000| Untracked 
| 184|0x000000008b800000, 0x000000008b800000, 0x000000008b900000|  0%| F|  |TAMS 0x000000008b800000, 0x000000008b800000| Untracked 
| 185|0x000000008b900000, 0x000000008b900000, 0x000000008ba00000|  0%| F|  |TAMS 0x000000008b900000, 0x000000008b900000| Untracked 
| 186|0x000000008ba00000, 0x000000008ba00000, 0x000000008bb00000|  0%| F|  |TAMS 0x000000008ba00000, 0x000000008ba00000| Untracked 
| 187|0x000000008bb00000, 0x000000008bb00000, 0x000000008bc00000|  0%| F|  |TAMS 0x000000008bb00000, 0x000000008bb00000| Untracked 
| 188|0x000000008bc00000, 0x000000008bc3ea68, 0x000000008bd00000| 24%| E|  |TAMS 0x000000008bc00000, 0x000000008bc00000| Complete 
| 189|0x000000008bd00000, 0x000000008be00000, 0x000000008be00000|100%| E|CS|TAMS 0x000000008bd00000, 0x000000008bd00000| Complete 
| 190|0x000000008be00000, 0x000000008bf00000, 0x000000008bf00000|100%| E|CS|TAMS 0x000000008be00000, 0x000000008be00000| Complete 
| 191|0x000000008bf00000, 0x000000008c000000, 0x000000008c000000|100%| E|CS|TAMS 0x000000008bf00000, 0x000000008bf00000| Complete 
| 192|0x000000008c000000, 0x000000008c100000, 0x000000008c100000|100%| E|CS|TAMS 0x000000008c000000, 0x000000008c000000| Complete 
| 193|0x000000008c100000, 0x000000008c200000, 0x000000008c200000|100%| E|CS|TAMS 0x000000008c100000, 0x000000008c100000| Complete 
| 194|0x000000008c200000, 0x000000008c300000, 0x000000008c300000|100%| E|CS|TAMS 0x000000008c200000, 0x000000008c200000| Complete 
| 195|0x000000008c300000, 0x000000008c400000, 0x000000008c400000|100%| E|CS|TAMS 0x000000008c300000, 0x000000008c300000| Complete 
| 196|0x000000008c400000, 0x000000008c500000, 0x000000008c500000|100%| E|  |TAMS 0x000000008c400000, 0x000000008c400000| Complete 
| 197|0x000000008c500000, 0x000000008c600000, 0x000000008c600000|100%| E|CS|TAMS 0x000000008c500000, 0x000000008c500000| Complete 
| 198|0x000000008c600000, 0x000000008c700000, 0x000000008c700000|100%| E|CS|TAMS 0x000000008c600000, 0x000000008c600000| Complete 
| 199|0x000000008c700000, 0x000000008c800000, 0x000000008c800000|100%| E|CS|TAMS 0x000000008c700000, 0x000000008c700000| Complete 
| 200|0x000000008c800000, 0x000000008c900000, 0x000000008c900000|100%| E|CS|TAMS 0x000000008c800000, 0x000000008c800000| Complete 
| 201|0x000000008c900000, 0x000000008ca00000, 0x000000008ca00000|100%| E|CS|TAMS 0x000000008c900000, 0x000000008c900000| Complete 

Card table byte_map: [0x00000299c2bf0000,0x00000299c2ff0000] _byte_map_base: 0x00000299c27f0000

Marking Bits (Prev, Next): (CMBitMap*) 0x00000299af9eaec0, (CMBitMap*) 0x00000299af9eae88
 Prev Bits: [0x00000299c53f0000, 0x00000299c73f0000)
 Next Bits: [0x00000299c33f0000, 0x00000299c53f0000)

Polling page: 0x00000299ad940000

Metaspace:

Usage:
  Non-class:     81.26 MB capacity,    79.87 MB ( 98%) used,     1.13 MB (  1%) free+waste,   264.88 KB ( <1%) overhead. 
      Class:     12.67 MB capacity,    11.83 MB ( 93%) used,   742.63 KB (  6%) free+waste,   118.50 KB ( <1%) overhead. 
       Both:     93.93 MB capacity,    91.70 MB ( 98%) used,     1.85 MB (  2%) free+waste,   383.38 KB ( <1%) overhead. 

Virtual space:
  Non-class space:       82.00 MB reserved,      81.42 MB (>99%) committed 
      Class space:        1.00 GB reserved,      12.82 MB (  1%) committed 
             Both:        1.08 GB reserved,      94.25 MB (  9%) committed 

Chunk freelists:
   Non-Class:  105.00 KB
       Class:  81.00 KB
        Both:  186.00 KB

MaxMetaspaceSize: 17179869184.00 GB
CompressedClassSpaceSize: 1.00 GB
Initial GC threshold: 20.80 MB
Current GC threshold: 149.37 MB
CDS: off

CodeHeap 'non-profiled nmethods': size=120000Kb used=6707Kb max_used=6707Kb free=113292Kb
 bounds [0x00000299baf90000, 0x00000299bb620000, 0x00000299c24c0000]
CodeHeap 'profiled nmethods': size=120000Kb used=24096Kb max_used=24096Kb free=95904Kb
 bounds [0x00000299b3a60000, 0x00000299b51f0000, 0x00000299baf90000]
CodeHeap 'non-nmethods': size=5760Kb used=2379Kb max_used=2423Kb free=3380Kb
 bounds [0x00000299b34c0000, 0x00000299b3730000, 0x00000299b3a60000]
 total_blobs=11831 nmethods=10930 adapters=813
 compilation: enabled
              stopped_count=0, restarted_count=0
 full_count=0

Compilation events (20 events):
Event: 32.577 Thread 0x00000299c9e48000 11028       3       com.android.tools.r8.graph.b1::H0 (21 bytes)
Event: 32.577 Thread 0x00000299c9e48000 nmethod 11028 0x00000299b51c3210 code [0x00000299b51c33c0, 0x00000299b51c3558]
Event: 32.577 Thread 0x00000299c9e48000 11034 % !   3       java.util.concurrent.ConcurrentHashMap::transfer @ 96 (828 bytes)
Event: 32.587 Thread 0x00000299c9e48000 nmethod 11034% 0x00000299b51c3690 code [0x00000299b51c3b20, 0x00000299b51c6ff8]
Event: 32.587 Thread 0x00000299c9e48000 11031       3       com.android.tools.r8.graph.b1::F0 (21 bytes)
Event: 32.587 Thread 0x00000299c9e48000 nmethod 11031 0x00000299b51c8910 code [0x00000299b51c8ac0, 0x00000299b51c8c58]
Event: 32.587 Thread 0x00000299c9e48000 11030       3       com.android.tools.r8.graph.s0::d (130 bytes)
Event: 32.588 Thread 0x00000299c9e48000 nmethod 11030 0x00000299b51c8d90 code [0x00000299b51c8f80, 0x00000299b51c9368]
Event: 32.588 Thread 0x00000299c9e48000 11029       3       com.android.tools.r8.graph.Y0::<init> (5 bytes)
Event: 32.589 Thread 0x00000299c9e48000 nmethod 11029 0x00000299b51c9510 code [0x00000299b51c96e0, 0x00000299b51c9958]
Event: 32.589 Thread 0x00000299c9e48000 11032       3       com.android.tools.r8.graph.b1::<init> (59 bytes)
Event: 32.589 Thread 0x00000299c9e48000 nmethod 11032 0x00000299b51c9a90 code [0x00000299b51c9c60, 0x00000299b51c9ff8]
Event: 32.589 Thread 0x00000299c9e48000 11033       3       com.android.tools.r8.graph.s0::b (44 bytes)
Event: 32.590 Thread 0x00000299c9e48000 nmethod 11033 0x00000299b51ca190 code [0x00000299b51ca3a0, 0x00000299b51ca8c8]
Event: 32.593 Thread 0x00000299c9e48000 11037       3       java.util.HashMap$EntrySet::size (8 bytes)
Event: 32.594 Thread 0x00000299c9e48000 nmethod 11037 0x00000299b51cab90 code [0x00000299b51cad40, 0x00000299b51cae58]
Event: 32.599 Thread 0x00000299c9e48000 11038   !   3       com.sun.proxy.$Proxy0::onOutput (34 bytes)
Event: 32.600 Thread 0x00000299c9e48000 nmethod 11038 0x00000299b51caf10 code [0x00000299b51cb100, 0x00000299b51cb5f8]
Event: 32.600 Thread 0x00000299c9e48000 11039       3       org.gradle.internal.file.FileHierarchySet$Node::isChildOfOrThis (110 bytes)
Event: 32.603 Thread 0x00000299c9e48000 nmethod 11039 0x00000299b51cb810 code [0x00000299b51cbb40, 0x00000299b51cd0b8]

GC Heap History (20 events):
Event: 21.131 GC heap before
{Heap before GC invocations=23 (full 0):
 garbage-first heap   total 143360K, used 107536K [0x0000000080000000, 0x0000000100000000)
  region size 1024K, 47 young (48128K), 6 survivors (6144K)
 Metaspace       used 69676K, capacity 71346K, committed 71676K, reserved 1112064K
  class space    used 8795K, capacity 9409K, committed 9548K, reserved 1048576K
}
Event: 21.144 GC heap after
{Heap after GC invocations=24 (full 0):
 garbage-first heap   total 143360K, used 68435K [0x0000000080000000, 0x0000000100000000)
  region size 1024K, 6 young (6144K), 6 survivors (6144K)
 Metaspace       used 69676K, capacity 71346K, committed 71676K, reserved 1112064K
  class space    used 8795K, capacity 9409K, committed 9548K, reserved 1048576K
}
Event: 22.595 GC heap before
{Heap before GC invocations=24 (full 0):
 garbage-first heap   total 143360K, used 110419K [0x0000000080000000, 0x0000000100000000)
  region size 1024K, 47 young (48128K), 6 survivors (6144K)
 Metaspace       used 74315K, capacity 75944K, committed 76156K, reserved 1116160K
  class space    used 9561K, capacity 10165K, committed 10188K, reserved 1048576K
}
Event: 22.607 GC heap after
{Heap after GC invocations=25 (full 0):
 garbage-first heap   total 143360K, used 70945K [0x0000000080000000, 0x0000000100000000)
  region size 1024K, 6 young (6144K), 6 survivors (6144K)
 Metaspace       used 74315K, capacity 75944K, committed 76156K, reserved 1116160K
  class space    used 9561K, capacity 10165K, committed 10188K, reserved 1048576K
}
Event: 23.144 GC heap before
{Heap before GC invocations=25 (full 0):
 garbage-first heap   total 143360K, used 112929K [0x0000000080000000, 0x0000000100000000)
  region size 1024K, 47 young (48128K), 6 survivors (6144K)
 Metaspace       used 75045K, capacity 76865K, committed 77180K, reserved 1116160K
  class space    used 9680K, capacity 10321K, committed 10444K, reserved 1048576K
}
Event: 23.164 GC heap after
{Heap after GC invocations=26 (full 0):
 garbage-first heap   total 143360K, used 74126K [0x0000000080000000, 0x0000000100000000)
  region size 1024K, 6 young (6144K), 6 survivors (6144K)
 Metaspace       used 75045K, capacity 76865K, committed 77180K, reserved 1116160K
  class space    used 9680K, capacity 10321K, committed 10444K, reserved 1048576K
}
Event: 24.387 GC heap before
{Heap before GC invocations=27 (full 0):
 garbage-first heap   total 143360K, used 114062K [0x0000000080000000, 0x0000000100000000)
  region size 1024K, 46 young (47104K), 6 survivors (6144K)
 Metaspace       used 78157K, capacity 79963K, committed 80124K, reserved 1118208K
  class space    used 10103K, capacity 10762K, committed 10828K, reserved 1048576K
}
Event: 24.404 GC heap after
{Heap after GC invocations=28 (full 0):
 garbage-first heap   total 172032K, used 76293K [0x0000000080000000, 0x0000000100000000)
  region size 1024K, 4 young (4096K), 4 survivors (4096K)
 Metaspace       used 78157K, capacity 79963K, committed 80124K, reserved 1118208K
  class space    used 10103K, capacity 10762K, committed 10828K, reserved 1048576K
}
Event: 26.239 GC heap before
{Heap before GC invocations=28 (full 0):
 garbage-first heap   total 172032K, used 129541K [0x0000000080000000, 0x0000000100000000)
  region size 1024K, 56 young (57344K), 4 survivors (4096K)
 Metaspace       used 83337K, capacity 85239K, committed 85500K, reserved 1124352K
  class space    used 10789K, capacity 11462K, committed 11596K, reserved 1048576K
}
Event: 26.252 GC heap after
{Heap after GC invocations=29 (full 0):
 garbage-first heap   total 172032K, used 78920K [0x0000000080000000, 0x0000000100000000)
  region size 1024K, 7 young (7168K), 7 survivors (7168K)
 Metaspace       used 83337K, capacity 85239K, committed 85500K, reserved 1124352K
  class space    used 10789K, capacity 11462K, committed 11596K, reserved 1048576K
}
Event: 27.793 GC heap before
{Heap before GC invocations=29 (full 0):
 garbage-first heap   total 172032K, used 131144K [0x0000000080000000, 0x0000000100000000)
  region size 1024K, 59 young (60416K), 7 survivors (7168K)
 Metaspace       used 86367K, capacity 88670K, committed 88956K, reserved 1126400K
  class space    used 11309K, capacity 12140K, committed 12236K, reserved 1048576K
}
Event: 27.815 GC heap after
{Heap after GC invocations=30 (full 0):
 garbage-first heap   total 172032K, used 83347K [0x0000000080000000, 0x0000000100000000)
  region size 1024K, 8 young (8192K), 8 survivors (8192K)
 Metaspace       used 86367K, capacity 88670K, committed 88956K, reserved 1126400K
  class space    used 11309K, capacity 12140K, committed 12236K, reserved 1048576K
}
Event: 28.910 GC heap before
{Heap before GC invocations=30 (full 0):
 garbage-first heap   total 172032K, used 134547K [0x0000000080000000, 0x0000000100000000)
  region size 1024K, 59 young (60416K), 8 survivors (8192K)
 Metaspace       used 86810K, capacity 89171K, committed 89468K, reserved 1126400K
  class space    used 11327K, capacity 12187K, committed 12236K, reserved 1048576K
}
Event: 28.929 GC heap after
{Heap after GC invocations=31 (full 0):
 garbage-first heap   total 172032K, used 87141K [0x0000000080000000, 0x0000000100000000)
  region size 1024K, 5 young (5120K), 5 survivors (5120K)
 Metaspace       used 86810K, capacity 89171K, committed 89468K, reserved 1126400K
  class space    used 11327K, capacity 12187K, committed 12236K, reserved 1048576K
}
Event: 30.101 GC heap before
{Heap before GC invocations=31 (full 0):
 garbage-first heap   total 172032K, used 137317K [0x0000000080000000, 0x0000000100000000)
  region size 1024K, 55 young (56320K), 5 survivors (5120K)
 Metaspace       used 88796K, capacity 91131K, committed 91260K, reserved 1128448K
  class space    used 11533K, capacity 12378K, committed 12492K, reserved 1048576K
}
Event: 30.120 GC heap after
{Heap after GC invocations=32 (full 0):
 garbage-first heap   total 206848K, used 89449K [0x0000000080000000, 0x0000000100000000)
  region size 1024K, 7 young (7168K), 7 survivors (7168K)
 Metaspace       used 88796K, capacity 91131K, committed 91260K, reserved 1128448K
  class space    used 11533K, capacity 12378K, committed 12492K, reserved 1048576K
}
Event: 31.676 GC heap before
{Heap before GC invocations=33 (full 0):
 garbage-first heap   total 206848K, used 161129K [0x0000000080000000, 0x0000000100000000)
  region size 1024K, 78 young (79872K), 7 survivors (7168K)
 Metaspace       used 91940K, capacity 94114K, committed 94716K, reserved 1130496K
  class space    used 11832K, capacity 12629K, committed 12876K, reserved 1048576K
}
Event: 31.691 GC heap after
{Heap after GC invocations=34 (full 0):
 garbage-first heap   total 206848K, used 93528K [0x0000000080000000, 0x0000000100000000)
  region size 1024K, 7 young (7168K), 7 survivors (7168K)
 Metaspace       used 91940K, capacity 94114K, committed 94716K, reserved 1130496K
  class space    used 11832K, capacity 12629K, committed 12876K, reserved 1048576K
}
Event: 32.420 GC heap before
{Heap before GC invocations=34 (full 0):
 garbage-first heap   total 206848K, used 166232K [0x0000000080000000, 0x0000000100000000)
  region size 1024K, 79 young (80896K), 7 survivors (7168K)
 Metaspace       used 93259K, capacity 95543K, committed 95868K, reserved 1132544K
  class space    used 12027K, capacity 12867K, committed 13004K, reserved 1048576K
}
Event: 32.435 GC heap after
{Heap after GC invocations=35 (full 0):
 garbage-first heap   total 206848K, used 103317K [0x0000000080000000, 0x0000000100000000)
  region size 1024K, 10 young (10240K), 10 survivors (10240K)
 Metaspace       used 93259K, capacity 95543K, committed 95868K, reserved 1132544K
  class space    used 12027K, capacity 12867K, committed 13004K, reserved 1048576K
}

Deoptimization events (20 events):
Event: 32.450 Thread 0x00000299cc832800 Uncommon trap: trap_request=0xffffff7e fr.pc=0x00000299bb60e688 relative=0x0000000000001788
Event: 32.450 Thread 0x00000299cc832800 Uncommon trap: reason=predicate action=maybe_recompile pc=0x00000299bb60e688 method=java.util.TimSort.reverseRange([Ljava/lang/Object;II)V @ 5 c2
Event: 32.450 Thread 0x00000299cc832800 DEOPT PACKING pc=0x00000299bb60e688 sp=0x000000c97e3fcb90
Event: 32.450 Thread 0x00000299cc832800 DEOPT UNPACKING pc=0x00000299b350a1af sp=0x000000c97e3fc9d8 mode 2
Event: 32.552 Thread 0x00000299cc83c000 Uncommon trap: trap_request=0xffffffc6 fr.pc=0x00000299bb59c3d8 relative=0x00000000000016f8
Event: 32.552 Thread 0x00000299d1d10800 Uncommon trap: trap_request=0xffffffc6 fr.pc=0x00000299bb59c3d8 relative=0x00000000000016f8
Event: 32.554 Thread 0x00000299d1d4e800 Uncommon trap: trap_request=0xffffffc6 fr.pc=0x00000299bb59c3d8 relative=0x00000000000016f8
Event: 32.555 Thread 0x00000299d1d10800 Uncommon trap: reason=bimorphic_or_optimized_type_check action=maybe_recompile pc=0x00000299bb59c3d8 method=java.util.concurrent.ConcurrentHashMap.putVal(Ljava/lang/Object;Ljava/lang/Object;Z)Ljava/lang/Object; @ 159 c2
Event: 32.555 Thread 0x00000299cc83c000 Uncommon trap: reason=bimorphic_or_optimized_type_check action=maybe_recompile pc=0x00000299bb59c3d8 method=java.util.concurrent.ConcurrentHashMap.putVal(Ljava/lang/Object;Ljava/lang/Object;Z)Ljava/lang/Object; @ 159 c2
Event: 32.556 Thread 0x00000299d08fe800 Uncommon trap: trap_request=0xffffffc6 fr.pc=0x00000299bb59c3d8 relative=0x00000000000016f8
Event: 32.556 Thread 0x00000299d1d4e800 Uncommon trap: reason=bimorphic_or_optimized_type_check action=maybe_recompile pc=0x00000299bb59c3d8 method=java.util.concurrent.ConcurrentHashMap.putVal(Ljava/lang/Object;Ljava/lang/Object;Z)Ljava/lang/Object; @ 159 c2
Event: 32.557 Thread 0x00000299d1d10800 DEOPT PACKING pc=0x00000299bb59c3d8 sp=0x000000c97f4fa7f0
Event: 32.557 Thread 0x00000299d1d10800 DEOPT UNPACKING pc=0x00000299b350a1af sp=0x000000c97f4fa780 mode 2
Event: 32.557 Thread 0x00000299cc83c000 DEOPT PACKING pc=0x00000299bb59c3d8 sp=0x000000c97eafa4a0
Event: 32.557 Thread 0x00000299cc83c000 DEOPT UNPACKING pc=0x00000299b350a1af sp=0x000000c97eafa430 mode 2
Event: 32.558 Thread 0x00000299d1d4e800 DEOPT PACKING pc=0x00000299bb59c3d8 sp=0x000000c9016fa9a0
Event: 32.558 Thread 0x00000299d1d4e800 DEOPT UNPACKING pc=0x00000299b350a1af sp=0x000000c9016fa930 mode 2
Event: 32.558 Thread 0x00000299d08fe800 Uncommon trap: reason=bimorphic_or_optimized_type_check action=maybe_recompile pc=0x00000299bb59c3d8 method=java.util.concurrent.ConcurrentHashMap.putVal(Ljava/lang/Object;Ljava/lang/Object;Z)Ljava/lang/Object; @ 159 c2
Event: 32.559 Thread 0x00000299d08fe800 DEOPT PACKING pc=0x00000299bb59c3d8 sp=0x000000c902cf7780
Event: 32.559 Thread 0x00000299d08fe800 DEOPT UNPACKING pc=0x00000299b350a1af sp=0x000000c902cf7710 mode 2

Classes redefined (0 events):
No events

Internal exceptions (20 events):
Event: 28.332 Thread 0x00000299cac66800 Implicit null exception at 0x00000299bb548b8d to 0x00000299bb54a7c0
Event: 29.167 Thread 0x00000299ce627800 Exception <a 'java/lang/NoSuchMethodError'{0x0000000089b36968}: 'void java.lang.invoke.DirectMethodHandle$Holder.invokeInterface(java.lang.Object, java.lang.Object, java.lang.Object, java.lang.Object)'> (0x0000000089b36968) thrown at [./src/hotspot/share/interpreter/linkResolver.cpp, line 773]
Event: 32.106 Thread 0x00000299d08fe800 Exception <a 'java/lang/NoSuchMethodError'{0x000000008b076608}: 'java.lang.Object java.lang.invoke.DirectMethodHandle$Holder.newInvokeSpecial(java.lang.Object, java.lang.Object, java.lang.Object, java.lang.Object)'> (0x000000008b076608) thrown at [./src/hotspot/share/interpreter/linkResolver.cpp, line 773]
Event: 32.334 Thread 0x00000299d1d4e800 Exception <a 'sun/nio/fs/WindowsException'{0x000000008a1d3818}> (0x000000008a1d3818) thrown at [./src/hotspot/share/prims/jni.cpp, line 616]
Event: 32.334 Thread 0x00000299cdff4800 Exception <a 'sun/nio/fs/WindowsException'{0x000000008a29ae40}> (0x000000008a29ae40) thrown at [./src/hotspot/share/prims/jni.cpp, line 616]
Event: 32.367 Thread 0x00000299d1d10800 Exception <a 'sun/nio/fs/WindowsException'{0x0000000089627d00}> (0x0000000089627d00) thrown at [./src/hotspot/share/prims/jni.cpp, line 616]
Event: 32.406 Thread 0x00000299cc83c000 Exception <a 'sun/nio/fs/WindowsException'{0x000000008856b258}> (0x000000008856b258) thrown at [./src/hotspot/share/prims/jni.cpp, line 616]
Event: 32.413 Thread 0x00000299cac69000 Exception <a 'java/lang/OutOfMemoryError'{0x0000000087b47830}> (0x0000000087b47830) thrown at [./src/hotspot/share/prims/jni.cpp, line 637]
Event: 32.413 Thread 0x00000299cc832800 Exception <a 'java/lang/OutOfMemoryError'{0x0000000087b7caf8}> (0x0000000087b7caf8) thrown at [./src/hotspot/share/prims/jni.cpp, line 637]
Event: 32.414 Thread 0x00000299cac69000 Implicit null exception at 0x00000299bb2a6b9b to 0x00000299bb2a735c
Event: 32.414 Thread 0x00000299cc832800 Implicit null exception at 0x00000299bb2a6b9b to 0x00000299bb2a735c
Event: 32.415 Thread 0x00000299cac69000 Implicit null exception at 0x00000299bb2a7ea0 to 0x00000299bb2a8614
Event: 32.415 Thread 0x00000299cc832800 Implicit null exception at 0x00000299bb2a7ea0 to 0x00000299bb2a8614
Event: 32.442 Thread 0x00000299d08fe800 Exception <a 'sun/nio/fs/WindowsException'{0x000000008c85e1d8}> (0x000000008c85e1d8) thrown at [./src/hotspot/share/prims/jni.cpp, line 616]
Event: 32.541 Thread 0x00000299cdff4800 Exception <a 'java/lang/NoSuchMethodError'{0x000000008c1ab658}: 'java.lang.Object java.lang.invoke.DirectMethodHandle$Holder.newInvokeSpecial(java.lang.Object, int)'> (0x000000008c1ab658) thrown at [./src/hotspot/share/interpreter/linkResolver.cpp, line 773]
Event: 32.541 Thread 0x00000299cc83c000 Exception <a 'java/lang/NoSuchMethodError'{0x000000008c533268}: 'java.lang.Object java.lang.invoke.DirectMethodHandle$Holder.newInvokeSpecial(java.lang.Object, int)'> (0x000000008c533268) thrown at [./src/hotspot/share/interpreter/linkResolver.cpp, line 773]
Event: 32.541 Thread 0x00000299d1d4e800 Exception <a 'java/lang/NoSuchMethodError'{0x000000008c2cee88}: 'java.lang.Object java.lang.invoke.DirectMethodHandle$Holder.newInvokeSpecial(java.lang.Object, int)'> (0x000000008c2cee88) thrown at [./src/hotspot/share/interpreter/linkResolver.cpp, line 773]
Event: 32.541 Thread 0x00000299d08fe800 Exception <a 'java/lang/NoSuchMethodError'{0x000000008c3abbb8}: 'java.lang.Object java.lang.invoke.DirectMethodHandle$Holder.newInvokeSpecial(java.lang.Object, int)'> (0x000000008c3abbb8) thrown at [./src/hotspot/share/interpreter/linkResolver.cpp, line 773]
Event: 32.541 Thread 0x00000299d1d10800 Exception <a 'java/lang/NoSuchMethodError'{0x000000008c549be8}: 'java.lang.Object java.lang.invoke.DirectMethodHandle$Holder.newInvokeSpecial(java.lang.Object, int)'> (0x000000008c549be8) thrown at [./src/hotspot/share/interpreter/linkResolver.cpp, line 773]
Event: 32.573 Thread 0x00000299cc832800 Exception <a 'java/lang/OutOfMemoryError'{0x000000008c0ff628}> (0x000000008c0ff628) thrown at [./src/hotspot/share/prims/jni.cpp, line 637]

Events (20 events):
Event: 32.577 loading class com/android/tools/r8/graph/K0
Event: 32.577 loading class com/android/tools/r8/graph/K0 done
Event: 32.580 loading class com/android/tools/r8/graph/c1
Event: 32.580 loading class com/android/tools/r8/graph/c1 done
Event: 32.585 loading class com/android/tools/r8/internal/Ug
Event: 32.585 loading class com/android/tools/r8/internal/Ug done
Event: 32.587 loading class com/android/tools/r8/graph/l0
Event: 32.587 loading class com/android/tools/r8/graph/l0 done
Event: 32.590 loading class com/android/tools/r8/graph/n0
Event: 32.590 loading class com/android/tools/r8/graph/n0 done
Event: 32.595 loading class com/android/tools/r8/graph/h0
Event: 32.595 loading class com/android/tools/r8/graph/h0 done
Event: 32.597 loading class com/android/tools/r8/graph/K
Event: 32.597 loading class com/android/tools/r8/graph/K done
Event: 32.601 loading class com/android/tools/r8/graph/L
Event: 32.601 loading class com/android/tools/r8/graph/L done
Event: 32.602 loading class com/android/tools/r8/internal/RD
Event: 32.602 loading class com/android/tools/r8/internal/RD done
Event: 32.609 loading class com/android/tools/r8/internal/UD
Event: 32.609 loading class com/android/tools/r8/internal/UD done


Dynamic libraries:
0x00007ff7157d0000 - 0x00007ff7157da000 	C:\Program Files\Android\Android Studio\jre\bin\java.exe
0x00007ff951a30000 - 0x00007ff951c44000 	C:\WINDOWS\SYSTEM32\ntdll.dll
0x00007ff94fcf0000 - 0x00007ff94fdb2000 	C:\WINDOWS\System32\KERNEL32.DLL
0x00007ff94f310000 - 0x00007ff94f6ac000 	C:\WINDOWS\System32\KERNELBASE.dll
0x00007ff94f1f0000 - 0x00007ff94f301000 	C:\WINDOWS\System32\ucrtbase.dll
0x00007ff947c90000 - 0x00007ff947ca7000 	C:\Program Files\Android\Android Studio\jre\bin\VCRUNTIME140.dll
0x00007ff946560000 - 0x00007ff946579000 	C:\Program Files\Android\Android Studio\jre\bin\jli.dll
0x00007ff951550000 - 0x00007ff9516fb000 	C:\WINDOWS\System32\USER32.dll
0x00007ff9388f0000 - 0x00007ff938b7e000 	C:\WINDOWS\WinSxS\amd64_microsoft.windows.common-controls_6595b64144ccf1df_6.0.22621.608_none_a9444ca7c10bb01d\COMCTL32.dll
0x00007ff94f770000 - 0x00007ff94f796000 	C:\WINDOWS\System32\win32u.dll
0x00007ff950dd0000 - 0x00007ff950e77000 	C:\WINDOWS\System32\msvcrt.dll
0x00007ff950070000 - 0x00007ff950099000 	C:\WINDOWS\System32\GDI32.dll
0x00007ff94eee0000 - 0x00007ff94eff3000 	C:\WINDOWS\System32\gdi32full.dll
0x00007ff94f7a0000 - 0x00007ff94f83a000 	C:\WINDOWS\System32\msvcp_win.dll
0x00007ff951510000 - 0x00007ff951541000 	C:\WINDOWS\System32\IMM32.DLL
0x00007ff916170000 - 0x00007ff91620d000 	C:\Program Files\Android\Android Studio\jre\bin\msvcp140.dll
0x00007ff90c6b0000 - 0x00007ff90d1b2000 	C:\Program Files\Android\Android Studio\jre\bin\server\jvm.dll
0x00007ff9500d0000 - 0x00007ff95017e000 	C:\WINDOWS\System32\ADVAPI32.dll
0x00007ff94fc40000 - 0x00007ff94fce4000 	C:\WINDOWS\System32\sechost.dll
0x00007ff94ff50000 - 0x00007ff950067000 	C:\WINDOWS\System32\RPCRT4.dll
0x00007ff9500a0000 - 0x00007ff9500a8000 	C:\WINDOWS\System32\PSAPI.DLL
0x00007ff9478e0000 - 0x00007ff947914000 	C:\WINDOWS\SYSTEM32\WINMM.dll
0x00007ff9473a0000 - 0x00007ff9473aa000 	C:\WINDOWS\SYSTEM32\VERSION.dll
0x00007ff94c1f0000 - 0x00007ff94c1f9000 	C:\WINDOWS\SYSTEM32\WSOCK32.dll
0x00007ff9518f0000 - 0x00007ff951961000 	C:\WINDOWS\System32\WS2_32.dll
0x00007ff94de90000 - 0x00007ff94dea8000 	C:\WINDOWS\SYSTEM32\kernel.appcore.dll
0x00007ff94c100000 - 0x00007ff94c111000 	C:\Program Files\Android\Android Studio\jre\bin\verify.dll
0x00007ff93d2c0000 - 0x00007ff93d4ee000 	C:\WINDOWS\SYSTEM32\DBGHELP.DLL
0x00007ff94f840000 - 0x00007ff94fbc9000 	C:\WINDOWS\System32\combase.dll
0x00007ff9513d0000 - 0x00007ff9514a7000 	C:\WINDOWS\System32\OLEAUT32.dll
0x00007ff9338e0000 - 0x00007ff933912000 	C:\WINDOWS\SYSTEM32\dbgcore.DLL
0x00007ff94f000000 - 0x00007ff94f07b000 	C:\WINDOWS\System32\bcryptPrimitives.dll
0x00007ff94a320000 - 0x00007ff94a349000 	C:\Program Files\Android\Android Studio\jre\bin\java.dll
0x00007ff94a4f0000 - 0x00007ff94a4fb000 	C:\Program Files\Android\Android Studio\jre\bin\jimage.dll
0x00007ff94a3a0000 - 0x00007ff94a3b8000 	C:\Program Files\Android\Android Studio\jre\bin\zip.dll
0x00007ff950280000 - 0x00007ff950a70000 	C:\WINDOWS\System32\SHELL32.dll
0x00007ff94ce30000 - 0x00007ff94d6fd000 	C:\WINDOWS\SYSTEM32\windows.storage.dll
0x00007ff94ccf0000 - 0x00007ff94ce2e000 	C:\WINDOWS\SYSTEM32\wintypes.dll
0x00007ff950180000 - 0x00007ff950271000 	C:\WINDOWS\System32\SHCORE.dll
0x00007ff94fdc0000 - 0x00007ff94fe1e000 	C:\WINDOWS\System32\shlwapi.dll
0x00007ff94eda0000 - 0x00007ff94edc1000 	C:\WINDOWS\SYSTEM32\profapi.dll
0x00007ff94a2e0000 - 0x00007ff94a2fa000 	C:\Program Files\Android\Android Studio\jre\bin\net.dll
0x00007ff947650000 - 0x00007ff947787000 	C:\WINDOWS\SYSTEM32\WINHTTP.dll
0x00007ff94e330000 - 0x00007ff94e399000 	C:\WINDOWS\system32\mswsock.dll
0x00007ff94a2c0000 - 0x00007ff94a2d4000 	C:\Program Files\Android\Android Studio\jre\bin\nio.dll
0x00007ff9385c0000 - 0x00007ff9385e7000 	C:\Users\nilesh\.gradle\native\e1d6ef7f7dcc3fd88c89a11ec53ec762bb8ba0a96d01ffa2cd45eb1d1d8dd5c5\windows-amd64\native-platform.dll
0x00007ff913c20000 - 0x00007ff913d64000 	C:\Users\nilesh\.gradle\native\0d407fdbe67a94daf76414ababcb853783967236a71b16ec16e742cd7a986fd3\windows-amd64\native-platform-file-events.dll
0x00007ff949fb0000 - 0x00007ff949fba000 	C:\Program Files\Android\Android Studio\jre\bin\management.dll
0x00007ff949fa0000 - 0x00007ff949fad000 	C:\Program Files\Android\Android Studio\jre\bin\management_ext.dll
0x00007ff94e5a0000 - 0x00007ff94e5bb000 	C:\WINDOWS\SYSTEM32\CRYPTSP.dll
0x00007ff94de00000 - 0x00007ff94de35000 	C:\WINDOWS\system32\rsaenh.dll
0x00007ff94e430000 - 0x00007ff94e458000 	C:\WINDOWS\SYSTEM32\USERENV.dll
0x00007ff94e750000 - 0x00007ff94e778000 	C:\WINDOWS\SYSTEM32\bcrypt.dll
0x00007ff94e590000 - 0x00007ff94e59c000 	C:\WINDOWS\SYSTEM32\CRYPTBASE.dll
0x00007ff94d990000 - 0x00007ff94d9bd000 	C:\WINDOWS\SYSTEM32\IPHLPAPI.DLL
0x00007ff950dc0000 - 0x00007ff950dc9000 	C:\WINDOWS\System32\NSI.dll
0x00007ff9477f0000 - 0x00007ff947809000 	C:\WINDOWS\SYSTEM32\dhcpcsvc6.DLL
0x00007ff9475e0000 - 0x00007ff9475ff000 	C:\WINDOWS\SYSTEM32\dhcpcsvc.DLL
0x00007ff94d9c0000 - 0x00007ff94dab3000 	C:\WINDOWS\SYSTEM32\DNSAPI.dll

dbghelp: loaded successfully - version: 4.0.5 - missing functions: none
symbol engine: initialized successfully - sym options: 0x614 - pdb path: .;C:\Program Files\Android\Android Studio\jre\bin;C:\WINDOWS\SYSTEM32;C:\WINDOWS\WinSxS\amd64_microsoft.windows.common-controls_6595b64144ccf1df_6.0.22621.608_none_a9444ca7c10bb01d;C:\Program Files\Android\Android Studio\jre\bin\server;C:\Users\nilesh\.gradle\native\e1d6ef7f7dcc3fd88c89a11ec53ec762bb8ba0a96d01ffa2cd45eb1d1d8dd5c5\windows-amd64;C:\Users\nilesh\.gradle\native\0d407fdbe67a94daf76414ababcb853783967236a71b16ec16e742cd7a986fd3\windows-amd64

VM Arguments:
jvm_args: --add-opens=java.base/java.util=ALL-UNNAMED --add-opens=java.base/java.lang=ALL-UNNAMED --add-opens=java.base/java.lang.invoke=ALL-UNNAMED --add-opens=java.base/java.util=ALL-UNNAMED --add-opens=java.prefs/java.util.prefs=ALL-UNNAMED --add-opens=java.prefs/java.util.prefs=ALL-UNNAMED --add-opens=java.base/java.nio.charset=ALL-UNNAMED --add-opens=java.base/java.net=ALL-UNNAMED --add-opens=java.base/java.util.concurrent.atomic=ALL-UNNAMED -Xmx2048m -Dfile.encoding=UTF-8 -Duser.country=US -Duser.language=en -Duser.variant 
java_command: org.gradle.launcher.daemon.bootstrap.GradleDaemon 7.4
java_class_path (initial): C:\Users\nilesh\.gradle\wrapper\dists\gradle-7.4-bin\c0gwcg53nkjbqw7r0h0umtfvt\gradle-7.4\lib\gradle-launcher-7.4.jar
Launcher Type: SUN_STANDARD

[Global flags]
     intx CICompilerCount                          = 4                                         {product} {ergonomic}
     uint ConcGCThreads                            = 2                                         {product} {ergonomic}
     uint G1ConcRefinementThreads                  = 8                                         {product} {ergonomic}
   size_t G1HeapRegionSize                         = 1048576                                   {product} {ergonomic}
    uintx GCDrainStackTargetSize                   = 64                                        {product} {ergonomic}
   size_t InitialHeapSize                          = 100663296                                 {product} {ergonomic}
   size_t MarkStackSize                            = 4194304                                   {product} {ergonomic}
   size_t MaxHeapSize                              = 2147483648                                {product} {command line}
   size_t MaxNewSize                               = 1287651328                                {product} {ergonomic}
   size_t MinHeapDeltaBytes                        = 1048576                                   {product} {ergonomic}
    uintx NonNMethodCodeHeapSize                   = 5836300                                {pd product} {ergonomic}
    uintx NonProfiledCodeHeapSize                  = 122910970                              {pd product} {ergonomic}
    uintx ProfiledCodeHeapSize                     = 122910970                              {pd product} {ergonomic}
    uintx ReservedCodeCacheSize                    = 251658240                              {pd product} {ergonomic}
     bool SegmentedCodeCache                       = true                                      {product} {ergonomic}
     bool UseCompressedClassPointers               = true                                 {lp64_product} {ergonomic}
     bool UseCompressedOops                        = true                                 {lp64_product} {ergonomic}
     bool UseG1GC                                  = true                                      {product} {ergonomic}
     bool UseLargePagesIndividualAllocation        = false                                  {pd product} {ergonomic}

Logging:
Log output configuration:
 #0: stdout all=warning uptime,level,tags
 #1: stderr all=off uptime,level,tags

Environment Variables:
JAVA_HOME=C:\Program Files\Java\jdk-17.0.1
CLASSPATH=C:\oraclexe\app\oracle\product\10.2.0\server\jdbc\lib\ojdbc6_g.jar;
PATH=C:\Program Files\Java\jdk-17.0.1\bin;C:\Program Files\Java\jre1.8.0_321\lib\ext;C:\oraclexe\app\oracle\product\10.2.0\server\bin;C:\Program Files\dotnet\;C:\WINDOWS\system32;C:\WINDOWS;C:\WINDOWS\System32\Wbem;C:\WINDOWS\System32\WindowsPowerShell\v1.0\;C:\WINDOWS\System32\OpenSSH\;C:\Windows\Microsoft.NET\Framework\v4.0.30319;C:\Program Files\nodejs\;D:\gradle\gradle-7.5.1\bin;C:\MinGW\bin;C:\Users\nilesh\AppData\Local\Programs\Python\Python310\Scripts\;C:\Users\nilesh\AppData\Local\Programs\Python\Python310\;C:\Users\nilesh\AppData\Local\Microsoft\WindowsApps;C:\Users\nilesh\AppData\Local\Programs\Microsoft VS Code\bin;"C:\Program Files\Java\jdk-17\bin;";C:\Program Files\Javaprogs;C:\Program Files\Java\jdk-17.0.1\bin;C:\Users\nilesh\.dotnet\tools;C:\Program Files\Microsoft SQL Server\90\Shared\Resources;C:\Users\nilesh\AppData\Roaming\npm;
USERNAME=nilesh
OS=Windows_NT
PROCESSOR_IDENTIFIER=AMD64 Family 23 Model 24 Stepping 1, AuthenticAMD



---------------  S Y S T E M  ---------------

OS: Windows 11 , 64 bit Build 22621 (10.0.22621.1485)
OS uptime: 22 days 15:24 hours
Hyper-V role detected

CPU:total 8 (initial active 8) (8 cores per cpu, 2 threads per core) family 23 model 24 stepping 1 microcode 0x0, cmov, cx8, fxsr, mmx, sse, sse2, sse3, ssse3, sse4.1, sse4.2, popcnt, avx, avx2, aes, clmul, mmxext, 3dnowpref, lzcnt, sse4a, ht, tsc, tscinvbit, tscinv, bmi1, bmi2, adx, sha, fma

Memory: 4k page, system-wide physical 6060M (401M free)
TotalPageFile size 9060M (AvailPageFile size 1M)
current process WorkingSet (physical memory assigned to process): 491M, peak: 492M
current process commit charge ("private bytes"): 555M, peak: 564M

vm_info: OpenJDK 64-Bit Server VM (11.0.13+0-b1751.21-8125866) for windows-amd64 JRE (11.0.13+0-b1751.21-8125866), built on Feb  2 2022 03:00:22 by "builder" with MS VC++ 14.0 (VS2015)

END.
