#
# There is insufficient memory for the Java Runtime Environment to continue.
# Native memory allocation (mmap) failed to map 20971520 bytes for Failed to commit area from 0x0000000086000000 to 0x0000000087400000 of length 20971520.
# Possible reasons:
#   The system is out of physical RAM or swap space
#   The process is running with CompressedOops enabled, and the Java Heap may be blocking the growth of the native heap
# Possible solutions:
#   Reduce memory load on the system
#   Increase physical memory or swap space
#   Check if swap backing store is full
#   Decrease Java heap size (-Xmx/-Xms)
#   Decrease number of Java threads
#   Decrease Java thread stack sizes (-Xss)
#   Set larger code cache with -XX:ReservedCodeCacheSize=
#   JVM is running with Unscaled Compressed Oops mode in which the Java heap is
#     placed in the first 4GB address space. The Java Heap base address is the
#     maximum limit for the native heap growth. Please use -XX:HeapBaseMinAddress
#     to set the Java Heap base and to place the Java Heap above 4GB virtual address.
# This output file may be truncated or incomplete.
#
#  Out of Memory Error (./src/hotspot/os/windows/os_windows.cpp:3619), pid=13676, tid=7364
#
# JRE version: OpenJDK Runtime Environment (11.0.13) (build 11.0.13+0-b1751.21-8125866)
# Java VM: OpenJDK 64-Bit Server VM (11.0.13+0-b1751.21-8125866, mixed mode, tiered, compressed oops, g1 gc, windows-amd64)
# No core dump will be written. Minidumps are not enabled by default on client versions of Windows
#

---------------  S U M M A R Y ------------

Command Line: --add-opens=java.base/java.util=ALL-UNNAMED --add-opens=java.base/java.lang=ALL-UNNAMED --add-opens=java.base/java.lang.invoke=ALL-UNNAMED --add-opens=java.base/java.util=ALL-UNNAMED --add-opens=java.prefs/java.util.prefs=ALL-UNNAMED --add-opens=java.prefs/java.util.prefs=ALL-UNNAMED --add-opens=java.base/java.nio.charset=ALL-UNNAMED --add-opens=java.base/java.net=ALL-UNNAMED --add-opens=java.base/java.util.concurrent.atomic=ALL-UNNAMED -Xmx2048m -Dfile.encoding=UTF-8 -Duser.country=US -Duser.language=en -Duser.variant org.gradle.launcher.daemon.bootstrap.GradleDaemon 7.4

Host: AMD Ryzen 5 3500U with Radeon Vega Mobile Gfx  , 8 cores, 5G,  Windows 11 , 64 bit Build 22621 (10.0.22621.1485)
Time: Sat May 27 01:53:16 2023 India Standard Time elapsed time: 19.223494 seconds (0d 0h 0m 19s)

---------------  T H R E A D  ---------------

Current thread (0x000001c0e8da5800):  VMThread "VM Thread" [stack: 0x0000004396600000,0x0000004396700000] [id=7364]

Stack: [0x0000004396600000,0x0000004396700000]
[error occurred during error reporting (printing stack bounds), id 0xc0000005, EXCEPTION_ACCESS_VIOLATION (0xc0000005) at pc=0x000001c0d244112d]

Native frames: (J=compiled Java code, j=interpreted, Vv=VM code, C=native code)
V  [jvm.dll+0x6100fa]
V  [jvm.dll+0x747090]
V  [jvm.dll+0x7486ad]
V  [jvm.dll+0x748ce5]
V  [jvm.dll+0x748c9b]
V  [jvm.dll+0x60f224]
V  [jvm.dll+0x60f9b8]
C  [ntdll.dll+0xa3cff]
C  [ntdll.dll+0x1e456]
C  [ntdll.dll+0xa2cee]
C  0x000001c0d244112d

VM_Operation (0x00000043978f3730): G1CollectForAllocation, mode: safepoint, requested by thread 0x000001c0eadd1000


---------------  P R O C E S S  ---------------

Threads class SMR info:
_java_thread_list=0x000001c0ec3641f0, length=42, elements={
0x000001c0cc7fc000, 0x000001c0e8da7000, 0x000001c0e8db5000, 0x000001c0e9732800,
0x000001c0e8dc2800, 0x000001c0e8dc5000, 0x000001c0e8dc7000, 0x000001c0e8dd5800,
0x000001c0e8ddf000, 0x000001c0e987a800, 0x000001c0eb021000, 0x000001c0eb979000,
0x000001c0ec1a9800, 0x000001c0eae81000, 0x000001c0eb968000, 0x000001c0eb926800,
0x000001c0eadd1000, 0x000001c0ea7db000, 0x000001c0eaeb4800, 0x000001c0eb0fc800,
0x000001c0ea011000, 0x000001c0ea011800, 0x000001c0ea00f000, 0x000001c0ea00d800,
0x000001c0ea014000, 0x000001c0ea012800, 0x000001c0ea00e800, 0x000001c0ea010000,
0x000001c0ea013800, 0x000001c0eecd1000, 0x000001c0eecd7000, 0x000001c0eecd6000,
0x000001c0eecd8000, 0x000001c0eecd2000, 0x000001c0eecd5800, 0x000001c0eecd8800,
0x000001c0eecd3000, 0x000001c0eecd9800, 0x000001c0eecd3800, 0x000001c0eecda000,
0x000001c0eecdf000, 0x000001c0eecdb000
}

Java Threads: ( => current thread )
  0x000001c0cc7fc000 JavaThread "main" [_thread_blocked, id=18768, stack(0x0000004396000000,0x0000004396100000)]
  0x000001c0e8da7000 JavaThread "Reference Handler" daemon [_thread_blocked, id=9220, stack(0x0000004396700000,0x0000004396800000)]
  0x000001c0e8db5000 JavaThread "Finalizer" daemon [_thread_blocked, id=8380, stack(0x0000004396800000,0x0000004396900000)]
  0x000001c0e9732800 JavaThread "Signal Dispatcher" daemon [_thread_blocked, id=20032, stack(0x0000004396900000,0x0000004396a00000)]
  0x000001c0e8dc2800 JavaThread "Attach Listener" daemon [_thread_blocked, id=7952, stack(0x0000004396a00000,0x0000004396b00000)]
  0x000001c0e8dc5000 JavaThread "Service Thread" daemon [_thread_blocked, id=12208, stack(0x0000004396b00000,0x0000004396c00000)]
  0x000001c0e8dc7000 JavaThread "C2 CompilerThread0" daemon [_thread_blocked, id=11024, stack(0x0000004396c00000,0x0000004396d00000)]
  0x000001c0e8dd5800 JavaThread "C1 CompilerThread0" daemon [_thread_blocked, id=12592, stack(0x0000004396d00000,0x0000004396e00000)]
  0x000001c0e8ddf000 JavaThread "Sweeper thread" daemon [_thread_blocked, id=21044, stack(0x0000004396e00000,0x0000004396f00000)]
  0x000001c0e987a800 JavaThread "Common-Cleaner" daemon [_thread_blocked, id=5792, stack(0x0000004396f00000,0x0000004397000000)]
  0x000001c0eb021000 JavaThread "Daemon health stats" [_thread_blocked, id=18280, stack(0x0000004397300000,0x0000004397400000)]
  0x000001c0eb979000 JavaThread "Incoming local TCP Connector on port 56947" [_thread_in_native, id=9524, stack(0x0000004397100000,0x0000004397200000)]
  0x000001c0ec1a9800 JavaThread "Daemon periodic checks" [_thread_blocked, id=9652, stack(0x0000004397400000,0x0000004397500000)]
  0x000001c0eae81000 JavaThread "Daemon" [_thread_blocked, id=20176, stack(0x0000004397500000,0x0000004397600000)]
  0x000001c0eb968000 JavaThread "Handler for socket connection from /127.0.0.1:56947 to /127.0.0.1:56948" [_thread_in_native, id=2480, stack(0x0000004397600000,0x0000004397700000)]
  0x000001c0eb926800 JavaThread "Cancel handler" [_thread_blocked, id=14540, stack(0x0000004397700000,0x0000004397800000)]
  0x000001c0eadd1000 JavaThread "Daemon worker" [_thread_blocked, id=8404, stack(0x0000004397800000,0x0000004397900000)]
  0x000001c0ea7db000 JavaThread "Asynchronous log dispatcher for DefaultDaemonConnection: socket connection from /127.0.0.1:56947 to /127.0.0.1:56948" [_thread_blocked, id=8992, stack(0x0000004397900000,0x0000004397a00000)]
  0x000001c0eaeb4800 JavaThread "Stdin handler" [_thread_blocked, id=14356, stack(0x0000004397a00000,0x0000004397b00000)]
  0x000001c0eb0fc800 JavaThread "Daemon client event forwarder" [_thread_blocked, id=10640, stack(0x0000004397b00000,0x0000004397c00000)]
  0x000001c0ea011000 JavaThread "Cache worker for journal cache (C:\Users\nilesh\.gradle\caches\journal-1)" [_thread_blocked, id=2392, stack(0x0000004397c00000,0x0000004397d00000)]
  0x000001c0ea011800 JavaThread "File lock request listener" [_thread_in_native, id=9708, stack(0x0000004397d00000,0x0000004397e00000)]
  0x000001c0ea00f000 JavaThread "Cache worker for file hash cache (C:\Users\nilesh\.gradle\caches\7.4\fileHashes)" [_thread_blocked, id=1316, stack(0x0000004398500000,0x0000004398600000)]
  0x000001c0ea00d800 JavaThread "File lock release action executor" [_thread_blocked, id=11680, stack(0x0000004398600000,0x0000004398700000)]
  0x000001c0ea014000 JavaThread "File watcher server" daemon [_thread_in_native, id=14080, stack(0x0000004398800000,0x0000004398900000)]
  0x000001c0ea012800 JavaThread "File watcher consumer" daemon [_thread_blocked, id=10616, stack(0x0000004398900000,0x0000004398a00000)]
  0x000001c0ea00e800 JavaThread "jar transforms" [_thread_blocked, id=18592, stack(0x0000004398a00000,0x0000004398b00000)]
  0x000001c0ea010000 JavaThread "jar transforms Thread 2" [_thread_blocked, id=3428, stack(0x0000004398b00000,0x0000004398c00000)]
  0x000001c0ea013800 JavaThread "jar transforms Thread 3" [_thread_blocked, id=17536, stack(0x0000004398c00000,0x0000004398d00000)]
  0x000001c0eecd1000 JavaThread "jar transforms Thread 4" [_thread_blocked, id=9824, stack(0x0000004398d00000,0x0000004398e00000)]
  0x000001c0eecd7000 JavaThread "jar transforms Thread 5" [_thread_blocked, id=11652, stack(0x0000004398e00000,0x0000004398f00000)]
  0x000001c0eecd6000 JavaThread "jar transforms Thread 6" [_thread_blocked, id=15104, stack(0x0000004398f00000,0x0000004399000000)]
  0x000001c0eecd8000 JavaThread "jar transforms Thread 7" [_thread_blocked, id=15296, stack(0x0000004399000000,0x0000004399100000)]
  0x000001c0eecd2000 JavaThread "jar transforms Thread 8" [_thread_blocked, id=6376, stack(0x0000004399100000,0x0000004399200000)]
  0x000001c0eecd5800 JavaThread "Cache worker for checksums cache (C:\Users\nilesh\AndroidStudioProjects\Aus\.gradle\7.4\checksums)" [_thread_blocked, id=16024, stack(0x0000004399200000,0x0000004399300000)]
  0x000001c0eecd8800 JavaThread "Cache worker for cache directory md-rule (C:\Users\nilesh\.gradle\caches\7.4\md-rule)" [_thread_blocked, id=8908, stack(0x0000004399300000,0x0000004399400000)]
  0x000001c0eecd3000 JavaThread "Cache worker for file hash cache (C:\Users\nilesh\AndroidStudioProjects\Aus\.gradle\7.4\fileHashes)" [_thread_blocked, id=6988, stack(0x0000004399400000,0x0000004399500000)]
  0x000001c0eecd9800 JavaThread "Cache worker for cache directory md-supplier (C:\Users\nilesh\.gradle\caches\7.4\md-supplier)" [_thread_blocked, id=18308, stack(0x0000004398700000,0x0000004398800000)]
  0x000001c0eecd3800 JavaThread "Cache worker for execution history cache (C:\Users\nilesh\.gradle\caches\7.4\executionHistory)" [_thread_blocked, id=20324, stack(0x0000004399500000,0x0000004399600000)]
  0x000001c0eecda000 JavaThread "Cache worker for file content cache (C:\Users\nilesh\.gradle\caches\7.4\fileContent)" [_thread_blocked, id=7820, stack(0x0000004399600000,0x0000004399700000)]
  0x000001c0eecdf000 JavaThread "Cache worker for dependencies-accessors (C:\Users\nilesh\AndroidStudioProjects\Aus\.gradle\7.4\dependencies-accessors)" [_thread_blocked, id=19740, stack(0x0000004399700000,0x0000004399800000)]
  0x000001c0eecdb000 JavaThread "Cache worker for Build Output Cleanup Cache (C:\Users\nilesh\AndroidStudioProjects\Aus\.gradle\buildOutputCleanup)" [_thread_blocked, id=8616, stack(0x0000004399800000,0x0000004399900000)]

Other Threads:
=>0x000001c0e8da5800 VMThread "VM Thread" [stack: 0x0000004396600000,0x0000004396700000] [id=7364]
  0x000001c0e98ad000 WatcherThread [stack: 0x0000004397000000,0x0000004397100000] [id=6128]
  0x000001c0ce943000 GCTaskThread "GC Thread#0" [stack: 0x0000004396100000,0x0000004396200000] [id=15376]
  0x000001c0ea8f8800 GCTaskThread "GC Thread#1" [stack: 0x0000004397200000,0x0000004397300000] [id=9548]
  0x000001c0ea029800 GCTaskThread "GC Thread#2" [stack: 0x0000004397e00000,0x0000004397f00000] [id=7972]
  0x000001c0ea9ad000 GCTaskThread "GC Thread#3" [stack: 0x0000004397f00000,0x0000004398000000] [id=21100]
  0x000001c0e97e9800 GCTaskThread "GC Thread#4" [stack: 0x0000004398000000,0x0000004398100000] [id=14096]
  0x000001c0ea02b800 GCTaskThread "GC Thread#5" [stack: 0x0000004398100000,0x0000004398200000] [id=16500]
  0x000001c0e9ad5000 GCTaskThread "GC Thread#6" [stack: 0x0000004398200000,0x0000004398300000] [id=18216]
  0x000001c0eb9ee800 GCTaskThread "GC Thread#7" [stack: 0x0000004398300000,0x0000004398400000] [id=10100]
  0x000001c0ce975800 ConcurrentGCThread "G1 Main Marker" [stack: 0x0000004396200000,0x0000004396300000] [id=16012]
  0x000001c0ce976800 ConcurrentGCThread "G1 Conc#0" [stack: 0x0000004396300000,0x0000004396400000] [id=18584]
  0x000001c0e97de000 ConcurrentGCThread "G1 Conc#1" [stack: 0x0000004398400000,0x0000004398500000] [id=6996]
  0x000001c0ce9f0000 ConcurrentGCThread "G1 Refine#0" [stack: 0x0000004396400000,0x0000004396500000] [id=7460]
  0x000001c0e8c00800 ConcurrentGCThread "G1 Young RemSet Sampling" [stack: 0x0000004396500000,0x0000004396600000] [id=17300]

Threads with active compile tasks:
C2 CompilerThread0  19241 4308       4       org.gradle.internal.service.DefaultServiceRegistry$OwnServices::getService (309 bytes)
C1 CompilerThread0  19241 4328       3       java.lang.invoke.InvokerBytecodeGenerator::generateCustomizedCode (33 bytes)

VM state:at safepoint (normal execution)

VM Mutex/Monitor currently owned by a thread:  ([mutex/lock_event])
[0x000001c0ce929c60] Threads_lock - owner thread: 0x000001c0e8da5800
[0x000001c0ce928af0] Heap_lock - owner thread: 0x000001c0eadd1000

Heap address: 0x0000000080000000, size: 2048 MB, Compressed Oops mode: 32-bit
Narrow klass base: 0x0000000000000000, Narrow klass shift: 3
Compressed class space size: 1073741824 Address: 0x0000000100000000

Heap:
 garbage-first heap   total 118784K, used 77591K [0x0000000080000000, 0x0000000100000000)
  region size 1024K, 2 young (2048K), 2 survivors (2048K)
 Metaspace       used 48323K, capacity 49635K, committed 49840K, reserved 1093632K
  class space    used 6125K, capacity 6609K, committed 6656K, reserved 1048576K
Heap Regions: E=young(eden), S=young(survivor), O=old, HS=humongous(starts), HC=humongous(continues), CS=collection set, F=free, A=archive, TAMS=top-at-mark-start (previous, next)
|   0|0x0000000080000000, 0x0000000080100000, 0x0000000080100000|100%| O|  |TAMS 0x0000000080100000, 0x0000000080000000| Untracked 
|   1|0x0000000080100000, 0x0000000080200000, 0x0000000080200000|100%| O|  |TAMS 0x0000000080200000, 0x0000000080100000| Untracked 
|   2|0x0000000080200000, 0x0000000080300000, 0x0000000080300000|100%| O|  |TAMS 0x0000000080300000, 0x0000000080200000| Untracked 
|   3|0x0000000080300000, 0x0000000080400000, 0x0000000080400000|100%|HS|  |TAMS 0x0000000080400000, 0x0000000080300000| Complete 
|   4|0x0000000080400000, 0x0000000080500000, 0x0000000080500000|100%|HC|  |TAMS 0x0000000080500000, 0x0000000080400000| Complete 
|   5|0x0000000080500000, 0x0000000080600000, 0x0000000080600000|100%|HC|  |TAMS 0x0000000080600000, 0x0000000080500000| Complete 
|   6|0x0000000080600000, 0x0000000080700000, 0x0000000080700000|100%| O|  |TAMS 0x0000000080700000, 0x0000000080600000| Untracked 
|   7|0x0000000080700000, 0x0000000080800000, 0x0000000080800000|100%| O|  |TAMS 0x0000000080800000, 0x0000000080700000| Untracked 
|   8|0x0000000080800000, 0x0000000080900000, 0x0000000080900000|100%| O|  |TAMS 0x0000000080900000, 0x0000000080800000| Untracked 
|   9|0x0000000080900000, 0x0000000080a00000, 0x0000000080a00000|100%| O|  |TAMS 0x0000000080a00000, 0x0000000080900000| Untracked 
|  10|0x0000000080a00000, 0x0000000080b00000, 0x0000000080b00000|100%| O|  |TAMS 0x0000000080b00000, 0x0000000080a00000| Untracked 
|  11|0x0000000080b00000, 0x0000000080c00000, 0x0000000080c00000|100%| O|  |TAMS 0x0000000080c00000, 0x0000000080b00000| Untracked 
|  12|0x0000000080c00000, 0x0000000080d00000, 0x0000000080d00000|100%| O|  |TAMS 0x0000000080d00000, 0x0000000080c00000| Untracked 
|  13|0x0000000080d00000, 0x0000000080e00000, 0x0000000080e00000|100%| O|  |TAMS 0x0000000080e00000, 0x0000000080d00000| Untracked 
|  14|0x0000000080e00000, 0x0000000080f00000, 0x0000000080f00000|100%| O|  |TAMS 0x0000000080f00000, 0x0000000080e00000| Untracked 
|  15|0x0000000080f00000, 0x0000000081000000, 0x0000000081000000|100%|HS|  |TAMS 0x0000000081000000, 0x0000000080f00000| Complete 
|  16|0x0000000081000000, 0x0000000081100000, 0x0000000081100000|100%|HC|  |TAMS 0x0000000081100000, 0x0000000081000000| Complete 
|  17|0x0000000081100000, 0x0000000081200000, 0x0000000081200000|100%|HS|  |TAMS 0x0000000081200000, 0x0000000081100000| Complete 
|  18|0x0000000081200000, 0x0000000081300000, 0x0000000081300000|100%|HC|  |TAMS 0x0000000081300000, 0x0000000081200000| Complete 
|  19|0x0000000081300000, 0x0000000081400000, 0x0000000081400000|100%|HC|  |TAMS 0x0000000081400000, 0x0000000081300000| Complete 
|  20|0x0000000081400000, 0x0000000081500000, 0x0000000081500000|100%|HS|  |TAMS 0x0000000081500000, 0x0000000081400000| Complete 
|  21|0x0000000081500000, 0x0000000081600000, 0x0000000081600000|100%|HC|  |TAMS 0x0000000081600000, 0x0000000081500000| Complete 
|  22|0x0000000081600000, 0x0000000081700000, 0x0000000081700000|100%|HC|  |TAMS 0x0000000081700000, 0x0000000081600000| Complete 
|  23|0x0000000081700000, 0x0000000081800000, 0x0000000081800000|100%|HS|  |TAMS 0x0000000081800000, 0x0000000081700000| Complete 
|  24|0x0000000081800000, 0x0000000081900000, 0x0000000081900000|100%|HC|  |TAMS 0x0000000081900000, 0x0000000081800000| Complete 
|  25|0x0000000081900000, 0x0000000081a00000, 0x0000000081a00000|100%|HC|  |TAMS 0x0000000081a00000, 0x0000000081900000| Complete 
|  26|0x0000000081a00000, 0x0000000081b00000, 0x0000000081b00000|100%|HC|  |TAMS 0x0000000081b00000, 0x0000000081a00000| Complete 
|  27|0x0000000081b00000, 0x0000000081c00000, 0x0000000081c00000|100%|HS|  |TAMS 0x0000000081c00000, 0x0000000081b00000| Complete 
|  28|0x0000000081c00000, 0x0000000081d00000, 0x0000000081d00000|100%|HC|  |TAMS 0x0000000081d00000, 0x0000000081c00000| Complete 
|  29|0x0000000081d00000, 0x0000000081e00000, 0x0000000081e00000|100%|HC|  |TAMS 0x0000000081e00000, 0x0000000081d00000| Complete 
|  30|0x0000000081e00000, 0x0000000081f00000, 0x0000000081f00000|100%|HC|  |TAMS 0x0000000081f00000, 0x0000000081e00000| Complete 
|  31|0x0000000081f00000, 0x0000000082000000, 0x0000000082000000|100%|HC|  |TAMS 0x0000000082000000, 0x0000000081f00000| Complete 
|  32|0x0000000082000000, 0x0000000082100000, 0x0000000082100000|100%|HS|  |TAMS 0x0000000082100000, 0x0000000082000000| Complete 
|  33|0x0000000082100000, 0x0000000082200000, 0x0000000082200000|100%| O|  |TAMS 0x0000000082200000, 0x0000000082100000| Untracked 
|  34|0x0000000082200000, 0x0000000082300000, 0x0000000082300000|100%| O|  |TAMS 0x0000000082300000, 0x0000000082200000| Untracked 
|  35|0x0000000082300000, 0x0000000082400000, 0x0000000082400000|100%| O|  |TAMS 0x0000000082400000, 0x0000000082300000| Untracked 
|  36|0x0000000082400000, 0x0000000082500000, 0x0000000082500000|100%| O|  |TAMS 0x0000000082500000, 0x0000000082400000| Untracked 
|  37|0x0000000082500000, 0x0000000082600000, 0x0000000082600000|100%| O|  |TAMS 0x0000000082600000, 0x0000000082500000| Untracked 
|  38|0x0000000082600000, 0x0000000082700000, 0x0000000082700000|100%| O|  |TAMS 0x0000000082700000, 0x0000000082600000| Untracked 
|  39|0x0000000082700000, 0x0000000082800000, 0x0000000082800000|100%| O|  |TAMS 0x0000000082800000, 0x0000000082700000| Untracked 
|  40|0x0000000082800000, 0x0000000082900000, 0x0000000082900000|100%| O|  |TAMS 0x0000000082900000, 0x0000000082800000| Untracked 
|  41|0x0000000082900000, 0x0000000082a00000, 0x0000000082a00000|100%| O|  |TAMS 0x0000000082a00000, 0x0000000082900000| Untracked 
|  42|0x0000000082a00000, 0x0000000082b00000, 0x0000000082b00000|100%| O|  |TAMS 0x0000000082b00000, 0x0000000082a00000| Untracked 
|  43|0x0000000082b00000, 0x0000000082c00000, 0x0000000082c00000|100%| O|  |TAMS 0x0000000082c00000, 0x0000000082b00000| Untracked 
|  44|0x0000000082c00000, 0x0000000082d00000, 0x0000000082d00000|100%| O|  |TAMS 0x0000000082d00000, 0x0000000082c00000| Untracked 
|  45|0x0000000082d00000, 0x0000000082e00000, 0x0000000082e00000|100%| O|  |TAMS 0x0000000082e00000, 0x0000000082d00000| Untracked 
|  46|0x0000000082e00000, 0x0000000082f00000, 0x0000000082f00000|100%| O|  |TAMS 0x0000000082f00000, 0x0000000082e00000| Untracked 
|  47|0x0000000082f00000, 0x0000000083000000, 0x0000000083000000|100%| O|  |TAMS 0x0000000083000000, 0x0000000082f00000| Untracked 
|  48|0x0000000083000000, 0x0000000083100000, 0x0000000083100000|100%| O|  |TAMS 0x0000000083100000, 0x0000000083000000| Untracked 
|  49|0x0000000083100000, 0x0000000083200000, 0x0000000083200000|100%| O|  |TAMS 0x0000000083200000, 0x0000000083100000| Untracked 
|  50|0x0000000083200000, 0x0000000083300000, 0x0000000083300000|100%|HS|  |TAMS 0x0000000083300000, 0x0000000083200000| Complete 
|  51|0x0000000083300000, 0x0000000083400000, 0x0000000083400000|100%|HC|  |TAMS 0x0000000083400000, 0x0000000083300000| Complete 
|  52|0x0000000083400000, 0x0000000083500000, 0x0000000083500000|100%|HC|  |TAMS 0x0000000083500000, 0x0000000083400000| Complete 
|  53|0x0000000083500000, 0x0000000083600000, 0x0000000083600000|100%|HC|  |TAMS 0x0000000083600000, 0x0000000083500000| Complete 
|  54|0x0000000083600000, 0x0000000083700000, 0x0000000083700000|100%|HS|  |TAMS 0x0000000083700000, 0x0000000083600000| Complete 
|  55|0x0000000083700000, 0x0000000083800000, 0x0000000083800000|100%|HC|  |TAMS 0x0000000083800000, 0x0000000083700000| Complete 
|  56|0x0000000083800000, 0x0000000083900000, 0x0000000083900000|100%|HC|  |TAMS 0x0000000083900000, 0x0000000083800000| Complete 
|  57|0x0000000083900000, 0x0000000083a00000, 0x0000000083a00000|100%|HS|  |TAMS 0x0000000083a00000, 0x0000000083900000| Complete 
|  58|0x0000000083a00000, 0x0000000083b00000, 0x0000000083b00000|100%|HC|  |TAMS 0x0000000083b00000, 0x0000000083a00000| Complete 
|  59|0x0000000083b00000, 0x0000000083c00000, 0x0000000083c00000|100%|HS|  |TAMS 0x0000000083c00000, 0x0000000083b00000| Complete 
|  60|0x0000000083c00000, 0x0000000083d00000, 0x0000000083d00000|100%|HC|  |TAMS 0x0000000083d00000, 0x0000000083c00000| Complete 
|  61|0x0000000083d00000, 0x0000000083e00000, 0x0000000083e00000|100%|HC|  |TAMS 0x0000000083e00000, 0x0000000083d00000| Complete 
|  62|0x0000000083e00000, 0x0000000083f00000, 0x0000000083f00000|100%| O|  |TAMS 0x0000000083f00000, 0x0000000083e00000| Untracked 
|  63|0x0000000083f00000, 0x0000000084000000, 0x0000000084000000|100%| O|  |TAMS 0x0000000084000000, 0x0000000083f00000| Untracked 
|  64|0x0000000084000000, 0x0000000084100000, 0x0000000084100000|100%| O|  |TAMS 0x0000000084100000, 0x0000000084000000| Untracked 
|  65|0x0000000084100000, 0x0000000084200000, 0x0000000084200000|100%| O|  |TAMS 0x0000000084200000, 0x0000000084100000| Untracked 
|  66|0x0000000084200000, 0x00000000842e0000, 0x0000000084300000| 87%| O|  |TAMS 0x00000000842e0000, 0x0000000084200000| Untracked 
|  67|0x0000000084300000, 0x0000000084300000, 0x0000000084400000|  0%| F|  |TAMS 0x0000000084300000, 0x0000000084300000| Untracked 
|  68|0x0000000084400000, 0x0000000084400000, 0x0000000084500000|  0%| F|  |TAMS 0x0000000084400000, 0x0000000084400000| Untracked 
|  69|0x0000000084500000, 0x0000000084600000, 0x0000000084600000|100%| O|  |TAMS 0x0000000084600000, 0x0000000084500000| Untracked 
|  70|0x0000000084600000, 0x0000000084700000, 0x0000000084700000|100%| O|  |TAMS 0x0000000084700000, 0x0000000084600000| Untracked 
|  71|0x0000000084700000, 0x0000000084800000, 0x0000000084800000|100%|HS|  |TAMS 0x0000000084700000, 0x0000000084700000| Complete 
|  72|0x0000000084800000, 0x0000000084900000, 0x0000000084900000|100%|HC|  |TAMS 0x0000000084800000, 0x0000000084800000| Complete 
|  73|0x0000000084900000, 0x0000000084a00000, 0x0000000084a00000|100%|HC|  |TAMS 0x0000000084900000, 0x0000000084900000| Complete 
|  74|0x0000000084a00000, 0x0000000084b00000, 0x0000000084b00000|100%|HC|  |TAMS 0x0000000084a00000, 0x0000000084a00000| Complete 
|  75|0x0000000084b00000, 0x0000000084c00000, 0x0000000084c00000|100%|HC|  |TAMS 0x0000000084b00000, 0x0000000084b00000| Complete 
|  76|0x0000000084c00000, 0x0000000084c00000, 0x0000000084d00000|  0%| F|  |TAMS 0x0000000084c00000, 0x0000000084c00000| Untracked 
|  77|0x0000000084d00000, 0x0000000084d00000, 0x0000000084e00000|  0%| F|  |TAMS 0x0000000084d00000, 0x0000000084d00000| Untracked 
|  78|0x0000000084e00000, 0x0000000084e00000, 0x0000000084f00000|  0%| F|  |TAMS 0x0000000084e00000, 0x0000000084e00000| Untracked 
|  79|0x0000000084f00000, 0x0000000084f00000, 0x0000000085000000|  0%| F|  |TAMS 0x0000000084f00000, 0x0000000084f00000| Untracked 
|  80|0x0000000085000000, 0x0000000085000000, 0x0000000085100000|  0%| F|  |TAMS 0x0000000085000000, 0x0000000085000000| Untracked 
|  81|0x0000000085100000, 0x0000000085100000, 0x0000000085200000|  0%| F|  |TAMS 0x0000000085100000, 0x0000000085100000| Untracked 
|  82|0x0000000085200000, 0x0000000085200000, 0x0000000085300000|  0%| F|  |TAMS 0x0000000085200000, 0x0000000085200000| Untracked 
|  83|0x0000000085300000, 0x00000000853e5fb0, 0x0000000085400000| 89%| S|CS|TAMS 0x0000000085300000, 0x0000000085300000| Complete 
|  84|0x0000000085400000, 0x0000000085500000, 0x0000000085500000|100%| S|CS|TAMS 0x0000000085400000, 0x0000000085400000| Complete 
|  85|0x0000000085500000, 0x0000000085500000, 0x0000000085600000|  0%| F|  |TAMS 0x0000000085500000, 0x0000000085500000| Untracked 
|  86|0x0000000085600000, 0x0000000085600000, 0x0000000085700000|  0%| F|  |TAMS 0x0000000085600000, 0x0000000085600000| Untracked 
|  87|0x0000000085700000, 0x0000000085700000, 0x0000000085800000|  0%| F|  |TAMS 0x0000000085700000, 0x0000000085700000| Untracked 
|  88|0x0000000085800000, 0x0000000085800000, 0x0000000085900000|  0%| F|  |TAMS 0x0000000085800000, 0x0000000085800000| Untracked 
|  89|0x0000000085900000, 0x0000000085900000, 0x0000000085a00000|  0%| F|  |TAMS 0x0000000085900000, 0x0000000085900000| Untracked 
|  90|0x0000000085a00000, 0x0000000085a00000, 0x0000000085b00000|  0%| F|  |TAMS 0x0000000085a00000, 0x0000000085a00000| Untracked 
|  91|0x0000000085b00000, 0x0000000085b00000, 0x0000000085c00000|  0%| F|  |TAMS 0x0000000085b00000, 0x0000000085b00000| Untracked 
|  92|0x0000000085c00000, 0x0000000085c00000, 0x0000000085d00000|  0%| F|  |TAMS 0x0000000085c00000, 0x0000000085c00000| Untracked 
|  93|0x0000000085d00000, 0x0000000085d00000, 0x0000000085e00000|  0%| F|  |TAMS 0x0000000085d00000, 0x0000000085d00000| Untracked 
|  94|0x0000000085e00000, 0x0000000085e00000, 0x0000000085f00000|  0%| F|  |TAMS 0x0000000085e00000, 0x0000000085e00000| Untracked 
|  95|0x0000000085f00000, 0x0000000085f00000, 0x0000000086000000|  0%| F|  |TAMS 0x0000000085f00000, 0x0000000085f00000| Untracked 

Card table byte_map: [0x000001c0e1b70000,0x000001c0e1f70000] _byte_map_base: 0x000001c0e1770000

Marking Bits (Prev, Next): (CMBitMap*) 0x000001c0ce96cbd8, (CMBitMap*) 0x000001c0ce96cc10
 Prev Bits: [0x000001c0e2370000, 0x000001c0e4370000)
 Next Bits: [0x000001c0e4370000, 0x000001c0e6370000)

Polling page: 0x000001c0ce100000

Metaspace:

Usage:
  Non-class:     42.02 MB capacity,    41.21 MB ( 98%) used,   705.45 KB (  2%) free+waste,   122.81 KB ( <1%) overhead. 
      Class:      6.45 MB capacity,     5.98 MB ( 93%) used,   424.09 KB (  6%) free+waste,    59.50 KB ( <1%) overhead. 
       Both:     48.47 MB capacity,    47.19 MB ( 97%) used,     1.10 MB (  2%) free+waste,   182.31 KB ( <1%) overhead. 

Virtual space:
  Non-class space:       44.00 MB reserved,      42.17 MB ( 96%) committed 
      Class space:        1.00 GB reserved,       6.50 MB ( <1%) committed 
             Both:        1.04 GB reserved,      48.67 MB (  5%) committed 

Chunk freelists:
   Non-Class:  30.00 KB
       Class:  15.00 KB
        Both:  45.00 KB

MaxMetaspaceSize: 17179869184.00 GB
CompressedClassSpaceSize: 1.00 GB
Initial GC threshold: 20.80 MB
Current GC threshold: 80.29 MB
CDS: off

CodeHeap 'non-profiled nmethods': size=120000Kb used=2102Kb max_used=2102Kb free=117897Kb
 bounds [0x000001c0d9f10000, 0x000001c0da180000, 0x000001c0e1440000]
CodeHeap 'profiled nmethods': size=120000Kb used=9274Kb max_used=9274Kb free=110725Kb
 bounds [0x000001c0d29e0000, 0x000001c0d32f0000, 0x000001c0d9f10000]
CodeHeap 'non-nmethods': size=5760Kb used=2290Kb max_used=2334Kb free=3469Kb
 bounds [0x000001c0d2440000, 0x000001c0d26b0000, 0x000001c0d29e0000]
 total_blobs=5051 nmethods=4262 adapters=700
 compilation: enabled
              stopped_count=0, restarted_count=0
 full_count=0

Compilation events (20 events):
Event: 19.183 Thread 0x000001c0e8dd5800 nmethod 4313 0x000001c0d32e7f10 code [0x000001c0d32e8100, 0x000001c0d32e8448]
Event: 19.186 Thread 0x000001c0e8dd5800 4314       3       java.util.regex.Pattern$TreeInfo::reset (21 bytes)
Event: 19.187 Thread 0x000001c0e8dd5800 nmethod 4314 0x000001c0d32e8590 code [0x000001c0d32e8740, 0x000001c0d32e8858]
Event: 19.192 Thread 0x000001c0e8dd5800 4316       3       java.util.regex.Pattern$Branch::match (66 bytes)
Event: 19.193 Thread 0x000001c0e8dd5800 nmethod 4316 0x000001c0d32e8910 code [0x000001c0d32e8b00, 0x000001c0d32e8f98]
Event: 19.193 Thread 0x000001c0e8dd5800 4317       3       java.util.regex.Matcher::start (22 bytes)
Event: 19.193 Thread 0x000001c0e8dd5800 nmethod 4317 0x000001c0d32e9190 code [0x000001c0d32e9360, 0x000001c0d32e9568]
Event: 19.195 Thread 0x000001c0e8dd5800 4318       3       java.lang.invoke.LambdaFormEditor::bindArgumentType (101 bytes)
Event: 19.195 Thread 0x000001c0e8dd5800 nmethod 4318 0x000001c0d32e9690 code [0x000001c0d32e9860, 0x000001c0d32e9a68]
Event: 19.195 Thread 0x000001c0e8dd5800 4319       3       java.lang.invoke.LambdaFormEditor::bindArgumentForm (269 bytes)
Event: 19.198 Thread 0x000001c0e8dd5800 nmethod 4319 0x000001c0d32e9b90 code [0x000001c0d32e9f60, 0x000001c0d32eb808]
Event: 19.203 Thread 0x000001c0e8dd5800 4320       3       java.security.AccessControlContext::combine (205 bytes)
Event: 19.205 Thread 0x000001c0e8dd5800 nmethod 4320 0x000001c0d32ec290 code [0x000001c0d32ec4c0, 0x000001c0d32ecfd8]
Event: 19.206 Thread 0x000001c0e8dd5800 4321  s    1       java.net.DatagramPacket::getLength (5 bytes)
Event: 19.206 Thread 0x000001c0e8dd5800 nmethod 4321 0x000001c0da11cd10 code [0x000001c0da11cec0, 0x000001c0da11d0d8]
Event: 19.210 Thread 0x000001c0e8dd5800 4322       3       org.gradle.internal.logging.slf4j.OutputEventListenerBackedLogger::debug (7 bytes)
Event: 19.211 Thread 0x000001c0e8dd5800 nmethod 4322 0x000001c0d32ed310 code [0x000001c0d32ed540, 0x000001c0d32edcf8]
Event: 19.211 Thread 0x000001c0e8dd5800 4323       3       org.gradle.internal.logging.slf4j.BuildOperationAwareLogger::debug (18 bytes)
Event: 19.212 Thread 0x000001c0e8dd5800 nmethod 4323 0x000001c0d32ee010 code [0x000001c0d32ee200, 0x000001c0d32ee6d8]
Event: 19.215 Thread 0x000001c0e8dd5800 4328       3       java.lang.invoke.InvokerBytecodeGenerator::generateCustomizedCode (33 bytes)

GC Heap History (20 events):
Event: 15.147 GC heap after
{Heap after GC invocations=11 (full 0):
 garbage-first heap   total 98304K, used 50393K [0x0000000080000000, 0x0000000100000000)
  region size 1024K, 3 young (3072K), 3 survivors (3072K)
 Metaspace       used 39705K, capacity 40768K, committed 41008K, reserved 1085440K
  class space    used 5089K, capacity 5499K, committed 5504K, reserved 1048576K
}
Event: 16.231 GC heap before
{Heap before GC invocations=12 (full 0):
 garbage-first heap   total 98304K, used 78041K [0x0000000080000000, 0x0000000100000000)
  region size 1024K, 27 young (27648K), 3 survivors (3072K)
 Metaspace       used 42614K, capacity 43680K, committed 43952K, reserved 1087488K
  class space    used 5413K, capacity 5808K, committed 5888K, reserved 1048576K
}
Event: 16.237 GC heap after
{Heap after GC invocations=13 (full 0):
 garbage-first heap   total 98304K, used 51054K [0x0000000080000000, 0x0000000100000000)
  region size 1024K, 3 young (3072K), 3 survivors (3072K)
 Metaspace       used 42614K, capacity 43680K, committed 43952K, reserved 1087488K
  class space    used 5413K, capacity 5808K, committed 5888K, reserved 1048576K
}
Event: 16.996 GC heap before
{Heap before GC invocations=13 (full 0):
 garbage-first heap   total 98304K, used 69486K [0x0000000080000000, 0x0000000100000000)
  region size 1024K, 23 young (23552K), 3 survivors (3072K)
 Metaspace       used 43987K, capacity 45089K, committed 45360K, reserved 1089536K
  class space    used 5606K, capacity 5995K, committed 6016K, reserved 1048576K
}
Event: 17.005 GC heap after
{Heap after GC invocations=14 (full 0):
 garbage-first heap   total 98304K, used 52837K [0x0000000080000000, 0x0000000100000000)
  region size 1024K, 4 young (4096K), 4 survivors (4096K)
 Metaspace       used 43987K, capacity 45089K, committed 45360K, reserved 1089536K
  class space    used 5606K, capacity 5995K, committed 6016K, reserved 1048576K
}
Event: 17.734 GC heap before
{Heap before GC invocations=15 (full 0):
 garbage-first heap   total 98304K, used 87653K [0x0000000080000000, 0x0000000100000000)
  region size 1024K, 27 young (27648K), 4 survivors (4096K)
 Metaspace       used 45196K, capacity 46386K, committed 46640K, reserved 1089536K
  class space    used 5749K, capacity 6190K, committed 6272K, reserved 1048576K
}
Event: 17.744 GC heap after
{Heap after GC invocations=16 (full 0):
 garbage-first heap   total 98304K, used 68608K [0x0000000080000000, 0x0000000100000000)
  region size 1024K, 4 young (4096K), 4 survivors (4096K)
 Metaspace       used 45196K, capacity 46386K, committed 46640K, reserved 1089536K
  class space    used 5749K, capacity 6190K, committed 6272K, reserved 1048576K
}
Event: 17.747 GC heap before
{Heap before GC invocations=16 (full 0):
 garbage-first heap   total 98304K, used 68608K [0x0000000080000000, 0x0000000100000000)
  region size 1024K, 5 young (5120K), 4 survivors (4096K)
 Metaspace       used 45196K, capacity 46386K, committed 46640K, reserved 1089536K
  class space    used 5749K, capacity 6190K, committed 6272K, reserved 1048576K
}
Event: 17.755 GC heap after
{Heap after GC invocations=17 (full 0):
 garbage-first heap   total 98304K, used 69034K [0x0000000080000000, 0x0000000100000000)
  region size 1024K, 1 young (1024K), 1 survivors (1024K)
 Metaspace       used 45196K, capacity 46386K, committed 46640K, reserved 1089536K
  class space    used 5749K, capacity 6190K, committed 6272K, reserved 1048576K
}
Event: 18.008 GC heap before
{Heap before GC invocations=18 (full 0):
 garbage-first heap   total 98304K, used 77226K [0x0000000080000000, 0x0000000100000000)
  region size 1024K, 9 young (9216K), 1 survivors (1024K)
 Metaspace       used 46267K, capacity 47410K, committed 47664K, reserved 1091584K
  class space    used 5793K, capacity 6232K, committed 6272K, reserved 1048576K
}
Event: 18.012 GC heap after
{Heap after GC invocations=19 (full 0):
 garbage-first heap   total 98304K, used 69218K [0x0000000080000000, 0x0000000100000000)
  region size 1024K, 1 young (1024K), 1 survivors (1024K)
 Metaspace       used 46267K, capacity 47410K, committed 47664K, reserved 1091584K
  class space    used 5793K, capacity 6232K, committed 6272K, reserved 1048576K
}
Event: 18.156 GC heap before
{Heap before GC invocations=19 (full 0):
 garbage-first heap   total 98304K, used 78434K [0x0000000080000000, 0x0000000100000000)
  region size 1024K, 10 young (10240K), 1 survivors (1024K)
 Metaspace       used 46418K, capacity 47542K, committed 47664K, reserved 1091584K
  class space    used 5823K, capacity 6232K, committed 6272K, reserved 1048576K
}
Event: 18.164 GC heap after
{Heap after GC invocations=20 (full 0):
 garbage-first heap   total 98304K, used 69755K [0x0000000080000000, 0x0000000100000000)
  region size 1024K, 2 young (2048K), 2 survivors (2048K)
 Metaspace       used 46418K, capacity 47542K, committed 47664K, reserved 1091584K
  class space    used 5823K, capacity 6232K, committed 6272K, reserved 1048576K
}
Event: 18.450 GC heap before
{Heap before GC invocations=21 (full 0):
 garbage-first heap   total 98304K, used 78971K [0x0000000080000000, 0x0000000100000000)
  region size 1024K, 11 young (11264K), 2 survivors (2048K)
 Metaspace       used 46835K, capacity 48026K, committed 48304K, reserved 1091584K
  class space    used 5888K, capacity 6350K, committed 6400K, reserved 1048576K
}
Event: 18.456 GC heap after
{Heap after GC invocations=22 (full 0):
 garbage-first heap   total 98304K, used 70504K [0x0000000080000000, 0x0000000100000000)
  region size 1024K, 2 young (2048K), 2 survivors (2048K)
 Metaspace       used 46835K, capacity 48026K, committed 48304K, reserved 1091584K
  class space    used 5888K, capacity 6350K, committed 6400K, reserved 1048576K
}
Event: 18.723 GC heap before
{Heap before GC invocations=22 (full 0):
 garbage-first heap   total 98304K, used 79720K [0x0000000080000000, 0x0000000100000000)
  region size 1024K, 11 young (11264K), 2 survivors (2048K)
 Metaspace       used 47493K, capacity 48790K, committed 48944K, reserved 1091584K
  class space    used 5996K, capacity 6456K, committed 6528K, reserved 1048576K
}
Event: 18.729 GC heap after
{Heap after GC invocations=23 (full 0):
 garbage-first heap   total 98304K, used 70968K [0x0000000080000000, 0x0000000100000000)
  region size 1024K, 2 young (2048K), 2 survivors (2048K)
 Metaspace       used 47493K, capacity 48790K, committed 48944K, reserved 1091584K
  class space    used 5996K, capacity 6456K, committed 6528K, reserved 1048576K
}
Event: 18.851 GC heap before
{Heap before GC invocations=24 (full 0):
 garbage-first heap   total 98304K, used 73016K [0x0000000080000000, 0x0000000100000000)
  region size 1024K, 5 young (5120K), 2 survivors (2048K)
 Metaspace       used 47737K, capacity 49130K, committed 49200K, reserved 1091584K
  class space    used 6038K, capacity 6527K, committed 6528K, reserved 1048576K
}
Event: 18.857 GC heap after
{Heap after GC invocations=25 (full 0):
 garbage-first heap   total 98304K, used 71150K [0x0000000080000000, 0x0000000100000000)
  region size 1024K, 1 young (1024K), 1 survivors (1024K)
 Metaspace       used 47737K, capacity 49130K, committed 49200K, reserved 1091584K
  class space    used 6038K, capacity 6527K, committed 6528K, reserved 1048576K
}
Event: 19.216 GC heap before
{Heap before GC invocations=26 (full 0):
 garbage-first heap   total 98304K, used 85486K [0x0000000080000000, 0x0000000100000000)
  region size 1024K, 11 young (11264K), 1 survivors (1024K)
 Metaspace       used 48323K, capacity 49635K, committed 49840K, reserved 1093632K
  class space    used 6125K, capacity 6609K, committed 6656K, reserved 1048576K
}

Deoptimization events (20 events):
Event: 17.052 Thread 0x000001c0eadd1000 DEOPT PACKING pc=0x000001c0d9f94fb0 sp=0x00000043978f3e50
Event: 17.052 Thread 0x000001c0eadd1000 DEOPT UNPACKING pc=0x000001c0d248a1af sp=0x00000043978f3e20 mode 2
Event: 17.083 Thread 0x000001c0eadd1000 Uncommon trap: trap_request=0xffffff4d fr.pc=0x000001c0da07873c relative=0x0000000000004f1c
Event: 17.083 Thread 0x000001c0eadd1000 Uncommon trap: reason=unstable_if action=reinterpret pc=0x000001c0da07873c method=java.lang.StringLatin1.regionMatchesCI([BI[BII)Z @ 66 c2
Event: 17.083 Thread 0x000001c0eadd1000 DEOPT PACKING pc=0x000001c0da07873c sp=0x00000043978f7a00
Event: 17.083 Thread 0x000001c0eadd1000 DEOPT UNPACKING pc=0x000001c0d248a1af sp=0x00000043978f77b0 mode 2
Event: 17.381 Thread 0x000001c0eadd1000 Uncommon trap: trap_request=0xffffff4d fr.pc=0x000001c0d9f6efb8 relative=0x0000000000000558
Event: 17.381 Thread 0x000001c0eadd1000 Uncommon trap: reason=unstable_if action=reinterpret pc=0x000001c0d9f6efb8 method=java.util.jar.Manifest$FastInputStream.readLine([BII)I @ 130 c2
Event: 17.381 Thread 0x000001c0eadd1000 DEOPT PACKING pc=0x000001c0d9f6efb8 sp=0x00000043978f5170
Event: 17.381 Thread 0x000001c0eadd1000 DEOPT UNPACKING pc=0x000001c0d248a1af sp=0x00000043978f5100 mode 2
Event: 17.869 Thread 0x000001c0eadd1000 Uncommon trap: trap_request=0xffffff4d fr.pc=0x000001c0d9ff6db4 relative=0x0000000000000234
Event: 17.869 Thread 0x000001c0eadd1000 Uncommon trap: reason=unstable_if action=reinterpret pc=0x000001c0d9ff6db4 method=java.util.HashMap.putVal(ILjava/lang/Object;Ljava/lang/Object;ZZ)Ljava/lang/Object; @ 162 c2
Event: 17.869 Thread 0x000001c0eadd1000 DEOPT PACKING pc=0x000001c0d9ff6db4 sp=0x00000043978f9cc0
Event: 17.869 Thread 0x000001c0eadd1000 DEOPT UNPACKING pc=0x000001c0d248a1af sp=0x00000043978f9bd0 mode 2
Event: 18.393 Thread 0x000001c0eadd1000 Uncommon trap: trap_request=0xffffff4d fr.pc=0x000001c0da0d9834 relative=0x0000000000000114
Event: 18.393 Thread 0x000001c0eadd1000 Uncommon trap: reason=unstable_if action=reinterpret pc=0x000001c0da0d9834 method=java.util.Arrays.hashCode([Ljava/lang/Object;)I @ 34 c2
Event: 18.393 Thread 0x000001c0eadd1000 DEOPT PACKING pc=0x000001c0da0d9834 sp=0x00000043978f85f0
Event: 18.393 Thread 0x000001c0eadd1000 DEOPT UNPACKING pc=0x000001c0d248a1af sp=0x00000043978f8568 mode 2
Event: 18.822 Thread 0x000001c0eadd1000 DEOPT PACKING pc=0x000001c0d2f1f279 sp=0x00000043978fa8e0
Event: 18.822 Thread 0x000001c0eadd1000 DEOPT UNPACKING pc=0x000001c0d248a95e sp=0x00000043978f9db0 mode 0

Classes redefined (0 events):
No events

Internal exceptions (20 events):
Event: 18.351 Thread 0x000001c0eadd1000 Exception <a 'java/lang/ClassNotFoundException'{0x0000000085a97630}: org/gradle/api/internal/provider/DefaultPropertyBeanInfo> (0x0000000085a97630) thrown at [./src/hotspot/share/classfile/systemDictionary.cpp, line 231]
Event: 18.353 Thread 0x000001c0eadd1000 Exception <a 'java/lang/ClassNotFoundException'{0x0000000085abfcd8}: org/gradle/api/internal/provider/AbstractPropertyBeanInfo> (0x0000000085abfcd8) thrown at [./src/hotspot/share/classfile/systemDictionary.cpp, line 231]
Event: 18.355 Thread 0x000001c0eadd1000 Exception <a 'java/lang/ClassNotFoundException'{0x0000000085aea310}: org/gradle/api/internal/provider/AbstractMinimalProviderBeanInfo> (0x0000000085aea310) thrown at [./src/hotspot/share/classfile/systemDictionary.cpp, line 231]
Event: 18.357 Thread 0x000001c0eadd1000 Exception <a 'java/lang/ClassNotFoundException'{0x0000000085915958}: org/gradle/api/internal/provider/AbstractMinimalProviderCustomizer> (0x0000000085915958) thrown at [./src/hotspot/share/classfile/systemDictionary.cpp, line 231]
Event: 18.366 Thread 0x000001c0eadd1000 Exception <a 'java/lang/ClassNotFoundException'{0x0000000085979b78}: org/gradle/api/internal/provider/AbstractPropertyCustomizer> (0x0000000085979b78) thrown at [./src/hotspot/share/classfile/systemDictionary.cpp, line 231]
Event: 18.370 Thread 0x000001c0eadd1000 Exception <a 'java/lang/ClassNotFoundException'{0x00000000859ae970}: org/gradle/api/internal/provider/DefaultPropertyCustomizer> (0x00000000859ae970) thrown at [./src/hotspot/share/classfile/systemDictionary.cpp, line 231]
Event: 18.386 Thread 0x000001c0eadd1000 Exception <a 'java/lang/ClassNotFoundException'{0x0000000085824f10}: org/gradle/initialization/DefaultProjectDescriptorBeanInfo> (0x0000000085824f10) thrown at [./src/hotspot/share/classfile/systemDictionary.cpp, line 231]
Event: 18.389 Thread 0x000001c0eadd1000 Exception <a 'java/lang/ClassNotFoundException'{0x000000008584d2a0}: org/gradle/initialization/DefaultProjectDescriptorCustomizer> (0x000000008584d2a0) thrown at [./src/hotspot/share/classfile/systemDictionary.cpp, line 231]
Event: 18.393 Thread 0x000001c0eadd1000 Implicit null exception at 0x000001c0da0d976f to 0x000001c0da0d9818
Event: 18.515 Thread 0x000001c0eadd1000 Exception <a 'java/lang/ClassNotFoundException'{0x0000000085ead6e0}: org/jetbrains/plugins/gradle/model/web/WebConfigurationBeanInfo> (0x0000000085ead6e0) thrown at [./src/hotspot/share/classfile/systemDictionary.cpp, line 231]
Event: 18.516 Thread 0x000001c0eadd1000 Exception <a 'java/lang/ClassNotFoundException'{0x0000000085ebdc60}: org/jetbrains/plugins/gradle/model/web/WebConfigurationCustomizer> (0x0000000085ebdc60) thrown at [./src/hotspot/share/classfile/systemDictionary.cpp, line 231]
Event: 18.524 Thread 0x000001c0eadd1000 Exception <a 'java/lang/ClassNotFoundException'{0x0000000085eef960}: org/jetbrains/plugins/gradle/model/scala/ScalaModelBeanInfo> (0x0000000085eef960) thrown at [./src/hotspot/share/classfile/systemDictionary.cpp, line 231]
Event: 18.525 Thread 0x000001c0eadd1000 Exception <a 'java/lang/ClassNotFoundException'{0x0000000085effac8}: org/jetbrains/plugins/gradle/model/scala/ScalaModelCustomizer> (0x0000000085effac8) thrown at [./src/hotspot/share/classfile/systemDictionary.cpp, line 231]
Event: 18.907 Thread 0x000001c0eadd1000 Exception <a 'java/lang/ClassNotFoundException'{0x0000000085e80db0}: org/gradle/api/internal/project/DefaultProject_DecoratedBeanInfo> (0x0000000085e80db0) thrown at [./src/hotspot/share/classfile/systemDictionary.cpp, line 231]
Event: 18.911 Thread 0x000001c0eadd1000 Exception <a 'java/lang/ClassNotFoundException'{0x0000000085e9ad28}: org/gradle/api/internal/project/DefaultProjectBeanInfo> (0x0000000085e9ad28) thrown at [./src/hotspot/share/classfile/systemDictionary.cpp, line 231]
Event: 18.912 Thread 0x000001c0eadd1000 Exception <a 'java/lang/ClassNotFoundException'{0x0000000085eb4a88}: org/gradle/api/internal/project/DefaultProjectCustomizer> (0x0000000085eb4a88) thrown at [./src/hotspot/share/classfile/systemDictionary.cpp, line 231]
Event: 18.925 Thread 0x000001c0eadd1000 Exception <a 'java/lang/ClassNotFoundException'{0x0000000085d63928}: org/gradle/api/internal/project/DefaultProject_DecoratedCustomizer> (0x0000000085d63928) thrown at [./src/hotspot/share/classfile/systemDictionary.cpp, line 231]
Event: 19.212 Thread 0x000001c0eadd1000 Exception <a 'java/lang/NoSuchMethodError'{0x00000000855c51d8}: 'java.lang.Object java.lang.invoke.DelegatingMethodHandle$Holder.reinvoke_L(java.lang.Object, java.lang.Object, java.lang.Object, java.lang.Object, java.lang.Object, java.lang.Object, java.lang.Object, java.lang.Object, java.lang.Object, java.lang.Object, java.lang.Object, java.lang.Object, java.lang.Object, java.lang.Object, java.lang.Object, java.lang.Object, java.lang.Object, java.lang.Object, java.lang.Object, java.lang.Object, java.lang.O
Event: 19.214 Thread 0x000001c0eadd1000 Exception <a 'java/lang/NoSuchMethodError'{0x00000000855dc5e0}: 'java.lang.Object java.lang.invoke.Invokers$Holder.invoker(java.lang.Object, java.lang.Object, java.lang.Object, java.lang.Object, java.lang.Object, java.lang.Object, java.lang.Object, java.lang.Object, java.lang.Object, java.lang.Object, java.lang.Object, java.lang.Object, java.lang.Object, java.lang.Object, java.lang.Object, java.lang.Object, java.lang.Object, java.lang.Object, java.lang.Object, java.lang.Object, java.lang.Object)'> (0x00000
Event: 19.214 Thread 0x000001c0eadd1000 Exception <a 'java/lang/NoSuchMethodError'{0x00000000855e4148}: 'java.lang.Object java.lang.invoke.DelegatingMethodHandle$Holder.delegate(java.lang.Object, java.lang.Object, java.lang.Object, java.lang.Object, java.lang.Object, java.lang.Object, java.lang.Object, java.lang.Object, java.lang.Object, java.lang.Object, java.lang.Object, java.lang.Object, java.lang.Object, java.lang.Object, java.lang.Object, java.lang.Object, java.lang.Object, java.lang.Object, java.lang.Object, java.lang.Object, java.lang.Obj

Events (20 events):
Event: 19.194 loading class org/gradle/caching/internal/origin/OriginMetadataFactory$PropertiesConfigurator
Event: 19.194 loading class org/gradle/caching/internal/origin/OriginMetadataFactory$PropertiesConfigurator done
Event: 19.195 loading class org/gradle/internal/nativeintegration/network/HostnameLookup
Event: 19.195 loading class org/gradle/internal/nativeintegration/network/HostnameLookup done
Event: 19.195 loading class org/gradle/caching/internal/origin/OriginMetadataFactory$HostnameLookup
Event: 19.195 loading class org/gradle/caching/internal/origin/OriginMetadataFactory$HostnameLookup done
Event: 19.196 loading class org/gradle/caching/internal/controller/impl/DefaultBuildCacheCommandFactory
Event: 19.196 loading class org/gradle/caching/internal/controller/impl/DefaultBuildCacheCommandFactory done
Event: 19.197 loading class org/gradle/caching/internal/controller/BuildCacheLoadCommand
Event: 19.197 loading class org/gradle/caching/internal/controller/BuildCacheLoadCommand done
Event: 19.198 loading class org/gradle/caching/internal/controller/BuildCacheStoreCommand
Event: 19.198 loading class org/gradle/caching/internal/controller/BuildCacheStoreCommand done
Event: 19.199 loading class org/gradle/internal/cleanup/DefaultBuildOutputCleanupRegistry
Event: 19.199 loading class org/gradle/internal/cleanup/DefaultBuildOutputCleanupRegistry done
Event: 19.200 loading class java/util/Collections$SingletonMap
Event: 19.200 loading class java/util/Collections$SingletonMap done
Event: 19.201 loading class org/gradle/internal/execution/history/impl/DefaultOutputFilesRepository
Event: 19.201 loading class org/gradle/internal/execution/history/impl/DefaultOutputFilesRepository done
Event: 19.204 Thread 0x000001c0eecdb000 Thread added: 0x000001c0eecdb000
Event: 19.216 Executing VM operation: G1CollectForAllocation


Dynamic libraries:
0x00007ff7157d0000 - 0x00007ff7157da000 	C:\Program Files\Android\Android Studio\jre\bin\java.exe
0x00007ff951a30000 - 0x00007ff951c44000 	C:\WINDOWS\SYSTEM32\ntdll.dll
0x00007ff94fcf0000 - 0x00007ff94fdb2000 	C:\WINDOWS\System32\KERNEL32.DLL
0x00007ff94f310000 - 0x00007ff94f6ac000 	C:\WINDOWS\System32\KERNELBASE.dll
0x00007ff947810000 - 0x00007ff947829000 	C:\Program Files\Android\Android Studio\jre\bin\jli.dll
0x00007ff94f1f0000 - 0x00007ff94f301000 	C:\WINDOWS\System32\ucrtbase.dll
0x00007ff947c90000 - 0x00007ff947ca7000 	C:\Program Files\Android\Android Studio\jre\bin\VCRUNTIME140.dll
0x00007ff951550000 - 0x00007ff9516fb000 	C:\WINDOWS\System32\USER32.dll
0x00007ff94f770000 - 0x00007ff94f796000 	C:\WINDOWS\System32\win32u.dll
0x00007ff9388f0000 - 0x00007ff938b7e000 	C:\WINDOWS\WinSxS\amd64_microsoft.windows.common-controls_6595b64144ccf1df_6.0.22621.608_none_a9444ca7c10bb01d\COMCTL32.dll
0x00007ff950070000 - 0x00007ff950099000 	C:\WINDOWS\System32\GDI32.dll
0x00007ff950dd0000 - 0x00007ff950e77000 	C:\WINDOWS\System32\msvcrt.dll
0x00007ff94eee0000 - 0x00007ff94eff3000 	C:\WINDOWS\System32\gdi32full.dll
0x00007ff94f7a0000 - 0x00007ff94f83a000 	C:\WINDOWS\System32\msvcp_win.dll
0x00007ff951510000 - 0x00007ff951541000 	C:\WINDOWS\System32\IMM32.DLL
0x00007ff916170000 - 0x00007ff91620d000 	C:\Program Files\Android\Android Studio\jre\bin\msvcp140.dll
0x00007ff90c6b0000 - 0x00007ff90d1b2000 	C:\Program Files\Android\Android Studio\jre\bin\server\jvm.dll
0x00007ff9500d0000 - 0x00007ff95017e000 	C:\WINDOWS\System32\ADVAPI32.dll
0x00007ff94fc40000 - 0x00007ff94fce4000 	C:\WINDOWS\System32\sechost.dll
0x00007ff94ff50000 - 0x00007ff950067000 	C:\WINDOWS\System32\RPCRT4.dll
0x00007ff9500a0000 - 0x00007ff9500a8000 	C:\WINDOWS\System32\PSAPI.DLL
0x00007ff94c1f0000 - 0x00007ff94c1f9000 	C:\WINDOWS\SYSTEM32\WSOCK32.dll
0x00007ff9478e0000 - 0x00007ff947914000 	C:\WINDOWS\SYSTEM32\WINMM.dll
0x00007ff9518f0000 - 0x00007ff951961000 	C:\WINDOWS\System32\WS2_32.dll
0x00007ff9473a0000 - 0x00007ff9473aa000 	C:\WINDOWS\SYSTEM32\VERSION.dll
0x00007ff94de90000 - 0x00007ff94dea8000 	C:\WINDOWS\SYSTEM32\kernel.appcore.dll
0x00007ff94c100000 - 0x00007ff94c111000 	C:\Program Files\Android\Android Studio\jre\bin\verify.dll
0x00007ff93d2c0000 - 0x00007ff93d4ee000 	C:\WINDOWS\SYSTEM32\DBGHELP.DLL
0x00007ff94f840000 - 0x00007ff94fbc9000 	C:\WINDOWS\System32\combase.dll
0x00007ff9513d0000 - 0x00007ff9514a7000 	C:\WINDOWS\System32\OLEAUT32.dll
0x00007ff9338e0000 - 0x00007ff933912000 	C:\WINDOWS\SYSTEM32\dbgcore.DLL
0x00007ff94f000000 - 0x00007ff94f07b000 	C:\WINDOWS\System32\bcryptPrimitives.dll
0x00007ff94a320000 - 0x00007ff94a349000 	C:\Program Files\Android\Android Studio\jre\bin\java.dll
0x00007ff94a4f0000 - 0x00007ff94a4fb000 	C:\Program Files\Android\Android Studio\jre\bin\jimage.dll
0x00007ff94a3a0000 - 0x00007ff94a3b8000 	C:\Program Files\Android\Android Studio\jre\bin\zip.dll
0x00007ff950280000 - 0x00007ff950a70000 	C:\WINDOWS\System32\SHELL32.dll
0x00007ff94ce30000 - 0x00007ff94d6fd000 	C:\WINDOWS\SYSTEM32\windows.storage.dll
0x00007ff94ccf0000 - 0x00007ff94ce2e000 	C:\WINDOWS\SYSTEM32\wintypes.dll
0x00007ff950180000 - 0x00007ff950271000 	C:\WINDOWS\System32\SHCORE.dll
0x00007ff94fdc0000 - 0x00007ff94fe1e000 	C:\WINDOWS\System32\shlwapi.dll
0x00007ff94eda0000 - 0x00007ff94edc1000 	C:\WINDOWS\SYSTEM32\profapi.dll
0x00007ff94a2e0000 - 0x00007ff94a2fa000 	C:\Program Files\Android\Android Studio\jre\bin\net.dll
0x00007ff947650000 - 0x00007ff947787000 	C:\WINDOWS\SYSTEM32\WINHTTP.dll
0x00007ff94e330000 - 0x00007ff94e399000 	C:\WINDOWS\system32\mswsock.dll
0x00007ff94a2c0000 - 0x00007ff94a2d4000 	C:\Program Files\Android\Android Studio\jre\bin\nio.dll
0x00007ff9385c0000 - 0x00007ff9385e7000 	C:\Users\nilesh\.gradle\native\e1d6ef7f7dcc3fd88c89a11ec53ec762bb8ba0a96d01ffa2cd45eb1d1d8dd5c5\windows-amd64\native-platform.dll
0x00007ff913c20000 - 0x00007ff913d64000 	C:\Users\nilesh\.gradle\native\0d407fdbe67a94daf76414ababcb853783967236a71b16ec16e742cd7a986fd3\windows-amd64\native-platform-file-events.dll
0x00007ff949fb0000 - 0x00007ff949fba000 	C:\Program Files\Android\Android Studio\jre\bin\management.dll
0x00007ff949fa0000 - 0x00007ff949fad000 	C:\Program Files\Android\Android Studio\jre\bin\management_ext.dll
0x00007ff94e5a0000 - 0x00007ff94e5bb000 	C:\WINDOWS\SYSTEM32\CRYPTSP.dll
0x00007ff94de00000 - 0x00007ff94de35000 	C:\WINDOWS\system32\rsaenh.dll
0x00007ff94e430000 - 0x00007ff94e458000 	C:\WINDOWS\SYSTEM32\USERENV.dll
0x00007ff94e750000 - 0x00007ff94e778000 	C:\WINDOWS\SYSTEM32\bcrypt.dll
0x00007ff94e590000 - 0x00007ff94e59c000 	C:\WINDOWS\SYSTEM32\CRYPTBASE.dll
0x00007ff94d990000 - 0x00007ff94d9bd000 	C:\WINDOWS\SYSTEM32\IPHLPAPI.DLL
0x00007ff950dc0000 - 0x00007ff950dc9000 	C:\WINDOWS\System32\NSI.dll
0x00007ff9477f0000 - 0x00007ff947809000 	C:\WINDOWS\SYSTEM32\dhcpcsvc6.DLL
0x00007ff9475e0000 - 0x00007ff9475ff000 	C:\WINDOWS\SYSTEM32\dhcpcsvc.DLL
0x00007ff94d9c0000 - 0x00007ff94dab3000 	C:\WINDOWS\SYSTEM32\DNSAPI.dll

dbghelp: loaded successfully - version: 4.0.5 - missing functions: none
symbol engine: initialized successfully - sym options: 0x614 - pdb path: .;C:\Program Files\Android\Android Studio\jre\bin;C:\WINDOWS\SYSTEM32;C:\WINDOWS\WinSxS\amd64_microsoft.windows.common-controls_6595b64144ccf1df_6.0.22621.608_none_a9444ca7c10bb01d;C:\Program Files\Android\Android Studio\jre\bin\server;C:\Users\nilesh\.gradle\native\e1d6ef7f7dcc3fd88c89a11ec53ec762bb8ba0a96d01ffa2cd45eb1d1d8dd5c5\windows-amd64;C:\Users\nilesh\.gradle\native\0d407fdbe67a94daf76414ababcb853783967236a71b16ec16e742cd7a986fd3\windows-amd64

VM Arguments:
jvm_args: --add-opens=java.base/java.util=ALL-UNNAMED --add-opens=java.base/java.lang=ALL-UNNAMED --add-opens=java.base/java.lang.invoke=ALL-UNNAMED --add-opens=java.base/java.util=ALL-UNNAMED --add-opens=java.prefs/java.util.prefs=ALL-UNNAMED --add-opens=java.prefs/java.util.prefs=ALL-UNNAMED --add-opens=java.base/java.nio.charset=ALL-UNNAMED --add-opens=java.base/java.net=ALL-UNNAMED --add-opens=java.base/java.util.concurrent.atomic=ALL-UNNAMED -Xmx2048m -Dfile.encoding=UTF-8 -Duser.country=US -Duser.language=en -Duser.variant 
java_command: org.gradle.launcher.daemon.bootstrap.GradleDaemon 7.4
java_class_path (initial): C:\Users\nilesh\.gradle\wrapper\dists\gradle-7.4-bin\c0gwcg53nkjbqw7r0h0umtfvt\gradle-7.4\lib\gradle-launcher-7.4.jar
Launcher Type: SUN_STANDARD

[Global flags]
     intx CICompilerCount                          = 4                                         {product} {ergonomic}
     uint ConcGCThreads                            = 2                                         {product} {ergonomic}
     uint G1ConcRefinementThreads                  = 8                                         {product} {ergonomic}
   size_t G1HeapRegionSize                         = 1048576                                   {product} {ergonomic}
    uintx GCDrainStackTargetSize                   = 64                                        {product} {ergonomic}
   size_t InitialHeapSize                          = 100663296                                 {product} {ergonomic}
   size_t MarkStackSize                            = 4194304                                   {product} {ergonomic}
   size_t MaxHeapSize                              = 2147483648                                {product} {command line}
   size_t MaxNewSize                               = 1287651328                                {product} {ergonomic}
   size_t MinHeapDeltaBytes                        = 1048576                                   {product} {ergonomic}
    uintx NonNMethodCodeHeapSize                   = 5836300                                {pd product} {ergonomic}
    uintx NonProfiledCodeHeapSize                  = 122910970                              {pd product} {ergonomic}
    uintx ProfiledCodeHeapSize                     = 122910970                              {pd product} {ergonomic}
    uintx ReservedCodeCacheSize                    = 251658240                              {pd product} {ergonomic}
     bool SegmentedCodeCache                       = true                                      {product} {ergonomic}
     bool UseCompressedClassPointers               = true                                 {lp64_product} {ergonomic}
     bool UseCompressedOops                        = true                                 {lp64_product} {ergonomic}
     bool UseG1GC                                  = true                                      {product} {ergonomic}
     bool UseLargePagesIndividualAllocation        = false                                  {pd product} {ergonomic}

Logging:
Log output configuration:
 #0: stdout all=warning uptime,level,tags
 #1: stderr all=off uptime,level,tags

Environment Variables:
JAVA_HOME=C:\Program Files\Java\jdk-17.0.1
CLASSPATH=C:\oraclexe\app\oracle\product\10.2.0\server\jdbc\lib\ojdbc6_g.jar;
PATH=C:\Program Files\Java\jdk-17.0.1\bin;C:\Program Files\Java\jre1.8.0_321\lib\ext;C:\oraclexe\app\oracle\product\10.2.0\server\bin;C:\Program Files\dotnet\;C:\WINDOWS\system32;C:\WINDOWS;C:\WINDOWS\System32\Wbem;C:\WINDOWS\System32\WindowsPowerShell\v1.0\;C:\WINDOWS\System32\OpenSSH\;C:\Windows\Microsoft.NET\Framework\v4.0.30319;C:\Program Files\nodejs\;D:\gradle\gradle-7.5.1\bin;C:\MinGW\bin;C:\Users\nilesh\AppData\Local\Programs\Python\Python310\Scripts\;C:\Users\nilesh\AppData\Local\Programs\Python\Python310\;C:\Users\nilesh\AppData\Local\Microsoft\WindowsApps;C:\Users\nilesh\AppData\Local\Programs\Microsoft VS Code\bin;"C:\Program Files\Java\jdk-17\bin;";C:\Program Files\Javaprogs;C:\Program Files\Java\jdk-17.0.1\bin;C:\Users\nilesh\.dotnet\tools;C:\Program Files\Microsoft SQL Server\90\Shared\Resources;C:\Users\nilesh\AppData\Roaming\npm;
USERNAME=nilesh
OS=Windows_NT
PROCESSOR_IDENTIFIER=AMD64 Family 23 Model 24 Stepping 1, AuthenticAMD



---------------  S Y S T E M  ---------------

OS: Windows 11 , 64 bit Build 22621 (10.0.22621.1485)
OS uptime: 22 days 15:06 hours
Hyper-V role detected

CPU:total 8 (initial active 8) (8 cores per cpu, 2 threads per core) family 23 model 24 stepping 1 microcode 0x0, cmov, cx8, fxsr, mmx, sse, sse2, sse3, ssse3, sse4.1, sse4.2, popcnt, avx, avx2, aes, clmul, mmxext, 3dnowpref, lzcnt, sse4a, ht, tsc, tscinvbit, tscinv, bmi1, bmi2, adx, sha, fma

Memory: 4k page, system-wide physical 6060M (301M free)
TotalPageFile size 9060M (AvailPageFile size 14M)
current process WorkingSet (physical memory assigned to process): 252M, peak: 252M
current process commit charge ("private bytes"): 287M, peak: 307M

vm_info: OpenJDK 64-Bit Server VM (11.0.13+0-b1751.21-8125866) for windows-amd64 JRE (11.0.13+0-b1751.21-8125866), built on Feb  2 2022 03:00:22 by "builder" with MS VC++ 14.0 (VS2015)

END.
