#
# There is insufficient memory for the Java Runtime Environment to continue.
# Native memory allocation (mmap) failed to map 51380224 bytes for Failed to commit area from 0x000000008f500000 to 0x0000000092600000 of length 51380224.
# Possible reasons:
#   The system is out of physical RAM or swap space
#   The process is running with CompressedOops enabled, and the Java Heap may be blocking the growth of the native heap
# Possible solutions:
#   Reduce memory load on the system
#   Increase physical memory or swap space
#   Check if swap backing store is full
#   Decrease Java heap size (-Xmx/-Xms)
#   Decrease number of Java threads
#   Decrease Java thread stack sizes (-Xss)
#   Set larger code cache with -XX:ReservedCodeCacheSize=
#   JVM is running with Unscaled Compressed Oops mode in which the Java heap is
#     placed in the first 4GB address space. The Java Heap base address is the
#     maximum limit for the native heap growth. Please use -XX:HeapBaseMinAddress
#     to set the Java Heap base and to place the Java Heap above 4GB virtual address.
# This output file may be truncated or incomplete.
#
#  Out of Memory Error (./src/hotspot/os/windows/os_windows.cpp:3619), pid=19260, tid=12640
#
# JRE version: OpenJDK Runtime Environment (11.0.13) (build 11.0.13+0-b1751.21-8125866)
# Java VM: OpenJDK 64-Bit Server VM (11.0.13+0-b1751.21-8125866, mixed mode, tiered, compressed oops, g1 gc, windows-amd64)
# No core dump will be written. Minidumps are not enabled by default on client versions of Windows
#

---------------  S U M M A R Y ------------

Command Line: --add-opens=java.base/java.util=ALL-UNNAMED --add-opens=java.base/java.lang=ALL-UNNAMED --add-opens=java.base/java.lang.invoke=ALL-UNNAMED --add-opens=java.base/java.util=ALL-UNNAMED --add-opens=java.prefs/java.util.prefs=ALL-UNNAMED --add-opens=java.prefs/java.util.prefs=ALL-UNNAMED --add-opens=java.base/java.nio.charset=ALL-UNNAMED --add-opens=java.base/java.net=ALL-UNNAMED --add-opens=java.base/java.util.concurrent.atomic=ALL-UNNAMED -Xmx2048m -Dfile.encoding=UTF-8 -Duser.country=US -Duser.language=en -Duser.variant org.gradle.launcher.daemon.bootstrap.GradleDaemon 7.4

Host: AMD Ryzen 5 3500U with Radeon Vega Mobile Gfx  , 8 cores, 5G,  Windows 11 , 64 bit Build 22621 (10.0.22621.1485)
Time: Sat May 27 01:58:10 2023 India Standard Time elapsed time: 44.741417 seconds (0d 0h 0m 44s)

---------------  T H R E A D  ---------------

Current thread (0x0000020cff3d5800):  VMThread "VM Thread" [stack: 0x0000009d49f00000,0x0000009d4a000000] [id=12640]

Stack: [0x0000009d49f00000,0x0000009d4a000000]
[error occurred during error reporting (printing stack bounds), id 0xc0000005, EXCEPTION_ACCESS_VIOLATION (0xc0000005) at pc=0x0000020c83a4112d]

Native frames: (J=compiled Java code, j=interpreted, Vv=VM code, C=native code)
V  [jvm.dll+0x6100fa]
V  [jvm.dll+0x747090]
V  [jvm.dll+0x7486ad]
V  [jvm.dll+0x748ce5]
V  [jvm.dll+0x748c9b]
V  [jvm.dll+0x60f224]
V  [jvm.dll+0x60f9b8]
C  [ntdll.dll+0xa3cff]
C  [ntdll.dll+0x1e456]
C  [ntdll.dll+0xa2cee]
C  0x0000020c83a4112d

VM_Operation (0x0000009d4d6f92a0): G1CollectForAllocation, mode: safepoint, requested by thread 0x0000020c9bfcc800


---------------  P R O C E S S  ---------------

Threads class SMR info:
_java_thread_list=0x0000020c9d25e210, length=141, elements={
0x0000020cfd13a800, 0x0000020cfebb6000, 0x0000020cfebc2800, 0x0000020cff422800,
0x0000020cff423800, 0x0000020cff427000, 0x0000020cff42a000, 0x0000020cff42c000,
0x0000020cff42f800, 0x0000020cff59a800, 0x0000020c99e60800, 0x0000020cff7a6800,
0x0000020c98e1c800, 0x0000020c9ae9e800, 0x0000020c9a0bc000, 0x0000020c9a843800,
0x0000020c9a351800, 0x0000020c9af0b800, 0x0000020c9a953000, 0x0000020c99423800,
0x0000020c9aac1000, 0x0000020c9aac1800, 0x0000020c9aac0000, 0x0000020c9aabe800,
0x0000020c9aac2800, 0x0000020c9aac3000, 0x0000020c9aabd800, 0x0000020c9aabf000,
0x0000020c9aac4000, 0x0000020c9bfc5800, 0x0000020c9bfc3800, 0x0000020c9bfc7000,
0x0000020c9bfc8000, 0x0000020c9bfc8800, 0x0000020c9bfc9800, 0x0000020c9bfca000,
0x0000020c9bfc4800, 0x0000020c9bfd0000, 0x0000020c9bfce800, 0x0000020c9bfcc000,
0x0000020c9bfcf000, 0x0000020c9bfd1000, 0x0000020c9bfcb000, 0x0000020c9bfd2800,
0x0000020c9bfd1800, 0x0000020c9bfcc800, 0x0000020c9bfcd800, 0x0000020cff6be800,
0x0000020cff6c3000, 0x0000020cff6c1000, 0x0000020cff6c3800, 0x0000020cff6c2000,
0x0000020cff6c4800, 0x0000020cff6bf800, 0x0000020cff6c5000, 0x0000020cff6c6000,
0x0000020cff6c0800, 0x0000020cff6cc800, 0x0000020cff6c7000, 0x0000020cff6cd800,
0x0000020cff6c9800, 0x0000020cff6ca000, 0x0000020cff6cb000, 0x0000020cff6cb800,
0x0000020cff6c7800, 0x0000020cff6c8800, 0x0000020c9dab7800, 0x0000020c9dab9800,
0x0000020c9daba000, 0x0000020c9dab7000, 0x0000020c9dab8800, 0x0000020c9dabb000,
0x0000020c9dab6000, 0x0000020c9dab5000, 0x0000020c9dac0000, 0x0000020c9dabc800,
0x0000020c9dabd800, 0x0000020c9dac1800, 0x0000020c9dabb800, 0x0000020c9dac0800,
0x0000020c9dac2800, 0x0000020c9dac3000, 0x0000020c9dabf000, 0x0000020c9dac4000,
0x0000020c9dabe000, 0x0000020c998ee000, 0x0000020c998ee800, 0x0000020c998ef800,
0x0000020c998f0000, 0x0000020c998f1000, 0x0000020c998eb800, 0x0000020c998ec000,
0x0000020c998f2000, 0x0000020c998f2800, 0x0000020c998ed000, 0x0000020c998f5000,
0x0000020c998f7000, 0x0000020c998f6000, 0x0000020c998f8800, 0x0000020c998f7800,
0x0000020c998f9000, 0x0000020c998f3800, 0x0000020c998fa000, 0x0000020c998f4800,
0x0000020c9a92a800, 0x0000020c9a92c800, 0x0000020c9a92f800, 0x0000020c9a92b800,
0x0000020c9a92e800, 0x0000020c9a92d000, 0x0000020c9a930800, 0x0000020c9a931000,
0x0000020c9a932000, 0x0000020c9a933800, 0x0000020c9a933000, 0x0000020c9a92e000,
0x0000020c9a938800, 0x0000020c9a934800, 0x0000020c9a935800, 0x0000020c9a936000,
0x0000020c9a937000, 0x0000020c9a939800, 0x0000020c9d734000, 0x0000020c9d21c000,
0x0000020c9d217000, 0x0000020c9d218800, 0x0000020c9d216000, 0x0000020c9d219800,
0x0000020c9d21a800, 0x0000020c9d21b000, 0x0000020c9d21c800, 0x0000020c9d21d800,
0x0000020c9d218000, 0x0000020c9d221000, 0x0000020c9d222800, 0x0000020c9d223000,
0x0000020c9d224000, 0x0000020c9d21f000, 0x0000020c9d21e800, 0x0000020c9d225000,
0x0000020c9d220000
}

Java Threads: ( => current thread )
  0x0000020cfd13a800 JavaThread "main" [_thread_blocked, id=17308, stack(0x0000009d49900000,0x0000009d49a00000)]
  0x0000020cfebb6000 JavaThread "Reference Handler" daemon [_thread_blocked, id=5024, stack(0x0000009d4a000000,0x0000009d4a100000)]
  0x0000020cfebc2800 JavaThread "Finalizer" daemon [_thread_blocked, id=10232, stack(0x0000009d4a100000,0x0000009d4a200000)]
  0x0000020cff422800 JavaThread "Signal Dispatcher" daemon [_thread_blocked, id=20052, stack(0x0000009d4a200000,0x0000009d4a300000)]
  0x0000020cff423800 JavaThread "Attach Listener" daemon [_thread_blocked, id=8960, stack(0x0000009d4a300000,0x0000009d4a400000)]
  0x0000020cff427000 JavaThread "Service Thread" daemon [_thread_blocked, id=15520, stack(0x0000009d4a400000,0x0000009d4a500000)]
  0x0000020cff42a000 JavaThread "C2 CompilerThread0" daemon [_thread_blocked, id=15208, stack(0x0000009d4a500000,0x0000009d4a600000)]
  0x0000020cff42c000 JavaThread "C1 CompilerThread0" daemon [_thread_blocked, id=15860, stack(0x0000009d4a600000,0x0000009d4a700000)]
  0x0000020cff42f800 JavaThread "Sweeper thread" daemon [_thread_blocked, id=8708, stack(0x0000009d4a700000,0x0000009d4a800000)]
  0x0000020cff59a800 JavaThread "Common-Cleaner" daemon [_thread_blocked, id=8284, stack(0x0000009d4a800000,0x0000009d4a900000)]
  0x0000020c99e60800 JavaThread "Daemon health stats" [_thread_blocked, id=244, stack(0x0000009d4ad00000,0x0000009d4ae00000)]
  0x0000020cff7a6800 JavaThread "Incoming local TCP Connector on port 57010" [_thread_in_native, id=18532, stack(0x0000009d4aa00000,0x0000009d4ab00000)]
  0x0000020c98e1c800 JavaThread "Daemon periodic checks" [_thread_blocked, id=15624, stack(0x0000009d4ab00000,0x0000009d4ac00000)]
  0x0000020c9ae9e800 JavaThread "Daemon" [_thread_blocked, id=10180, stack(0x0000009d4ae00000,0x0000009d4af00000)]
  0x0000020c9a0bc000 JavaThread "Handler for socket connection from /127.0.0.1:57010 to /127.0.0.1:57011" [_thread_in_native, id=20416, stack(0x0000009d4af00000,0x0000009d4b000000)]
  0x0000020c9a843800 JavaThread "Cancel handler" [_thread_blocked, id=8060, stack(0x0000009d4b000000,0x0000009d4b100000)]
  0x0000020c9a351800 JavaThread "Daemon worker" [_thread_blocked, id=8548, stack(0x0000009d4b100000,0x0000009d4b200000)]
  0x0000020c9af0b800 JavaThread "Asynchronous log dispatcher for DefaultDaemonConnection: socket connection from /127.0.0.1:57010 to /127.0.0.1:57011" [_thread_blocked, id=11520, stack(0x0000009d4b200000,0x0000009d4b300000)]
  0x0000020c9a953000 JavaThread "Stdin handler" [_thread_blocked, id=11828, stack(0x0000009d4b300000,0x0000009d4b400000)]
  0x0000020c99423800 JavaThread "Daemon client event forwarder" [_thread_blocked, id=17896, stack(0x0000009d4b400000,0x0000009d4b500000)]
  0x0000020c9aac1000 JavaThread "Cache worker for journal cache (C:\Users\nilesh\.gradle\caches\journal-1)" [_thread_blocked, id=5296, stack(0x0000009d4bb00000,0x0000009d4bc00000)]
  0x0000020c9aac1800 JavaThread "File lock request listener" [_thread_in_native, id=13560, stack(0x0000009d4bc00000,0x0000009d4bd00000)]
  0x0000020c9aac0000 JavaThread "Cache worker for file hash cache (C:\Users\nilesh\.gradle\caches\7.4\fileHashes)" [_thread_blocked, id=17572, stack(0x0000009d4bd00000,0x0000009d4be00000)]
  0x0000020c9aabe800 JavaThread "File watcher server" daemon [_thread_blocked, id=5968, stack(0x0000009d4c000000,0x0000009d4c100000)]
  0x0000020c9aac2800 JavaThread "File watcher consumer" daemon [_thread_blocked, id=4044, stack(0x0000009d4c100000,0x0000009d4c200000)]
  0x0000020c9aac3000 JavaThread "Cache worker for checksums cache (C:\Users\nilesh\AndroidStudioProjects\Aus\.gradle\7.4\checksums)" [_thread_blocked, id=4052, stack(0x0000009d4c200000,0x0000009d4c300000)]
  0x0000020c9aabd800 JavaThread "Cache worker for cache directory md-rule (C:\Users\nilesh\.gradle\caches\7.4\md-rule)" [_thread_blocked, id=18020, stack(0x0000009d4c300000,0x0000009d4c400000)]
  0x0000020c9aabf000 JavaThread "Cache worker for file hash cache (C:\Users\nilesh\AndroidStudioProjects\Aus\.gradle\7.4\fileHashes)" [_thread_blocked, id=15136, stack(0x0000009d4c400000,0x0000009d4c500000)]
  0x0000020c9aac4000 JavaThread "Cache worker for cache directory md-supplier (C:\Users\nilesh\.gradle\caches\7.4\md-supplier)" [_thread_blocked, id=10824, stack(0x0000009d4c500000,0x0000009d4c600000)]
  0x0000020c9bfc5800 JavaThread "Cache worker for execution history cache (C:\Users\nilesh\.gradle\caches\7.4\executionHistory)" [_thread_blocked, id=816, stack(0x0000009d4c600000,0x0000009d4c700000)]
  0x0000020c9bfc3800 JavaThread "jar transforms" [_thread_blocked, id=16308, stack(0x0000009d4c800000,0x0000009d4c900000)]
  0x0000020c9bfc7000 JavaThread "Cache worker for file content cache (C:\Users\nilesh\.gradle\caches\7.4\fileContent)" [_thread_blocked, id=17252, stack(0x0000009d4c900000,0x0000009d4ca00000)]
  0x0000020c9bfc8000 JavaThread "jar transforms Thread 2" [_thread_blocked, id=11336, stack(0x0000009d4ca00000,0x0000009d4cb00000)]
  0x0000020c9bfc8800 JavaThread "Cache worker for dependencies-accessors (C:\Users\nilesh\AndroidStudioProjects\Aus\.gradle\7.4\dependencies-accessors)" [_thread_blocked, id=13384, stack(0x0000009d4cb00000,0x0000009d4cc00000)]
  0x0000020c9bfc9800 JavaThread "jar transforms Thread 3" [_thread_blocked, id=14552, stack(0x0000009d4cc00000,0x0000009d4cd00000)]
  0x0000020c9bfca000 JavaThread "Cache worker for Build Output Cleanup Cache (C:\Users\nilesh\AndroidStudioProjects\Aus\.gradle\buildOutputCleanup)" [_thread_blocked, id=4792, stack(0x0000009d4bf00000,0x0000009d4c000000)]
  0x0000020c9bfc4800 JavaThread "Unconstrained build operations" [_thread_blocked, id=14408, stack(0x0000009d4cd00000,0x0000009d4ce00000)]
  0x0000020c9bfd0000 JavaThread "Unconstrained build operations Thread 2" [_thread_blocked, id=11244, stack(0x0000009d4ce00000,0x0000009d4cf00000)]
  0x0000020c9bfce800 JavaThread "Unconstrained build operations Thread 3" [_thread_blocked, id=20160, stack(0x0000009d4cf00000,0x0000009d4d000000)]
  0x0000020c9bfcc000 JavaThread "Unconstrained build operations Thread 4" [_thread_blocked, id=16464, stack(0x0000009d4d000000,0x0000009d4d100000)]
  0x0000020c9bfcf000 JavaThread "Unconstrained build operations Thread 5" [_thread_blocked, id=15972, stack(0x0000009d4d100000,0x0000009d4d200000)]
  0x0000020c9bfd1000 JavaThread "Unconstrained build operations Thread 6" [_thread_blocked, id=13580, stack(0x0000009d4d200000,0x0000009d4d300000)]
  0x0000020c9bfcb000 JavaThread "Unconstrained build operations Thread 7" [_thread_blocked, id=8936, stack(0x0000009d4d300000,0x0000009d4d400000)]
  0x0000020c9bfd2800 JavaThread "Unconstrained build operations Thread 8" [_thread_blocked, id=11228, stack(0x0000009d4d400000,0x0000009d4d500000)]
  0x0000020c9bfd1800 JavaThread "Unconstrained build operations Thread 9" [_thread_blocked, id=12672, stack(0x0000009d4d500000,0x0000009d4d600000)]
  0x0000020c9bfcc800 JavaThread "Unconstrained build operations Thread 10" [_thread_blocked, id=19372, stack(0x0000009d4d600000,0x0000009d4d700000)]
  0x0000020c9bfcd800 JavaThread "Unconstrained build operations Thread 11" [_thread_blocked, id=14568, stack(0x0000009d4d700000,0x0000009d4d800000)]
  0x0000020cff6be800 JavaThread "Unconstrained build operations Thread 12" [_thread_blocked, id=17508, stack(0x0000009d4d800000,0x0000009d4d900000)]
  0x0000020cff6c3000 JavaThread "Unconstrained build operations Thread 13" [_thread_blocked, id=13200, stack(0x0000009d4d900000,0x0000009d4da00000)]
  0x0000020cff6c1000 JavaThread "Unconstrained build operations Thread 14" [_thread_blocked, id=7752, stack(0x0000009d4da00000,0x0000009d4db00000)]
  0x0000020cff6c3800 JavaThread "Unconstrained build operations Thread 15" [_thread_blocked, id=7260, stack(0x0000009d4db00000,0x0000009d4dc00000)]
  0x0000020cff6c2000 JavaThread "Unconstrained build operations Thread 16" [_thread_blocked, id=6768, stack(0x0000009d4dc00000,0x0000009d4dd00000)]
  0x0000020cff6c4800 JavaThread "Unconstrained build operations Thread 17" [_thread_blocked, id=12536, stack(0x0000009d4dd00000,0x0000009d4de00000)]
  0x0000020cff6bf800 JavaThread "Unconstrained build operations Thread 18" [_thread_blocked, id=1516, stack(0x0000009d4de00000,0x0000009d4df00000)]
  0x0000020cff6c5000 JavaThread "Unconstrained build operations Thread 19" [_thread_blocked, id=10512, stack(0x0000009d4df00000,0x0000009d4e000000)]
  0x0000020cff6c6000 JavaThread "Unconstrained build operations Thread 20" [_thread_blocked, id=15728, stack(0x0000009d4e000000,0x0000009d4e100000)]
  0x0000020cff6c0800 JavaThread "Unconstrained build operations Thread 21" [_thread_blocked, id=9268, stack(0x0000009d4e100000,0x0000009d4e200000)]
  0x0000020cff6cc800 JavaThread "Unconstrained build operations Thread 22" [_thread_blocked, id=14840, stack(0x0000009d4e200000,0x0000009d4e300000)]
  0x0000020cff6c7000 JavaThread "Unconstrained build operations Thread 23" [_thread_blocked, id=4276, stack(0x0000009d4e300000,0x0000009d4e400000)]
  0x0000020cff6cd800 JavaThread "Unconstrained build operations Thread 24" [_thread_blocked, id=7788, stack(0x0000009d4e400000,0x0000009d4e500000)]
  0x0000020cff6c9800 JavaThread "Unconstrained build operations Thread 25" [_thread_blocked, id=13508, stack(0x0000009d4e500000,0x0000009d4e600000)]
  0x0000020cff6ca000 JavaThread "Unconstrained build operations Thread 26" [_thread_blocked, id=12244, stack(0x0000009d4e600000,0x0000009d4e700000)]
  0x0000020cff6cb000 JavaThread "Unconstrained build operations Thread 27" [_thread_blocked, id=12512, stack(0x0000009d4e700000,0x0000009d4e800000)]
  0x0000020cff6cb800 JavaThread "Unconstrained build operations Thread 28" [_thread_blocked, id=10660, stack(0x0000009d4e800000,0x0000009d4e900000)]
  0x0000020cff6c7800 JavaThread "Unconstrained build operations Thread 29" [_thread_blocked, id=1260, stack(0x0000009d4e900000,0x0000009d4ea00000)]
  0x0000020cff6c8800 JavaThread "Unconstrained build operations Thread 30" [_thread_blocked, id=19272, stack(0x0000009d4ea00000,0x0000009d4eb00000)]
  0x0000020c9dab7800 JavaThread "Unconstrained build operations Thread 31" [_thread_blocked, id=20352, stack(0x0000009d4eb00000,0x0000009d4ec00000)]
  0x0000020c9dab9800 JavaThread "Unconstrained build operations Thread 32" [_thread_blocked, id=11944, stack(0x0000009d4ec00000,0x0000009d4ed00000)]
  0x0000020c9daba000 JavaThread "Unconstrained build operations Thread 33" [_thread_blocked, id=10896, stack(0x0000009d4ed00000,0x0000009d4ee00000)]
  0x0000020c9dab7000 JavaThread "Unconstrained build operations Thread 34" [_thread_blocked, id=13708, stack(0x0000009d4ee00000,0x0000009d4ef00000)]
  0x0000020c9dab8800 JavaThread "Unconstrained build operations Thread 35" [_thread_blocked, id=800, stack(0x0000009d4ef00000,0x0000009d4f000000)]
  0x0000020c9dabb000 JavaThread "Unconstrained build operations Thread 36" [_thread_blocked, id=16472, stack(0x0000009d4f000000,0x0000009d4f100000)]
  0x0000020c9dab6000 JavaThread "Unconstrained build operations Thread 37" [_thread_blocked, id=7524, stack(0x0000009d4f100000,0x0000009d4f200000)]
  0x0000020c9dab5000 JavaThread "Unconstrained build operations Thread 38" [_thread_blocked, id=10944, stack(0x0000009d4f200000,0x0000009d4f300000)]
  0x0000020c9dac0000 JavaThread "Unconstrained build operations Thread 39" [_thread_blocked, id=10532, stack(0x0000009d4f300000,0x0000009d4f400000)]
  0x0000020c9dabc800 JavaThread "Unconstrained build operations Thread 40" [_thread_blocked, id=19700, stack(0x0000009d4f400000,0x0000009d4f500000)]
  0x0000020c9dabd800 JavaThread "Unconstrained build operations Thread 41" [_thread_blocked, id=9332, stack(0x0000009d4f500000,0x0000009d4f600000)]
  0x0000020c9dac1800 JavaThread "Unconstrained build operations Thread 42" [_thread_blocked, id=8704, stack(0x0000009d4f600000,0x0000009d4f700000)]
  0x0000020c9dabb800 JavaThread "Unconstrained build operations Thread 43" [_thread_blocked, id=16720, stack(0x0000009d4f700000,0x0000009d4f800000)]
  0x0000020c9dac0800 JavaThread "Unconstrained build operations Thread 44" [_thread_blocked, id=1028, stack(0x0000009d4f800000,0x0000009d4f900000)]
  0x0000020c9dac2800 JavaThread "Unconstrained build operations Thread 45" [_thread_blocked, id=10564, stack(0x0000009d4f900000,0x0000009d4fa00000)]
  0x0000020c9dac3000 JavaThread "Unconstrained build operations Thread 46" [_thread_blocked, id=19036, stack(0x0000009d4fa00000,0x0000009d4fb00000)]
  0x0000020c9dabf000 JavaThread "Unconstrained build operations Thread 47" [_thread_blocked, id=20908, stack(0x0000009d4fb00000,0x0000009d4fc00000)]
  0x0000020c9dac4000 JavaThread "Unconstrained build operations Thread 48" [_thread_blocked, id=12132, stack(0x0000009d4fc00000,0x0000009d4fd00000)]
  0x0000020c9dabe000 JavaThread "Unconstrained build operations Thread 49" [_thread_blocked, id=18496, stack(0x0000009d4fd00000,0x0000009d4fe00000)]
  0x0000020c998ee000 JavaThread "Unconstrained build operations Thread 50" [_thread_blocked, id=12428, stack(0x0000009d4fe00000,0x0000009d4ff00000)]
  0x0000020c998ee800 JavaThread "Unconstrained build operations Thread 51" [_thread_blocked, id=7632, stack(0x0000009d4ff00000,0x0000009d50000000)]
  0x0000020c998ef800 JavaThread "Unconstrained build operations Thread 52" [_thread_blocked, id=20300, stack(0x0000009d50000000,0x0000009d50100000)]
  0x0000020c998f0000 JavaThread "Unconstrained build operations Thread 53" [_thread_blocked, id=8100, stack(0x0000009d50100000,0x0000009d50200000)]
  0x0000020c998f1000 JavaThread "Unconstrained build operations Thread 54" [_thread_blocked, id=20496, stack(0x0000009d50200000,0x0000009d50300000)]
  0x0000020c998eb800 JavaThread "Unconstrained build operations Thread 55" [_thread_blocked, id=20216, stack(0x0000009d50300000,0x0000009d50400000)]
  0x0000020c998ec000 JavaThread "Unconstrained build operations Thread 56" [_thread_blocked, id=5900, stack(0x0000009d50400000,0x0000009d50500000)]
  0x0000020c998f2000 JavaThread "Unconstrained build operations Thread 57" [_thread_blocked, id=11440, stack(0x0000009d50500000,0x0000009d50600000)]
  0x0000020c998f2800 JavaThread "Unconstrained build operations Thread 58" [_thread_blocked, id=21036, stack(0x0000009d50600000,0x0000009d50700000)]
  0x0000020c998ed000 JavaThread "Unconstrained build operations Thread 59" [_thread_blocked, id=12900, stack(0x0000009d50700000,0x0000009d50800000)]
  0x0000020c998f5000 JavaThread "Unconstrained build operations Thread 60" [_thread_blocked, id=14028, stack(0x0000009d50800000,0x0000009d50900000)]
  0x0000020c998f7000 JavaThread "Unconstrained build operations Thread 61" [_thread_blocked, id=19864, stack(0x0000009d50900000,0x0000009d50a00000)]
  0x0000020c998f6000 JavaThread "Unconstrained build operations Thread 62" [_thread_blocked, id=17988, stack(0x0000009d50a00000,0x0000009d50b00000)]
  0x0000020c998f8800 JavaThread "Unconstrained build operations Thread 63" [_thread_blocked, id=19612, stack(0x0000009d50b00000,0x0000009d50c00000)]
  0x0000020c998f7800 JavaThread "Unconstrained build operations Thread 64" [_thread_blocked, id=11044, stack(0x0000009d50c00000,0x0000009d50d00000)]
  0x0000020c998f9000 JavaThread "Unconstrained build operations Thread 65" [_thread_blocked, id=18712, stack(0x0000009d50d00000,0x0000009d50e00000)]
  0x0000020c998f3800 JavaThread "Unconstrained build operations Thread 66" [_thread_blocked, id=1220, stack(0x0000009d50e00000,0x0000009d50f00000)]
  0x0000020c998fa000 JavaThread "Unconstrained build operations Thread 67" [_thread_blocked, id=11740, stack(0x0000009d50f00000,0x0000009d51000000)]
  0x0000020c998f4800 JavaThread "Unconstrained build operations Thread 68" [_thread_blocked, id=18360, stack(0x0000009d51000000,0x0000009d51100000)]
  0x0000020c9a92a800 JavaThread "Unconstrained build operations Thread 69" [_thread_blocked, id=14168, stack(0x0000009d51100000,0x0000009d51200000)]
  0x0000020c9a92c800 JavaThread "Unconstrained build operations Thread 70" [_thread_blocked, id=17720, stack(0x0000009d51200000,0x0000009d51300000)]
  0x0000020c9a92f800 JavaThread "Unconstrained build operations Thread 71" [_thread_blocked, id=21156, stack(0x0000009d51300000,0x0000009d51400000)]
  0x0000020c9a92b800 JavaThread "Unconstrained build operations Thread 72" [_thread_blocked, id=11524, stack(0x0000009d51400000,0x0000009d51500000)]
  0x0000020c9a92e800 JavaThread "Unconstrained build operations Thread 73" [_thread_blocked, id=19752, stack(0x0000009d51500000,0x0000009d51600000)]
  0x0000020c9a92d000 JavaThread "Unconstrained build operations Thread 74" [_thread_blocked, id=4032, stack(0x0000009d51600000,0x0000009d51700000)]
  0x0000020c9a930800 JavaThread "Unconstrained build operations Thread 75" [_thread_blocked, id=3944, stack(0x0000009d51700000,0x0000009d51800000)]
  0x0000020c9a931000 JavaThread "Unconstrained build operations Thread 76" [_thread_blocked, id=9072, stack(0x0000009d51800000,0x0000009d51900000)]
  0x0000020c9a932000 JavaThread "Unconstrained build operations Thread 77" [_thread_blocked, id=4228, stack(0x0000009d51900000,0x0000009d51a00000)]
  0x0000020c9a933800 JavaThread "Unconstrained build operations Thread 78" [_thread_blocked, id=20096, stack(0x0000009d51a00000,0x0000009d51b00000)]
  0x0000020c9a933000 JavaThread "Unconstrained build operations Thread 79" [_thread_blocked, id=1352, stack(0x0000009d51b00000,0x0000009d51c00000)]
  0x0000020c9a92e000 JavaThread "Unconstrained build operations Thread 80" [_thread_blocked, id=5228, stack(0x0000009d51d00000,0x0000009d51e00000)]
  0x0000020c9a938800 JavaThread "jar transforms Thread 4" [_thread_blocked, id=19556, stack(0x0000009d51e00000,0x0000009d51f00000)]
  0x0000020c9a934800 JavaThread "jar transforms Thread 5" [_thread_blocked, id=9336, stack(0x0000009d51f00000,0x0000009d52000000)]
  0x0000020c9a935800 JavaThread "jar transforms Thread 6" [_thread_blocked, id=8264, stack(0x0000009d52000000,0x0000009d52100000)]
  0x0000020c9a936000 JavaThread "jar transforms Thread 7" [_thread_blocked, id=4860, stack(0x0000009d52100000,0x0000009d52200000)]
  0x0000020c9a937000 JavaThread "jar transforms Thread 8" [_thread_blocked, id=14780, stack(0x0000009d52200000,0x0000009d52300000)]
  0x0000020c9a939800 JavaThread "Memory manager" [_thread_blocked, id=7948, stack(0x0000009d51c00000,0x0000009d51d00000)]
  0x0000020c9d734000 JavaThread "C2 CompilerThread1" daemon [_thread_in_native, id=21208, stack(0x0000009d4c700000,0x0000009d4c800000)]
  0x0000020c9d21c000 JavaThread "build event listener" [_thread_blocked, id=9028, stack(0x0000009d52300000,0x0000009d52400000)]
  0x0000020c9d217000 JavaThread "included builds" [_thread_blocked, id=20648, stack(0x0000009d52400000,0x0000009d52500000)]
  0x0000020c9d218800 JavaThread "Execution worker for ':'" [_thread_blocked, id=9044, stack(0x0000009d52500000,0x0000009d52600000)]
  0x0000020c9d216000 JavaThread "Execution worker for ':' Thread 2" [_thread_blocked, id=17596, stack(0x0000009d52600000,0x0000009d52700000)]
  0x0000020c9d219800 JavaThread "Execution worker for ':' Thread 3" [_thread_blocked, id=6548, stack(0x0000009d52700000,0x0000009d52800000)]
  0x0000020c9d21a800 JavaThread "Execution worker for ':' Thread 4" [_thread_blocked, id=2680, stack(0x0000009d52800000,0x0000009d52900000)]
  0x0000020c9d21b000 JavaThread "Execution worker for ':' Thread 5" [_thread_blocked, id=8012, stack(0x0000009d52900000,0x0000009d52a00000)]
  0x0000020c9d21c800 JavaThread "Execution worker for ':' Thread 6" [_thread_blocked, id=14056, stack(0x0000009d52a00000,0x0000009d52b00000)]
  0x0000020c9d21d800 JavaThread "Execution worker for ':' Thread 7" [_thread_blocked, id=12688, stack(0x0000009d52b00000,0x0000009d52c00000)]
  0x0000020c9d218000 JavaThread "Cache worker for execution history cache (C:\Users\nilesh\AndroidStudioProjects\Aus\.gradle\7.4\executionHistory)" [_thread_blocked, id=12116, stack(0x0000009d52c00000,0x0000009d52d00000)]
  0x0000020c9d221000 JavaThread "WorkerExecutor Queue" [_thread_blocked, id=18904, stack(0x0000009d52f00000,0x0000009d53000000)]
  0x0000020c9d222800 JavaThread "WorkerExecutor Queue Thread 2" [_thread_blocked, id=2832, stack(0x0000009d53200000,0x0000009d53300000)]
  0x0000020c9d223000 JavaThread "WorkerExecutor Queue Thread 3" [_thread_blocked, id=13716, stack(0x0000009d53300000,0x0000009d53400000)]
  0x0000020c9d224000 JavaThread "WorkerExecutor Queue Thread 4" [_thread_blocked, id=984, stack(0x0000009d53400000,0x0000009d53500000)]
  0x0000020c9d21f000 JavaThread "WorkerExecutor Queue Thread 5" [_thread_blocked, id=16828, stack(0x0000009d53500000,0x0000009d53600000)]
  0x0000020c9d21e800 JavaThread "WorkerExecutor Queue Thread 6" [_thread_blocked, id=5940, stack(0x0000009d53600000,0x0000009d53700000)]
  0x0000020c9d225000 JavaThread "WorkerExecutor Queue Thread 7" [_thread_blocked, id=1196, stack(0x0000009d53700000,0x0000009d53800000)]
  0x0000020c9d220000 JavaThread "WorkerExecutor Queue Thread 8" [_thread_blocked, id=20384, stack(0x0000009d53800000,0x0000009d53900000)]

Other Threads:
=>0x0000020cff3d5800 VMThread "VM Thread" [stack: 0x0000009d49f00000,0x0000009d4a000000] [id=12640]
  0x0000020cff5a5800 WatcherThread [stack: 0x0000009d4a900000,0x0000009d4aa00000] [id=15584]
  0x0000020cfd153800 GCTaskThread "GC Thread#0" [stack: 0x0000009d49a00000,0x0000009d49b00000] [id=7100]
  0x0000020c99567800 GCTaskThread "GC Thread#1" [stack: 0x0000009d4ac00000,0x0000009d4ad00000] [id=6604]
  0x0000020c9addb000 GCTaskThread "GC Thread#2" [stack: 0x0000009d4b500000,0x0000009d4b600000] [id=17824]
  0x0000020c9addf800 GCTaskThread "GC Thread#3" [stack: 0x0000009d4b600000,0x0000009d4b700000] [id=15448]
  0x0000020c9addf000 GCTaskThread "GC Thread#4" [stack: 0x0000009d4b700000,0x0000009d4b800000] [id=13788]
  0x0000020c9ade0800 GCTaskThread "GC Thread#5" [stack: 0x0000009d4b800000,0x0000009d4b900000] [id=4724]
  0x0000020c9addc000 GCTaskThread "GC Thread#6" [stack: 0x0000009d4b900000,0x0000009d4ba00000] [id=19424]
  0x0000020c9addc800 GCTaskThread "GC Thread#7" [stack: 0x0000009d4ba00000,0x0000009d4bb00000] [id=14860]
  0x0000020cfd186000 ConcurrentGCThread "G1 Main Marker" [stack: 0x0000009d49b00000,0x0000009d49c00000] [id=11660]
  0x0000020cfd187800 ConcurrentGCThread "G1 Conc#0" [stack: 0x0000009d49c00000,0x0000009d49d00000] [id=17212]
  0x0000020c9adda000 ConcurrentGCThread "G1 Conc#1" [stack: 0x0000009d4be00000,0x0000009d4bf00000] [id=11616]
  0x0000020cfea06800 ConcurrentGCThread "G1 Refine#0" [stack: 0x0000009d49d00000,0x0000009d49e00000] [id=15788]
  0x0000020c9f164000 ConcurrentGCThread "G1 Refine#1" [stack: 0x0000009d53000000,0x0000009d53100000] [id=2068]
  0x0000020c9b676000 ConcurrentGCThread "G1 Refine#2" [stack: 0x0000009d53100000,0x0000009d53200000] [id=9900]
  0x0000020cfea07800 ConcurrentGCThread "G1 Young RemSet Sampling" [stack: 0x0000009d49e00000,0x0000009d49f00000] [id=17568]

Threads with active compile tasks:
C2 CompilerThread0  44761 14572       4       com.android.tools.r8.graph.a1::a (117 bytes)
C1 CompilerThread0  44761 14679       2       com.android.tools.r8.internal.Ra::a (4413 bytes)
C2 CompilerThread1  44761 14451   !   4       org.gradle.internal.classloader.CachingClassLoader::loadClass (85 bytes)

VM state:at safepoint (normal execution)

VM Mutex/Monitor currently owned by a thread:  ([mutex/lock_event])
[0x0000020cfb09b610] Threads_lock - owner thread: 0x0000020cff3d5800
[0x0000020cfb09a1d0] Heap_lock - owner thread: 0x0000020c9bfcc800

Heap address: 0x0000000080000000, size: 2048 MB, Compressed Oops mode: 32-bit
Narrow klass base: 0x0000000000000000, Narrow klass shift: 3
Compressed class space size: 1073741824 Address: 0x0000000100000000

Heap:
 garbage-first heap   total 301056K, used 129281K [0x0000000080000000, 0x0000000100000000)
  region size 1024K, 10 young (10240K), 10 survivors (10240K)
 Metaspace       used 105933K, capacity 108547K, committed 108752K, reserved 1144832K
  class space    used 13288K, capacity 14262K, committed 14368K, reserved 1048576K
Heap Regions: E=young(eden), S=young(survivor), O=old, HS=humongous(starts), HC=humongous(continues), CS=collection set, F=free, A=archive, TAMS=top-at-mark-start (previous, next)
|   0|0x0000000080000000, 0x0000000080100000, 0x0000000080100000|100%| O|  |TAMS 0x0000000080100000, 0x0000000080000000| Untracked 
|   1|0x0000000080100000, 0x0000000080200000, 0x0000000080200000|100%| O|  |TAMS 0x0000000080200000, 0x0000000080100000| Untracked 
|   2|0x0000000080200000, 0x0000000080300000, 0x0000000080300000|100%| O|  |TAMS 0x0000000080300000, 0x0000000080200000| Untracked 
|   3|0x0000000080300000, 0x0000000080400000, 0x0000000080400000|100%|HS|  |TAMS 0x0000000080400000, 0x0000000080300000| Complete 
|   4|0x0000000080400000, 0x0000000080500000, 0x0000000080500000|100%|HC|  |TAMS 0x0000000080500000, 0x0000000080400000| Complete 
|   5|0x0000000080500000, 0x0000000080600000, 0x0000000080600000|100%|HC|  |TAMS 0x0000000080600000, 0x0000000080500000| Complete 
|   6|0x0000000080600000, 0x0000000080700000, 0x0000000080700000|100%| O|  |TAMS 0x0000000080700000, 0x0000000080600000| Untracked 
|   7|0x0000000080700000, 0x0000000080800000, 0x0000000080800000|100%| O|  |TAMS 0x0000000080800000, 0x0000000080700000| Untracked 
|   8|0x0000000080800000, 0x0000000080900000, 0x0000000080900000|100%| O|  |TAMS 0x0000000080900000, 0x0000000080800000| Untracked 
|   9|0x0000000080900000, 0x0000000080a00000, 0x0000000080a00000|100%| O|  |TAMS 0x0000000080a00000, 0x0000000080900000| Untracked 
|  10|0x0000000080a00000, 0x0000000080b00000, 0x0000000080b00000|100%| O|  |TAMS 0x0000000080b00000, 0x0000000080a00000| Untracked 
|  11|0x0000000080b00000, 0x0000000080c00000, 0x0000000080c00000|100%| O|  |TAMS 0x0000000080c00000, 0x0000000080b00000| Untracked 
|  12|0x0000000080c00000, 0x0000000080d00000, 0x0000000080d00000|100%| O|  |TAMS 0x0000000080d00000, 0x0000000080c00000| Untracked 
|  13|0x0000000080d00000, 0x0000000080e00000, 0x0000000080e00000|100%| O|  |TAMS 0x0000000080e00000, 0x0000000080d00000| Untracked 
|  14|0x0000000080e00000, 0x0000000080f00000, 0x0000000080f00000|100%| O|  |TAMS 0x0000000080f00000, 0x0000000080e00000| Untracked 
|  15|0x0000000080f00000, 0x0000000081000000, 0x0000000081000000|100%| O|  |TAMS 0x0000000081000000, 0x0000000080f00000| Untracked 
|  16|0x0000000081000000, 0x0000000081100000, 0x0000000081100000|100%| O|  |TAMS 0x0000000081100000, 0x0000000081000000| Untracked 
|  17|0x0000000081100000, 0x0000000081200000, 0x0000000081200000|100%| O|  |TAMS 0x0000000081200000, 0x0000000081100000| Untracked 
|  18|0x0000000081200000, 0x0000000081300000, 0x0000000081300000|100%| O|  |TAMS 0x0000000081300000, 0x0000000081200000| Untracked 
|  19|0x0000000081300000, 0x0000000081400000, 0x0000000081400000|100%| O|  |TAMS 0x0000000081400000, 0x0000000081300000| Untracked 
|  20|0x0000000081400000, 0x0000000081500000, 0x0000000081500000|100%| O|  |TAMS 0x0000000081500000, 0x0000000081400000| Untracked 
|  21|0x0000000081500000, 0x0000000081600000, 0x0000000081600000|100%| O|  |TAMS 0x0000000081600000, 0x0000000081500000| Untracked 
|  22|0x0000000081600000, 0x0000000081700000, 0x0000000081700000|100%| O|  |TAMS 0x0000000081700000, 0x0000000081600000| Untracked 
|  23|0x0000000081700000, 0x0000000081800000, 0x0000000081800000|100%| O|  |TAMS 0x0000000081800000, 0x0000000081700000| Untracked 
|  24|0x0000000081800000, 0x0000000081900000, 0x0000000081900000|100%| O|  |TAMS 0x0000000081900000, 0x0000000081800000| Untracked 
|  25|0x0000000081900000, 0x0000000081a00000, 0x0000000081a00000|100%| O|  |TAMS 0x0000000081a00000, 0x0000000081900000| Untracked 
|  26|0x0000000081a00000, 0x0000000081b00000, 0x0000000081b00000|100%| O|  |TAMS 0x0000000081b00000, 0x0000000081a00000| Untracked 
|  27|0x0000000081b00000, 0x0000000081c00000, 0x0000000081c00000|100%|HS|  |TAMS 0x0000000081c00000, 0x0000000081b00000| Complete 
|  28|0x0000000081c00000, 0x0000000081d00000, 0x0000000081d00000|100%|HS|  |TAMS 0x0000000081d00000, 0x0000000081c00000| Complete 
|  29|0x0000000081d00000, 0x0000000081e00000, 0x0000000081e00000|100%|HS|  |TAMS 0x0000000081e00000, 0x0000000081d00000| Complete 
|  30|0x0000000081e00000, 0x0000000081f00000, 0x0000000081f00000|100%|HS|  |TAMS 0x0000000081f00000, 0x0000000081e00000| Complete 
|  31|0x0000000081f00000, 0x0000000082000000, 0x0000000082000000|100%|HC|  |TAMS 0x0000000082000000, 0x0000000081f00000| Complete 
|  32|0x0000000082000000, 0x0000000082100000, 0x0000000082100000|100%|HC|  |TAMS 0x0000000082100000, 0x0000000082000000| Complete 
|  33|0x0000000082100000, 0x0000000082200000, 0x0000000082200000|100%|HC|  |TAMS 0x0000000082200000, 0x0000000082100000| Complete 
|  34|0x0000000082200000, 0x0000000082300000, 0x0000000082300000|100%| O|  |TAMS 0x0000000082300000, 0x0000000082200000| Untracked 
|  35|0x0000000082300000, 0x0000000082400000, 0x0000000082400000|100%|HS|  |TAMS 0x0000000082400000, 0x0000000082300000| Complete 
|  36|0x0000000082400000, 0x0000000082500000, 0x0000000082500000|100%|HC|  |TAMS 0x0000000082500000, 0x0000000082400000| Complete 
|  37|0x0000000082500000, 0x0000000082600000, 0x0000000082600000|100%| O|  |TAMS 0x0000000082600000, 0x0000000082500000| Untracked 
|  38|0x0000000082600000, 0x0000000082700000, 0x0000000082700000|100%| O|  |TAMS 0x0000000082700000, 0x0000000082600000| Untracked 
|  39|0x0000000082700000, 0x0000000082800000, 0x0000000082800000|100%| O|  |TAMS 0x0000000082800000, 0x0000000082700000| Untracked 
|  40|0x0000000082800000, 0x0000000082900000, 0x0000000082900000|100%| O|  |TAMS 0x0000000082900000, 0x0000000082800000| Untracked 
|  41|0x0000000082900000, 0x0000000082a00000, 0x0000000082a00000|100%| O|  |TAMS 0x0000000082a00000, 0x0000000082900000| Untracked 
|  42|0x0000000082a00000, 0x0000000082b00000, 0x0000000082b00000|100%| O|  |TAMS 0x0000000082b00000, 0x0000000082a00000| Untracked 
|  43|0x0000000082b00000, 0x0000000082c00000, 0x0000000082c00000|100%| O|  |TAMS 0x0000000082c00000, 0x0000000082b00000| Untracked 
|  44|0x0000000082c00000, 0x0000000082d00000, 0x0000000082d00000|100%| O|  |TAMS 0x0000000082d00000, 0x0000000082c00000| Untracked 
|  45|0x0000000082d00000, 0x0000000082e00000, 0x0000000082e00000|100%| O|  |TAMS 0x0000000082e00000, 0x0000000082d00000| Untracked 
|  46|0x0000000082e00000, 0x0000000082f00000, 0x0000000082f00000|100%| O|  |TAMS 0x0000000082f00000, 0x0000000082e00000| Untracked 
|  47|0x0000000082f00000, 0x0000000083000000, 0x0000000083000000|100%| O|  |TAMS 0x0000000083000000, 0x0000000082f00000| Untracked 
|  48|0x0000000083000000, 0x0000000083100000, 0x0000000083100000|100%| O|  |TAMS 0x0000000083100000, 0x0000000083000000| Untracked 
|  49|0x0000000083100000, 0x0000000083200000, 0x0000000083200000|100%| O|  |TAMS 0x0000000083200000, 0x0000000083100000| Untracked 
|  50|0x0000000083200000, 0x0000000083300000, 0x0000000083300000|100%| O|  |TAMS 0x0000000083300000, 0x0000000083200000| Untracked 
|  51|0x0000000083300000, 0x0000000083400000, 0x0000000083400000|100%| O|  |TAMS 0x0000000083400000, 0x0000000083300000| Untracked 
|  52|0x0000000083400000, 0x0000000083500000, 0x0000000083500000|100%| O|  |TAMS 0x0000000083500000, 0x0000000083400000| Untracked 
|  53|0x0000000083500000, 0x0000000083600000, 0x0000000083600000|100%| O|  |TAMS 0x0000000083600000, 0x0000000083500000| Untracked 
|  54|0x0000000083600000, 0x0000000083700000, 0x0000000083700000|100%| O|  |TAMS 0x0000000083700000, 0x0000000083600000| Untracked 
|  55|0x0000000083700000, 0x0000000083800000, 0x0000000083800000|100%| O|  |TAMS 0x0000000083800000, 0x0000000083700000| Untracked 
|  56|0x0000000083800000, 0x0000000083900000, 0x0000000083900000|100%| O|  |TAMS 0x0000000083900000, 0x0000000083800000| Untracked 
|  57|0x0000000083900000, 0x0000000083a00000, 0x0000000083a00000|100%| O|  |TAMS 0x0000000083a00000, 0x0000000083900000| Untracked 
|  58|0x0000000083a00000, 0x0000000083b00000, 0x0000000083b00000|100%| O|  |TAMS 0x0000000083b00000, 0x0000000083a00000| Untracked 
|  59|0x0000000083b00000, 0x0000000083c00000, 0x0000000083c00000|100%| O|  |TAMS 0x0000000083c00000, 0x0000000083b00000| Untracked 
|  60|0x0000000083c00000, 0x0000000083d00000, 0x0000000083d00000|100%| O|  |TAMS 0x0000000083d00000, 0x0000000083c00000| Untracked 
|  61|0x0000000083d00000, 0x0000000083e00000, 0x0000000083e00000|100%| O|  |TAMS 0x0000000083e00000, 0x0000000083d00000| Untracked 
|  62|0x0000000083e00000, 0x0000000083f00000, 0x0000000083f00000|100%| O|  |TAMS 0x0000000083f00000, 0x0000000083e00000| Untracked 
|  63|0x0000000083f00000, 0x0000000084000000, 0x0000000084000000|100%| O|  |TAMS 0x0000000084000000, 0x0000000083f00000| Untracked 
|  64|0x0000000084000000, 0x0000000084100000, 0x0000000084100000|100%| O|  |TAMS 0x0000000084100000, 0x0000000084000000| Untracked 
|  65|0x0000000084100000, 0x0000000084200000, 0x0000000084200000|100%| O|  |TAMS 0x0000000084200000, 0x0000000084100000| Untracked 
|  66|0x0000000084200000, 0x0000000084300000, 0x0000000084300000|100%| O|  |TAMS 0x0000000084300000, 0x0000000084200000| Untracked 
|  67|0x0000000084300000, 0x0000000084400000, 0x0000000084400000|100%| O|  |TAMS 0x0000000084400000, 0x0000000084300000| Untracked 
|  68|0x0000000084400000, 0x0000000084500000, 0x0000000084500000|100%| O|  |TAMS 0x0000000084500000, 0x0000000084400000| Untracked 
|  69|0x0000000084500000, 0x0000000084600000, 0x0000000084600000|100%| O|  |TAMS 0x0000000084600000, 0x0000000084500000| Untracked 
|  70|0x0000000084600000, 0x0000000084700000, 0x0000000084700000|100%| O|  |TAMS 0x0000000084700000, 0x0000000084600000| Untracked 
|  71|0x0000000084700000, 0x0000000084800000, 0x0000000084800000|100%| O|  |TAMS 0x0000000084800000, 0x0000000084700000| Untracked 
|  72|0x0000000084800000, 0x0000000084900000, 0x0000000084900000|100%| O|  |TAMS 0x0000000084900000, 0x0000000084800000| Untracked 
|  73|0x0000000084900000, 0x0000000084a00000, 0x0000000084a00000|100%| O|  |TAMS 0x0000000084a00000, 0x0000000084900000| Untracked 
|  74|0x0000000084a00000, 0x0000000084b00000, 0x0000000084b00000|100%| O|  |TAMS 0x0000000084b00000, 0x0000000084a00000| Untracked 
|  75|0x0000000084b00000, 0x0000000084c00000, 0x0000000084c00000|100%| O|  |TAMS 0x0000000084c00000, 0x0000000084b00000| Untracked 
|  76|0x0000000084c00000, 0x0000000084d00000, 0x0000000084d00000|100%| O|  |TAMS 0x0000000084d00000, 0x0000000084c00000| Untracked 
|  77|0x0000000084d00000, 0x0000000084e00000, 0x0000000084e00000|100%| O|  |TAMS 0x0000000084e00000, 0x0000000084d00000| Untracked 
|  78|0x0000000084e00000, 0x0000000084f00000, 0x0000000084f00000|100%| O|  |TAMS 0x0000000084f00000, 0x0000000084e00000| Untracked 
|  79|0x0000000084f00000, 0x0000000085000000, 0x0000000085000000|100%| O|  |TAMS 0x0000000085000000, 0x0000000084f00000| Untracked 
|  80|0x0000000085000000, 0x0000000085100000, 0x0000000085100000|100%| O|  |TAMS 0x0000000085100000, 0x0000000085000000| Untracked 
|  81|0x0000000085100000, 0x0000000085200000, 0x0000000085200000|100%| O|  |TAMS 0x0000000085200000, 0x0000000085100000| Untracked 
|  82|0x0000000085200000, 0x0000000085300000, 0x0000000085300000|100%| O|  |TAMS 0x0000000085300000, 0x0000000085200000| Untracked 
|  83|0x0000000085300000, 0x0000000085400000, 0x0000000085400000|100%| O|  |TAMS 0x0000000085400000, 0x0000000085300000| Untracked 
|  84|0x0000000085400000, 0x0000000085500000, 0x0000000085500000|100%| O|  |TAMS 0x0000000085500000, 0x0000000085400000| Untracked 
|  85|0x0000000085500000, 0x0000000085600000, 0x0000000085600000|100%| O|  |TAMS 0x0000000085600000, 0x0000000085500000| Untracked 
|  86|0x0000000085600000, 0x0000000085700000, 0x0000000085700000|100%| O|  |TAMS 0x0000000085700000, 0x0000000085600000| Untracked 
|  87|0x0000000085700000, 0x0000000085800000, 0x0000000085800000|100%| O|  |TAMS 0x0000000085700000, 0x0000000085700000| Untracked 
|  88|0x0000000085800000, 0x0000000085900000, 0x0000000085900000|100%| O|  |TAMS 0x0000000085900000, 0x0000000085800000| Untracked 
|  89|0x0000000085900000, 0x0000000085a00000, 0x0000000085a00000|100%| O|  |TAMS 0x0000000085a00000, 0x0000000085900000| Untracked 
|  90|0x0000000085a00000, 0x0000000085b00000, 0x0000000085b00000|100%| O|  |TAMS 0x0000000085a00000, 0x0000000085a00000| Untracked 
|  91|0x0000000085b00000, 0x0000000085c00000, 0x0000000085c00000|100%| O|  |TAMS 0x0000000085b00000, 0x0000000085b00000| Untracked 
|  92|0x0000000085c00000, 0x0000000085d00000, 0x0000000085d00000|100%| O|  |TAMS 0x0000000085d00000, 0x0000000085c00000| Untracked 
|  93|0x0000000085d00000, 0x0000000085e00000, 0x0000000085e00000|100%| O|  |TAMS 0x0000000085e00000, 0x0000000085d00000| Untracked 
|  94|0x0000000085e00000, 0x0000000085f00000, 0x0000000085f00000|100%| O|  |TAMS 0x0000000085f00000, 0x0000000085e00000| Untracked 
|  95|0x0000000085f00000, 0x0000000086000000, 0x0000000086000000|100%| O|  |TAMS 0x0000000085f00000, 0x0000000085f00000| Untracked 
|  96|0x0000000086000000, 0x0000000086100000, 0x0000000086100000|100%| O|  |TAMS 0x0000000086000000, 0x0000000086000000| Untracked 
|  97|0x0000000086100000, 0x0000000086200000, 0x0000000086200000|100%| O|  |TAMS 0x0000000086200000, 0x0000000086100000| Untracked 
|  98|0x0000000086200000, 0x0000000086300000, 0x0000000086300000|100%| O|  |TAMS 0x0000000086200000, 0x0000000086200000| Untracked 
|  99|0x0000000086300000, 0x0000000086400000, 0x0000000086400000|100%| O|  |TAMS 0x0000000086300000, 0x0000000086300000| Untracked 
| 100|0x0000000086400000, 0x0000000086500000, 0x0000000086500000|100%| O|  |TAMS 0x0000000086500000, 0x0000000086400000| Untracked 
| 101|0x0000000086500000, 0x0000000086600000, 0x0000000086600000|100%| O|  |TAMS 0x0000000086500000, 0x0000000086500000| Untracked 
| 102|0x0000000086600000, 0x0000000086700000, 0x0000000086700000|100%| O|  |TAMS 0x0000000086600000, 0x0000000086600000| Untracked 
| 103|0x0000000086700000, 0x0000000086800000, 0x0000000086800000|100%| O|  |TAMS 0x0000000086700000, 0x0000000086700000| Untracked 
| 104|0x0000000086800000, 0x0000000086900000, 0x0000000086900000|100%| O|  |TAMS 0x0000000086800000, 0x0000000086800000| Untracked 
| 105|0x0000000086900000, 0x0000000086a00000, 0x0000000086a00000|100%| O|  |TAMS 0x0000000086900000, 0x0000000086900000| Untracked 
| 106|0x0000000086a00000, 0x0000000086b00000, 0x0000000086b00000|100%| O|  |TAMS 0x0000000086a00000, 0x0000000086a00000| Untracked 
| 107|0x0000000086b00000, 0x0000000086c00000, 0x0000000086c00000|100%| O|  |TAMS 0x0000000086b00000, 0x0000000086b00000| Untracked 
| 108|0x0000000086c00000, 0x0000000086d00000, 0x0000000086d00000|100%| O|  |TAMS 0x0000000086c00000, 0x0000000086c00000| Untracked 
| 109|0x0000000086d00000, 0x0000000086e00000, 0x0000000086e00000|100%| O|  |TAMS 0x0000000086d00000, 0x0000000086d00000| Untracked 
| 110|0x0000000086e00000, 0x0000000086f00000, 0x0000000086f00000|100%| O|  |TAMS 0x0000000086e00000, 0x0000000086e00000| Untracked 
| 111|0x0000000086f00000, 0x0000000087000000, 0x0000000087000000|100%| O|  |TAMS 0x0000000086f00000, 0x0000000086f00000| Untracked 
| 112|0x0000000087000000, 0x0000000087100000, 0x0000000087100000|100%| O|  |TAMS 0x0000000087000000, 0x0000000087000000| Untracked 
| 113|0x0000000087100000, 0x0000000087200000, 0x0000000087200000|100%| O|  |TAMS 0x0000000087100000, 0x0000000087100000| Untracked 
| 114|0x0000000087200000, 0x0000000087300000, 0x0000000087300000|100%| O|  |TAMS 0x0000000087200000, 0x0000000087200000| Untracked 
| 115|0x0000000087300000, 0x0000000087340400, 0x0000000087400000| 25%| O|  |TAMS 0x0000000087300000, 0x0000000087300000| Untracked 
| 116|0x0000000087400000, 0x0000000087400000, 0x0000000087500000|  0%| F|  |TAMS 0x0000000087400000, 0x0000000087400000| Untracked 
| 117|0x0000000087500000, 0x0000000087500000, 0x0000000087600000|  0%| F|  |TAMS 0x0000000087500000, 0x0000000087500000| Untracked 
| 118|0x0000000087600000, 0x0000000087600000, 0x0000000087700000|  0%| F|  |TAMS 0x0000000087600000, 0x0000000087600000| Untracked 
| 119|0x0000000087700000, 0x0000000087700000, 0x0000000087800000|  0%| F|  |TAMS 0x0000000087700000, 0x0000000087700000| Untracked 
| 120|0x0000000087800000, 0x0000000087800000, 0x0000000087900000|  0%| F|  |TAMS 0x0000000087800000, 0x0000000087800000| Untracked 
| 121|0x0000000087900000, 0x0000000087900000, 0x0000000087a00000|  0%| F|  |TAMS 0x0000000087900000, 0x0000000087900000| Untracked 
| 122|0x0000000087a00000, 0x0000000087a00000, 0x0000000087b00000|  0%| F|  |TAMS 0x0000000087a00000, 0x0000000087a00000| Untracked 
| 123|0x0000000087b00000, 0x0000000087b00000, 0x0000000087c00000|  0%| F|  |TAMS 0x0000000087b00000, 0x0000000087b00000| Untracked 
| 124|0x0000000087c00000, 0x0000000087c00000, 0x0000000087d00000|  0%| F|  |TAMS 0x0000000087c00000, 0x0000000087c00000| Untracked 
| 125|0x0000000087d00000, 0x0000000087d00000, 0x0000000087e00000|  0%| F|  |TAMS 0x0000000087d00000, 0x0000000087d00000| Untracked 
| 126|0x0000000087e00000, 0x0000000087f00000, 0x0000000087f00000|100%| O|  |TAMS 0x0000000087f00000, 0x0000000087e00000| Untracked 
| 127|0x0000000087f00000, 0x0000000087f00000, 0x0000000088000000|  0%| F|  |TAMS 0x0000000087f00000, 0x0000000087f00000| Untracked 
| 128|0x0000000088000000, 0x0000000088000000, 0x0000000088100000|  0%| F|  |TAMS 0x0000000088000000, 0x0000000088000000| Untracked 
| 129|0x0000000088100000, 0x0000000088100000, 0x0000000088200000|  0%| F|  |TAMS 0x0000000088100000, 0x0000000088100000| Untracked 
| 130|0x0000000088200000, 0x0000000088200000, 0x0000000088300000|  0%| F|  |TAMS 0x0000000088200000, 0x0000000088200000| Untracked 
| 131|0x0000000088300000, 0x0000000088300000, 0x0000000088400000|  0%| F|  |TAMS 0x0000000088300000, 0x0000000088300000| Untracked 
| 132|0x0000000088400000, 0x0000000088400000, 0x0000000088500000|  0%| F|  |TAMS 0x0000000088400000, 0x0000000088400000| Untracked 
| 133|0x0000000088500000, 0x0000000088500000, 0x0000000088600000|  0%| F|  |TAMS 0x0000000088500000, 0x0000000088500000| Untracked 
| 134|0x0000000088600000, 0x0000000088600000, 0x0000000088700000|  0%| F|  |TAMS 0x0000000088600000, 0x0000000088600000| Untracked 
| 135|0x0000000088700000, 0x0000000088700000, 0x0000000088800000|  0%| F|  |TAMS 0x0000000088700000, 0x0000000088700000| Untracked 
| 136|0x0000000088800000, 0x0000000088800000, 0x0000000088900000|  0%| F|  |TAMS 0x0000000088800000, 0x0000000088800000| Untracked 
| 137|0x0000000088900000, 0x0000000088900000, 0x0000000088a00000|  0%| F|  |TAMS 0x0000000088900000, 0x0000000088900000| Untracked 
| 138|0x0000000088a00000, 0x0000000088a00000, 0x0000000088b00000|  0%| F|  |TAMS 0x0000000088a00000, 0x0000000088a00000| Untracked 
| 139|0x0000000088b00000, 0x0000000088b00000, 0x0000000088c00000|  0%| F|  |TAMS 0x0000000088b00000, 0x0000000088b00000| Untracked 
| 140|0x0000000088c00000, 0x0000000088c00000, 0x0000000088d00000|  0%| F|  |TAMS 0x0000000088c00000, 0x0000000088c00000| Untracked 
| 141|0x0000000088d00000, 0x0000000088d00000, 0x0000000088e00000|  0%| F|  |TAMS 0x0000000088d00000, 0x0000000088d00000| Untracked 
| 142|0x0000000088e00000, 0x0000000088e00000, 0x0000000088f00000|  0%| F|  |TAMS 0x0000000088e00000, 0x0000000088e00000| Untracked 
| 143|0x0000000088f00000, 0x0000000088f00000, 0x0000000089000000|  0%| F|  |TAMS 0x0000000088f00000, 0x0000000088f00000| Untracked 
| 144|0x0000000089000000, 0x0000000089000000, 0x0000000089100000|  0%| F|  |TAMS 0x0000000089000000, 0x0000000089000000| Untracked 
| 145|0x0000000089100000, 0x0000000089100000, 0x0000000089200000|  0%| F|  |TAMS 0x0000000089100000, 0x0000000089100000| Untracked 
| 146|0x0000000089200000, 0x0000000089200000, 0x0000000089300000|  0%| F|  |TAMS 0x0000000089200000, 0x0000000089200000| Untracked 
| 147|0x0000000089300000, 0x0000000089300000, 0x0000000089400000|  0%| F|  |TAMS 0x0000000089300000, 0x0000000089300000| Untracked 
| 148|0x0000000089400000, 0x0000000089400000, 0x0000000089500000|  0%| F|  |TAMS 0x0000000089400000, 0x0000000089400000| Untracked 
| 149|0x0000000089500000, 0x0000000089500000, 0x0000000089600000|  0%| F|  |TAMS 0x0000000089500000, 0x0000000089500000| Untracked 
| 150|0x0000000089600000, 0x0000000089600000, 0x0000000089700000|  0%| F|  |TAMS 0x0000000089600000, 0x0000000089600000| Untracked 
| 151|0x0000000089700000, 0x0000000089700000, 0x0000000089800000|  0%| F|  |TAMS 0x0000000089700000, 0x0000000089700000| Untracked 
| 152|0x0000000089800000, 0x0000000089800000, 0x0000000089900000|  0%| F|  |TAMS 0x0000000089800000, 0x0000000089800000| Untracked 
| 153|0x0000000089900000, 0x0000000089900000, 0x0000000089a00000|  0%| F|  |TAMS 0x0000000089900000, 0x0000000089900000| Untracked 
| 154|0x0000000089a00000, 0x0000000089a00000, 0x0000000089b00000|  0%| F|  |TAMS 0x0000000089a00000, 0x0000000089a00000| Untracked 
| 155|0x0000000089b00000, 0x0000000089b00000, 0x0000000089c00000|  0%| F|  |TAMS 0x0000000089b00000, 0x0000000089b00000| Untracked 
| 156|0x0000000089c00000, 0x0000000089d00000, 0x0000000089d00000|100%| S|CS|TAMS 0x0000000089c00000, 0x0000000089c00000| Complete 
| 157|0x0000000089d00000, 0x0000000089e00000, 0x0000000089e00000|100%| S|CS|TAMS 0x0000000089d00000, 0x0000000089d00000| Complete 
| 158|0x0000000089e00000, 0x0000000089f00000, 0x0000000089f00000|100%| S|CS|TAMS 0x0000000089e00000, 0x0000000089e00000| Complete 
| 159|0x0000000089f00000, 0x000000008a000000, 0x000000008a000000|100%| S|CS|TAMS 0x0000000089f00000, 0x0000000089f00000| Complete 
| 160|0x000000008a000000, 0x000000008a000000, 0x000000008a100000|  0%| F|  |TAMS 0x000000008a000000, 0x000000008a000000| Untracked 
| 161|0x000000008a100000, 0x000000008a100000, 0x000000008a200000|  0%| F|  |TAMS 0x000000008a100000, 0x000000008a100000| Untracked 
| 162|0x000000008a200000, 0x000000008a200000, 0x000000008a300000|  0%| F|  |TAMS 0x000000008a200000, 0x000000008a200000| Untracked 
| 163|0x000000008a300000, 0x000000008a300000, 0x000000008a400000|  0%| F|  |TAMS 0x000000008a300000, 0x000000008a300000| Untracked 
| 164|0x000000008a400000, 0x000000008a400000, 0x000000008a500000|  0%| F|  |TAMS 0x000000008a400000, 0x000000008a400000| Untracked 
| 165|0x000000008a500000, 0x000000008a500000, 0x000000008a600000|  0%| F|  |TAMS 0x000000008a500000, 0x000000008a500000| Untracked 
| 166|0x000000008a600000, 0x000000008a600000, 0x000000008a700000|  0%| F|  |TAMS 0x000000008a600000, 0x000000008a600000| Untracked 
| 167|0x000000008a700000, 0x000000008a700000, 0x000000008a800000|  0%| F|  |TAMS 0x000000008a700000, 0x000000008a700000| Untracked 
| 168|0x000000008a800000, 0x000000008a800000, 0x000000008a900000|  0%| F|  |TAMS 0x000000008a800000, 0x000000008a800000| Untracked 
| 169|0x000000008a900000, 0x000000008a900000, 0x000000008aa00000|  0%| F|  |TAMS 0x000000008a900000, 0x000000008a900000| Untracked 
| 170|0x000000008aa00000, 0x000000008ab00000, 0x000000008ab00000|100%| S|CS|TAMS 0x000000008aa00000, 0x000000008aa00000| Complete 
| 171|0x000000008ab00000, 0x000000008ac00000, 0x000000008ac00000|100%| S|CS|TAMS 0x000000008ab00000, 0x000000008ab00000| Complete 
| 172|0x000000008ac00000, 0x000000008ad00000, 0x000000008ad00000|100%| S|CS|TAMS 0x000000008ac00000, 0x000000008ac00000| Complete 
| 173|0x000000008ad00000, 0x000000008ae00000, 0x000000008ae00000|100%| S|CS|TAMS 0x000000008ad00000, 0x000000008ad00000| Complete 
| 174|0x000000008ae00000, 0x000000008af00000, 0x000000008af00000|100%| S|CS|TAMS 0x000000008ae00000, 0x000000008ae00000| Complete 
| 175|0x000000008af00000, 0x000000008b000000, 0x000000008b000000|100%| S|CS|TAMS 0x000000008af00000, 0x000000008af00000| Complete 
| 176|0x000000008b000000, 0x000000008b000000, 0x000000008b100000|  0%| F|  |TAMS 0x000000008b000000, 0x000000008b000000| Untracked 
| 177|0x000000008b100000, 0x000000008b100000, 0x000000008b200000|  0%| F|  |TAMS 0x000000008b100000, 0x000000008b100000| Untracked 
| 178|0x000000008b200000, 0x000000008b200000, 0x000000008b300000|  0%| F|  |TAMS 0x000000008b200000, 0x000000008b200000| Untracked 
| 179|0x000000008b300000, 0x000000008b300000, 0x000000008b400000|  0%| F|  |TAMS 0x000000008b300000, 0x000000008b300000| Untracked 
| 180|0x000000008b400000, 0x000000008b400000, 0x000000008b500000|  0%| F|  |TAMS 0x000000008b400000, 0x000000008b400000| Untracked 
| 181|0x000000008b500000, 0x000000008b500000, 0x000000008b600000|  0%| F|  |TAMS 0x000000008b500000, 0x000000008b500000| Untracked 
| 182|0x000000008b600000, 0x000000008b600000, 0x000000008b700000|  0%| F|  |TAMS 0x000000008b600000, 0x000000008b600000| Untracked 
| 183|0x000000008b700000, 0x000000008b700000, 0x000000008b800000|  0%| F|  |TAMS 0x000000008b700000, 0x000000008b700000| Untracked 
| 184|0x000000008b800000, 0x000000008b800000, 0x000000008b900000|  0%| F|  |TAMS 0x000000008b800000, 0x000000008b800000| Untracked 
| 185|0x000000008b900000, 0x000000008b900000, 0x000000008ba00000|  0%| F|  |TAMS 0x000000008b900000, 0x000000008b900000| Untracked 
| 186|0x000000008ba00000, 0x000000008ba00000, 0x000000008bb00000|  0%| F|  |TAMS 0x000000008ba00000, 0x000000008ba00000| Untracked 
| 187|0x000000008bb00000, 0x000000008bb00000, 0x000000008bc00000|  0%| F|  |TAMS 0x000000008bb00000, 0x000000008bb00000| Untracked 
| 188|0x000000008bc00000, 0x000000008bc00000, 0x000000008bd00000|  0%| F|  |TAMS 0x000000008bc00000, 0x000000008bc00000| Untracked 
| 189|0x000000008bd00000, 0x000000008bd00000, 0x000000008be00000|  0%| F|  |TAMS 0x000000008bd00000, 0x000000008bd00000| Untracked 
| 190|0x000000008be00000, 0x000000008be00000, 0x000000008bf00000|  0%| F|  |TAMS 0x000000008be00000, 0x000000008be00000| Untracked 
| 191|0x000000008bf00000, 0x000000008bf00000, 0x000000008c000000|  0%| F|  |TAMS 0x000000008bf00000, 0x000000008bf00000| Untracked 
| 192|0x000000008c000000, 0x000000008c000000, 0x000000008c100000|  0%| F|  |TAMS 0x000000008c000000, 0x000000008c000000| Untracked 
| 193|0x000000008c100000, 0x000000008c100000, 0x000000008c200000|  0%| F|  |TAMS 0x000000008c100000, 0x000000008c100000| Untracked 
| 194|0x000000008c200000, 0x000000008c200000, 0x000000008c300000|  0%| F|  |TAMS 0x000000008c200000, 0x000000008c200000| Untracked 
| 195|0x000000008c300000, 0x000000008c300000, 0x000000008c400000|  0%| F|  |TAMS 0x000000008c300000, 0x000000008c300000| Untracked 
| 196|0x000000008c400000, 0x000000008c400000, 0x000000008c500000|  0%| F|  |TAMS 0x000000008c400000, 0x000000008c400000| Untracked 
| 197|0x000000008c500000, 0x000000008c500000, 0x000000008c600000|  0%| F|  |TAMS 0x000000008c500000, 0x000000008c500000| Untracked 
| 198|0x000000008c600000, 0x000000008c600000, 0x000000008c700000|  0%| F|  |TAMS 0x000000008c600000, 0x000000008c600000| Untracked 
| 199|0x000000008c700000, 0x000000008c700000, 0x000000008c800000|  0%| F|  |TAMS 0x000000008c700000, 0x000000008c700000| Untracked 
| 200|0x000000008c800000, 0x000000008c800000, 0x000000008c900000|  0%| F|  |TAMS 0x000000008c800000, 0x000000008c800000| Untracked 
| 201|0x000000008c900000, 0x000000008c900000, 0x000000008ca00000|  0%| F|  |TAMS 0x000000008c900000, 0x000000008c900000| Untracked 
| 202|0x000000008ca00000, 0x000000008ca00000, 0x000000008cb00000|  0%| F|  |TAMS 0x000000008ca00000, 0x000000008ca00000| Untracked 
| 203|0x000000008cb00000, 0x000000008cb00000, 0x000000008cc00000|  0%| F|  |TAMS 0x000000008cb00000, 0x000000008cb00000| Untracked 
| 204|0x000000008cc00000, 0x000000008cc00000, 0x000000008cd00000|  0%| F|  |TAMS 0x000000008cc00000, 0x000000008cc00000| Untracked 
| 205|0x000000008cd00000, 0x000000008cd00000, 0x000000008ce00000|  0%| F|  |TAMS 0x000000008cd00000, 0x000000008cd00000| Untracked 
| 206|0x000000008ce00000, 0x000000008ce00000, 0x000000008cf00000|  0%| F|  |TAMS 0x000000008ce00000, 0x000000008ce00000| Untracked 
| 207|0x000000008cf00000, 0x000000008cf00000, 0x000000008d000000|  0%| F|  |TAMS 0x000000008cf00000, 0x000000008cf00000| Untracked 
| 208|0x000000008d000000, 0x000000008d000000, 0x000000008d100000|  0%| F|  |TAMS 0x000000008d000000, 0x000000008d000000| Untracked 
| 209|0x000000008d100000, 0x000000008d100000, 0x000000008d200000|  0%| F|  |TAMS 0x000000008d100000, 0x000000008d100000| Untracked 
| 210|0x000000008d200000, 0x000000008d200000, 0x000000008d300000|  0%| F|  |TAMS 0x000000008d200000, 0x000000008d200000| Untracked 
| 211|0x000000008d300000, 0x000000008d300000, 0x000000008d400000|  0%| F|  |TAMS 0x000000008d300000, 0x000000008d300000| Untracked 
| 212|0x000000008d400000, 0x000000008d400000, 0x000000008d500000|  0%| F|  |TAMS 0x000000008d400000, 0x000000008d400000| Untracked 
| 213|0x000000008d500000, 0x000000008d500000, 0x000000008d600000|  0%| F|  |TAMS 0x000000008d500000, 0x000000008d500000| Untracked 
| 214|0x000000008d600000, 0x000000008d600000, 0x000000008d700000|  0%| F|  |TAMS 0x000000008d600000, 0x000000008d600000| Untracked 
| 215|0x000000008d700000, 0x000000008d700000, 0x000000008d800000|  0%| F|  |TAMS 0x000000008d700000, 0x000000008d700000| Untracked 
| 216|0x000000008d800000, 0x000000008d800000, 0x000000008d900000|  0%| F|  |TAMS 0x000000008d800000, 0x000000008d800000| Untracked 
| 217|0x000000008d900000, 0x000000008d900000, 0x000000008da00000|  0%| F|  |TAMS 0x000000008d900000, 0x000000008d900000| Untracked 
| 218|0x000000008da00000, 0x000000008da00000, 0x000000008db00000|  0%| F|  |TAMS 0x000000008da00000, 0x000000008da00000| Untracked 
| 219|0x000000008db00000, 0x000000008db00000, 0x000000008dc00000|  0%| F|  |TAMS 0x000000008db00000, 0x000000008db00000| Untracked 
| 220|0x000000008dc00000, 0x000000008dc00000, 0x000000008dd00000|  0%| F|  |TAMS 0x000000008dc00000, 0x000000008dc00000| Untracked 
| 221|0x000000008dd00000, 0x000000008dd00000, 0x000000008de00000|  0%| F|  |TAMS 0x000000008dd00000, 0x000000008dd00000| Untracked 
| 222|0x000000008de00000, 0x000000008de00000, 0x000000008df00000|  0%| F|  |TAMS 0x000000008de00000, 0x000000008de00000| Untracked 
| 223|0x000000008df00000, 0x000000008df00000, 0x000000008e000000|  0%| F|  |TAMS 0x000000008df00000, 0x000000008df00000| Untracked 
| 224|0x000000008e000000, 0x000000008e000000, 0x000000008e100000|  0%| F|  |TAMS 0x000000008e000000, 0x000000008e000000| Untracked 
| 225|0x000000008e100000, 0x000000008e100000, 0x000000008e200000|  0%| F|  |TAMS 0x000000008e100000, 0x000000008e100000| Untracked 
| 226|0x000000008e200000, 0x000000008e200000, 0x000000008e300000|  0%| F|  |TAMS 0x000000008e200000, 0x000000008e200000| Untracked 
| 227|0x000000008e300000, 0x000000008e300000, 0x000000008e400000|  0%| F|  |TAMS 0x000000008e300000, 0x000000008e300000| Untracked 
| 228|0x000000008e400000, 0x000000008e400000, 0x000000008e500000|  0%| F|  |TAMS 0x000000008e400000, 0x000000008e400000| Untracked 
| 229|0x000000008e500000, 0x000000008e500000, 0x000000008e600000|  0%| F|  |TAMS 0x000000008e500000, 0x000000008e500000| Untracked 
| 230|0x000000008e600000, 0x000000008e600000, 0x000000008e700000|  0%| F|  |TAMS 0x000000008e600000, 0x000000008e600000| Untracked 
| 231|0x000000008e700000, 0x000000008e700000, 0x000000008e800000|  0%| F|  |TAMS 0x000000008e700000, 0x000000008e700000| Untracked 
| 232|0x000000008e800000, 0x000000008e800000, 0x000000008e900000|  0%| F|  |TAMS 0x000000008e800000, 0x000000008e800000| Untracked 
| 233|0x000000008e900000, 0x000000008e900000, 0x000000008ea00000|  0%| F|  |TAMS 0x000000008e900000, 0x000000008e900000| Untracked 
| 234|0x000000008ea00000, 0x000000008ea00000, 0x000000008eb00000|  0%| F|  |TAMS 0x000000008ea00000, 0x000000008ea00000| Untracked 
| 235|0x000000008eb00000, 0x000000008eb00000, 0x000000008ec00000|  0%| F|  |TAMS 0x000000008eb00000, 0x000000008eb00000| Untracked 
| 236|0x000000008ec00000, 0x000000008ec00000, 0x000000008ed00000|  0%| F|  |TAMS 0x000000008ec00000, 0x000000008ec00000| Untracked 
| 237|0x000000008ed00000, 0x000000008ed00000, 0x000000008ee00000|  0%| F|  |TAMS 0x000000008ed00000, 0x000000008ed00000| Untracked 
| 238|0x000000008ee00000, 0x000000008ee00000, 0x000000008ef00000|  0%| F|  |TAMS 0x000000008ee00000, 0x000000008ee00000| Untracked 
| 239|0x000000008ef00000, 0x000000008ef00000, 0x000000008f000000|  0%| F|  |TAMS 0x000000008ef00000, 0x000000008ef00000| Untracked 
| 240|0x000000008f000000, 0x000000008f000000, 0x000000008f100000|  0%| F|  |TAMS 0x000000008f000000, 0x000000008f000000| Untracked 
| 241|0x000000008f100000, 0x000000008f100000, 0x000000008f200000|  0%| F|  |TAMS 0x000000008f100000, 0x000000008f100000| Untracked 
| 242|0x000000008f200000, 0x000000008f200000, 0x000000008f300000|  0%| F|  |TAMS 0x000000008f200000, 0x000000008f200000| Untracked 
| 243|0x000000008f300000, 0x000000008f300000, 0x000000008f400000|  0%| F|  |TAMS 0x000000008f300000, 0x000000008f300000| Untracked 
| 244|0x000000008f400000, 0x000000008f400000, 0x000000008f500000|  0%| F|  |TAMS 0x000000008f400000, 0x000000008f400000| Untracked 

Card table byte_map: [0x0000020cfd940000,0x0000020cfdd40000] _byte_map_base: 0x0000020cfd540000

Marking Bits (Prev, Next): (CMBitMap*) 0x0000020cfd17d5b8, (CMBitMap*) 0x0000020cfd17d5f0
 Prev Bits: [0x0000020c92a40000, 0x0000020c94a40000)
 Next Bits: [0x0000020c94a40000, 0x0000020c96a40000)

Polling page: 0x0000020cfb0f0000

Metaspace:

Usage:
  Non-class:     92.08 MB capacity,    90.47 MB ( 98%) used,     1.30 MB (  1%) free+waste,   312.69 KB ( <1%) overhead. 
      Class:     13.93 MB capacity,    12.98 MB ( 93%) used,   833.09 KB (  6%) free+waste,   140.81 KB ( <1%) overhead. 
       Both:    106.00 MB capacity,   103.45 MB ( 98%) used,     2.11 MB (  2%) free+waste,   453.50 KB ( <1%) overhead. 

Virtual space:
  Non-class space:       94.00 MB reserved,      92.17 MB ( 98%) committed 
      Class space:        1.00 GB reserved,      14.03 MB (  1%) committed 
             Both:        1.09 GB reserved,     106.20 MB (  9%) committed 

Chunk freelists:
   Non-Class:  35.00 KB
       Class:  10.00 KB
        Both:  45.00 KB

MaxMetaspaceSize: 17179869184.00 GB
CompressedClassSpaceSize: 1.00 GB
Initial GC threshold: 20.80 MB
Current GC threshold: 168.67 MB
CDS: off

CodeHeap 'non-profiled nmethods': size=120000Kb used=8603Kb max_used=8603Kb free=111396Kb
 bounds [0x0000020c8b510000, 0x0000020c8bd80000, 0x0000020c92a40000]
CodeHeap 'profiled nmethods': size=120000Kb used=30641Kb max_used=30641Kb free=89358Kb
 bounds [0x0000020c83fe0000, 0x0000020c85dd0000, 0x0000020c8b510000]
CodeHeap 'non-nmethods': size=5760Kb used=2423Kb max_used=2448Kb free=3336Kb
 bounds [0x0000020c83a40000, 0x0000020c83cb0000, 0x0000020c83fe0000]
 total_blobs=15323 nmethods=14389 adapters=843
 compilation: enabled
              stopped_count=0, restarted_count=0
 full_count=0

Compilation events (20 events):
Event: 44.643 Thread 0x0000020cff42c000 nmethod 14656 0x0000020c85dc9410 code [0x0000020c85dc95c0, 0x0000020c85dc9718]
Event: 44.643 Thread 0x0000020cff42c000 14636       1       com.android.tools.r8.internal.Ug::F0 (5 bytes)
Event: 44.643 Thread 0x0000020cff42c000 nmethod 14636 0x0000020c8bd72110 code [0x0000020c8bd722c0, 0x0000020c8bd72378]
Event: 44.643 Thread 0x0000020cff42c000 14657       2       com.android.tools.r8.graph.J2::U (13 bytes)
Event: 44.643 Thread 0x0000020cff42c000 nmethod 14657 0x0000020c85dc9790 code [0x0000020c85dc9940, 0x0000020c85dc9a58]
Event: 44.643 Thread 0x0000020cff42c000 14669       2       com.android.tools.r8.internal.Z8::E (2 bytes)
Event: 44.643 Thread 0x0000020cff42c000 nmethod 14669 0x0000020c85dc9b10 code [0x0000020c85dc9cc0, 0x0000020c85dc9db8]
Event: 44.643 Thread 0x0000020cff42c000 14664       2       com.android.tools.r8.graph.u2::a (28 bytes)
Event: 44.644 Thread 0x0000020cff42c000 nmethod 14664 0x0000020c85dc9e90 code [0x0000020c85dca060, 0x0000020c85dca278]
Event: 44.644 Thread 0x0000020cff42c000 14665       2       com.android.tools.r8.graph.u2$$Lambda$1501/0x0000000100daf040::get$Lambda (12 bytes)
Event: 44.644 Thread 0x0000020cff42c000 nmethod 14665 0x0000020c85dca390 code [0x0000020c85dca540, 0x0000020c85dca798]
Event: 44.644 Thread 0x0000020cff42c000 14562       1       com.android.tools.r8.internal.uc::a (5 bytes)
Event: 44.644 Thread 0x0000020cff42c000 nmethod 14562 0x0000020c8bd72410 code [0x0000020c8bd725c0, 0x0000020c8bd72658]
Event: 44.644 Thread 0x0000020cff42c000 14666       2       com.android.tools.r8.graph.u2::b (64 bytes)
Event: 44.645 Thread 0x0000020cff42c000 nmethod 14666 0x0000020c85dca890 code [0x0000020c85dcaa80, 0x0000020c85dcaf68]
Event: 44.645 Thread 0x0000020cff42c000 14678   !   2       com.android.tools.r8.graph.a1::q0 (125 bytes)
Event: 44.648 Thread 0x0000020cff42c000 nmethod 14678 0x0000020c85dcb190 code [0x0000020c85dcb420, 0x0000020c85dcbe48]
Event: 44.648 Thread 0x0000020cff42c000 14679       2       com.android.tools.r8.internal.Ra::a (4413 bytes)
Event: 44.673 Thread 0x0000020cff42a000 nmethod 14492 0x0000020c8bd72710 code [0x0000020c8bd72a00, 0x0000020c8bd75570]
Event: 44.674 Thread 0x0000020cff42a000 14572       4       com.android.tools.r8.graph.a1::a (117 bytes)

GC Heap History (20 events):
Event: 38.025 GC heap after
{Heap after GC invocations=42 (full 0):
 garbage-first heap   total 208896K, used 138302K [0x0000000080000000, 0x0000000100000000)
  region size 1024K, 4 young (4096K), 4 survivors (4096K)
 Metaspace       used 92741K, capacity 94981K, committed 95312K, reserved 1132544K
  class space    used 11747K, capacity 12571K, committed 12704K, reserved 1048576K
}
Event: 38.392 GC heap before
{Heap before GC invocations=43 (full 0):
 garbage-first heap   total 208896K, used 141374K [0x0000000080000000, 0x0000000100000000)
  region size 1024K, 28 young (28672K), 4 survivors (4096K)
 Metaspace       used 94150K, capacity 96335K, committed 96720K, reserved 1132544K
  class space    used 11863K, capacity 12699K, committed 12832K, reserved 1048576K
}
Event: 38.403 GC heap after
{Heap after GC invocations=44 (full 0):
 garbage-first heap   total 250880K, used 120182K [0x0000000080000000, 0x0000000100000000)
  region size 1024K, 3 young (3072K), 3 survivors (3072K)
 Metaspace       used 94150K, capacity 96335K, committed 96720K, reserved 1132544K
  class space    used 11863K, capacity 12699K, committed 12832K, reserved 1048576K
}
Event: 38.454 GC heap before
{Heap before GC invocations=44 (full 0):
 garbage-first heap   total 250880K, used 128374K [0x0000000080000000, 0x0000000100000000)
  region size 1024K, 12 young (12288K), 3 survivors (3072K)
 Metaspace       used 94178K, capacity 96399K, committed 96720K, reserved 1132544K
  class space    used 11863K, capacity 12699K, committed 12832K, reserved 1048576K
}
Event: 38.460 GC heap after
{Heap after GC invocations=45 (full 0):
 garbage-first heap   total 250880K, used 108585K [0x0000000080000000, 0x0000000100000000)
  region size 1024K, 2 young (2048K), 2 survivors (2048K)
 Metaspace       used 94178K, capacity 96399K, committed 96720K, reserved 1132544K
  class space    used 11863K, capacity 12699K, committed 12832K, reserved 1048576K
}
Event: 38.821 GC heap before
{Heap before GC invocations=45 (full 0):
 garbage-first heap   total 250880K, used 158761K [0x0000000080000000, 0x0000000100000000)
  region size 1024K, 52 young (53248K), 2 survivors (2048K)
 Metaspace       used 94847K, capacity 97137K, committed 97616K, reserved 1134592K
  class space    used 11905K, capacity 12731K, committed 12960K, reserved 1048576K
}
Event: 38.828 GC heap after
{Heap after GC invocations=46 (full 0):
 garbage-first heap   total 250880K, used 109415K [0x0000000080000000, 0x0000000100000000)
  region size 1024K, 3 young (3072K), 3 survivors (3072K)
 Metaspace       used 94847K, capacity 97137K, committed 97616K, reserved 1134592K
  class space    used 11905K, capacity 12731K, committed 12960K, reserved 1048576K
}
Event: 39.433 GC heap before
{Heap before GC invocations=46 (full 0):
 garbage-first heap   total 250880K, used 163687K [0x0000000080000000, 0x0000000100000000)
  region size 1024K, 57 young (58368K), 3 survivors (3072K)
 Metaspace       used 95905K, capacity 98236K, committed 98384K, reserved 1134592K
  class space    used 12003K, capacity 12858K, committed 12960K, reserved 1048576K
}
Event: 39.445 GC heap after
{Heap after GC invocations=47 (full 0):
 garbage-first heap   total 250880K, used 117558K [0x0000000080000000, 0x0000000100000000)
  region size 1024K, 8 young (8192K), 8 survivors (8192K)
 Metaspace       used 95905K, capacity 98236K, committed 98384K, reserved 1134592K
  class space    used 12003K, capacity 12858K, committed 12960K, reserved 1048576K
}
Event: 40.326 GC heap before
{Heap before GC invocations=47 (full 0):
 garbage-first heap   total 250880K, used 171830K [0x0000000080000000, 0x0000000100000000)
  region size 1024K, 62 young (63488K), 8 survivors (8192K)
 Metaspace       used 97637K, capacity 100015K, committed 100176K, reserved 1136640K
  class space    used 12227K, capacity 13105K, committed 13216K, reserved 1048576K
}
Event: 40.341 GC heap after
{Heap after GC invocations=48 (full 0):
 garbage-first heap   total 250880K, used 115772K [0x0000000080000000, 0x0000000100000000)
  region size 1024K, 2 young (2048K), 2 survivors (2048K)
 Metaspace       used 97637K, capacity 100015K, committed 100176K, reserved 1136640K
  class space    used 12227K, capacity 13105K, committed 13216K, reserved 1048576K
}
Event: 41.851 GC heap before
{Heap before GC invocations=48 (full 0):
 garbage-first heap   total 250880K, used 175164K [0x0000000080000000, 0x0000000100000000)
  region size 1024K, 61 young (62464K), 2 survivors (2048K)
 Metaspace       used 100798K, capacity 103110K, committed 103376K, reserved 1138688K
  class space    used 12585K, capacity 13462K, committed 13600K, reserved 1048576K
}
Event: 41.866 GC heap after
{Heap after GC invocations=49 (full 0):
 garbage-first heap   total 250880K, used 118704K [0x0000000080000000, 0x0000000100000000)
  region size 1024K, 5 young (5120K), 5 survivors (5120K)
 Metaspace       used 100798K, capacity 103110K, committed 103376K, reserved 1138688K
  class space    used 12585K, capacity 13462K, committed 13600K, reserved 1048576K
}
Event: 43.256 GC heap before
{Heap before GC invocations=50 (full 0):
 garbage-first heap   total 250880K, used 182847K [0x0000000080000000, 0x0000000100000000)
  region size 1024K, 69 young (70656K), 5 survivors (5120K)
 Metaspace       used 101306K, capacity 103592K, committed 103888K, reserved 1140736K
  class space    used 12611K, capacity 13463K, committed 13600K, reserved 1048576K
}
Event: 43.268 GC heap after
{Heap after GC invocations=51 (full 0):
 garbage-first heap   total 250880K, used 119808K [0x0000000080000000, 0x0000000100000000)
  region size 1024K, 6 young (6144K), 6 survivors (6144K)
 Metaspace       used 101306K, capacity 103592K, committed 103888K, reserved 1140736K
  class space    used 12611K, capacity 13463K, committed 13600K, reserved 1048576K
}
Event: 43.383 GC heap before
{Heap before GC invocations=51 (full 0):
 garbage-first heap   total 250880K, used 124928K [0x0000000080000000, 0x0000000100000000)
  region size 1024K, 12 young (12288K), 6 survivors (6144K)
 Metaspace       used 101328K, capacity 103658K, committed 103888K, reserved 1140736K
  class space    used 12611K, capacity 13463K, committed 13600K, reserved 1048576K
}
Event: 43.394 GC heap after
{Heap after GC invocations=52 (full 0):
 garbage-first heap   total 250880K, used 104263K [0x0000000080000000, 0x0000000100000000)
  region size 1024K, 1 young (1024K), 1 survivors (1024K)
 Metaspace       used 101328K, capacity 103658K, committed 103888K, reserved 1140736K
  class space    used 12611K, capacity 13463K, committed 13600K, reserved 1048576K
}
Event: 43.839 GC heap before
{Heap before GC invocations=52 (full 0):
 garbage-first heap   total 250880K, used 179015K [0x0000000080000000, 0x0000000100000000)
  region size 1024K, 75 young (76800K), 1 survivors (1024K)
 Metaspace       used 102497K, capacity 104902K, committed 105040K, reserved 1140736K
  class space    used 12779K, capacity 13662K, committed 13728K, reserved 1048576K
}
Event: 43.856 GC heap after
{Heap after GC invocations=53 (full 0):
 garbage-first heap   total 250880K, used 119678K [0x0000000080000000, 0x0000000100000000)
  region size 1024K, 10 young (10240K), 10 survivors (10240K)
 Metaspace       used 102497K, capacity 104902K, committed 105040K, reserved 1140736K
  class space    used 12779K, capacity 13662K, committed 13728K, reserved 1048576K
}
Event: 44.720 GC heap before
{Heap before GC invocations=53 (full 0):
 garbage-first heap   total 250880K, used 189310K [0x0000000080000000, 0x0000000100000000)
  region size 1024K, 79 young (80896K), 10 survivors (10240K)
 Metaspace       used 105933K, capacity 108547K, committed 108752K, reserved 1144832K
  class space    used 13288K, capacity 14262K, committed 14368K, reserved 1048576K
}

Deoptimization events (20 events):
Event: 44.126 Thread 0x0000020c9dac4000 DEOPT PACKING pc=0x0000020c8ba9fe2c sp=0x0000009d4fcfab90
Event: 44.126 Thread 0x0000020c9a92e000 DEOPT PACKING pc=0x0000020c8ba9fe2c sp=0x0000009d51dfa430
Event: 44.126 Thread 0x0000020c9dac4000 DEOPT UNPACKING pc=0x0000020c83a8a1af sp=0x0000009d4fcfaa80 mode 2
Event: 44.126 Thread 0x0000020c9a92e000 DEOPT UNPACKING pc=0x0000020c83a8a1af sp=0x0000009d51dfa320 mode 2
Event: 44.455 Thread 0x0000020c9dac4000 Uncommon trap: trap_request=0xffffff4d fr.pc=0x0000020c8bd59bb0 relative=0x0000000000000090
Event: 44.455 Thread 0x0000020c9dac4000 Uncommon trap: reason=unstable_if action=reinterpret pc=0x0000020c8bd59bb0 method=com.android.tools.r8.internal.so.d(I)Z @ 45 c2
Event: 44.455 Thread 0x0000020c9dac4000 DEOPT PACKING pc=0x0000020c8bd59bb0 sp=0x0000009d4fcfa440
Event: 44.455 Thread 0x0000020c9dac4000 DEOPT UNPACKING pc=0x0000020c83a8a1af sp=0x0000009d4fcfa370 mode 2
Event: 44.496 Thread 0x0000020cff6c8800 Uncommon trap: trap_request=0xffffff4d fr.pc=0x0000020c8bd58b40 relative=0x0000000000000880
Event: 44.496 Thread 0x0000020cff6c8800 Uncommon trap: reason=unstable_if action=reinterpret pc=0x0000020c8bd58b40 method=com.android.tools.r8.graph.a1.a(Ljava/lang/String;)[B @ 19 c2
Event: 44.496 Thread 0x0000020cff6c8800 DEOPT PACKING pc=0x0000020c8bd58b40 sp=0x0000009d4eaf9d30
Event: 44.496 Thread 0x0000020cff6c8800 DEOPT UNPACKING pc=0x0000020c83a8a1af sp=0x0000009d4eaf9cf0 mode 2
Event: 44.496 Thread 0x0000020c9a92e000 Uncommon trap: trap_request=0xffffff4d fr.pc=0x0000020c8bd5920c relative=0x000000000000006c
Event: 44.496 Thread 0x0000020c9a92e000 Uncommon trap: reason=unstable_if action=reinterpret pc=0x0000020c8bd5920c method=com.android.tools.r8.graph.a1.a(C[BI)I @ 1 c2
Event: 44.496 Thread 0x0000020c9a92e000 DEOPT PACKING pc=0x0000020c8bd5920c sp=0x0000009d51df9a20
Event: 44.496 Thread 0x0000020c9a92e000 DEOPT UNPACKING pc=0x0000020c83a8a1af sp=0x0000009d51df99c0 mode 2
Event: 44.551 Thread 0x0000020c9bfcc800 Uncommon trap: trap_request=0xffffff4d fr.pc=0x0000020c8bd598a4 relative=0x0000000000000084
Event: 44.551 Thread 0x0000020c9bfcc800 Uncommon trap: reason=unstable_if action=reinterpret pc=0x0000020c8bd598a4 method=com.android.tools.r8.internal.so.d(I)Z @ 45 c2
Event: 44.551 Thread 0x0000020c9bfcc800 DEOPT PACKING pc=0x0000020c8bd598a4 sp=0x0000009d4d6f99f0
Event: 44.551 Thread 0x0000020c9bfcc800 DEOPT UNPACKING pc=0x0000020c83a8a1af sp=0x0000009d4d6f9980 mode 2

Classes redefined (0 events):
No events

Internal exceptions (20 events):
Event: 44.434 Thread 0x0000020c9dabe000 Exception <a 'java/lang/IncompatibleClassChangeError'{0x000000008cdb4a58}: Found class java.lang.Object, but interface was expected> (0x000000008cdb4a58) thrown at [./src/hotspot/share/interpreter/linkResolver.cpp, line 839]
Event: 44.434 Thread 0x0000020cff6c8800 Exception <a 'java/lang/IncompatibleClassChangeError'{0x000000008cc1a170}: Found class java.lang.Object, but interface was expected> (0x000000008cc1a170) thrown at [./src/hotspot/share/interpreter/linkResolver.cpp, line 839]
Event: 44.434 Thread 0x0000020c9d219800 Exception <a 'java/lang/IncompatibleClassChangeError'{0x000000008cc139e0}: Found class java.lang.Object, but interface was expected> (0x000000008cc139e0) thrown at [./src/hotspot/share/interpreter/linkResolver.cpp, line 839]
Event: 44.434 Thread 0x0000020c9a92e000 Exception <a 'java/lang/IncompatibleClassChangeError'{0x000000008cc9d6e8}: Found class java.lang.Object, but interface was expected> (0x000000008cc9d6e8) thrown at [./src/hotspot/share/interpreter/linkResolver.cpp, line 839]
Event: 44.434 Thread 0x0000020c9dac4000 Exception <a 'java/lang/IncompatibleClassChangeError'{0x000000008cd3fb68}: Found class java.lang.Object, but interface was expected> (0x000000008cd3fb68) thrown at [./src/hotspot/share/interpreter/linkResolver.cpp, line 839]
Event: 44.434 Thread 0x0000020c9dab9800 Exception <a 'java/lang/IncompatibleClassChangeError'{0x000000008cc9aef0}: Found class java.lang.Object, but interface was expected> (0x000000008cc9aef0) thrown at [./src/hotspot/share/interpreter/linkResolver.cpp, line 839]
Event: 44.535 Thread 0x0000020c9dac4000 Exception <a 'java/lang/NoSuchMethodError'{0x000000008c9f8b88}: 'long java.lang.invoke.DirectMethodHandle$Holder.invokeStatic(java.lang.Object, long, java.lang.Object)'> (0x000000008c9f8b88) thrown at [./src/hotspot/share/interpreter/linkResolver.cpp, line 773]
Event: 44.536 Thread 0x0000020c9a92e000 Exception <a 'java/lang/NoSuchMethodError'{0x000000008c88b990}: 'java.lang.Object java.lang.invoke.DirectMethodHandle$Holder.invokeStatic(java.lang.Object, long)'> (0x000000008c88b990) thrown at [./src/hotspot/share/interpreter/linkResolver.cpp, line 773]
Event: 44.537 Thread 0x0000020c9d219800 Exception <a 'java/lang/NoSuchMethodError'{0x000000008cb78270}: 'java.lang.Object java.lang.invoke.DirectMethodHandle$Holder.invokeStatic(java.lang.Object, long)'> (0x000000008cb78270) thrown at [./src/hotspot/share/interpreter/linkResolver.cpp, line 773]
Event: 44.536 Thread 0x0000020c9bfcc800 Exception <a 'java/lang/NoSuchMethodError'{0x000000008c8065b8}: 'java.lang.Object java.lang.invoke.DirectMethodHandle$Holder.invokeStatic(java.lang.Object, long)'> (0x000000008c8065b8) thrown at [./src/hotspot/share/interpreter/linkResolver.cpp, line 773]
Event: 44.537 Thread 0x0000020c9dab9800 Exception <a 'java/lang/NoSuchMethodError'{0x000000008c87a460}: 'java.lang.Object java.lang.invoke.DirectMethodHandle$Holder.invokeStatic(java.lang.Object, long)'> (0x000000008c87a460) thrown at [./src/hotspot/share/interpreter/linkResolver.cpp, line 773]
Event: 44.537 Thread 0x0000020c9dac4000 Exception <a 'java/lang/NoSuchMethodError'{0x000000008c9fe288}: 'java.lang.Object java.lang.invoke.DirectMethodHandle$Holder.invokeStatic(java.lang.Object, long)'> (0x000000008c9fe288) thrown at [./src/hotspot/share/interpreter/linkResolver.cpp, line 773]
Event: 44.537 Thread 0x0000020cff6c8800 Exception <a 'java/lang/NoSuchMethodError'{0x000000008c887690}: 'java.lang.Object java.lang.invoke.DirectMethodHandle$Holder.invokeStatic(java.lang.Object, long)'> (0x000000008c887690) thrown at [./src/hotspot/share/interpreter/linkResolver.cpp, line 773]
Event: 44.540 Thread 0x0000020c9dab9800 Exception <a 'java/lang/NoSuchMethodError'{0x000000008c893a90}: 'java.lang.Object java.lang.invoke.DirectMethodHandle$Holder.invokeSpecial(java.lang.Object, java.lang.Object, long)'> (0x000000008c893a90) thrown at [./src/hotspot/share/interpreter/linkResolver.cpp, line 773]
Event: 44.540 Thread 0x0000020c9dac4000 Exception <a 'java/lang/NoSuchMethodError'{0x000000008c8ad3e8}: 'java.lang.Object java.lang.invoke.Invokers$Holder.linkToTargetMethod(long, java.lang.Object)'> (0x000000008c8ad3e8) thrown at [./src/hotspot/share/interpreter/linkResolver.cpp, line 773]
Event: 44.540 Thread 0x0000020c9d219800 Exception <a 'java/lang/NoSuchMethodError'{0x000000008cb7f108}: 'java.lang.Object java.lang.invoke.Invokers$Holder.linkToTargetMethod(long, java.lang.Object)'> (0x000000008cb7f108) thrown at [./src/hotspot/share/interpreter/linkResolver.cpp, line 773]
Event: 44.540 Thread 0x0000020c9a92e000 Exception <a 'java/lang/NoSuchMethodError'{0x000000008c8c6f20}: 'java.lang.Object java.lang.invoke.Invokers$Holder.linkToTargetMethod(long, java.lang.Object)'> (0x000000008c8c6f20) thrown at [./src/hotspot/share/interpreter/linkResolver.cpp, line 773]
Event: 44.540 Thread 0x0000020c9dab9800 Exception <a 'java/lang/NoSuchMethodError'{0x000000008c897248}: 'java.lang.Object java.lang.invoke.Invokers$Holder.linkToTargetMethod(long, java.lang.Object)'> (0x000000008c897248) thrown at [./src/hotspot/share/interpreter/linkResolver.cpp, line 773]
Event: 44.540 Thread 0x0000020c9dabe000 Exception <a 'java/lang/NoSuchMethodError'{0x000000008c90eb70}: 'java.lang.Object java.lang.invoke.DirectMethodHandle$Holder.invokeSpecial(java.lang.Object, java.lang.Object, long)'> (0x000000008c90eb70) thrown at [./src/hotspot/share/interpreter/linkResolver.cpp, line 773]
Event: 44.541 Thread 0x0000020c9dabe000 Exception <a 'java/lang/NoSuchMethodError'{0x000000008c912328}: 'java.lang.Object java.lang.invoke.Invokers$Holder.linkToTargetMethod(long, java.lang.Object)'> (0x000000008c912328) thrown at [./src/hotspot/share/interpreter/linkResolver.cpp, line 773]

Events (20 events):
Event: 44.710 loading class com/android/tools/r8/internal/wX done
Event: 44.711 loading class com/android/tools/r8/internal/lk
Event: 44.711 loading class com/android/tools/r8/internal/lk done
Event: 44.712 loading class com/android/tools/r8/internal/d6
Event: 44.712 loading class com/android/tools/r8/internal/d6 done
Event: 44.713 loading class com/android/tools/r8/internal/yv
Event: 44.713 loading class com/android/tools/r8/internal/yv done
Event: 44.714 loading class com/android/tools/r8/internal/TK
Event: 44.714 loading class com/android/tools/r8/internal/TK done
Event: 44.715 loading class com/android/tools/r8/internal/lL
Event: 44.715 loading class com/android/tools/r8/internal/lL done
Event: 44.716 loading class com/android/tools/r8/internal/Qq
Event: 44.716 loading class com/android/tools/r8/internal/Qq done
Event: 44.717 loading class com/android/tools/r8/internal/Bv
Event: 44.717 loading class com/android/tools/r8/internal/Bv done
Event: 44.717 loading class com/android/tools/r8/internal/ov
Event: 44.717 loading class com/android/tools/r8/internal/ov done
Event: 44.718 loading class com/android/tools/r8/internal/Cv
Event: 44.718 loading class com/android/tools/r8/internal/Cv done
Event: 44.719 Executing VM operation: G1CollectForAllocation


Dynamic libraries:
0x00007ff7157d0000 - 0x00007ff7157da000 	C:\Program Files\Android\Android Studio\jre\bin\java.exe
0x00007ff951a30000 - 0x00007ff951c44000 	C:\WINDOWS\SYSTEM32\ntdll.dll
0x00007ff94fcf0000 - 0x00007ff94fdb2000 	C:\WINDOWS\System32\KERNEL32.DLL
0x00007ff94f310000 - 0x00007ff94f6ac000 	C:\WINDOWS\System32\KERNELBASE.dll
0x00007ff94f1f0000 - 0x00007ff94f301000 	C:\WINDOWS\System32\ucrtbase.dll
0x00007ff947c90000 - 0x00007ff947ca9000 	C:\Program Files\Android\Android Studio\jre\bin\jli.dll
0x00007ff947810000 - 0x00007ff947827000 	C:\Program Files\Android\Android Studio\jre\bin\VCRUNTIME140.dll
0x00007ff951550000 - 0x00007ff9516fb000 	C:\WINDOWS\System32\USER32.dll
0x00007ff94f770000 - 0x00007ff94f796000 	C:\WINDOWS\System32\win32u.dll
0x00007ff9388f0000 - 0x00007ff938b7e000 	C:\WINDOWS\WinSxS\amd64_microsoft.windows.common-controls_6595b64144ccf1df_6.0.22621.608_none_a9444ca7c10bb01d\COMCTL32.dll
0x00007ff950070000 - 0x00007ff950099000 	C:\WINDOWS\System32\GDI32.dll
0x00007ff950dd0000 - 0x00007ff950e77000 	C:\WINDOWS\System32\msvcrt.dll
0x00007ff94eee0000 - 0x00007ff94eff3000 	C:\WINDOWS\System32\gdi32full.dll
0x00007ff94f7a0000 - 0x00007ff94f83a000 	C:\WINDOWS\System32\msvcp_win.dll
0x00007ff951510000 - 0x00007ff951541000 	C:\WINDOWS\System32\IMM32.DLL
0x00007ff916170000 - 0x00007ff91620d000 	C:\Program Files\Android\Android Studio\jre\bin\msvcp140.dll
0x00007ff90c6b0000 - 0x00007ff90d1b2000 	C:\Program Files\Android\Android Studio\jre\bin\server\jvm.dll
0x00007ff9500d0000 - 0x00007ff95017e000 	C:\WINDOWS\System32\ADVAPI32.dll
0x00007ff94fc40000 - 0x00007ff94fce4000 	C:\WINDOWS\System32\sechost.dll
0x00007ff94ff50000 - 0x00007ff950067000 	C:\WINDOWS\System32\RPCRT4.dll
0x00007ff9500a0000 - 0x00007ff9500a8000 	C:\WINDOWS\System32\PSAPI.DLL
0x00007ff9478e0000 - 0x00007ff947914000 	C:\WINDOWS\SYSTEM32\WINMM.dll
0x00007ff94c1f0000 - 0x00007ff94c1f9000 	C:\WINDOWS\SYSTEM32\WSOCK32.dll
0x00007ff9518f0000 - 0x00007ff951961000 	C:\WINDOWS\System32\WS2_32.dll
0x00007ff9473a0000 - 0x00007ff9473aa000 	C:\WINDOWS\SYSTEM32\VERSION.dll
0x00007ff94de90000 - 0x00007ff94dea8000 	C:\WINDOWS\SYSTEM32\kernel.appcore.dll
0x00007ff94c100000 - 0x00007ff94c111000 	C:\Program Files\Android\Android Studio\jre\bin\verify.dll
0x00007ff93d2c0000 - 0x00007ff93d4ee000 	C:\WINDOWS\SYSTEM32\DBGHELP.DLL
0x00007ff94f840000 - 0x00007ff94fbc9000 	C:\WINDOWS\System32\combase.dll
0x00007ff9513d0000 - 0x00007ff9514a7000 	C:\WINDOWS\System32\OLEAUT32.dll
0x00007ff9338e0000 - 0x00007ff933912000 	C:\WINDOWS\SYSTEM32\dbgcore.DLL
0x00007ff94f000000 - 0x00007ff94f07b000 	C:\WINDOWS\System32\bcryptPrimitives.dll
0x00007ff94a320000 - 0x00007ff94a349000 	C:\Program Files\Android\Android Studio\jre\bin\java.dll
0x00007ff94a4f0000 - 0x00007ff94a4fb000 	C:\Program Files\Android\Android Studio\jre\bin\jimage.dll
0x00007ff94a3a0000 - 0x00007ff94a3b8000 	C:\Program Files\Android\Android Studio\jre\bin\zip.dll
0x00007ff950280000 - 0x00007ff950a70000 	C:\WINDOWS\System32\SHELL32.dll
0x00007ff94ce30000 - 0x00007ff94d6fd000 	C:\WINDOWS\SYSTEM32\windows.storage.dll
0x00007ff94ccf0000 - 0x00007ff94ce2e000 	C:\WINDOWS\SYSTEM32\wintypes.dll
0x00007ff950180000 - 0x00007ff950271000 	C:\WINDOWS\System32\SHCORE.dll
0x00007ff94fdc0000 - 0x00007ff94fe1e000 	C:\WINDOWS\System32\shlwapi.dll
0x00007ff94eda0000 - 0x00007ff94edc1000 	C:\WINDOWS\SYSTEM32\profapi.dll
0x00007ff94a2e0000 - 0x00007ff94a2fa000 	C:\Program Files\Android\Android Studio\jre\bin\net.dll
0x00007ff947650000 - 0x00007ff947787000 	C:\WINDOWS\SYSTEM32\WINHTTP.dll
0x00007ff94e330000 - 0x00007ff94e399000 	C:\WINDOWS\system32\mswsock.dll
0x00007ff94a2c0000 - 0x00007ff94a2d4000 	C:\Program Files\Android\Android Studio\jre\bin\nio.dll
0x00007ff9385c0000 - 0x00007ff9385e7000 	C:\Users\nilesh\.gradle\native\e1d6ef7f7dcc3fd88c89a11ec53ec762bb8ba0a96d01ffa2cd45eb1d1d8dd5c5\windows-amd64\native-platform.dll
0x00007ff913c20000 - 0x00007ff913d64000 	C:\Users\nilesh\.gradle\native\0d407fdbe67a94daf76414ababcb853783967236a71b16ec16e742cd7a986fd3\windows-amd64\native-platform-file-events.dll
0x00007ff949fb0000 - 0x00007ff949fba000 	C:\Program Files\Android\Android Studio\jre\bin\management.dll
0x00007ff949fa0000 - 0x00007ff949fad000 	C:\Program Files\Android\Android Studio\jre\bin\management_ext.dll
0x00007ff94e5a0000 - 0x00007ff94e5bb000 	C:\WINDOWS\SYSTEM32\CRYPTSP.dll
0x00007ff94de00000 - 0x00007ff94de35000 	C:\WINDOWS\system32\rsaenh.dll
0x00007ff94e430000 - 0x00007ff94e458000 	C:\WINDOWS\SYSTEM32\USERENV.dll
0x00007ff94e750000 - 0x00007ff94e778000 	C:\WINDOWS\SYSTEM32\bcrypt.dll
0x00007ff94e590000 - 0x00007ff94e59c000 	C:\WINDOWS\SYSTEM32\CRYPTBASE.dll
0x00007ff94d990000 - 0x00007ff94d9bd000 	C:\WINDOWS\SYSTEM32\IPHLPAPI.DLL
0x00007ff950dc0000 - 0x00007ff950dc9000 	C:\WINDOWS\System32\NSI.dll
0x00007ff9477f0000 - 0x00007ff947809000 	C:\WINDOWS\SYSTEM32\dhcpcsvc6.DLL
0x00007ff9475e0000 - 0x00007ff9475ff000 	C:\WINDOWS\SYSTEM32\dhcpcsvc.DLL
0x00007ff94d9c0000 - 0x00007ff94dab3000 	C:\WINDOWS\SYSTEM32\DNSAPI.dll

dbghelp: loaded successfully - version: 4.0.5 - missing functions: none
symbol engine: initialized successfully - sym options: 0x614 - pdb path: .;C:\Program Files\Android\Android Studio\jre\bin;C:\WINDOWS\SYSTEM32;C:\WINDOWS\WinSxS\amd64_microsoft.windows.common-controls_6595b64144ccf1df_6.0.22621.608_none_a9444ca7c10bb01d;C:\Program Files\Android\Android Studio\jre\bin\server;C:\Users\nilesh\.gradle\native\e1d6ef7f7dcc3fd88c89a11ec53ec762bb8ba0a96d01ffa2cd45eb1d1d8dd5c5\windows-amd64;C:\Users\nilesh\.gradle\native\0d407fdbe67a94daf76414ababcb853783967236a71b16ec16e742cd7a986fd3\windows-amd64

VM Arguments:
jvm_args: --add-opens=java.base/java.util=ALL-UNNAMED --add-opens=java.base/java.lang=ALL-UNNAMED --add-opens=java.base/java.lang.invoke=ALL-UNNAMED --add-opens=java.base/java.util=ALL-UNNAMED --add-opens=java.prefs/java.util.prefs=ALL-UNNAMED --add-opens=java.prefs/java.util.prefs=ALL-UNNAMED --add-opens=java.base/java.nio.charset=ALL-UNNAMED --add-opens=java.base/java.net=ALL-UNNAMED --add-opens=java.base/java.util.concurrent.atomic=ALL-UNNAMED -Xmx2048m -Dfile.encoding=UTF-8 -Duser.country=US -Duser.language=en -Duser.variant 
java_command: org.gradle.launcher.daemon.bootstrap.GradleDaemon 7.4
java_class_path (initial): C:\Users\nilesh\.gradle\wrapper\dists\gradle-7.4-bin\c0gwcg53nkjbqw7r0h0umtfvt\gradle-7.4\lib\gradle-launcher-7.4.jar
Launcher Type: SUN_STANDARD

[Global flags]
     intx CICompilerCount                          = 4                                         {product} {ergonomic}
     uint ConcGCThreads                            = 2                                         {product} {ergonomic}
     uint G1ConcRefinementThreads                  = 8                                         {product} {ergonomic}
   size_t G1HeapRegionSize                         = 1048576                                   {product} {ergonomic}
    uintx GCDrainStackTargetSize                   = 64                                        {product} {ergonomic}
   size_t InitialHeapSize                          = 100663296                                 {product} {ergonomic}
   size_t MarkStackSize                            = 4194304                                   {product} {ergonomic}
   size_t MaxHeapSize                              = 2147483648                                {product} {command line}
   size_t MaxNewSize                               = 1287651328                                {product} {ergonomic}
   size_t MinHeapDeltaBytes                        = 1048576                                   {product} {ergonomic}
    uintx NonNMethodCodeHeapSize                   = 5836300                                {pd product} {ergonomic}
    uintx NonProfiledCodeHeapSize                  = 122910970                              {pd product} {ergonomic}
    uintx ProfiledCodeHeapSize                     = 122910970                              {pd product} {ergonomic}
    uintx ReservedCodeCacheSize                    = 251658240                              {pd product} {ergonomic}
     bool SegmentedCodeCache                       = true                                      {product} {ergonomic}
     bool UseCompressedClassPointers               = true                                 {lp64_product} {ergonomic}
     bool UseCompressedOops                        = true                                 {lp64_product} {ergonomic}
     bool UseG1GC                                  = true                                      {product} {ergonomic}
     bool UseLargePagesIndividualAllocation        = false                                  {pd product} {ergonomic}

Logging:
Log output configuration:
 #0: stdout all=warning uptime,level,tags
 #1: stderr all=off uptime,level,tags

Environment Variables:
JAVA_HOME=C:\Program Files\Java\jdk-17.0.1
CLASSPATH=C:\oraclexe\app\oracle\product\10.2.0\server\jdbc\lib\ojdbc6_g.jar;
PATH=C:\Program Files\Java\jdk-17.0.1\bin;C:\Program Files\Java\jre1.8.0_321\lib\ext;C:\oraclexe\app\oracle\product\10.2.0\server\bin;C:\Program Files\dotnet\;C:\WINDOWS\system32;C:\WINDOWS;C:\WINDOWS\System32\Wbem;C:\WINDOWS\System32\WindowsPowerShell\v1.0\;C:\WINDOWS\System32\OpenSSH\;C:\Windows\Microsoft.NET\Framework\v4.0.30319;C:\Program Files\nodejs\;D:\gradle\gradle-7.5.1\bin;C:\MinGW\bin;C:\Users\nilesh\AppData\Local\Programs\Python\Python310\Scripts\;C:\Users\nilesh\AppData\Local\Programs\Python\Python310\;C:\Users\nilesh\AppData\Local\Microsoft\WindowsApps;C:\Users\nilesh\AppData\Local\Programs\Microsoft VS Code\bin;"C:\Program Files\Java\jdk-17\bin;";C:\Program Files\Javaprogs;C:\Program Files\Java\jdk-17.0.1\bin;C:\Users\nilesh\.dotnet\tools;C:\Program Files\Microsoft SQL Server\90\Shared\Resources;C:\Users\nilesh\AppData\Roaming\npm;
USERNAME=nilesh
OS=Windows_NT
PROCESSOR_IDENTIFIER=AMD64 Family 23 Model 24 Stepping 1, AuthenticAMD



---------------  S Y S T E M  ---------------

OS: Windows 11 , 64 bit Build 22621 (10.0.22621.1485)
OS uptime: 22 days 15:11 hours
Hyper-V role detected

CPU:total 8 (initial active 8) (8 cores per cpu, 2 threads per core) family 23 model 24 stepping 1 microcode 0x0, cmov, cx8, fxsr, mmx, sse, sse2, sse3, ssse3, sse4.1, sse4.2, popcnt, avx, avx2, aes, clmul, mmxext, 3dnowpref, lzcnt, sse4a, ht, tsc, tscinvbit, tscinv, bmi1, bmi2, adx, sha, fma

Memory: 4k page, system-wide physical 6060M (386M free)
TotalPageFile size 9060M (AvailPageFile size 21M)
current process WorkingSet (physical memory assigned to process): 536M, peak: 579M
current process commit charge ("private bytes"): 684M, peak: 735M

vm_info: OpenJDK 64-Bit Server VM (11.0.13+0-b1751.21-8125866) for windows-amd64 JRE (11.0.13+0-b1751.21-8125866), built on Feb  2 2022 03:00:22 by "builder" with MS VC++ 14.0 (VS2015)

END.
