#
# There is insufficient memory for the Java Runtime Environment to continue.
# Native memory allocation (mmap) failed to map 51380224 bytes for Failed to commit area from 0x000000008f300000 to 0x0000000092400000 of length 51380224.
# Possible reasons:
#   The system is out of physical RAM or swap space
#   The process is running with CompressedOops enabled, and the Java Heap may be blocking the growth of the native heap
# Possible solutions:
#   Reduce memory load on the system
#   Increase physical memory or swap space
#   Check if swap backing store is full
#   Decrease Java heap size (-Xmx/-Xms)
#   Decrease number of Java threads
#   Decrease Java thread stack sizes (-Xss)
#   Set larger code cache with -XX:ReservedCodeCacheSize=
#   JVM is running with Unscaled Compressed Oops mode in which the Java heap is
#     placed in the first 4GB address space. The Java Heap base address is the
#     maximum limit for the native heap growth. Please use -XX:HeapBaseMinAddress
#     to set the Java Heap base and to place the Java Heap above 4GB virtual address.
# This output file may be truncated or incomplete.
#
#  Out of Memory Error (./src/hotspot/os/windows/os_windows.cpp:3619), pid=4288, tid=2720
#
# JRE version: OpenJDK Runtime Environment (11.0.13) (build 11.0.13+0-b1751.21-8125866)
# Java VM: OpenJDK 64-Bit Server VM (11.0.13+0-b1751.21-8125866, mixed mode, tiered, compressed oops, g1 gc, windows-amd64)
# No core dump will be written. Minidumps are not enabled by default on client versions of Windows
#

---------------  S U M M A R Y ------------

Command Line: --add-opens=java.base/java.util=ALL-UNNAMED --add-opens=java.base/java.lang=ALL-UNNAMED --add-opens=java.base/java.lang.invoke=ALL-UNNAMED --add-opens=java.base/java.util=ALL-UNNAMED --add-opens=java.prefs/java.util.prefs=ALL-UNNAMED --add-opens=java.prefs/java.util.prefs=ALL-UNNAMED --add-opens=java.base/java.nio.charset=ALL-UNNAMED --add-opens=java.base/java.net=ALL-UNNAMED --add-opens=java.base/java.util.concurrent.atomic=ALL-UNNAMED -Xmx2048m -Dfile.encoding=UTF-8 -Duser.country=US -Duser.language=en -Duser.variant org.gradle.launcher.daemon.bootstrap.GradleDaemon 7.4

Host: AMD Ryzen 5 3500U with Radeon Vega Mobile Gfx  , 8 cores, 5G,  Windows 11 , 64 bit Build 22621 (10.0.22621.1485)
Time: Sun May 28 23:23:03 2023 India Standard Time elapsed time: 38.356165 seconds (0d 0h 0m 38s)

---------------  T H R E A D  ---------------

Current thread (0x00000190c79f5000):  VMThread "VM Thread" [stack: 0x000000348d900000,0x000000348da00000] [id=2720]

Stack: [0x000000348d900000,0x000000348da00000]
[error occurred during error reporting (printing stack bounds), id 0xc0000005, EXCEPTION_ACCESS_VIOLATION (0xc0000005) at pc=0x00000190b108112d]

Native frames: (J=compiled Java code, j=interpreted, Vv=VM code, C=native code)
V  [jvm.dll+0x6100fa]
V  [jvm.dll+0x747090]
V  [jvm.dll+0x7486ad]
V  [jvm.dll+0x748ce5]
V  [jvm.dll+0x748c9b]
V  [jvm.dll+0x60f224]
V  [jvm.dll+0x60f9b8]
C  [ntdll.dll+0xa3cff]
C  [ntdll.dll+0x1e456]
C  [ntdll.dll+0xa2cee]
C  0x00000190b108112d

VM_Operation (0x0000003496afc130): G1CollectForAllocation, mode: safepoint, requested by thread 0x00000190ccb65800


---------------  P R O C E S S  ---------------

Threads class SMR info:
_java_thread_list=0x00000190ceec4210, length=153, elements={
0x00000190ad568000, 0x00000190c79f6800, 0x00000190c7a02800, 0x00000190c8392800,
0x00000190c7a0e000, 0x00000190c7a11000, 0x00000190c7a13000, 0x00000190c7a17000,
0x00000190c7a1a000, 0x00000190c84eb000, 0x00000190c9495800, 0x00000190c8a30000,
0x00000190c93a7800, 0x00000190ca1c1800, 0x00000190c9a06000, 0x00000190c9ef7000,
0x00000190c9ef1800, 0x00000190ca15f000, 0x00000190ca359000, 0x00000190ca17d000,
0x00000190ca177000, 0x00000190ca175800, 0x00000190ca172800, 0x00000190ca176800,
0x00000190ca178000, 0x00000190ca179000, 0x00000190ca173000, 0x00000190ca174000,
0x00000190ca175000, 0x00000190cc589800, 0x00000190cc58a800, 0x00000190cc58d800,
0x00000190cc588000, 0x00000190cc58e800, 0x00000190cc589000, 0x00000190cc594000,
0x00000190cc591000, 0x00000190cc595000, 0x00000190cc592000, 0x00000190cc592800,
0x00000190cc58f800, 0x00000190cc593800, 0x00000190cc590000, 0x00000190cc596000,
0x00000190cc596800, 0x00000190cd1fc000, 0x00000190cd1f8800, 0x00000190cd1fc800,
0x00000190cd1f9800, 0x00000190cd1f8000, 0x00000190cd1fd800, 0x00000190cd1fb000,
0x00000190cd1fe800, 0x00000190cd1ff000, 0x00000190cd1fa000, 0x00000190cd200800,
0x00000190cd201800, 0x00000190cd205000, 0x00000190cd202800, 0x00000190cd203000,
0x00000190cd204000, 0x00000190cd205800, 0x00000190cd200000, 0x00000190cd206800,
0x00000190ce7fc000, 0x00000190ce7fa800, 0x00000190ce7fe800, 0x00000190ce7fd000,
0x00000190ce7f8800, 0x00000190ce7fb000, 0x00000190ce7ff000, 0x00000190ce7fd800,
0x00000190ce7f9800, 0x00000190ce801000, 0x00000190ce803800, 0x00000190ce806000,
0x00000190ce804000, 0x00000190ce800000, 0x00000190ce805000, 0x00000190ce806800,
0x00000190ce802800, 0x00000190ce801800, 0x00000190ce807800, 0x00000190ccc34000,
0x00000190ccc35800, 0x00000190ccc33000, 0x00000190ccc34800, 0x00000190ccc36800,
0x00000190ccc37000, 0x00000190ccc38000, 0x00000190ccc32800, 0x00000190ccc3c000,
0x00000190ccc3d000, 0x00000190ccc39800, 0x00000190ccc3d800, 0x00000190ccc3e800,
0x00000190ccc3a800, 0x00000190ccc39000, 0x00000190ccc3f800, 0x00000190ccc3b000,
0x00000190ccc40000, 0x00000190ccc41000, 0x00000190cd174000, 0x00000190cd175000,
0x00000190cd175800, 0x00000190cd176800, 0x00000190cd173000, 0x00000190cd177800,
0x00000190cd178000, 0x00000190cd172800, 0x00000190cd17e000, 0x00000190cd17e800,
0x00000190cd179800, 0x00000190cd179000, 0x00000190cd17d000, 0x00000190cd17b800,
0x00000190cd17a800, 0x00000190cd17f800, 0x00000190cd180000, 0x00000190cd181000,
0x00000190cd17c000, 0x00000190ccb5b000, 0x00000190ccb5e000, 0x00000190ccb5f000,
0x00000190ccb60000, 0x00000190ccb5c800, 0x00000190ccb5d800, 0x00000190ccb5a000,
0x00000190ccb60800, 0x00000190ccb61800, 0x00000190ccb5b800, 0x00000190ccb64000,
0x00000190ccb64800, 0x00000190ccb65800, 0x00000190ccb66800, 0x00000190ccb67000,
0x00000190ccb68000, 0x00000190ccb62000, 0x00000190ccb68800, 0x00000190ccb63000,
0x00000190d0783800, 0x00000190d077f800, 0x00000190d0781800, 0x00000190d077e000,
0x00000190d0784800, 0x00000190d077f000, 0x00000190d0785800, 0x00000190d0786000,
0x00000190d0780800, 0x00000190d0788000, 0x00000190d0787000, 0x00000190d0782000,
0x00000190d0788800
}

Java Threads: ( => current thread )
  0x00000190ad568000 JavaThread "main" [_thread_blocked, id=12148, stack(0x000000348d300000,0x000000348d400000)]
  0x00000190c79f6800 JavaThread "Reference Handler" daemon [_thread_blocked, id=4400, stack(0x000000348da00000,0x000000348db00000)]
  0x00000190c7a02800 JavaThread "Finalizer" daemon [_thread_blocked, id=12620, stack(0x000000348db00000,0x000000348dc00000)]
  0x00000190c8392800 JavaThread "Signal Dispatcher" daemon [_thread_blocked, id=17308, stack(0x000000348dc00000,0x000000348dd00000)]
  0x00000190c7a0e000 JavaThread "Attach Listener" daemon [_thread_blocked, id=10948, stack(0x000000348dd00000,0x000000348de00000)]
  0x00000190c7a11000 JavaThread "Service Thread" daemon [_thread_blocked, id=4684, stack(0x000000348de00000,0x000000348df00000)]
  0x00000190c7a13000 JavaThread "C2 CompilerThread0" daemon [_thread_blocked, id=11712, stack(0x000000348df00000,0x000000348e000000)]
  0x00000190c7a17000 JavaThread "C1 CompilerThread0" daemon [_thread_blocked, id=16904, stack(0x000000348e000000,0x000000348e100000)]
  0x00000190c7a1a000 JavaThread "Sweeper thread" daemon [_thread_blocked, id=1620, stack(0x000000348e100000,0x000000348e200000)]
  0x00000190c84eb000 JavaThread "Common-Cleaner" daemon [_thread_blocked, id=12656, stack(0x000000348e200000,0x000000348e300000)]
  0x00000190c9495800 JavaThread "Daemon health stats" [_thread_blocked, id=9240, stack(0x000000348e500000,0x000000348e600000)]
  0x00000190c8a30000 JavaThread "Incoming local TCP Connector on port 50298" [_thread_in_native, id=14680, stack(0x000000348e600000,0x000000348e700000)]
  0x00000190c93a7800 JavaThread "Daemon periodic checks" [_thread_blocked, id=14524, stack(0x000000348e700000,0x000000348e800000)]
  0x00000190ca1c1800 JavaThread "Daemon" [_thread_blocked, id=9432, stack(0x000000348e800000,0x000000348e900000)]
  0x00000190c9a06000 JavaThread "Handler for socket connection from /127.0.0.1:50298 to /127.0.0.1:50299" [_thread_in_native, id=17284, stack(0x000000348e900000,0x000000348ea00000)]
  0x00000190c9ef7000 JavaThread "Cancel handler" [_thread_blocked, id=5704, stack(0x000000348ea00000,0x000000348eb00000)]
  0x00000190c9ef1800 JavaThread "Daemon worker" [_thread_blocked, id=16724, stack(0x000000348eb00000,0x000000348ec00000)]
  0x00000190ca15f000 JavaThread "Asynchronous log dispatcher for DefaultDaemonConnection: socket connection from /127.0.0.1:50298 to /127.0.0.1:50299" [_thread_blocked, id=10568, stack(0x000000348ec00000,0x000000348ed00000)]
  0x00000190ca359000 JavaThread "Stdin handler" [_thread_blocked, id=1420, stack(0x000000348ed00000,0x000000348ee00000)]
  0x00000190ca17d000 JavaThread "Daemon client event forwarder" [_thread_blocked, id=9548, stack(0x000000348ee00000,0x000000348ef00000)]
  0x00000190ca177000 JavaThread "Cache worker for journal cache (C:\Users\nilesh\.gradle\caches\journal-1)" [_thread_blocked, id=7892, stack(0x000000348f500000,0x000000348f600000)]
  0x00000190ca175800 JavaThread "File lock request listener" [_thread_in_native, id=4408, stack(0x000000348f600000,0x000000348f700000)]
  0x00000190ca172800 JavaThread "Cache worker for file hash cache (C:\Users\nilesh\.gradle\caches\7.4\fileHashes)" [_thread_blocked, id=9204, stack(0x000000348f700000,0x000000348f800000)]
  0x00000190ca176800 JavaThread "File watcher server" daemon [_thread_blocked, id=15192, stack(0x000000348f900000,0x000000348fa00000)]
  0x00000190ca178000 JavaThread "File watcher consumer" daemon [_thread_blocked, id=15204, stack(0x000000348fa00000,0x000000348fb00000)]
  0x00000190ca179000 JavaThread "Cache worker for checksums cache (C:\Users\nilesh\AndroidStudioProjects\Aus\.gradle\7.4\checksums)" [_thread_blocked, id=15208, stack(0x000000348fb00000,0x000000348fc00000)]
  0x00000190ca173000 JavaThread "Cache worker for cache directory md-rule (C:\Users\nilesh\.gradle\caches\7.4\md-rule)" [_thread_blocked, id=15184, stack(0x000000348fc00000,0x000000348fd00000)]
  0x00000190ca174000 JavaThread "Cache worker for file hash cache (C:\Users\nilesh\AndroidStudioProjects\Aus\.gradle\7.4\fileHashes)" [_thread_blocked, id=15344, stack(0x000000348fd00000,0x000000348fe00000)]
  0x00000190ca175000 JavaThread "Cache worker for cache directory md-supplier (C:\Users\nilesh\.gradle\caches\7.4\md-supplier)" [_thread_blocked, id=13536, stack(0x000000348fe00000,0x000000348ff00000)]
  0x00000190cc589800 JavaThread "Cache worker for execution history cache (C:\Users\nilesh\.gradle\caches\7.4\executionHistory)" [_thread_blocked, id=10764, stack(0x000000348ff00000,0x0000003490000000)]
  0x00000190cc58a800 JavaThread "jar transforms" [_thread_blocked, id=2740, stack(0x0000003490000000,0x0000003490100000)]
  0x00000190cc58d800 JavaThread "Cache worker for file content cache (C:\Users\nilesh\.gradle\caches\7.4\fileContent)" [_thread_blocked, id=13632, stack(0x0000003490100000,0x0000003490200000)]
  0x00000190cc588000 JavaThread "jar transforms Thread 2" [_thread_blocked, id=10016, stack(0x0000003490200000,0x0000003490300000)]
  0x00000190cc58e800 JavaThread "Cache worker for dependencies-accessors (C:\Users\nilesh\AndroidStudioProjects\Aus\.gradle\7.4\dependencies-accessors)" [_thread_blocked, id=16944, stack(0x0000003490300000,0x0000003490400000)]
  0x00000190cc589000 JavaThread "jar transforms Thread 3" [_thread_blocked, id=6292, stack(0x0000003490400000,0x0000003490500000)]
  0x00000190cc594000 JavaThread "Cache worker for Build Output Cleanup Cache (C:\Users\nilesh\AndroidStudioProjects\Aus\.gradle\buildOutputCleanup)" [_thread_blocked, id=16660, stack(0x0000003490500000,0x0000003490600000)]
  0x00000190cc591000 JavaThread "Unconstrained build operations" [_thread_blocked, id=15108, stack(0x0000003490600000,0x0000003490700000)]
  0x00000190cc595000 JavaThread "Unconstrained build operations Thread 2" [_thread_blocked, id=15104, stack(0x0000003490700000,0x0000003490800000)]
  0x00000190cc592000 JavaThread "Unconstrained build operations Thread 3" [_thread_blocked, id=15100, stack(0x0000003490800000,0x0000003490900000)]
  0x00000190cc592800 JavaThread "Unconstrained build operations Thread 4" [_thread_blocked, id=15096, stack(0x0000003490900000,0x0000003490a00000)]
  0x00000190cc58f800 JavaThread "Unconstrained build operations Thread 5" [_thread_blocked, id=12768, stack(0x0000003490a00000,0x0000003490b00000)]
  0x00000190cc593800 JavaThread "Unconstrained build operations Thread 6" [_thread_blocked, id=5924, stack(0x0000003490b00000,0x0000003490c00000)]
  0x00000190cc590000 JavaThread "Unconstrained build operations Thread 7" [_thread_blocked, id=3968, stack(0x0000003490c00000,0x0000003490d00000)]
  0x00000190cc596000 JavaThread "Unconstrained build operations Thread 8" [_thread_blocked, id=4776, stack(0x0000003490d00000,0x0000003490e00000)]
  0x00000190cc596800 JavaThread "Unconstrained build operations Thread 9" [_thread_blocked, id=8152, stack(0x0000003490e00000,0x0000003490f00000)]
  0x00000190cd1fc000 JavaThread "Unconstrained build operations Thread 10" [_thread_blocked, id=6560, stack(0x0000003490f00000,0x0000003491000000)]
  0x00000190cd1f8800 JavaThread "Unconstrained build operations Thread 11" [_thread_blocked, id=13748, stack(0x0000003491000000,0x0000003491100000)]
  0x00000190cd1fc800 JavaThread "Unconstrained build operations Thread 12" [_thread_blocked, id=6604, stack(0x0000003491100000,0x0000003491200000)]
  0x00000190cd1f9800 JavaThread "Unconstrained build operations Thread 13" [_thread_blocked, id=12924, stack(0x0000003491200000,0x0000003491300000)]
  0x00000190cd1f8000 JavaThread "Unconstrained build operations Thread 14" [_thread_blocked, id=16472, stack(0x0000003491300000,0x0000003491400000)]
  0x00000190cd1fd800 JavaThread "Unconstrained build operations Thread 15" [_thread_blocked, id=11072, stack(0x0000003491400000,0x0000003491500000)]
  0x00000190cd1fb000 JavaThread "Unconstrained build operations Thread 16" [_thread_blocked, id=12120, stack(0x0000003491500000,0x0000003491600000)]
  0x00000190cd1fe800 JavaThread "Unconstrained build operations Thread 17" [_thread_blocked, id=8056, stack(0x0000003491600000,0x0000003491700000)]
  0x00000190cd1ff000 JavaThread "Unconstrained build operations Thread 18" [_thread_blocked, id=12132, stack(0x0000003491700000,0x0000003491800000)]
  0x00000190cd1fa000 JavaThread "Unconstrained build operations Thread 19" [_thread_blocked, id=5004, stack(0x0000003491800000,0x0000003491900000)]
  0x00000190cd200800 JavaThread "Unconstrained build operations Thread 20" [_thread_blocked, id=12320, stack(0x0000003491900000,0x0000003491a00000)]
  0x00000190cd201800 JavaThread "Unconstrained build operations Thread 21" [_thread_blocked, id=9440, stack(0x0000003491a00000,0x0000003491b00000)]
  0x00000190cd205000 JavaThread "Unconstrained build operations Thread 22" [_thread_blocked, id=12368, stack(0x0000003491b00000,0x0000003491c00000)]
  0x00000190cd202800 JavaThread "Unconstrained build operations Thread 23" [_thread_blocked, id=11496, stack(0x0000003491c00000,0x0000003491d00000)]
  0x00000190cd203000 JavaThread "Unconstrained build operations Thread 24" [_thread_blocked, id=8444, stack(0x0000003491d00000,0x0000003491e00000)]
  0x00000190cd204000 JavaThread "Unconstrained build operations Thread 25" [_thread_blocked, id=8116, stack(0x0000003491e00000,0x0000003491f00000)]
  0x00000190cd205800 JavaThread "Unconstrained build operations Thread 26" [_thread_blocked, id=12484, stack(0x0000003491f00000,0x0000003492000000)]
  0x00000190cd200000 JavaThread "Unconstrained build operations Thread 27" [_thread_blocked, id=12488, stack(0x0000003492000000,0x0000003492100000)]
  0x00000190cd206800 JavaThread "Unconstrained build operations Thread 28" [_thread_blocked, id=11524, stack(0x0000003492100000,0x0000003492200000)]
  0x00000190ce7fc000 JavaThread "Unconstrained build operations Thread 29" [_thread_blocked, id=4956, stack(0x0000003492200000,0x0000003492300000)]
  0x00000190ce7fa800 JavaThread "Unconstrained build operations Thread 30" [_thread_blocked, id=12464, stack(0x0000003492300000,0x0000003492400000)]
  0x00000190ce7fe800 JavaThread "Unconstrained build operations Thread 31" [_thread_blocked, id=17064, stack(0x0000003492400000,0x0000003492500000)]
  0x00000190ce7fd000 JavaThread "Unconstrained build operations Thread 32" [_thread_blocked, id=11732, stack(0x0000003492500000,0x0000003492600000)]
  0x00000190ce7f8800 JavaThread "Unconstrained build operations Thread 33" [_thread_blocked, id=10692, stack(0x0000003492600000,0x0000003492700000)]
  0x00000190ce7fb000 JavaThread "Unconstrained build operations Thread 34" [_thread_blocked, id=2856, stack(0x0000003492700000,0x0000003492800000)]
  0x00000190ce7ff000 JavaThread "Unconstrained build operations Thread 35" [_thread_blocked, id=1816, stack(0x0000003492800000,0x0000003492900000)]
  0x00000190ce7fd800 JavaThread "Unconstrained build operations Thread 36" [_thread_blocked, id=2672, stack(0x0000003492900000,0x0000003492a00000)]
  0x00000190ce7f9800 JavaThread "Unconstrained build operations Thread 37" [_thread_blocked, id=9628, stack(0x0000003492a00000,0x0000003492b00000)]
  0x00000190ce801000 JavaThread "Unconstrained build operations Thread 38" [_thread_blocked, id=13204, stack(0x0000003492b00000,0x0000003492c00000)]
  0x00000190ce803800 JavaThread "Unconstrained build operations Thread 39" [_thread_blocked, id=4924, stack(0x0000003492c00000,0x0000003492d00000)]
  0x00000190ce806000 JavaThread "Unconstrained build operations Thread 40" [_thread_blocked, id=12720, stack(0x0000003492d00000,0x0000003492e00000)]
  0x00000190ce804000 JavaThread "Unconstrained build operations Thread 41" [_thread_blocked, id=9456, stack(0x0000003492e00000,0x0000003492f00000)]
  0x00000190ce800000 JavaThread "Unconstrained build operations Thread 42" [_thread_blocked, id=4392, stack(0x0000003492f00000,0x0000003493000000)]
  0x00000190ce805000 JavaThread "Unconstrained build operations Thread 43" [_thread_blocked, id=11356, stack(0x0000003493000000,0x0000003493100000)]
  0x00000190ce806800 JavaThread "Unconstrained build operations Thread 44" [_thread_blocked, id=14344, stack(0x0000003493100000,0x0000003493200000)]
  0x00000190ce802800 JavaThread "Unconstrained build operations Thread 45" [_thread_blocked, id=15764, stack(0x0000003493200000,0x0000003493300000)]
  0x00000190ce801800 JavaThread "Unconstrained build operations Thread 46" [_thread_blocked, id=7124, stack(0x0000003493300000,0x0000003493400000)]
  0x00000190ce807800 JavaThread "Unconstrained build operations Thread 47" [_thread_blocked, id=14844, stack(0x0000003493400000,0x0000003493500000)]
  0x00000190ccc34000 JavaThread "Unconstrained build operations Thread 48" [_thread_blocked, id=11584, stack(0x0000003493500000,0x0000003493600000)]
  0x00000190ccc35800 JavaThread "Unconstrained build operations Thread 49" [_thread_blocked, id=9952, stack(0x0000003493600000,0x0000003493700000)]
  0x00000190ccc33000 JavaThread "Unconstrained build operations Thread 50" [_thread_blocked, id=7184, stack(0x0000003493700000,0x0000003493800000)]
  0x00000190ccc34800 JavaThread "Unconstrained build operations Thread 51" [_thread_blocked, id=1496, stack(0x0000003493800000,0x0000003493900000)]
  0x00000190ccc36800 JavaThread "Unconstrained build operations Thread 52" [_thread_blocked, id=16792, stack(0x0000003493900000,0x0000003493a00000)]
  0x00000190ccc37000 JavaThread "Unconstrained build operations Thread 53" [_thread_blocked, id=12244, stack(0x0000003493a00000,0x0000003493b00000)]
  0x00000190ccc38000 JavaThread "Unconstrained build operations Thread 54" [_thread_blocked, id=4772, stack(0x0000003493b00000,0x0000003493c00000)]
  0x00000190ccc32800 JavaThread "Unconstrained build operations Thread 55" [_thread_blocked, id=13676, stack(0x0000003493c00000,0x0000003493d00000)]
  0x00000190ccc3c000 JavaThread "Unconstrained build operations Thread 56" [_thread_blocked, id=15848, stack(0x0000003493d00000,0x0000003493e00000)]
  0x00000190ccc3d000 JavaThread "Unconstrained build operations Thread 57" [_thread_blocked, id=6508, stack(0x0000003493e00000,0x0000003493f00000)]
  0x00000190ccc39800 JavaThread "Unconstrained build operations Thread 58" [_thread_blocked, id=9640, stack(0x0000003493f00000,0x0000003494000000)]
  0x00000190ccc3d800 JavaThread "Unconstrained build operations Thread 59" [_thread_blocked, id=10392, stack(0x0000003494000000,0x0000003494100000)]
  0x00000190ccc3e800 JavaThread "Unconstrained build operations Thread 60" [_thread_blocked, id=9476, stack(0x0000003494100000,0x0000003494200000)]
  0x00000190ccc3a800 JavaThread "Unconstrained build operations Thread 61" [_thread_blocked, id=9152, stack(0x0000003494200000,0x0000003494300000)]
  0x00000190ccc39000 JavaThread "Unconstrained build operations Thread 62" [_thread_blocked, id=2696, stack(0x0000003494300000,0x0000003494400000)]
  0x00000190ccc3f800 JavaThread "Unconstrained build operations Thread 63" [_thread_blocked, id=14860, stack(0x0000003494400000,0x0000003494500000)]
  0x00000190ccc3b000 JavaThread "Unconstrained build operations Thread 64" [_thread_blocked, id=14628, stack(0x0000003494500000,0x0000003494600000)]
  0x00000190ccc40000 JavaThread "Unconstrained build operations Thread 65" [_thread_blocked, id=6804, stack(0x0000003494600000,0x0000003494700000)]
  0x00000190ccc41000 JavaThread "Unconstrained build operations Thread 66" [_thread_blocked, id=4784, stack(0x0000003494700000,0x0000003494800000)]
  0x00000190cd174000 JavaThread "Unconstrained build operations Thread 67" [_thread_blocked, id=4432, stack(0x0000003494800000,0x0000003494900000)]
  0x00000190cd175000 JavaThread "Unconstrained build operations Thread 68" [_thread_blocked, id=17032, stack(0x0000003494900000,0x0000003494a00000)]
  0x00000190cd175800 JavaThread "Unconstrained build operations Thread 69" [_thread_blocked, id=14640, stack(0x0000003494a00000,0x0000003494b00000)]
  0x00000190cd176800 JavaThread "Unconstrained build operations Thread 70" [_thread_blocked, id=10756, stack(0x0000003494b00000,0x0000003494c00000)]
  0x00000190cd173000 JavaThread "Unconstrained build operations Thread 71" [_thread_blocked, id=16784, stack(0x0000003494c00000,0x0000003494d00000)]
  0x00000190cd177800 JavaThread "Unconstrained build operations Thread 72" [_thread_blocked, id=1876, stack(0x0000003494d00000,0x0000003494e00000)]
  0x00000190cd178000 JavaThread "Unconstrained build operations Thread 73" [_thread_blocked, id=1700, stack(0x0000003494e00000,0x0000003494f00000)]
  0x00000190cd172800 JavaThread "Unconstrained build operations Thread 74" [_thread_blocked, id=1376, stack(0x0000003494f00000,0x0000003495000000)]
  0x00000190cd17e000 JavaThread "Unconstrained build operations Thread 75" [_thread_blocked, id=1856, stack(0x0000003495000000,0x0000003495100000)]
  0x00000190cd17e800 JavaThread "Unconstrained build operations Thread 76" [_thread_blocked, id=17356, stack(0x0000003495100000,0x0000003495200000)]
  0x00000190cd179800 JavaThread "Unconstrained build operations Thread 77" [_thread_blocked, id=16340, stack(0x0000003495200000,0x0000003495300000)]
  0x00000190cd179000 JavaThread "Unconstrained build operations Thread 78" [_thread_blocked, id=10776, stack(0x0000003495300000,0x0000003495400000)]
  0x00000190cd17d000 JavaThread "Unconstrained build operations Thread 79" [_thread_blocked, id=17160, stack(0x0000003495400000,0x0000003495500000)]
  0x00000190cd17b800 JavaThread "Unconstrained build operations Thread 80" [_thread_blocked, id=7232, stack(0x0000003495500000,0x0000003495600000)]
  0x00000190cd17a800 JavaThread "jar transforms Thread 4" [_thread_blocked, id=5440, stack(0x0000003495600000,0x0000003495700000)]
  0x00000190cd17f800 JavaThread "jar transforms Thread 5" [_thread_blocked, id=2156, stack(0x0000003495700000,0x0000003495800000)]
  0x00000190cd180000 JavaThread "jar transforms Thread 6" [_thread_blocked, id=5652, stack(0x0000003495800000,0x0000003495900000)]
  0x00000190cd181000 JavaThread "jar transforms Thread 7" [_thread_blocked, id=14484, stack(0x0000003495900000,0x0000003495a00000)]
  0x00000190cd17c000 JavaThread "jar transforms Thread 8" [_thread_blocked, id=12444, stack(0x0000003495a00000,0x0000003495b00000)]
  0x00000190ccb5b000 JavaThread "Memory manager" [_thread_blocked, id=4468, stack(0x0000003495b00000,0x0000003495c00000)]
  0x00000190ccb5e000 JavaThread "build event listener" [_thread_blocked, id=5372, stack(0x0000003495c00000,0x0000003495d00000)]
  0x00000190ccb5f000 JavaThread "included builds" [_thread_blocked, id=2732, stack(0x0000003495d00000,0x0000003495e00000)]
  0x00000190ccb60000 JavaThread "Execution worker for ':'" [_thread_blocked, id=4692, stack(0x0000003495e00000,0x0000003495f00000)]
  0x00000190ccb5c800 JavaThread "Execution worker for ':' Thread 2" [_thread_blocked, id=5764, stack(0x0000003495f00000,0x0000003496000000)]
  0x00000190ccb5d800 JavaThread "Execution worker for ':' Thread 3" [_thread_blocked, id=7488, stack(0x0000003496000000,0x0000003496100000)]
  0x00000190ccb5a000 JavaThread "Execution worker for ':' Thread 4" [_thread_blocked, id=5040, stack(0x0000003496100000,0x0000003496200000)]
  0x00000190ccb60800 JavaThread "Execution worker for ':' Thread 5" [_thread_blocked, id=14408, stack(0x0000003496200000,0x0000003496300000)]
  0x00000190ccb61800 JavaThread "Execution worker for ':' Thread 6" [_thread_blocked, id=14040, stack(0x0000003496300000,0x0000003496400000)]
  0x00000190ccb5b800 JavaThread "Execution worker for ':' Thread 7" [_thread_blocked, id=3048, stack(0x0000003496400000,0x0000003496500000)]
  0x00000190ccb64000 JavaThread "Cache worker for execution history cache (C:\Users\nilesh\AndroidStudioProjects\Aus\.gradle\7.4\executionHistory)" [_thread_blocked, id=12364, stack(0x0000003496500000,0x0000003496600000)]
  0x00000190ccb64800 JavaThread "WorkerExecutor Queue" [_thread_blocked, id=2984, stack(0x0000003496900000,0x0000003496a00000)]
  0x00000190ccb65800 JavaThread "WorkerExecutor Queue Thread 2" [_thread_blocked, id=15068, stack(0x0000003496a00000,0x0000003496b00000)]
  0x00000190ccb66800 JavaThread "WorkerExecutor Queue Thread 3" [_thread_blocked, id=7132, stack(0x0000003496b00000,0x0000003496c00000)]
  0x00000190ccb67000 JavaThread "WorkerExecutor Queue Thread 4" [_thread_blocked, id=16632, stack(0x0000003496c00000,0x0000003496d00000)]
  0x00000190ccb68000 JavaThread "pool-3-thread-1" [_thread_blocked, id=14552, stack(0x0000003496d00000,0x0000003496e00000)]
  0x00000190ccb62000 JavaThread "stderr" [_thread_in_native, id=12240, stack(0x0000003496e00000,0x0000003496f00000)]
  0x00000190ccb68800 JavaThread "stdout" [_thread_in_native, id=2824, stack(0x0000003496f00000,0x0000003497000000)]
  0x00000190ccb63000 JavaThread "Cache worker for Java compile cache (C:\Users\nilesh\.gradle\caches\7.4\javaCompile)" [_thread_blocked, id=2372, stack(0x0000003497000000,0x0000003497100000)]
  0x00000190d0783800 JavaThread "Build operations" [_thread_blocked, id=10112, stack(0x0000003497100000,0x0000003497200000)]
  0x00000190d077f800 JavaThread "Build operations Thread 2" [_thread_blocked, id=3224, stack(0x0000003497200000,0x0000003497300000)]
  0x00000190d0781800 JavaThread "Build operations Thread 3" [_thread_blocked, id=11948, stack(0x0000003497300000,0x0000003497400000)]
  0x00000190d077e000 JavaThread "Build operations Thread 4" [_thread_blocked, id=6732, stack(0x0000003497400000,0x0000003497500000)]
  0x00000190d0784800 JavaThread "Build operations Thread 5" [_thread_blocked, id=16580, stack(0x0000003497500000,0x0000003497600000)]
  0x00000190d077f000 JavaThread "Build operations Thread 6" [_thread_blocked, id=11188, stack(0x0000003497600000,0x0000003497700000)]
  0x00000190d0785800 JavaThread "Build operations Thread 7" [_thread_blocked, id=8624, stack(0x0000003497700000,0x0000003497800000)]
  0x00000190d0786000 JavaThread "Build operations Thread 8" [_thread_blocked, id=8256, stack(0x0000003497800000,0x0000003497900000)]
  0x00000190d0780800 JavaThread "WorkerExecutor Queue Thread 5" [_thread_blocked, id=6704, stack(0x0000003497b00000,0x0000003497c00000)]
  0x00000190d0788000 JavaThread "WorkerExecutor Queue Thread 6" [_thread_blocked, id=15324, stack(0x0000003497c00000,0x0000003497d00000)]
  0x00000190d0787000 JavaThread "WorkerExecutor Queue Thread 7" [_thread_blocked, id=3876, stack(0x0000003497d00000,0x0000003497e00000)]
  0x00000190d0782000 JavaThread "WorkerExecutor Queue Thread 8" [_thread_blocked, id=6412, stack(0x0000003497e00000,0x0000003497f00000)]
  0x00000190d0788800 JavaThread "WorkerExecutor Queue Thread 9" [_thread_blocked, id=13612, stack(0x0000003497f00000,0x0000003498000000)]

Other Threads:
=>0x00000190c79f5000 VMThread "VM Thread" [stack: 0x000000348d900000,0x000000348da00000] [id=2720]
  0x00000190c8541800 WatcherThread [stack: 0x000000348e300000,0x000000348e400000] [id=4376]
  0x00000190ad582000 GCTaskThread "GC Thread#0" [stack: 0x000000348d400000,0x000000348d500000] [id=5768]
  0x00000190c9054800 GCTaskThread "GC Thread#1" [stack: 0x000000348e400000,0x000000348e500000] [id=6700]
  0x00000190ca446800 GCTaskThread "GC Thread#2" [stack: 0x000000348ef00000,0x000000348f000000] [id=4620]
  0x00000190ca409800 GCTaskThread "GC Thread#3" [stack: 0x000000348f000000,0x000000348f100000] [id=12680]
  0x00000190ca40a000 GCTaskThread "GC Thread#4" [stack: 0x000000348f100000,0x000000348f200000] [id=13236]
  0x00000190ca354800 GCTaskThread "GC Thread#5" [stack: 0x000000348f200000,0x000000348f300000] [id=4356]
  0x00000190ca355000 GCTaskThread "GC Thread#6" [stack: 0x000000348f300000,0x000000348f400000] [id=13620]
  0x00000190ca463800 GCTaskThread "GC Thread#7" [stack: 0x000000348f400000,0x000000348f500000] [id=1692]
  0x00000190ad5b5800 ConcurrentGCThread "G1 Main Marker" [stack: 0x000000348d500000,0x000000348d600000] [id=2368]
  0x00000190ad5b6800 ConcurrentGCThread "G1 Conc#0" [stack: 0x000000348d600000,0x000000348d700000] [id=4340]
  0x00000190c90c5000 ConcurrentGCThread "G1 Conc#1" [stack: 0x000000348f800000,0x000000348f900000] [id=13708]
  0x00000190c7850800 ConcurrentGCThread "G1 Refine#0" [stack: 0x000000348d700000,0x000000348d800000] [id=7008]
  0x00000190d0a3d800 ConcurrentGCThread "G1 Refine#1" [stack: 0x0000003496600000,0x0000003496700000] [id=12856]
  0x00000190d0a37000 ConcurrentGCThread "G1 Refine#2" [stack: 0x0000003496700000,0x0000003496800000] [id=13436]
  0x00000190d0a38000 ConcurrentGCThread "G1 Refine#3" [stack: 0x0000003496800000,0x0000003496900000] [id=10004]
  0x00000190c7851800 ConcurrentGCThread "G1 Young RemSet Sampling" [stack: 0x000000348d800000,0x000000348d900000] [id=12124]

Threads with active compile tasks:
C2 CompilerThread0  38385 17757       4       sun.net.util.URLUtil::urlNoFragString (114 bytes)
C1 CompilerThread0  38386 17868       2       com.android.tools.r8.dex.i::a (1036 bytes)

VM state:at safepoint (normal execution)

VM Mutex/Monitor currently owned by a thread:  ([mutex/lock_event])
[0x00000190ad5649c0] Threads_lock - owner thread: 0x00000190c79f5000
[0x00000190ad563bb0] Heap_lock - owner thread: 0x00000190ccb65800

Heap address: 0x0000000080000000, size: 2048 MB, Compressed Oops mode: 32-bit
Narrow klass base: 0x0000000000000000, Narrow klass shift: 3
Compressed class space size: 1073741824 Address: 0x0000000100000000

Heap:
 garbage-first heap   total 299008K, used 155099K [0x0000000080000000, 0x0000000100000000)
  region size 1024K, 7 young (7168K), 7 survivors (7168K)
 Metaspace       used 125118K, capacity 129682K, committed 129872K, reserved 1161216K
  class space    used 16362K, capacity 18218K, committed 18304K, reserved 1048576K
Heap Regions: E=young(eden), S=young(survivor), O=old, HS=humongous(starts), HC=humongous(continues), CS=collection set, F=free, A=archive, TAMS=top-at-mark-start (previous, next)
|   0|0x0000000080000000, 0x0000000080100000, 0x0000000080100000|100%| O|  |TAMS 0x0000000080100000, 0x0000000080000000| Untracked 
|   1|0x0000000080100000, 0x0000000080200000, 0x0000000080200000|100%| O|  |TAMS 0x0000000080200000, 0x0000000080100000| Untracked 
|   2|0x0000000080200000, 0x0000000080300000, 0x0000000080300000|100%| O|  |TAMS 0x0000000080300000, 0x0000000080200000| Untracked 
|   3|0x0000000080300000, 0x0000000080400000, 0x0000000080400000|100%|HS|  |TAMS 0x0000000080400000, 0x0000000080300000| Complete 
|   4|0x0000000080400000, 0x0000000080500000, 0x0000000080500000|100%|HC|  |TAMS 0x0000000080500000, 0x0000000080400000| Complete 
|   5|0x0000000080500000, 0x0000000080600000, 0x0000000080600000|100%|HC|  |TAMS 0x0000000080600000, 0x0000000080500000| Complete 
|   6|0x0000000080600000, 0x0000000080700000, 0x0000000080700000|100%| O|  |TAMS 0x0000000080700000, 0x0000000080600000| Untracked 
|   7|0x0000000080700000, 0x0000000080800000, 0x0000000080800000|100%| O|  |TAMS 0x0000000080800000, 0x0000000080700000| Untracked 
|   8|0x0000000080800000, 0x0000000080900000, 0x0000000080900000|100%| O|  |TAMS 0x0000000080900000, 0x0000000080800000| Untracked 
|   9|0x0000000080900000, 0x0000000080a00000, 0x0000000080a00000|100%| O|  |TAMS 0x0000000080a00000, 0x0000000080900000| Untracked 
|  10|0x0000000080a00000, 0x0000000080b00000, 0x0000000080b00000|100%| O|  |TAMS 0x0000000080b00000, 0x0000000080a00000| Untracked 
|  11|0x0000000080b00000, 0x0000000080c00000, 0x0000000080c00000|100%| O|  |TAMS 0x0000000080c00000, 0x0000000080b00000| Untracked 
|  12|0x0000000080c00000, 0x0000000080d00000, 0x0000000080d00000|100%| O|  |TAMS 0x0000000080d00000, 0x0000000080c00000| Untracked 
|  13|0x0000000080d00000, 0x0000000080e00000, 0x0000000080e00000|100%| O|  |TAMS 0x0000000080e00000, 0x0000000080d00000| Untracked 
|  14|0x0000000080e00000, 0x0000000080f00000, 0x0000000080f00000|100%| O|  |TAMS 0x0000000080f00000, 0x0000000080e00000| Untracked 
|  15|0x0000000080f00000, 0x0000000081000000, 0x0000000081000000|100%| O|  |TAMS 0x0000000081000000, 0x0000000080f00000| Untracked 
|  16|0x0000000081000000, 0x0000000081100000, 0x0000000081100000|100%| O|  |TAMS 0x0000000081100000, 0x0000000081000000| Untracked 
|  17|0x0000000081100000, 0x0000000081200000, 0x0000000081200000|100%| O|  |TAMS 0x0000000081200000, 0x0000000081100000| Untracked 
|  18|0x0000000081200000, 0x0000000081300000, 0x0000000081300000|100%| O|  |TAMS 0x0000000081300000, 0x0000000081200000| Untracked 
|  19|0x0000000081300000, 0x0000000081400000, 0x0000000081400000|100%| O|  |TAMS 0x0000000081400000, 0x0000000081300000| Untracked 
|  20|0x0000000081400000, 0x0000000081500000, 0x0000000081500000|100%| O|  |TAMS 0x0000000081500000, 0x0000000081400000| Untracked 
|  21|0x0000000081500000, 0x0000000081600000, 0x0000000081600000|100%| O|  |TAMS 0x0000000081600000, 0x0000000081500000| Untracked 
|  22|0x0000000081600000, 0x0000000081700000, 0x0000000081700000|100%| O|  |TAMS 0x0000000081700000, 0x0000000081600000| Untracked 
|  23|0x0000000081700000, 0x0000000081800000, 0x0000000081800000|100%| O|  |TAMS 0x0000000081800000, 0x0000000081700000| Untracked 
|  24|0x0000000081800000, 0x0000000081900000, 0x0000000081900000|100%| O|  |TAMS 0x0000000081900000, 0x0000000081800000| Untracked 
|  25|0x0000000081900000, 0x0000000081a00000, 0x0000000081a00000|100%| O|  |TAMS 0x0000000081a00000, 0x0000000081900000| Untracked 
|  26|0x0000000081a00000, 0x0000000081b00000, 0x0000000081b00000|100%| O|  |TAMS 0x0000000081b00000, 0x0000000081a00000| Untracked 
|  27|0x0000000081b00000, 0x0000000081c00000, 0x0000000081c00000|100%| O|  |TAMS 0x0000000081c00000, 0x0000000081b00000| Untracked 
|  28|0x0000000081c00000, 0x0000000081d00000, 0x0000000081d00000|100%|HS|  |TAMS 0x0000000081d00000, 0x0000000081c00000| Complete 
|  29|0x0000000081d00000, 0x0000000081e00000, 0x0000000081e00000|100%|HS|  |TAMS 0x0000000081e00000, 0x0000000081d00000| Complete 
|  30|0x0000000081e00000, 0x0000000081f00000, 0x0000000081f00000|100%|HS|  |TAMS 0x0000000081f00000, 0x0000000081e00000| Complete 
|  31|0x0000000081f00000, 0x0000000082000000, 0x0000000082000000|100%|HS|  |TAMS 0x0000000082000000, 0x0000000081f00000| Complete 
|  32|0x0000000082000000, 0x0000000082100000, 0x0000000082100000|100%|HC|  |TAMS 0x0000000082100000, 0x0000000082000000| Complete 
|  33|0x0000000082100000, 0x0000000082200000, 0x0000000082200000|100%|HC|  |TAMS 0x0000000082200000, 0x0000000082100000| Complete 
|  34|0x0000000082200000, 0x0000000082300000, 0x0000000082300000|100%|HC|  |TAMS 0x0000000082300000, 0x0000000082200000| Complete 
|  35|0x0000000082300000, 0x0000000082400000, 0x0000000082400000|100%| O|  |TAMS 0x0000000082400000, 0x0000000082300000| Untracked 
|  36|0x0000000082400000, 0x0000000082500000, 0x0000000082500000|100%|HS|  |TAMS 0x0000000082500000, 0x0000000082400000| Complete 
|  37|0x0000000082500000, 0x0000000082600000, 0x0000000082600000|100%|HC|  |TAMS 0x0000000082600000, 0x0000000082500000| Complete 
|  38|0x0000000082600000, 0x0000000082700000, 0x0000000082700000|100%| O|  |TAMS 0x0000000082700000, 0x0000000082600000| Untracked 
|  39|0x0000000082700000, 0x0000000082800000, 0x0000000082800000|100%| O|  |TAMS 0x0000000082800000, 0x0000000082700000| Untracked 
|  40|0x0000000082800000, 0x0000000082900000, 0x0000000082900000|100%| O|  |TAMS 0x0000000082900000, 0x0000000082800000| Untracked 
|  41|0x0000000082900000, 0x0000000082a00000, 0x0000000082a00000|100%| O|  |TAMS 0x0000000082a00000, 0x0000000082900000| Untracked 
|  42|0x0000000082a00000, 0x0000000082b00000, 0x0000000082b00000|100%| O|  |TAMS 0x0000000082b00000, 0x0000000082a00000| Untracked 
|  43|0x0000000082b00000, 0x0000000082c00000, 0x0000000082c00000|100%| O|  |TAMS 0x0000000082c00000, 0x0000000082b00000| Untracked 
|  44|0x0000000082c00000, 0x0000000082d00000, 0x0000000082d00000|100%| O|  |TAMS 0x0000000082d00000, 0x0000000082c00000| Untracked 
|  45|0x0000000082d00000, 0x0000000082e00000, 0x0000000082e00000|100%| O|  |TAMS 0x0000000082e00000, 0x0000000082d00000| Untracked 
|  46|0x0000000082e00000, 0x0000000082f00000, 0x0000000082f00000|100%| O|  |TAMS 0x0000000082f00000, 0x0000000082e00000| Untracked 
|  47|0x0000000082f00000, 0x0000000083000000, 0x0000000083000000|100%| O|  |TAMS 0x0000000083000000, 0x0000000082f00000| Untracked 
|  48|0x0000000083000000, 0x0000000083100000, 0x0000000083100000|100%| O|  |TAMS 0x0000000083100000, 0x0000000083000000| Untracked 
|  49|0x0000000083100000, 0x0000000083200000, 0x0000000083200000|100%| O|  |TAMS 0x0000000083200000, 0x0000000083100000| Untracked 
|  50|0x0000000083200000, 0x0000000083300000, 0x0000000083300000|100%| O|  |TAMS 0x0000000083300000, 0x0000000083200000| Untracked 
|  51|0x0000000083300000, 0x0000000083400000, 0x0000000083400000|100%| O|  |TAMS 0x0000000083400000, 0x0000000083300000| Untracked 
|  52|0x0000000083400000, 0x0000000083500000, 0x0000000083500000|100%| O|  |TAMS 0x0000000083500000, 0x0000000083400000| Untracked 
|  53|0x0000000083500000, 0x0000000083600000, 0x0000000083600000|100%| O|  |TAMS 0x0000000083600000, 0x0000000083500000| Untracked 
|  54|0x0000000083600000, 0x0000000083700000, 0x0000000083700000|100%| O|  |TAMS 0x0000000083700000, 0x0000000083600000| Untracked 
|  55|0x0000000083700000, 0x0000000083800000, 0x0000000083800000|100%| O|  |TAMS 0x0000000083800000, 0x0000000083700000| Untracked 
|  56|0x0000000083800000, 0x0000000083900000, 0x0000000083900000|100%| O|  |TAMS 0x0000000083900000, 0x0000000083800000| Untracked 
|  57|0x0000000083900000, 0x0000000083a00000, 0x0000000083a00000|100%| O|  |TAMS 0x0000000083a00000, 0x0000000083900000| Untracked 
|  58|0x0000000083a00000, 0x0000000083b00000, 0x0000000083b00000|100%| O|  |TAMS 0x0000000083b00000, 0x0000000083a00000| Untracked 
|  59|0x0000000083b00000, 0x0000000083c00000, 0x0000000083c00000|100%| O|  |TAMS 0x0000000083c00000, 0x0000000083b00000| Untracked 
|  60|0x0000000083c00000, 0x0000000083d00000, 0x0000000083d00000|100%| O|  |TAMS 0x0000000083d00000, 0x0000000083c00000| Untracked 
|  61|0x0000000083d00000, 0x0000000083e00000, 0x0000000083e00000|100%| O|  |TAMS 0x0000000083e00000, 0x0000000083d00000| Untracked 
|  62|0x0000000083e00000, 0x0000000083f00000, 0x0000000083f00000|100%| O|  |TAMS 0x0000000083f00000, 0x0000000083e00000| Untracked 
|  63|0x0000000083f00000, 0x0000000084000000, 0x0000000084000000|100%| O|  |TAMS 0x0000000084000000, 0x0000000083f00000| Untracked 
|  64|0x0000000084000000, 0x0000000084100000, 0x0000000084100000|100%| O|  |TAMS 0x0000000084100000, 0x0000000084000000| Untracked 
|  65|0x0000000084100000, 0x0000000084200000, 0x0000000084200000|100%| O|  |TAMS 0x0000000084200000, 0x0000000084100000| Untracked 
|  66|0x0000000084200000, 0x0000000084300000, 0x0000000084300000|100%| O|  |TAMS 0x0000000084300000, 0x0000000084200000| Untracked 
|  67|0x0000000084300000, 0x0000000084400000, 0x0000000084400000|100%| O|  |TAMS 0x0000000084400000, 0x0000000084300000| Untracked 
|  68|0x0000000084400000, 0x0000000084500000, 0x0000000084500000|100%| O|  |TAMS 0x0000000084500000, 0x0000000084400000| Untracked 
|  69|0x0000000084500000, 0x0000000084600000, 0x0000000084600000|100%| O|  |TAMS 0x0000000084600000, 0x0000000084500000| Untracked 
|  70|0x0000000084600000, 0x0000000084700000, 0x0000000084700000|100%| O|  |TAMS 0x0000000084700000, 0x0000000084600000| Untracked 
|  71|0x0000000084700000, 0x0000000084800000, 0x0000000084800000|100%| O|  |TAMS 0x0000000084800000, 0x0000000084700000| Untracked 
|  72|0x0000000084800000, 0x0000000084900000, 0x0000000084900000|100%| O|  |TAMS 0x0000000084900000, 0x0000000084800000| Untracked 
|  73|0x0000000084900000, 0x0000000084a00000, 0x0000000084a00000|100%| O|  |TAMS 0x0000000084a00000, 0x0000000084900000| Untracked 
|  74|0x0000000084a00000, 0x0000000084b00000, 0x0000000084b00000|100%| O|  |TAMS 0x0000000084b00000, 0x0000000084a00000| Untracked 
|  75|0x0000000084b00000, 0x0000000084c00000, 0x0000000084c00000|100%| O|  |TAMS 0x0000000084c00000, 0x0000000084b00000| Untracked 
|  76|0x0000000084c00000, 0x0000000084d00000, 0x0000000084d00000|100%| O|  |TAMS 0x0000000084d00000, 0x0000000084c00000| Untracked 
|  77|0x0000000084d00000, 0x0000000084e00000, 0x0000000084e00000|100%| O|  |TAMS 0x0000000084e00000, 0x0000000084d00000| Untracked 
|  78|0x0000000084e00000, 0x0000000084f00000, 0x0000000084f00000|100%| O|  |TAMS 0x0000000084f00000, 0x0000000084e00000| Untracked 
|  79|0x0000000084f00000, 0x0000000085000000, 0x0000000085000000|100%| O|  |TAMS 0x0000000085000000, 0x0000000084f00000| Untracked 
|  80|0x0000000085000000, 0x0000000085100000, 0x0000000085100000|100%| O|  |TAMS 0x0000000085100000, 0x0000000085000000| Untracked 
|  81|0x0000000085100000, 0x0000000085200000, 0x0000000085200000|100%| O|  |TAMS 0x0000000085200000, 0x0000000085100000| Untracked 
|  82|0x0000000085200000, 0x0000000085300000, 0x0000000085300000|100%| O|  |TAMS 0x0000000085300000, 0x0000000085200000| Untracked 
|  83|0x0000000085300000, 0x0000000085400000, 0x0000000085400000|100%| O|  |TAMS 0x0000000085400000, 0x0000000085300000| Untracked 
|  84|0x0000000085400000, 0x0000000085500000, 0x0000000085500000|100%| O|  |TAMS 0x0000000085500000, 0x0000000085400000| Untracked 
|  85|0x0000000085500000, 0x0000000085600000, 0x0000000085600000|100%| O|  |TAMS 0x0000000085600000, 0x0000000085500000| Untracked 
|  86|0x0000000085600000, 0x0000000085700000, 0x0000000085700000|100%| O|  |TAMS 0x0000000085700000, 0x0000000085600000| Untracked 
|  87|0x0000000085700000, 0x0000000085800000, 0x0000000085800000|100%| O|  |TAMS 0x0000000085800000, 0x0000000085700000| Untracked 
|  88|0x0000000085800000, 0x0000000085900000, 0x0000000085900000|100%| O|  |TAMS 0x0000000085900000, 0x0000000085800000| Untracked 
|  89|0x0000000085900000, 0x0000000085a00000, 0x0000000085a00000|100%| O|  |TAMS 0x0000000085a00000, 0x0000000085900000| Untracked 
|  90|0x0000000085a00000, 0x0000000085b00000, 0x0000000085b00000|100%| O|  |TAMS 0x0000000085b00000, 0x0000000085a00000| Untracked 
|  91|0x0000000085b00000, 0x0000000085c00000, 0x0000000085c00000|100%| O|  |TAMS 0x0000000085c00000, 0x0000000085b00000| Untracked 
|  92|0x0000000085c00000, 0x0000000085d00000, 0x0000000085d00000|100%| O|  |TAMS 0x0000000085d00000, 0x0000000085c00000| Untracked 
|  93|0x0000000085d00000, 0x0000000085e00000, 0x0000000085e00000|100%| O|  |TAMS 0x0000000085e00000, 0x0000000085d00000| Untracked 
|  94|0x0000000085e00000, 0x0000000085f00000, 0x0000000085f00000|100%| O|  |TAMS 0x0000000085f00000, 0x0000000085e00000| Untracked 
|  95|0x0000000085f00000, 0x0000000086000000, 0x0000000086000000|100%| O|  |TAMS 0x0000000086000000, 0x0000000085f00000| Untracked 
|  96|0x0000000086000000, 0x0000000086100000, 0x0000000086100000|100%| O|  |TAMS 0x0000000086100000, 0x0000000086000000| Untracked 
|  97|0x0000000086100000, 0x0000000086200000, 0x0000000086200000|100%| O|  |TAMS 0x0000000086200000, 0x0000000086100000| Untracked 
|  98|0x0000000086200000, 0x0000000086300000, 0x0000000086300000|100%| O|  |TAMS 0x0000000086300000, 0x0000000086200000| Untracked 
|  99|0x0000000086300000, 0x0000000086400000, 0x0000000086400000|100%| O|  |TAMS 0x0000000086400000, 0x0000000086300000| Untracked 
| 100|0x0000000086400000, 0x0000000086500000, 0x0000000086500000|100%| O|  |TAMS 0x0000000086500000, 0x0000000086400000| Untracked 
| 101|0x0000000086500000, 0x0000000086600000, 0x0000000086600000|100%| O|  |TAMS 0x0000000086600000, 0x0000000086500000| Untracked 
| 102|0x0000000086600000, 0x0000000086700000, 0x0000000086700000|100%| O|  |TAMS 0x0000000086700000, 0x0000000086600000| Untracked 
| 103|0x0000000086700000, 0x0000000086800000, 0x0000000086800000|100%| O|  |TAMS 0x0000000086800000, 0x0000000086700000| Untracked 
| 104|0x0000000086800000, 0x0000000086900000, 0x0000000086900000|100%| O|  |TAMS 0x0000000086900000, 0x0000000086800000| Untracked 
| 105|0x0000000086900000, 0x0000000086a00000, 0x0000000086a00000|100%| O|  |TAMS 0x0000000086a00000, 0x0000000086900000| Untracked 
| 106|0x0000000086a00000, 0x0000000086b00000, 0x0000000086b00000|100%| O|  |TAMS 0x0000000086b00000, 0x0000000086a00000| Untracked 
| 107|0x0000000086b00000, 0x0000000086c00000, 0x0000000086c00000|100%| O|  |TAMS 0x0000000086c00000, 0x0000000086b00000| Untracked 
| 108|0x0000000086c00000, 0x0000000086d00000, 0x0000000086d00000|100%| O|  |TAMS 0x0000000086c53000, 0x0000000086c00000| Untracked 
| 109|0x0000000086d00000, 0x0000000086e00000, 0x0000000086e00000|100%| O|  |TAMS 0x0000000086e00000, 0x0000000086d00000| Untracked 
| 110|0x0000000086e00000, 0x0000000086f00000, 0x0000000086f00000|100%| O|  |TAMS 0x0000000086f00000, 0x0000000086e00000| Untracked 
| 111|0x0000000086f00000, 0x0000000087000000, 0x0000000087000000|100%| O|  |TAMS 0x0000000087000000, 0x0000000086f00000| Untracked 
| 112|0x0000000087000000, 0x0000000087100000, 0x0000000087100000|100%| O|  |TAMS 0x0000000087100000, 0x0000000087000000| Untracked 
| 113|0x0000000087100000, 0x0000000087200000, 0x0000000087200000|100%| O|  |TAMS 0x0000000087200000, 0x0000000087100000| Untracked 
| 114|0x0000000087200000, 0x0000000087300000, 0x0000000087300000|100%| O|  |TAMS 0x0000000087300000, 0x0000000087200000| Untracked 
| 115|0x0000000087300000, 0x0000000087400000, 0x0000000087400000|100%| O|  |TAMS 0x0000000087400000, 0x0000000087300000| Untracked 
| 116|0x0000000087400000, 0x0000000087500000, 0x0000000087500000|100%| O|  |TAMS 0x0000000087400000, 0x0000000087400000| Untracked 
| 117|0x0000000087500000, 0x0000000087500000, 0x0000000087600000|  0%| F|  |TAMS 0x0000000087500000, 0x0000000087500000| Untracked 
| 118|0x0000000087600000, 0x0000000087700000, 0x0000000087700000|100%| O|  |TAMS 0x0000000087600000, 0x0000000087600000| Untracked 
| 119|0x0000000087700000, 0x0000000087800000, 0x0000000087800000|100%| O|  |TAMS 0x0000000087700000, 0x0000000087700000| Untracked 
| 120|0x0000000087800000, 0x000000008788bc00, 0x0000000087900000| 54%| O|  |TAMS 0x0000000087800000, 0x0000000087800000| Untracked 
| 121|0x0000000087900000, 0x0000000087900000, 0x0000000087a00000|  0%| F|  |TAMS 0x0000000087900000, 0x0000000087900000| Untracked 
| 122|0x0000000087a00000, 0x0000000087a00000, 0x0000000087b00000|  0%| F|  |TAMS 0x0000000087a00000, 0x0000000087a00000| Untracked 
| 123|0x0000000087b00000, 0x0000000087b00000, 0x0000000087c00000|  0%| F|  |TAMS 0x0000000087b00000, 0x0000000087b00000| Untracked 
| 124|0x0000000087c00000, 0x0000000087d00000, 0x0000000087d00000|100%| O|  |TAMS 0x0000000087c00000, 0x0000000087c00000| Untracked 
| 125|0x0000000087d00000, 0x0000000087d00000, 0x0000000087e00000|  0%| F|  |TAMS 0x0000000087d00000, 0x0000000087d00000| Untracked 
| 126|0x0000000087e00000, 0x0000000087e00000, 0x0000000087f00000|  0%| F|  |TAMS 0x0000000087e00000, 0x0000000087e00000| Untracked 
| 127|0x0000000087f00000, 0x0000000087f00000, 0x0000000088000000|  0%| F|  |TAMS 0x0000000087f00000, 0x0000000087f00000| Untracked 
| 128|0x0000000088000000, 0x0000000088000000, 0x0000000088100000|  0%| F|  |TAMS 0x0000000088000000, 0x0000000088000000| Untracked 
| 129|0x0000000088100000, 0x0000000088100000, 0x0000000088200000|  0%| F|  |TAMS 0x0000000088100000, 0x0000000088100000| Untracked 
| 130|0x0000000088200000, 0x0000000088200000, 0x0000000088300000|  0%| F|  |TAMS 0x0000000088200000, 0x0000000088200000| Untracked 
| 131|0x0000000088300000, 0x0000000088400000, 0x0000000088400000|100%| O|  |TAMS 0x0000000088400000, 0x0000000088300000| Untracked 
| 132|0x0000000088400000, 0x0000000088500000, 0x0000000088500000|100%| O|  |TAMS 0x0000000088500000, 0x0000000088400000| Untracked 
| 133|0x0000000088500000, 0x0000000088600000, 0x0000000088600000|100%| O|  |TAMS 0x0000000088600000, 0x0000000088500000| Untracked 
| 134|0x0000000088600000, 0x0000000088600000, 0x0000000088700000|  0%| F|  |TAMS 0x0000000088600000, 0x0000000088600000| Untracked 
| 135|0x0000000088700000, 0x0000000088800000, 0x0000000088800000|100%| O|  |TAMS 0x0000000088800000, 0x0000000088700000| Untracked 
| 136|0x0000000088800000, 0x0000000088900000, 0x0000000088900000|100%| O|  |TAMS 0x0000000088900000, 0x0000000088800000| Untracked 
| 137|0x0000000088900000, 0x0000000088a00000, 0x0000000088a00000|100%| O|  |TAMS 0x0000000088a00000, 0x0000000088900000| Untracked 
| 138|0x0000000088a00000, 0x0000000088b00000, 0x0000000088b00000|100%| O|  |TAMS 0x0000000088b00000, 0x0000000088a00000| Untracked 
| 139|0x0000000088b00000, 0x0000000088c00000, 0x0000000088c00000|100%| O|  |TAMS 0x0000000088c00000, 0x0000000088b00000| Untracked 
| 140|0x0000000088c00000, 0x0000000088d00000, 0x0000000088d00000|100%| O|  |TAMS 0x0000000088d00000, 0x0000000088c00000| Untracked 
| 141|0x0000000088d00000, 0x0000000088e00000, 0x0000000088e00000|100%| O|  |TAMS 0x0000000088e00000, 0x0000000088d00000| Untracked 
| 142|0x0000000088e00000, 0x0000000088f00000, 0x0000000088f00000|100%| O|  |TAMS 0x0000000088e00000, 0x0000000088e00000| Untracked 
| 143|0x0000000088f00000, 0x0000000089000000, 0x0000000089000000|100%| O|  |TAMS 0x0000000088f00000, 0x0000000088f00000| Untracked 
| 144|0x0000000089000000, 0x0000000089100000, 0x0000000089100000|100%| O|  |TAMS 0x0000000089000000, 0x0000000089000000| Untracked 
| 145|0x0000000089100000, 0x0000000089200000, 0x0000000089200000|100%| O|  |TAMS 0x0000000089100000, 0x0000000089100000| Untracked 
| 146|0x0000000089200000, 0x0000000089300000, 0x0000000089300000|100%| O|  |TAMS 0x0000000089200000, 0x0000000089200000| Untracked 
| 147|0x0000000089300000, 0x0000000089400000, 0x0000000089400000|100%| O|  |TAMS 0x0000000089300000, 0x0000000089300000| Untracked 
| 148|0x0000000089400000, 0x0000000089500000, 0x0000000089500000|100%| O|  |TAMS 0x0000000089400000, 0x0000000089400000| Untracked 
| 149|0x0000000089500000, 0x0000000089600000, 0x0000000089600000|100%| O|  |TAMS 0x0000000089500000, 0x0000000089500000| Untracked 
| 150|0x0000000089600000, 0x0000000089700000, 0x0000000089700000|100%| O|  |TAMS 0x0000000089600000, 0x0000000089600000| Untracked 
| 151|0x0000000089700000, 0x0000000089800000, 0x0000000089800000|100%| O|  |TAMS 0x0000000089700000, 0x0000000089700000| Untracked 
| 152|0x0000000089800000, 0x0000000089900000, 0x0000000089900000|100%| O|  |TAMS 0x0000000089800000, 0x0000000089800000| Untracked 
| 153|0x0000000089900000, 0x0000000089a00000, 0x0000000089a00000|100%| O|  |TAMS 0x0000000089900000, 0x0000000089900000| Untracked 
| 154|0x0000000089a00000, 0x0000000089b00000, 0x0000000089b00000|100%| O|  |TAMS 0x0000000089a00000, 0x0000000089a00000| Untracked 
| 155|0x0000000089b00000, 0x0000000089c00000, 0x0000000089c00000|100%| O|  |TAMS 0x0000000089b00000, 0x0000000089b00000| Untracked 
| 156|0x0000000089c00000, 0x0000000089c00000, 0x0000000089d00000|  0%| F|  |TAMS 0x0000000089c00000, 0x0000000089c00000| Untracked 
| 157|0x0000000089d00000, 0x0000000089d00000, 0x0000000089e00000|  0%| F|  |TAMS 0x0000000089d00000, 0x0000000089d00000| Untracked 
| 158|0x0000000089e00000, 0x0000000089e00000, 0x0000000089f00000|  0%| F|  |TAMS 0x0000000089e00000, 0x0000000089e00000| Untracked 
| 159|0x0000000089f00000, 0x0000000089f00000, 0x000000008a000000|  0%| F|  |TAMS 0x0000000089f00000, 0x0000000089f00000| Untracked 
| 160|0x000000008a000000, 0x000000008a000000, 0x000000008a100000|  0%| F|  |TAMS 0x000000008a000000, 0x000000008a000000| Untracked 
| 161|0x000000008a100000, 0x000000008a100000, 0x000000008a200000|  0%| F|  |TAMS 0x000000008a100000, 0x000000008a100000| Untracked 
| 162|0x000000008a200000, 0x000000008a200000, 0x000000008a300000|  0%| F|  |TAMS 0x000000008a200000, 0x000000008a200000| Untracked 
| 163|0x000000008a300000, 0x000000008a300000, 0x000000008a400000|  0%| F|  |TAMS 0x000000008a300000, 0x000000008a300000| Untracked 
| 164|0x000000008a400000, 0x000000008a400000, 0x000000008a500000|  0%| F|  |TAMS 0x000000008a400000, 0x000000008a400000| Untracked 
| 165|0x000000008a500000, 0x000000008a500000, 0x000000008a600000|  0%| F|  |TAMS 0x000000008a500000, 0x000000008a500000| Untracked 
| 166|0x000000008a600000, 0x000000008a600000, 0x000000008a700000|  0%| F|  |TAMS 0x000000008a600000, 0x000000008a600000| Untracked 
| 167|0x000000008a700000, 0x000000008a700000, 0x000000008a800000|  0%| F|  |TAMS 0x000000008a700000, 0x000000008a700000| Untracked 
| 168|0x000000008a800000, 0x000000008a800000, 0x000000008a900000|  0%| F|  |TAMS 0x000000008a800000, 0x000000008a800000| Untracked 
| 169|0x000000008a900000, 0x000000008a900000, 0x000000008aa00000|  0%| F|  |TAMS 0x000000008a900000, 0x000000008a900000| Untracked 
| 170|0x000000008aa00000, 0x000000008aa00000, 0x000000008ab00000|  0%| F|  |TAMS 0x000000008aa00000, 0x000000008aa00000| Untracked 
| 171|0x000000008ab00000, 0x000000008ab00000, 0x000000008ac00000|  0%| F|  |TAMS 0x000000008ab00000, 0x000000008ab00000| Untracked 
| 172|0x000000008ac00000, 0x000000008ac00000, 0x000000008ad00000|  0%| F|  |TAMS 0x000000008ac00000, 0x000000008ac00000| Untracked 
| 173|0x000000008ad00000, 0x000000008ad00000, 0x000000008ae00000|  0%| F|  |TAMS 0x000000008ad00000, 0x000000008ad00000| Untracked 
| 174|0x000000008ae00000, 0x000000008ae00000, 0x000000008af00000|  0%| F|  |TAMS 0x000000008ae00000, 0x000000008ae00000| Untracked 
| 175|0x000000008af00000, 0x000000008af00000, 0x000000008b000000|  0%| F|  |TAMS 0x000000008af00000, 0x000000008af00000| Untracked 
| 176|0x000000008b000000, 0x000000008b000000, 0x000000008b100000|  0%| F|  |TAMS 0x000000008b000000, 0x000000008b000000| Untracked 
| 177|0x000000008b100000, 0x000000008b100000, 0x000000008b200000|  0%| F|  |TAMS 0x000000008b100000, 0x000000008b100000| Untracked 
| 178|0x000000008b200000, 0x000000008b200000, 0x000000008b300000|  0%| F|  |TAMS 0x000000008b200000, 0x000000008b200000| Untracked 
| 179|0x000000008b300000, 0x000000008b300000, 0x000000008b400000|  0%| F|  |TAMS 0x000000008b300000, 0x000000008b300000| Untracked 
| 180|0x000000008b400000, 0x000000008b4eb1b8, 0x000000008b500000| 91%| S|CS|TAMS 0x000000008b400000, 0x000000008b400000| Complete 
| 181|0x000000008b500000, 0x000000008b600000, 0x000000008b600000|100%| S|CS|TAMS 0x000000008b500000, 0x000000008b500000| Complete 
| 182|0x000000008b600000, 0x000000008b700000, 0x000000008b700000|100%| S|CS|TAMS 0x000000008b600000, 0x000000008b600000| Complete 
| 183|0x000000008b700000, 0x000000008b700000, 0x000000008b800000|  0%| F|  |TAMS 0x000000008b700000, 0x000000008b700000| Untracked 
| 184|0x000000008b800000, 0x000000008b800000, 0x000000008b900000|  0%| F|  |TAMS 0x000000008b800000, 0x000000008b800000| Untracked 
| 185|0x000000008b900000, 0x000000008b900000, 0x000000008ba00000|  0%| F|  |TAMS 0x000000008b900000, 0x000000008b900000| Untracked 
| 186|0x000000008ba00000, 0x000000008ba00000, 0x000000008bb00000|  0%| F|  |TAMS 0x000000008ba00000, 0x000000008ba00000| Untracked 
| 187|0x000000008bb00000, 0x000000008bc00000, 0x000000008bc00000|100%| S|CS|TAMS 0x000000008bb00000, 0x000000008bb00000| Complete 
| 188|0x000000008bc00000, 0x000000008bc00000, 0x000000008bd00000|  0%| F|  |TAMS 0x000000008bc00000, 0x000000008bc00000| Untracked 
| 189|0x000000008bd00000, 0x000000008bd00000, 0x000000008be00000|  0%| F|  |TAMS 0x000000008bd00000, 0x000000008bd00000| Untracked 
| 190|0x000000008be00000, 0x000000008bf00000, 0x000000008bf00000|100%| S|CS|TAMS 0x000000008be00000, 0x000000008be00000| Complete 
| 191|0x000000008bf00000, 0x000000008c000000, 0x000000008c000000|100%| S|CS|TAMS 0x000000008bf00000, 0x000000008bf00000| Complete 
| 192|0x000000008c000000, 0x000000008c100000, 0x000000008c100000|100%| S|CS|TAMS 0x000000008c000000, 0x000000008c000000| Complete 
| 193|0x000000008c100000, 0x000000008c100000, 0x000000008c200000|  0%| F|  |TAMS 0x000000008c100000, 0x000000008c100000| Untracked 
| 194|0x000000008c200000, 0x000000008c200000, 0x000000008c300000|  0%| F|  |TAMS 0x000000008c200000, 0x000000008c200000| Untracked 
| 195|0x000000008c300000, 0x000000008c300000, 0x000000008c400000|  0%| F|  |TAMS 0x000000008c300000, 0x000000008c300000| Untracked 
| 196|0x000000008c400000, 0x000000008c400000, 0x000000008c500000|  0%| F|  |TAMS 0x000000008c400000, 0x000000008c400000| Untracked 
| 197|0x000000008c500000, 0x000000008c500000, 0x000000008c600000|  0%| F|  |TAMS 0x000000008c500000, 0x000000008c500000| Untracked 
| 198|0x000000008c600000, 0x000000008c600000, 0x000000008c700000|  0%| F|  |TAMS 0x000000008c600000, 0x000000008c600000| Untracked 
| 199|0x000000008c700000, 0x000000008c700000, 0x000000008c800000|  0%| F|  |TAMS 0x000000008c700000, 0x000000008c700000| Untracked 
| 200|0x000000008c800000, 0x000000008c800000, 0x000000008c900000|  0%| F|  |TAMS 0x000000008c800000, 0x000000008c800000| Untracked 
| 201|0x000000008c900000, 0x000000008c900000, 0x000000008ca00000|  0%| F|  |TAMS 0x000000008c900000, 0x000000008c900000| Untracked 
| 202|0x000000008ca00000, 0x000000008ca00000, 0x000000008cb00000|  0%| F|  |TAMS 0x000000008ca00000, 0x000000008ca00000| Untracked 
| 203|0x000000008cb00000, 0x000000008cb00000, 0x000000008cc00000|  0%| F|  |TAMS 0x000000008cb00000, 0x000000008cb00000| Untracked 
| 204|0x000000008cc00000, 0x000000008cc00000, 0x000000008cd00000|  0%| F|  |TAMS 0x000000008cc00000, 0x000000008cc00000| Untracked 
| 205|0x000000008cd00000, 0x000000008cd00000, 0x000000008ce00000|  0%| F|  |TAMS 0x000000008cd00000, 0x000000008cd00000| Untracked 
| 206|0x000000008ce00000, 0x000000008ce00000, 0x000000008cf00000|  0%| F|  |TAMS 0x000000008ce00000, 0x000000008ce00000| Untracked 
| 207|0x000000008cf00000, 0x000000008cf00000, 0x000000008d000000|  0%| F|  |TAMS 0x000000008cf00000, 0x000000008cf00000| Untracked 
| 208|0x000000008d000000, 0x000000008d000000, 0x000000008d100000|  0%| F|  |TAMS 0x000000008d000000, 0x000000008d000000| Untracked 
| 209|0x000000008d100000, 0x000000008d100000, 0x000000008d200000|  0%| F|  |TAMS 0x000000008d100000, 0x000000008d100000| Untracked 
| 210|0x000000008d200000, 0x000000008d200000, 0x000000008d300000|  0%| F|  |TAMS 0x000000008d200000, 0x000000008d200000| Untracked 
| 211|0x000000008d300000, 0x000000008d300000, 0x000000008d400000|  0%| F|  |TAMS 0x000000008d300000, 0x000000008d300000| Untracked 
| 212|0x000000008d400000, 0x000000008d400000, 0x000000008d500000|  0%| F|  |TAMS 0x000000008d400000, 0x000000008d400000| Untracked 
| 213|0x000000008d500000, 0x000000008d500000, 0x000000008d600000|  0%| F|  |TAMS 0x000000008d500000, 0x000000008d500000| Untracked 
| 214|0x000000008d600000, 0x000000008d600000, 0x000000008d700000|  0%| F|  |TAMS 0x000000008d600000, 0x000000008d600000| Untracked 
| 215|0x000000008d700000, 0x000000008d700000, 0x000000008d800000|  0%| F|  |TAMS 0x000000008d700000, 0x000000008d700000| Untracked 
| 216|0x000000008d800000, 0x000000008d800000, 0x000000008d900000|  0%| F|  |TAMS 0x000000008d800000, 0x000000008d800000| Untracked 
| 217|0x000000008d900000, 0x000000008d900000, 0x000000008da00000|  0%| F|  |TAMS 0x000000008d900000, 0x000000008d900000| Untracked 
| 218|0x000000008da00000, 0x000000008da00000, 0x000000008db00000|  0%| F|  |TAMS 0x000000008da00000, 0x000000008da00000| Untracked 
| 219|0x000000008db00000, 0x000000008db00000, 0x000000008dc00000|  0%| F|  |TAMS 0x000000008db00000, 0x000000008db00000| Untracked 
| 220|0x000000008dc00000, 0x000000008dc00000, 0x000000008dd00000|  0%| F|  |TAMS 0x000000008dc00000, 0x000000008dc00000| Untracked 
| 221|0x000000008dd00000, 0x000000008dd00000, 0x000000008de00000|  0%| F|  |TAMS 0x000000008dd00000, 0x000000008dd00000| Untracked 
| 222|0x000000008de00000, 0x000000008de00000, 0x000000008df00000|  0%| F|  |TAMS 0x000000008de00000, 0x000000008de00000| Untracked 
| 223|0x000000008df00000, 0x000000008df00000, 0x000000008e000000|  0%| F|  |TAMS 0x000000008df00000, 0x000000008df00000| Untracked 
| 224|0x000000008e000000, 0x000000008e000000, 0x000000008e100000|  0%| F|  |TAMS 0x000000008e000000, 0x000000008e000000| Untracked 
| 225|0x000000008e100000, 0x000000008e100000, 0x000000008e200000|  0%| F|  |TAMS 0x000000008e100000, 0x000000008e100000| Untracked 
| 226|0x000000008e200000, 0x000000008e200000, 0x000000008e300000|  0%| F|  |TAMS 0x000000008e200000, 0x000000008e200000| Untracked 
| 227|0x000000008e300000, 0x000000008e300000, 0x000000008e400000|  0%| F|  |TAMS 0x000000008e300000, 0x000000008e300000| Untracked 
| 228|0x000000008e400000, 0x000000008e400000, 0x000000008e500000|  0%| F|  |TAMS 0x000000008e400000, 0x000000008e400000| Untracked 
| 229|0x000000008e500000, 0x000000008e500000, 0x000000008e600000|  0%| F|  |TAMS 0x000000008e500000, 0x000000008e500000| Untracked 
| 230|0x000000008e600000, 0x000000008e600000, 0x000000008e700000|  0%| F|  |TAMS 0x000000008e600000, 0x000000008e600000| Untracked 
| 231|0x000000008e700000, 0x000000008e700000, 0x000000008e800000|  0%| F|  |TAMS 0x000000008e700000, 0x000000008e700000| Untracked 
| 232|0x000000008e800000, 0x000000008e800000, 0x000000008e900000|  0%| F|  |TAMS 0x000000008e800000, 0x000000008e800000| Untracked 
| 233|0x000000008e900000, 0x000000008e900000, 0x000000008ea00000|  0%| F|  |TAMS 0x000000008e900000, 0x000000008e900000| Untracked 
| 234|0x000000008ea00000, 0x000000008ea00000, 0x000000008eb00000|  0%| F|  |TAMS 0x000000008ea00000, 0x000000008ea00000| Untracked 
| 235|0x000000008eb00000, 0x000000008eb00000, 0x000000008ec00000|  0%| F|  |TAMS 0x000000008eb00000, 0x000000008eb00000| Untracked 
| 236|0x000000008ec00000, 0x000000008ec00000, 0x000000008ed00000|  0%| F|  |TAMS 0x000000008ec00000, 0x000000008ec00000| Untracked 
| 237|0x000000008ed00000, 0x000000008ed00000, 0x000000008ee00000|  0%| F|  |TAMS 0x000000008ed00000, 0x000000008ed00000| Untracked 
| 238|0x000000008ee00000, 0x000000008ee00000, 0x000000008ef00000|  0%| F|  |TAMS 0x000000008ee00000, 0x000000008ee00000| Untracked 
| 239|0x000000008ef00000, 0x000000008ef00000, 0x000000008f000000|  0%| F|  |TAMS 0x000000008ef00000, 0x000000008ef00000| Untracked 
| 240|0x000000008f000000, 0x000000008f000000, 0x000000008f100000|  0%| F|  |TAMS 0x000000008f000000, 0x000000008f000000| Untracked 
| 241|0x000000008f100000, 0x000000008f100000, 0x000000008f200000|  0%| F|  |TAMS 0x000000008f100000, 0x000000008f100000| Untracked 
| 242|0x000000008f200000, 0x000000008f200000, 0x000000008f300000|  0%| F|  |TAMS 0x000000008f200000, 0x000000008f200000| Untracked 

Card table byte_map: [0x00000190c07b0000,0x00000190c0bb0000] _byte_map_base: 0x00000190c03b0000

Marking Bits (Prev, Next): (CMBitMap*) 0x00000190ad5acc48, (CMBitMap*) 0x00000190ad5acc80
 Prev Bits: [0x00000190c0fb0000, 0x00000190c2fb0000)
 Next Bits: [0x00000190c2fb0000, 0x00000190c4fb0000)

Polling page: 0x00000190acd40000

Metaspace:

Usage:
  Non-class:    108.85 MB capacity,   106.21 MB ( 98%) used,     2.12 MB (  2%) free+waste,   534.31 KB ( <1%) overhead. 
      Class:     17.79 MB capacity,    15.98 MB ( 90%) used,     1.55 MB (  9%) free+waste,   265.75 KB (  1%) overhead. 
       Both:    126.64 MB capacity,   122.19 MB ( 96%) used,     3.68 MB (  3%) free+waste,   800.06 KB ( <1%) overhead. 

Virtual space:
  Non-class space:      110.00 MB reserved,     108.95 MB (>99%) committed 
      Class space:        1.00 GB reserved,      17.88 MB (  2%) committed 
             Both:        1.11 GB reserved,     126.83 MB ( 11%) committed 

Chunk freelists:
   Non-Class:  40.00 KB
       Class:  22.00 KB
        Both:  62.00 KB

MaxMetaspaceSize: 17179869184.00 GB
CompressedClassSpaceSize: 1.00 GB
Initial GC threshold: 20.80 MB
Current GC threshold: 194.51 MB
CDS: off

CodeHeap 'non-profiled nmethods': size=120000Kb used=6773Kb max_used=6773Kb free=113226Kb
 bounds [0x00000190b8b50000, 0x00000190b91f0000, 0x00000190c0080000]
CodeHeap 'profiled nmethods': size=120000Kb used=33656Kb max_used=33656Kb free=86343Kb
 bounds [0x00000190b1620000, 0x00000190b3700000, 0x00000190b8b50000]
CodeHeap 'non-nmethods': size=5760Kb used=2440Kb max_used=2469Kb free=3319Kb
 bounds [0x00000190b1080000, 0x00000190b1300000, 0x00000190b1620000]
 total_blobs=17947 nmethods=16974 adapters=884
 compilation: enabled
              stopped_count=0, restarted_count=0
 full_count=0

Compilation events (20 events):
Event: 38.320 Thread 0x00000190c7a17000 nmethod 17854 0x00000190b36f8a10 code [0x00000190b36f8bc0, 0x00000190b36f8ce8]
Event: 38.320 Thread 0x00000190c7a17000 17856       2       com.android.tools.r8.graph.N::a (294 bytes)
Event: 38.322 Thread 0x00000190c7a17000 nmethod 17856 0x00000190b36f8d90 code [0x00000190b36f9000, 0x00000190b36f9758]
Event: 38.322 Thread 0x00000190c7a17000 17851       2       com.android.tools.r8.internal.t3$$Lambda$3221/0x0000000101132040::apply (9 bytes)
Event: 38.322 Thread 0x00000190c7a17000 nmethod 17851 0x00000190b36f9c10 code [0x00000190b36f9dc0, 0x00000190b36f9f08]
Event: 38.322 Thread 0x00000190c7a17000 17852       2       com.android.tools.r8.graph.S::a (1 bytes)
Event: 38.322 Thread 0x00000190c7a17000 nmethod 17852 0x00000190b36fa010 code [0x00000190b36fa1c0, 0x00000190b36fa2b8]
Event: 38.322 Thread 0x00000190c7a17000 17829       1       java.util.AbstractList$ListItr::nextIndex (5 bytes)
Event: 38.322 Thread 0x00000190c7a17000 nmethod 17829 0x00000190b91ed490 code [0x00000190b91ed640, 0x00000190b91ed6f8]
Event: 38.323 Thread 0x00000190c7a17000 17848       2       com.android.tools.r8.code.F::<init> (6 bytes)
Event: 38.323 Thread 0x00000190c7a17000 nmethod 17848 0x00000190b36fa390 code [0x00000190b36fa540, 0x00000190b36fa678]
Event: 38.323 Thread 0x00000190c7a17000 17861       2       com.android.tools.r8.dex.i::a (274 bytes)
Event: 38.325 Thread 0x00000190c7a17000 nmethod 17861 0x00000190b36fa790 code [0x00000190b36faa60, 0x00000190b36fb7c8]
Event: 38.326 Thread 0x00000190c7a17000 17862 %     3       com.android.tools.r8.internal.Ew::c @ 38 (170 bytes)
Event: 38.328 Thread 0x00000190c7a17000 nmethod 17862% 0x00000190b36fc010 code [0x00000190b36fc2e0, 0x00000190b36fd2e8]
Event: 38.328 Thread 0x00000190c7a17000 17866       2       com.android.tools.r8.graph.N::a (18 bytes)
Event: 38.328 Thread 0x00000190c7a17000 nmethod 17866 0x00000190b36fd910 code [0x00000190b36fdae0, 0x00000190b36fdc98]
Event: 38.328 Thread 0x00000190c7a17000 17872       2       java.util.Arrays::hashCode (44 bytes)
Event: 38.328 Thread 0x00000190c7a17000 nmethod 17872 0x00000190b36fdd90 code [0x00000190b36fdf40, 0x00000190b36fe0b8]
Event: 38.329 Thread 0x00000190c7a17000 17868       2       com.android.tools.r8.dex.i::a (1036 bytes)

GC Heap History (20 events):
Event: 32.915 GC heap after
{Heap after GC invocations=51 (full 0):
 garbage-first heap   total 248832K, used 136192K [0x0000000080000000, 0x0000000100000000)
  region size 1024K, 8 young (8192K), 8 survivors (8192K)
 Metaspace       used 107020K, capacity 109650K, committed 109904K, reserved 1144832K
  class space    used 13487K, capacity 14420K, committed 14464K, reserved 1048576K
}
Event: 33.863 GC heap before
{Heap before GC invocations=51 (full 0):
 garbage-first heap   total 248832K, used 188416K [0x0000000080000000, 0x0000000100000000)
  region size 1024K, 60 young (61440K), 8 survivors (8192K)
 Metaspace       used 107815K, capacity 110486K, committed 110800K, reserved 1144832K
  class space    used 13519K, capacity 14503K, committed 14592K, reserved 1048576K
}
Event: 33.881 GC heap after
{Heap after GC invocations=52 (full 0):
 garbage-first heap   total 248832K, used 137773K [0x0000000080000000, 0x0000000100000000)
  region size 1024K, 3 young (3072K), 3 survivors (3072K)
 Metaspace       used 107815K, capacity 110486K, committed 110800K, reserved 1144832K
  class space    used 13519K, capacity 14503K, committed 14592K, reserved 1048576K
}
Event: 35.025 GC heap before
{Heap before GC invocations=53 (full 0):
 garbage-first heap   total 248832K, used 196141K [0x0000000080000000, 0x0000000100000000)
  region size 1024K, 57 young (58368K), 3 survivors (3072K)
 Metaspace       used 110498K, capacity 113217K, committed 113488K, reserved 1148928K
  class space    used 13876K, capacity 14890K, committed 14976K, reserved 1048576K
}
Event: 35.039 GC heap after
{Heap after GC invocations=54 (full 0):
 garbage-first heap   total 248832K, used 142827K [0x0000000080000000, 0x0000000100000000)
  region size 1024K, 8 young (8192K), 8 survivors (8192K)
 Metaspace       used 110498K, capacity 113217K, committed 113488K, reserved 1148928K
  class space    used 13876K, capacity 14890K, committed 14976K, reserved 1048576K
}
Event: 35.105 GC heap before
{Heap before GC invocations=54 (full 0):
 garbage-first heap   total 248832K, used 146923K [0x0000000080000000, 0x0000000100000000)
  region size 1024K, 12 young (12288K), 8 survivors (8192K)
 Metaspace       used 110772K, capacity 113441K, committed 113744K, reserved 1148928K
  class space    used 13909K, capacity 14922K, committed 14976K, reserved 1048576K
}
Event: 35.125 GC heap after
{Heap after GC invocations=55 (full 0):
 garbage-first heap   total 248832K, used 139897K [0x0000000080000000, 0x0000000100000000)
  region size 1024K, 2 young (2048K), 2 survivors (2048K)
 Metaspace       used 110772K, capacity 113441K, committed 113744K, reserved 1148928K
  class space    used 13909K, capacity 14922K, committed 14976K, reserved 1048576K
}
Event: 35.748 GC heap before
{Heap before GC invocations=55 (full 0):
 garbage-first heap   total 248832K, used 194169K [0x0000000080000000, 0x0000000100000000)
  region size 1024K, 55 young (56320K), 2 survivors (2048K)
 Metaspace       used 114277K, capacity 117523K, committed 117840K, reserved 1150976K
  class space    used 14474K, capacity 15646K, committed 15744K, reserved 1048576K
}
Event: 35.768 GC heap after
{Heap after GC invocations=56 (full 0):
 garbage-first heap   total 248832K, used 149836K [0x0000000080000000, 0x0000000100000000)
  region size 1024K, 7 young (7168K), 7 survivors (7168K)
 Metaspace       used 114277K, capacity 117523K, committed 117840K, reserved 1150976K
  class space    used 14474K, capacity 15646K, committed 15744K, reserved 1048576K
}
Event: 36.290 GC heap before
{Heap before GC invocations=57 (full 0):
 garbage-first heap   total 248832K, used 197964K [0x0000000080000000, 0x0000000100000000)
  region size 1024K, 55 young (56320K), 7 survivors (7168K)
 Metaspace       used 117288K, capacity 121042K, committed 121296K, reserved 1155072K
  class space    used 15105K, capacity 16606K, committed 16640K, reserved 1048576K
}
Event: 36.308 GC heap after
{Heap after GC invocations=58 (full 0):
 garbage-first heap   total 248832K, used 157661K [0x0000000080000000, 0x0000000100000000)
  region size 1024K, 7 young (7168K), 7 survivors (7168K)
 Metaspace       used 117288K, capacity 121042K, committed 121296K, reserved 1155072K
  class space    used 15105K, capacity 16606K, committed 16640K, reserved 1048576K
}
Event: 36.349 GC heap before
{Heap before GC invocations=58 (full 0):
 garbage-first heap   total 248832K, used 161757K [0x0000000080000000, 0x0000000100000000)
  region size 1024K, 12 young (12288K), 7 survivors (7168K)
 Metaspace       used 117675K, capacity 121424K, committed 121680K, reserved 1155072K
  class space    used 15181K, capacity 16698K, committed 16768K, reserved 1048576K
}
Event: 36.361 GC heap after
{Heap after GC invocations=59 (full 0):
 garbage-first heap   total 248832K, used 147077K [0x0000000080000000, 0x0000000100000000)
  region size 1024K, 2 young (2048K), 2 survivors (2048K)
 Metaspace       used 117675K, capacity 121424K, committed 121680K, reserved 1155072K
  class space    used 15181K, capacity 16698K, committed 16768K, reserved 1048576K
}
Event: 36.742 GC heap before
{Heap before GC invocations=59 (full 0):
 garbage-first heap   total 248832K, used 196229K [0x0000000080000000, 0x0000000100000000)
  region size 1024K, 51 young (52224K), 2 survivors (2048K)
 Metaspace       used 120409K, capacity 124442K, committed 124624K, reserved 1157120K
  class space    used 15676K, capacity 17320K, committed 17408K, reserved 1048576K
}
Event: 36.752 GC heap after
{Heap after GC invocations=60 (full 0):
 garbage-first heap   total 248832K, used 149210K [0x0000000080000000, 0x0000000100000000)
  region size 1024K, 4 young (4096K), 4 survivors (4096K)
 Metaspace       used 120409K, capacity 124442K, committed 124624K, reserved 1157120K
  class space    used 15676K, capacity 17320K, committed 17408K, reserved 1048576K
}
Event: 36.996 GC heap before
{Heap before GC invocations=60 (full 0):
 garbage-first heap   total 248832K, used 199386K [0x0000000080000000, 0x0000000100000000)
  region size 1024K, 53 young (54272K), 4 survivors (4096K)
 Metaspace       used 121296K, capacity 125483K, committed 125776K, reserved 1157120K
  class space    used 15789K, capacity 17455K, committed 17536K, reserved 1048576K
}
Event: 37.002 GC heap after
{Heap after GC invocations=61 (full 0):
 garbage-first heap   total 248832K, used 149061K [0x0000000080000000, 0x0000000100000000)
  region size 1024K, 3 young (3072K), 3 survivors (3072K)
 Metaspace       used 121296K, capacity 125483K, committed 125776K, reserved 1157120K
  class space    used 15789K, capacity 17455K, committed 17536K, reserved 1048576K
}
Event: 37.386 GC heap before
{Heap before GC invocations=61 (full 0):
 garbage-first heap   total 248832K, used 200261K [0x0000000080000000, 0x0000000100000000)
  region size 1024K, 54 young (55296K), 3 survivors (3072K)
 Metaspace       used 123157K, capacity 127726K, committed 127824K, reserved 1159168K
  class space    used 16095K, capacity 17956K, committed 18048K, reserved 1048576K
}
Event: 37.394 GC heap after
{Heap after GC invocations=62 (full 0):
 garbage-first heap   total 248832K, used 151839K [0x0000000080000000, 0x0000000100000000)
  region size 1024K, 6 young (6144K), 6 survivors (6144K)
 Metaspace       used 123157K, capacity 127726K, committed 127824K, reserved 1159168K
  class space    used 16095K, capacity 17956K, committed 18048K, reserved 1048576K
}
Event: 38.338 GC heap before
{Heap before GC invocations=62 (full 0):
 garbage-first heap   total 248832K, used 203039K [0x0000000080000000, 0x0000000100000000)
  region size 1024K, 56 young (57344K), 6 survivors (6144K)
 Metaspace       used 125118K, capacity 129682K, committed 129872K, reserved 1161216K
  class space    used 16362K, capacity 18218K, committed 18304K, reserved 1048576K
}

Deoptimization events (20 events):
Event: 38.324 Thread 0x00000190ccb67000 Uncommon trap: trap_request=0xffffffd6 fr.pc=0x00000190b91d53ec relative=0x0000000000002bcc
Event: 38.324 Thread 0x00000190ccb67000 Uncommon trap: reason=array_check action=maybe_recompile pc=0x00000190b91d53ec method=java.util.TimSort.reverseRange([Ljava/lang/Object;II)V @ 20 c2
Event: 38.324 Thread 0x00000190ccb67000 DEOPT PACKING pc=0x00000190b91d53ec sp=0x0000003496cfd850
Event: 38.324 Thread 0x00000190ccb67000 DEOPT UNPACKING pc=0x00000190b10ca1af sp=0x0000003496cfd728 mode 2
Event: 38.324 Thread 0x00000190ccb67000 Uncommon trap: trap_request=0xffffffd6 fr.pc=0x00000190b91d53ec relative=0x0000000000002bcc
Event: 38.324 Thread 0x00000190ccb67000 Uncommon trap: reason=array_check action=maybe_recompile pc=0x00000190b91d53ec method=java.util.TimSort.reverseRange([Ljava/lang/Object;II)V @ 20 c2
Event: 38.324 Thread 0x00000190ccb67000 DEOPT PACKING pc=0x00000190b91d53ec sp=0x0000003496cfd850
Event: 38.324 Thread 0x00000190ccb67000 DEOPT UNPACKING pc=0x00000190b10ca1af sp=0x0000003496cfd728 mode 2
Event: 38.324 Thread 0x00000190ccb67000 Uncommon trap: trap_request=0xffffffd6 fr.pc=0x00000190b91d53ec relative=0x0000000000002bcc
Event: 38.324 Thread 0x00000190ccb67000 Uncommon trap: reason=array_check action=maybe_recompile pc=0x00000190b91d53ec method=java.util.TimSort.reverseRange([Ljava/lang/Object;II)V @ 20 c2
Event: 38.324 Thread 0x00000190ccb67000 DEOPT PACKING pc=0x00000190b91d53ec sp=0x0000003496cfd850
Event: 38.324 Thread 0x00000190ccb67000 DEOPT UNPACKING pc=0x00000190b10ca1af sp=0x0000003496cfd728 mode 2
Event: 38.324 Thread 0x00000190ccb67000 Uncommon trap: trap_request=0xffffffd6 fr.pc=0x00000190b91d53ec relative=0x0000000000002bcc
Event: 38.324 Thread 0x00000190ccb67000 Uncommon trap: reason=array_check action=maybe_recompile pc=0x00000190b91d53ec method=java.util.TimSort.reverseRange([Ljava/lang/Object;II)V @ 20 c2
Event: 38.324 Thread 0x00000190ccb67000 DEOPT PACKING pc=0x00000190b91d53ec sp=0x0000003496cfd850
Event: 38.324 Thread 0x00000190ccb67000 DEOPT UNPACKING pc=0x00000190b10ca1af sp=0x0000003496cfd728 mode 2
Event: 38.325 Thread 0x00000190ccb67000 Uncommon trap: trap_request=0xffffffe4 fr.pc=0x00000190b91d8f1c relative=0x000000000000025c
Event: 38.325 Thread 0x00000190ccb67000 Uncommon trap: reason=range_check action=make_not_entrant pc=0x00000190b91d8f1c method=com.android.tools.r8.graph.a1.a(Lcom/android/tools/r8/graph/a1;)I @ 9 c2
Event: 38.325 Thread 0x00000190ccb67000 DEOPT PACKING pc=0x00000190b91d8f1c sp=0x0000003496cfcd40
Event: 38.325 Thread 0x00000190ccb67000 DEOPT UNPACKING pc=0x00000190b10ca1af sp=0x0000003496cfccb8 mode 2

Classes redefined (0 events):
No events

Internal exceptions (20 events):
Event: 37.294 Thread 0x00000190ccb67000 Exception <a 'sun/nio/fs/WindowsException'{0x000000008d4de838}> (0x000000008d4de838) thrown at [./src/hotspot/share/prims/jni.cpp, line 616]
Event: 37.296 Thread 0x00000190d0787000 Exception <a 'sun/nio/fs/WindowsException'{0x000000008d2eed30}> (0x000000008d2eed30) thrown at [./src/hotspot/share/prims/jni.cpp, line 616]
Event: 37.297 Thread 0x00000190d0782000 Exception <a 'sun/nio/fs/WindowsException'{0x000000008d0d8da8}> (0x000000008d0d8da8) thrown at [./src/hotspot/share/prims/jni.cpp, line 616]
Event: 37.298 Thread 0x00000190ccb65800 Exception <a 'sun/nio/fs/WindowsException'{0x000000008d0eabf8}> (0x000000008d0eabf8) thrown at [./src/hotspot/share/prims/jni.cpp, line 616]
Event: 37.305 Thread 0x00000190ccb67000 Exception <a 'sun/nio/fs/WindowsException'{0x000000008cf93048}> (0x000000008cf93048) thrown at [./src/hotspot/share/prims/jni.cpp, line 616]
Event: 37.307 Thread 0x00000190d0787000 Exception <a 'sun/nio/fs/WindowsException'{0x000000008cebffe8}> (0x000000008cebffe8) thrown at [./src/hotspot/share/prims/jni.cpp, line 616]
Event: 37.307 Thread 0x00000190ccb65800 Exception <a 'sun/nio/fs/WindowsException'{0x000000008d0efbe0}> (0x000000008d0efbe0) thrown at [./src/hotspot/share/prims/jni.cpp, line 616]
Event: 37.310 Thread 0x00000190ccb67000 Exception <a 'sun/nio/fs/WindowsException'{0x000000008cdfa4a8}> (0x000000008cdfa4a8) thrown at [./src/hotspot/share/prims/jni.cpp, line 616]
Event: 37.310 Thread 0x00000190ccb65800 Exception <a 'sun/nio/fs/WindowsException'{0x000000008cc74300}> (0x000000008cc74300) thrown at [./src/hotspot/share/prims/jni.cpp, line 616]
Event: 37.317 Thread 0x00000190ccb67000 Exception <a 'sun/nio/fs/WindowsException'{0x000000008cbc2460}> (0x000000008cbc2460) thrown at [./src/hotspot/share/prims/jni.cpp, line 616]
Event: 37.318 Thread 0x00000190ccb65800 Exception <a 'sun/nio/fs/WindowsException'{0x000000008cc7a3e0}> (0x000000008cc7a3e0) thrown at [./src/hotspot/share/prims/jni.cpp, line 616]
Event: 37.320 Thread 0x00000190ccb67000 Exception <a 'sun/nio/fs/WindowsException'{0x000000008cbc8898}> (0x000000008cbc8898) thrown at [./src/hotspot/share/prims/jni.cpp, line 616]
Event: 37.322 Thread 0x00000190ccb67000 Exception <a 'sun/nio/fs/WindowsException'{0x000000008cbce210}> (0x000000008cbce210) thrown at [./src/hotspot/share/prims/jni.cpp, line 616]
Event: 37.328 Thread 0x00000190d0787000 Exception <a 'sun/nio/fs/WindowsException'{0x000000008cec5c48}> (0x000000008cec5c48) thrown at [./src/hotspot/share/prims/jni.cpp, line 616]
Event: 37.333 Thread 0x00000190d0787000 Exception <a 'sun/nio/fs/WindowsException'{0x000000008c896ca0}> (0x000000008c896ca0) thrown at [./src/hotspot/share/prims/jni.cpp, line 616]
Event: 37.336 Thread 0x00000190ccb67000 Exception <a 'sun/nio/fs/WindowsException'{0x000000008c8dfcf0}> (0x000000008c8dfcf0) thrown at [./src/hotspot/share/prims/jni.cpp, line 616]
Event: 37.340 Thread 0x00000190ccb67000 Exception <a 'sun/nio/fs/WindowsException'{0x000000008c798cf8}> (0x000000008c798cf8) thrown at [./src/hotspot/share/prims/jni.cpp, line 616]
Event: 37.345 Thread 0x00000190ccb67000 Exception <a 'sun/nio/fs/WindowsException'{0x000000008c79e968}> (0x000000008c79e968) thrown at [./src/hotspot/share/prims/jni.cpp, line 616]
Event: 38.094 Thread 0x00000190ccb65800 Exception <a 'sun/nio/fs/WindowsException'{0x000000008d3152a0}> (0x000000008d3152a0) thrown at [./src/hotspot/share/prims/jni.cpp, line 616]
Event: 38.140 Thread 0x00000190ccb67000 Exception <a 'sun/nio/fs/WindowsException'{0x000000008d237540}> (0x000000008d237540) thrown at [./src/hotspot/share/prims/jni.cpp, line 616]

Events (20 events):
Event: 38.284 loading class com/android/tools/r8/graph/W0 done
Event: 38.285 loading class com/android/tools/r8/graph/W0$a
Event: 38.285 loading class com/android/tools/r8/graph/W0$a done
Event: 38.285 Executing VM operation: RevokeBias
Event: 38.285 Executing VM operation: RevokeBias done
Event: 38.285 loading class com/android/tools/r8/graph/W0$a
Event: 38.285 loading class com/android/tools/r8/graph/W0$a done
Event: 38.290 loading class com/android/tools/r8/graph/b3
Event: 38.290 loading class com/android/tools/r8/graph/b3 done
Event: 38.290 loading class com/android/tools/r8/dex/i
Event: 38.290 loading class com/android/tools/r8/dex/i done
Event: 38.299 loading class com/android/tools/r8/internal/er
Event: 38.299 loading class com/android/tools/r8/internal/er done
Event: 38.300 loading class com/android/tools/r8/internal/z
Event: 38.300 loading class com/android/tools/r8/internal/z done
Event: 38.300 loading class com/android/tools/r8/internal/rr
Event: 38.300 loading class com/android/tools/r8/internal/rr done
Event: 38.300 loading class com/android/tools/r8/internal/fr
Event: 38.300 loading class com/android/tools/r8/internal/fr done
Event: 38.337 Executing VM operation: G1CollectForAllocation


Dynamic libraries:
0x00007ff7f7a10000 - 0x00007ff7f7a1a000 	C:\Program Files\Android\Android Studio\jre\bin\java.exe
0x00007ff8d9470000 - 0x00007ff8d9684000 	C:\WINDOWS\SYSTEM32\ntdll.dll
0x00007ff8d7320000 - 0x00007ff8d73e2000 	C:\WINDOWS\System32\KERNEL32.DLL
0x00007ff8d6a90000 - 0x00007ff8d6e2c000 	C:\WINDOWS\System32\KERNELBASE.dll
0x00007ff8d6ed0000 - 0x00007ff8d6fe1000 	C:\WINDOWS\System32\ucrtbase.dll
0x00007ff8d1f30000 - 0x00007ff8d1f47000 	C:\Program Files\Android\Android Studio\jre\bin\VCRUNTIME140.dll
0x00007ff8d1e90000 - 0x00007ff8d1ea9000 	C:\Program Files\Android\Android Studio\jre\bin\jli.dll
0x00007ff8d9180000 - 0x00007ff8d932b000 	C:\WINDOWS\System32\USER32.dll
0x00007ff8d6e30000 - 0x00007ff8d6e56000 	C:\WINDOWS\System32\win32u.dll
0x00007ff8ba4e0000 - 0x00007ff8ba76e000 	C:\WINDOWS\WinSxS\amd64_microsoft.windows.common-controls_6595b64144ccf1df_6.0.22621.608_none_a9444ca7c10bb01d\COMCTL32.dll
0x00007ff8d7f00000 - 0x00007ff8d7fa7000 	C:\WINDOWS\System32\msvcrt.dll
0x00007ff8d8980000 - 0x00007ff8d89a9000 	C:\WINDOWS\System32\GDI32.dll
0x00007ff8d68b0000 - 0x00007ff8d69c3000 	C:\WINDOWS\System32\gdi32full.dll
0x00007ff8d7070000 - 0x00007ff8d710a000 	C:\WINDOWS\System32\msvcp_win.dll
0x00007ff8d8cc0000 - 0x00007ff8d8cf1000 	C:\WINDOWS\System32\IMM32.DLL
0x00007ff8d1df0000 - 0x00007ff8d1e8d000 	C:\Program Files\Android\Android Studio\jre\bin\msvcp140.dll
0x00007ff892190000 - 0x00007ff892c92000 	C:\Program Files\Android\Android Studio\jre\bin\server\jvm.dll
0x00007ff8d8b30000 - 0x00007ff8d8bde000 	C:\WINDOWS\System32\ADVAPI32.dll
0x00007ff8d8190000 - 0x00007ff8d8234000 	C:\WINDOWS\System32\sechost.dll
0x00007ff8d8a10000 - 0x00007ff8d8b27000 	C:\WINDOWS\System32\RPCRT4.dll
0x00007ff8d89b0000 - 0x00007ff8d89b8000 	C:\WINDOWS\System32\PSAPI.DLL
0x00007ff8d2800000 - 0x00007ff8d2809000 	C:\WINDOWS\SYSTEM32\WSOCK32.dll
0x00007ff8cf230000 - 0x00007ff8cf264000 	C:\WINDOWS\SYSTEM32\WINMM.dll
0x00007ff8d84b0000 - 0x00007ff8d8521000 	C:\WINDOWS\System32\WS2_32.dll
0x00007ff8ceb50000 - 0x00007ff8ceb5a000 	C:\WINDOWS\SYSTEM32\VERSION.dll
0x00007ff8d58d0000 - 0x00007ff8d58e8000 	C:\WINDOWS\SYSTEM32\kernel.appcore.dll
0x00007ff8d1410000 - 0x00007ff8d1421000 	C:\Program Files\Android\Android Studio\jre\bin\verify.dll
0x00007ff8c4e60000 - 0x00007ff8c508e000 	C:\WINDOWS\SYSTEM32\DBGHELP.DLL
0x00007ff8d8540000 - 0x00007ff8d88c9000 	C:\WINDOWS\System32\combase.dll
0x00007ff8d8250000 - 0x00007ff8d8327000 	C:\WINDOWS\System32\OLEAUT32.dll
0x00007ff8b4520000 - 0x00007ff8b4552000 	C:\WINDOWS\SYSTEM32\dbgcore.DLL
0x00007ff8d6ff0000 - 0x00007ff8d706b000 	C:\WINDOWS\System32\bcryptPrimitives.dll
0x00007ff8b73b0000 - 0x00007ff8b73d9000 	C:\Program Files\Android\Android Studio\jre\bin\java.dll
0x00007ff8d27f0000 - 0x00007ff8d27fb000 	C:\Program Files\Android\Android Studio\jre\bin\jimage.dll
0x00007ff8bac00000 - 0x00007ff8bac18000 	C:\Program Files\Android\Android Studio\jre\bin\zip.dll
0x00007ff8d74f0000 - 0x00007ff8d7ce0000 	C:\WINDOWS\System32\SHELL32.dll
0x00007ff8d4870000 - 0x00007ff8d513d000 	C:\WINDOWS\SYSTEM32\windows.storage.dll
0x00007ff8d4730000 - 0x00007ff8d486e000 	C:\WINDOWS\SYSTEM32\wintypes.dll
0x00007ff8d73f0000 - 0x00007ff8d74e1000 	C:\WINDOWS\System32\SHCORE.dll
0x00007ff8d8c40000 - 0x00007ff8d8c9e000 	C:\WINDOWS\System32\shlwapi.dll
0x00007ff8d67e0000 - 0x00007ff8d6801000 	C:\WINDOWS\SYSTEM32\profapi.dll
0x00007ff8b7390000 - 0x00007ff8b73aa000 	C:\Program Files\Android\Android Studio\jre\bin\net.dll
0x00007ff8cf0f0000 - 0x00007ff8cf227000 	C:\WINDOWS\SYSTEM32\WINHTTP.dll
0x00007ff8d5d70000 - 0x00007ff8d5dd9000 	C:\WINDOWS\system32\mswsock.dll
0x00007ff8b7310000 - 0x00007ff8b7324000 	C:\Program Files\Android\Android Studio\jre\bin\nio.dll
0x00007ff8d1eb0000 - 0x00007ff8d1ed7000 	C:\Users\nilesh\.gradle\native\e1d6ef7f7dcc3fd88c89a11ec53ec762bb8ba0a96d01ffa2cd45eb1d1d8dd5c5\windows-amd64\native-platform.dll
0x00007ff8b77a0000 - 0x00007ff8b78e4000 	C:\Users\nilesh\.gradle\native\0d407fdbe67a94daf76414ababcb853783967236a71b16ec16e742cd7a986fd3\windows-amd64\native-platform-file-events.dll
0x00007ff8b7300000 - 0x00007ff8b730a000 	C:\Program Files\Android\Android Studio\jre\bin\management.dll
0x00007ff8b72f0000 - 0x00007ff8b72fd000 	C:\Program Files\Android\Android Studio\jre\bin\management_ext.dll
0x00007ff8d5fd0000 - 0x00007ff8d5feb000 	C:\WINDOWS\SYSTEM32\CRYPTSP.dll
0x00007ff8d5840000 - 0x00007ff8d5875000 	C:\WINDOWS\system32\rsaenh.dll
0x00007ff8d5e70000 - 0x00007ff8d5e98000 	C:\WINDOWS\SYSTEM32\USERENV.dll
0x00007ff8d6200000 - 0x00007ff8d6228000 	C:\WINDOWS\SYSTEM32\bcrypt.dll
0x00007ff8d5ff0000 - 0x00007ff8d5ffc000 	C:\WINDOWS\SYSTEM32\CRYPTBASE.dll
0x00007ff8d5390000 - 0x00007ff8d53bd000 	C:\WINDOWS\SYSTEM32\IPHLPAPI.DLL
0x00007ff8d8530000 - 0x00007ff8d8539000 	C:\WINDOWS\System32\NSI.dll
0x00007ff8cf080000 - 0x00007ff8cf099000 	C:\WINDOWS\SYSTEM32\dhcpcsvc6.DLL
0x00007ff8cf060000 - 0x00007ff8cf07f000 	C:\WINDOWS\SYSTEM32\dhcpcsvc.DLL
0x00007ff8d5400000 - 0x00007ff8d54f3000 	C:\WINDOWS\SYSTEM32\DNSAPI.dll
0x00007ff8d58f0000 - 0x00007ff8d5924000 	C:\WINDOWS\SYSTEM32\ntmarta.dll
0x00007ff8d3c90000 - 0x00007ff8d3d26000 	C:\WINDOWS\system32\apphelp.dll

dbghelp: loaded successfully - version: 4.0.5 - missing functions: none
symbol engine: initialized successfully - sym options: 0x614 - pdb path: .;C:\Program Files\Android\Android Studio\jre\bin;C:\WINDOWS\SYSTEM32;C:\WINDOWS\WinSxS\amd64_microsoft.windows.common-controls_6595b64144ccf1df_6.0.22621.608_none_a9444ca7c10bb01d;C:\Program Files\Android\Android Studio\jre\bin\server;C:\Users\nilesh\.gradle\native\e1d6ef7f7dcc3fd88c89a11ec53ec762bb8ba0a96d01ffa2cd45eb1d1d8dd5c5\windows-amd64;C:\Users\nilesh\.gradle\native\0d407fdbe67a94daf76414ababcb853783967236a71b16ec16e742cd7a986fd3\windows-amd64

VM Arguments:
jvm_args: --add-opens=java.base/java.util=ALL-UNNAMED --add-opens=java.base/java.lang=ALL-UNNAMED --add-opens=java.base/java.lang.invoke=ALL-UNNAMED --add-opens=java.base/java.util=ALL-UNNAMED --add-opens=java.prefs/java.util.prefs=ALL-UNNAMED --add-opens=java.prefs/java.util.prefs=ALL-UNNAMED --add-opens=java.base/java.nio.charset=ALL-UNNAMED --add-opens=java.base/java.net=ALL-UNNAMED --add-opens=java.base/java.util.concurrent.atomic=ALL-UNNAMED -Xmx2048m -Dfile.encoding=UTF-8 -Duser.country=US -Duser.language=en -Duser.variant 
java_command: org.gradle.launcher.daemon.bootstrap.GradleDaemon 7.4
java_class_path (initial): C:\Users\nilesh\.gradle\wrapper\dists\gradle-7.4-bin\c0gwcg53nkjbqw7r0h0umtfvt\gradle-7.4\lib\gradle-launcher-7.4.jar
Launcher Type: SUN_STANDARD

[Global flags]
     intx CICompilerCount                          = 4                                         {product} {ergonomic}
     uint ConcGCThreads                            = 2                                         {product} {ergonomic}
     uint G1ConcRefinementThreads                  = 8                                         {product} {ergonomic}
   size_t G1HeapRegionSize                         = 1048576                                   {product} {ergonomic}
    uintx GCDrainStackTargetSize                   = 64                                        {product} {ergonomic}
   size_t InitialHeapSize                          = 100663296                                 {product} {ergonomic}
   size_t MarkStackSize                            = 4194304                                   {product} {ergonomic}
   size_t MaxHeapSize                              = 2147483648                                {product} {command line}
   size_t MaxNewSize                               = 1287651328                                {product} {ergonomic}
   size_t MinHeapDeltaBytes                        = 1048576                                   {product} {ergonomic}
    uintx NonNMethodCodeHeapSize                   = 5836300                                {pd product} {ergonomic}
    uintx NonProfiledCodeHeapSize                  = 122910970                              {pd product} {ergonomic}
    uintx ProfiledCodeHeapSize                     = 122910970                              {pd product} {ergonomic}
    uintx ReservedCodeCacheSize                    = 251658240                              {pd product} {ergonomic}
     bool SegmentedCodeCache                       = true                                      {product} {ergonomic}
     bool UseCompressedClassPointers               = true                                 {lp64_product} {ergonomic}
     bool UseCompressedOops                        = true                                 {lp64_product} {ergonomic}
     bool UseG1GC                                  = true                                      {product} {ergonomic}
     bool UseLargePagesIndividualAllocation        = false                                  {pd product} {ergonomic}

Logging:
Log output configuration:
 #0: stdout all=warning uptime,level,tags
 #1: stderr all=off uptime,level,tags

Environment Variables:
JAVA_HOME=C:\Program Files\Java\jdk-17.0.1
CLASSPATH=C:\oraclexe\app\oracle\product\10.2.0\server\jdbc\lib\ojdbc6_g.jar;
PATH=C:\Program Files\Java\jdk-17.0.1\bin;C:\Program Files\Java\jre1.8.0_321\lib\ext;C:\oraclexe\app\oracle\product\10.2.0\server\bin;C:\Program Files\dotnet\;C:\WINDOWS\system32;C:\WINDOWS;C:\WINDOWS\System32\Wbem;C:\WINDOWS\System32\WindowsPowerShell\v1.0\;C:\WINDOWS\System32\OpenSSH\;C:\Windows\Microsoft.NET\Framework\v4.0.30319;C:\Program Files\nodejs\;D:\gradle\gradle-7.5.1\bin;C:\MinGW\bin;C:\Users\nilesh\AppData\Local\Programs\Python\Python310\Scripts\;C:\Users\nilesh\AppData\Local\Programs\Python\Python310\;C:\Users\nilesh\AppData\Local\Microsoft\WindowsApps;C:\Users\nilesh\AppData\Local\Programs\Microsoft VS Code\bin;"C:\Program Files\Java\jdk-17\bin;";C:\Program Files\Javaprogs;C:\Program Files\Java\jdk-17.0.1\bin;C:\Users\nilesh\.dotnet\tools;C:\Program Files\Microsoft SQL Server\90\Shared\Resources;C:\Users\nilesh\AppData\Roaming\npm;
USERNAME=nilesh
OS=Windows_NT
PROCESSOR_IDENTIFIER=AMD64 Family 23 Model 24 Stepping 1, AuthenticAMD



---------------  S Y S T E M  ---------------

OS: Windows 11 , 64 bit Build 22621 (10.0.22621.1485)
OS uptime: 0 days 0:11 hours
Hyper-V role detected

CPU:total 8 (initial active 8) (8 cores per cpu, 2 threads per core) family 23 model 24 stepping 1 microcode 0x0, cmov, cx8, fxsr, mmx, sse, sse2, sse3, ssse3, sse4.1, sse4.2, popcnt, avx, avx2, aes, clmul, mmxext, 3dnowpref, lzcnt, sse4a, ht, tsc, tscinvbit, tscinv, bmi1, bmi2, adx, sha, fma

Memory: 4k page, system-wide physical 6060M (211M free)
TotalPageFile size 9060M (AvailPageFile size 7M)
current process WorkingSet (physical memory assigned to process): 485M, peak: 485M
current process commit charge ("private bytes"): 599M, peak: 648M

vm_info: OpenJDK 64-Bit Server VM (11.0.13+0-b1751.21-8125866) for windows-amd64 JRE (11.0.13+0-b1751.21-8125866), built on Feb  2 2022 03:00:22 by "builder" with MS VC++ 14.0 (VS2015)

END.
